2021-03-11T09:43:53.6446564+04:00 8000002f-0007-fd00-b63f-84710c7967bb [INF] Request starting HTTP/2.0 GET https://localhost:44317/index.html   (ca22a1cb)
2021-03-11T09:43:56.8071159+04:00 8000002f-0007-fd00-b63f-84710c7967bb [INF] Request finished in 3168.0445ms 200 text/html (791a596a)
2021-03-11T09:43:57.9762294+04:00 800000dd-0004-fd00-b63f-84710c7967bb [INF] Request starting HTTP/2.0 GET https://localhost:44317/swagger/v1/swagger.json   (ca22a1cb)
2021-03-11T09:44:01.0463150+04:00 800000dd-0004-fd00-b63f-84710c7967bb [INF] Request finished in 3069.7248ms 200 application/json;charset=utf-8 (791a596a)
2021-03-11T09:45:43.9351173+04:00 80000005-0003-f800-b63f-84710c7967bb [INF] Request starting HTTP/2.0 POST https://localhost:44317/api/Mail/Sendmail application/json-patch+json 46 (ca22a1cb)
2021-03-11T09:45:43.9403526+04:00 80000005-0003-f800-b63f-84710c7967bb [INF] CORS policy execution successful. (5409d6ef)
2021-03-11T09:45:44.0252839+04:00 80000005-0003-f800-b63f-84710c7967bb [INF] Executing endpoint '"KU.WebAPI.Controllers.MailController.Contact (KU.WebAPI)"' (500cc934)
2021-03-11T09:45:44.0980911+04:00 80000005-0003-f800-b63f-84710c7967bb [INF] Route matched with "{action = \"Contact\", controller = \"Mail\"}". Executing controller action with signature "Microsoft.AspNetCore.Mvc.IActionResult Contact(KU.Services.ViewModels.ContactViewModel)" on controller "KU.WebAPI.Controllers.MailController" ("KU.WebAPI"). (122b2fdf)
2021-03-11T09:45:44.1037110+04:00 80000005-0003-f800-b63f-84710c7967bb [WRN] The CORS protocol does not allow specifying a wildcard (any) origin and credentials at the same time. Configure the policy by listing individual origins if credentials needs to be supported. (6e5ffae2)
2021-03-11T09:45:44.1066342+04:00 80000005-0003-f800-b63f-84710c7967bb [INF] CORS policy execution successful. (5409d6ef)
2021-03-11T09:45:44.2213207+04:00 80000005-0003-f800-b63f-84710c7967bb [INF] Executing ObjectResult, writing value of type '"Microsoft.AspNetCore.Mvc.ValidationProblemDetails"'. (8a1b66c8)
2021-03-11T09:45:44.2431543+04:00 80000005-0003-f800-b63f-84710c7967bb [INF] Executed action "KU.WebAPI.Controllers.MailController.Contact (KU.WebAPI)" in 137.1429ms (afa2e885)
2021-03-11T09:45:44.2479031+04:00 80000005-0003-f800-b63f-84710c7967bb [INF] Executed endpoint '"KU.WebAPI.Controllers.MailController.Contact (KU.WebAPI)"' (99874f2b)
2021-03-11T09:45:44.2739028+04:00 80000005-0003-f800-b63f-84710c7967bb [INF] Request finished in 337.865ms 400 application/problem+json; charset=utf-8 (791a596a)
2021-03-11T09:46:41.8100942+04:00 80000008-0005-f300-b63f-84710c7967bb [INF] Request starting HTTP/2.0 POST https://localhost:44317/api/Mail/Sendmail application/json-patch+json 45 (ca22a1cb)
2021-03-11T09:46:41.8146599+04:00 80000008-0005-f300-b63f-84710c7967bb [INF] CORS policy execution successful. (5409d6ef)
2021-03-11T09:46:41.8206955+04:00 80000008-0005-f300-b63f-84710c7967bb [INF] Executing endpoint '"KU.WebAPI.Controllers.MailController.Contact (KU.WebAPI)"' (500cc934)
2021-03-11T09:46:41.8247761+04:00 80000008-0005-f300-b63f-84710c7967bb [INF] Route matched with "{action = \"Contact\", controller = \"Mail\"}". Executing controller action with signature "Microsoft.AspNetCore.Mvc.IActionResult Contact(KU.Services.ViewModels.ContactViewModel)" on controller "KU.WebAPI.Controllers.MailController" ("KU.WebAPI"). (122b2fdf)
2021-03-11T09:46:41.8283893+04:00 80000008-0005-f300-b63f-84710c7967bb [WRN] The CORS protocol does not allow specifying a wildcard (any) origin and credentials at the same time. Configure the policy by listing individual origins if credentials needs to be supported. (6e5ffae2)
2021-03-11T09:46:41.8312816+04:00 80000008-0005-f300-b63f-84710c7967bb [INF] CORS policy execution successful. (5409d6ef)
2021-03-11T09:46:41.8388366+04:00 80000008-0005-f300-b63f-84710c7967bb [INF] Executing ObjectResult, writing value of type '"Microsoft.AspNetCore.Mvc.ValidationProblemDetails"'. (8a1b66c8)
2021-03-11T09:46:41.8432637+04:00 80000008-0005-f300-b63f-84710c7967bb [INF] Executed action "KU.WebAPI.Controllers.MailController.Contact (KU.WebAPI)" in 14.6702ms (afa2e885)
2021-03-11T09:46:41.8464515+04:00 80000008-0005-f300-b63f-84710c7967bb [INF] Executed endpoint '"KU.WebAPI.Controllers.MailController.Contact (KU.WebAPI)"' (99874f2b)
2021-03-11T09:46:41.8499817+04:00 80000008-0005-f300-b63f-84710c7967bb [INF] Request finished in 40.8326ms 400 application/problem+json; charset=utf-8 (791a596a)
2021-03-11T09:47:09.0968521+04:00 8000003b-0001-f900-b63f-84710c7967bb [INF] Request starting HTTP/2.0 POST https://localhost:44317/api/Mail/Sendmail application/json-patch+json 51 (ca22a1cb)
2021-03-11T09:47:09.1063674+04:00 8000003b-0001-f900-b63f-84710c7967bb [INF] CORS policy execution successful. (5409d6ef)
2021-03-11T09:47:09.1123379+04:00 8000003b-0001-f900-b63f-84710c7967bb [INF] Executing endpoint '"KU.WebAPI.Controllers.MailController.Contact (KU.WebAPI)"' (500cc934)
2021-03-11T09:47:09.1158936+04:00 8000003b-0001-f900-b63f-84710c7967bb [INF] Route matched with "{action = \"Contact\", controller = \"Mail\"}". Executing controller action with signature "Microsoft.AspNetCore.Mvc.IActionResult Contact(KU.Services.ViewModels.ContactViewModel)" on controller "KU.WebAPI.Controllers.MailController" ("KU.WebAPI"). (122b2fdf)
2021-03-11T09:47:09.1197904+04:00 8000003b-0001-f900-b63f-84710c7967bb [WRN] The CORS protocol does not allow specifying a wildcard (any) origin and credentials at the same time. Configure the policy by listing individual origins if credentials needs to be supported. (6e5ffae2)
2021-03-11T09:47:09.1240129+04:00 8000003b-0001-f900-b63f-84710c7967bb [INF] CORS policy execution successful. (5409d6ef)
2021-03-11T09:47:09.1330801+04:00 8000003b-0001-f900-b63f-84710c7967bb [INF] Executing action method "KU.WebAPI.Controllers.MailController.Contact (KU.WebAPI)" - Validation state: Valid (dad538d7)
2021-03-11T09:47:25.0270522+04:00 8000003b-0001-f900-b63f-84710c7967bb [INF] Entity Framework Core "2.2.6-servicing-10079" initialized '"ApplicationDbContext"' using provider '"Microsoft.EntityFrameworkCore.SqlServer"' with options: "MigrationsAssembly=KU.WebAPI " (9958f5bb)
2021-03-11T09:47:26.3679612+04:00 8000003b-0001-f900-b63f-84710c7967bb [INF] Executed DbCommand ("105"ms) [Parameters=["@p0='?' (DbType = Int32), @p1='?' (DbType = Int32), @p2='?' (DbType = Int32), @p3='?' (DbType = Int32), @p4='?' (Size = 4000)"], CommandType='Text', CommandTimeout='30']"
""sp_get_userID @p0,@p1,@p2,@p3,@p4" (0723d8ff)
2021-03-11T09:48:00.7108278+04:00 8000003b-0001-f900-b63f-84710c7967bb [INF] Executed action method "KU.WebAPI.Controllers.MailController.Contact (KU.WebAPI)", returned result "Microsoft.AspNetCore.Mvc.OkObjectResult" in 51570.3937ms. (50a9e262)
2021-03-11T09:48:00.7141612+04:00 8000003b-0001-f900-b63f-84710c7967bb [INF] Executing ObjectResult, writing value of type '"System.String"'. (8a1b66c8)
2021-03-11T09:48:00.7178353+04:00 8000003b-0001-f900-b63f-84710c7967bb [INF] Executed action "KU.WebAPI.Controllers.MailController.Contact (KU.WebAPI)" in 51598.6551ms (afa2e885)
2021-03-11T09:48:00.7209304+04:00 8000003b-0001-f900-b63f-84710c7967bb [INF] Executed endpoint '"KU.WebAPI.Controllers.MailController.Contact (KU.WebAPI)"' (99874f2b)
2021-03-11T09:48:00.7243962+04:00 8000003b-0001-f900-b63f-84710c7967bb [INF] Request finished in 51628.8525ms 200 application/json; charset=utf-8 (791a596a)
2021-03-11T10:16:59.2090208+04:00 8000000e-0005-f300-b63f-84710c7967bb [INF] Request starting HTTP/2.0 GET https://localhost:44317/index.html   (ca22a1cb)
2021-03-11T10:17:00.5572761+04:00 8000000e-0005-f300-b63f-84710c7967bb [INF] Request finished in 1356.2476ms 200 text/html (791a596a)
2021-03-11T10:17:01.6087558+04:00 8000001a-0003-fa00-b63f-84710c7967bb [INF] Request starting HTTP/2.0 GET https://localhost:44317/swagger/v1/swagger.json   (ca22a1cb)
2021-03-11T10:17:01.9986652+04:00 8000001a-0003-fa00-b63f-84710c7967bb [INF] Request finished in 392.1473ms 200 application/json;charset=utf-8 (791a596a)
2021-03-11T10:23:03.6111730+04:00 800000c1-0006-fd00-b63f-84710c7967bb [INF] Request starting HTTP/2.0 POST https://localhost:44317/api/Mail/Sendmail application/json-patch+json 23 (ca22a1cb)
2021-03-11T10:23:03.6179035+04:00 800000c1-0006-fd00-b63f-84710c7967bb [INF] CORS policy execution successful. (5409d6ef)
2021-03-11T10:23:03.6730009+04:00 800000c1-0006-fd00-b63f-84710c7967bb [INF] Executing endpoint '"KU.WebAPI.Controllers.MailController.Contact (KU.WebAPI)"' (500cc934)
2021-03-11T10:23:03.7027791+04:00 800000c1-0006-fd00-b63f-84710c7967bb [INF] Route matched with "{action = \"Contact\", controller = \"Mail\"}". Executing controller action with signature "Microsoft.AspNetCore.Mvc.IActionResult Contact(KU.Services.ViewModels.ContactViewModel)" on controller "KU.WebAPI.Controllers.MailController" ("KU.WebAPI"). (122b2fdf)
2021-03-11T10:23:03.7097264+04:00 800000c1-0006-fd00-b63f-84710c7967bb [WRN] The CORS protocol does not allow specifying a wildcard (any) origin and credentials at the same time. Configure the policy by listing individual origins if credentials needs to be supported. (6e5ffae2)
2021-03-11T10:23:03.7127335+04:00 800000c1-0006-fd00-b63f-84710c7967bb [INF] CORS policy execution successful. (5409d6ef)
2021-03-11T10:23:03.7614938+04:00 800000c1-0006-fd00-b63f-84710c7967bb [INF] Executing action method "KU.WebAPI.Controllers.MailController.Contact (KU.WebAPI)" - Validation state: Valid (dad538d7)
2021-03-11T10:23:12.6280843+04:00 800000c1-0006-fd00-b63f-84710c7967bb [INF] Entity Framework Core "2.2.6-servicing-10079" initialized '"ApplicationDbContext"' using provider '"Microsoft.EntityFrameworkCore.SqlServer"' with options: "MigrationsAssembly=KU.WebAPI " (9958f5bb)
2021-03-11T10:23:13.4936294+04:00 800000c1-0006-fd00-b63f-84710c7967bb [INF] Executed DbCommand ("106"ms) [Parameters=["@p0='?' (DbType = Int32), @p1='?' (DbType = Int32), @p2='?' (DbType = Int32), @p3='?' (DbType = Int32), @p4='?' (Size = 4000)"], CommandType='Text', CommandTimeout='30']"
""sp_get_userID @p0,@p1,@p2,@p3,@p4" (0723d8ff)
2021-03-11T10:23:24.6640436+04:00 800000c1-0006-fd00-b63f-84710c7967bb [INF] Executed action method "KU.WebAPI.Controllers.MailController.Contact (KU.WebAPI)", returned result "Microsoft.AspNetCore.Mvc.OkObjectResult" in 20894.2824ms. (50a9e262)
2021-03-11T10:23:24.6757775+04:00 800000c1-0006-fd00-b63f-84710c7967bb [INF] Executing ObjectResult, writing value of type '"System.String"'. (8a1b66c8)
2021-03-11T10:23:24.6877582+04:00 800000c1-0006-fd00-b63f-84710c7967bb [INF] Executed action "KU.WebAPI.Controllers.MailController.Contact (KU.WebAPI)" in 20977.2342ms (afa2e885)
2021-03-11T10:23:24.6910412+04:00 800000c1-0006-fd00-b63f-84710c7967bb [INF] Executed endpoint '"KU.WebAPI.Controllers.MailController.Contact (KU.WebAPI)"' (99874f2b)
2021-03-11T10:23:24.6946416+04:00 800000c1-0006-fd00-b63f-84710c7967bb [INF] Request finished in 21085.405ms 200 application/json; charset=utf-8 (791a596a)
2021-03-11T10:57:34.4326168+04:00 80000010-0005-f300-b63f-84710c7967bb [INF] Request starting HTTP/2.0 GET https://localhost:44317/index.html   (ca22a1cb)
2021-03-11T10:57:35.2946775+04:00 80000010-0005-f300-b63f-84710c7967bb [INF] Request finished in 882.8821ms 200 text/html (791a596a)
2021-03-11T10:57:35.7532564+04:00 800000f5-0004-fd00-b63f-84710c7967bb [INF] Request starting HTTP/2.0 GET https://localhost:44317/swagger/v1/swagger.json   (ca22a1cb)
2021-03-11T10:57:36.0490267+04:00 800000f5-0004-fd00-b63f-84710c7967bb [INF] Request finished in 294.6215ms 200 application/json;charset=utf-8 (791a596a)
2021-03-11T10:57:53.4622614+04:00 800000f7-0004-fd00-b63f-84710c7967bb [INF] Request starting HTTP/2.0 POST https://localhost:44317/api/Mail/Sendmail application/json-patch+json 24 (ca22a1cb)
2021-03-11T10:57:53.4716107+04:00 800000f7-0004-fd00-b63f-84710c7967bb [INF] CORS policy execution successful. (5409d6ef)
2021-03-11T10:57:53.5542252+04:00 800000f7-0004-fd00-b63f-84710c7967bb [INF] Executing endpoint '"KU.WebAPI.Controllers.MailController.Contact (KU.WebAPI)"' (500cc934)
2021-03-11T10:57:53.5958036+04:00 800000f7-0004-fd00-b63f-84710c7967bb [INF] Route matched with "{action = \"Contact\", controller = \"Mail\"}". Executing controller action with signature "Microsoft.AspNetCore.Mvc.IActionResult Contact(KU.Services.ViewModels.ContactViewModel)" on controller "KU.WebAPI.Controllers.MailController" ("KU.WebAPI"). (122b2fdf)
2021-03-11T10:57:53.6076940+04:00 800000f7-0004-fd00-b63f-84710c7967bb [WRN] The CORS protocol does not allow specifying a wildcard (any) origin and credentials at the same time. Configure the policy by listing individual origins if credentials needs to be supported. (6e5ffae2)
2021-03-11T10:57:53.6135248+04:00 800000f7-0004-fd00-b63f-84710c7967bb [INF] CORS policy execution successful. (5409d6ef)
2021-03-11T10:57:56.8917483+04:00 800000f7-0004-fd00-b63f-84710c7967bb [INF] Executing action method "KU.WebAPI.Controllers.MailController.Contact (KU.WebAPI)" - Validation state: Valid (dad538d7)
2021-03-11T10:58:14.3072752+04:00 800000f7-0004-fd00-b63f-84710c7967bb [INF] Entity Framework Core "2.2.6-servicing-10079" initialized '"ApplicationDbContext"' using provider '"Microsoft.EntityFrameworkCore.SqlServer"' with options: "MigrationsAssembly=KU.WebAPI " (9958f5bb)
2021-03-11T10:58:15.7639084+04:00 800000f7-0004-fd00-b63f-84710c7967bb [INF] Executed DbCommand ("108"ms) [Parameters=["@p0='?' (DbType = Int32), @p1='?' (DbType = Int32), @p2='?' (DbType = Int32), @p3='?' (DbType = Int32), @p4='?' (Size = 4000)"], CommandType='Text', CommandTimeout='30']"
""sp_get_userID @p0,@p1,@p2,@p3,@p4" (0723d8ff)
2021-03-11T10:58:23.4346625+04:00 800000f7-0004-fd00-b63f-84710c7967bb [INF] Executed action method "KU.WebAPI.Controllers.MailController.Contact (KU.WebAPI)", returned result "Microsoft.AspNetCore.Mvc.OkObjectResult" in 26523.1759ms. (50a9e262)
2021-03-11T10:58:23.4594731+04:00 800000f7-0004-fd00-b63f-84710c7967bb [INF] Executing ObjectResult, writing value of type '"System.String"'. (8a1b66c8)
2021-03-11T10:58:23.4907775+04:00 800000f7-0004-fd00-b63f-84710c7967bb [INF] Executed action "KU.WebAPI.Controllers.MailController.Contact (KU.WebAPI)" in 29870.8802ms (afa2e885)
2021-03-11T10:58:23.5036510+04:00 800000f7-0004-fd00-b63f-84710c7967bb [INF] Executed endpoint '"KU.WebAPI.Controllers.MailController.Contact (KU.WebAPI)"' (99874f2b)
2021-03-11T10:58:23.5203181+04:00 800000f7-0004-fd00-b63f-84710c7967bb [INF] Request finished in 30049.5559ms 200 application/json; charset=utf-8 (791a596a)
2021-03-11T11:09:40.6439434+04:00 8000002e-0000-fc00-b63f-84710c7967bb [INF] Request starting HTTP/2.0 GET https://localhost:44317/index.html   (ca22a1cb)
2021-03-11T11:09:41.3794608+04:00 8000002e-0000-fc00-b63f-84710c7967bb [INF] Request finished in 741.8686ms 200 text/html (791a596a)
2021-03-11T11:09:41.8759282+04:00 800000f9-0004-fd00-b63f-84710c7967bb [INF] Request starting HTTP/2.0 GET https://localhost:44317/swagger/v1/swagger.json   (ca22a1cb)
2021-03-11T11:09:42.1787209+04:00 800000f9-0004-fd00-b63f-84710c7967bb [INF] Request finished in 308.4576ms 200 application/json;charset=utf-8 (791a596a)
2021-03-11T11:09:59.5010234+04:00 800001ff-0002-f800-b63f-84710c7967bb [INF] Request starting HTTP/2.0 POST https://localhost:44317/api/Mail/Sendmail application/json-patch+json 24 (ca22a1cb)
2021-03-11T11:09:59.5097602+04:00 800001ff-0002-f800-b63f-84710c7967bb [INF] CORS policy execution successful. (5409d6ef)
2021-03-11T11:09:59.5849168+04:00 800001ff-0002-f800-b63f-84710c7967bb [INF] Executing endpoint '"KU.WebAPI.Controllers.MailController.Contact (KU.WebAPI)"' (500cc934)
2021-03-11T11:09:59.6291104+04:00 800001ff-0002-f800-b63f-84710c7967bb [INF] Route matched with "{action = \"Contact\", controller = \"Mail\"}". Executing controller action with signature "Microsoft.AspNetCore.Mvc.IActionResult Contact(KU.Services.ViewModels.ContactViewModel)" on controller "KU.WebAPI.Controllers.MailController" ("KU.WebAPI"). (122b2fdf)
2021-03-11T11:09:59.6385589+04:00 800001ff-0002-f800-b63f-84710c7967bb [WRN] The CORS protocol does not allow specifying a wildcard (any) origin and credentials at the same time. Configure the policy by listing individual origins if credentials needs to be supported. (6e5ffae2)
2021-03-11T11:09:59.6438959+04:00 800001ff-0002-f800-b63f-84710c7967bb [INF] CORS policy execution successful. (5409d6ef)
2021-03-11T11:09:59.7249840+04:00 800001ff-0002-f800-b63f-84710c7967bb [INF] Executing action method "KU.WebAPI.Controllers.MailController.Contact (KU.WebAPI)" - Validation state: Valid (dad538d7)
2021-03-11T11:10:19.4094856+04:00 800001ff-0002-f800-b63f-84710c7967bb [INF] Entity Framework Core "2.2.6-servicing-10079" initialized '"ApplicationDbContext"' using provider '"Microsoft.EntityFrameworkCore.SqlServer"' with options: "MigrationsAssembly=KU.WebAPI " (9958f5bb)
2021-03-11T11:10:20.3443991+04:00 800001ff-0002-f800-b63f-84710c7967bb [INF] Executed DbCommand ("112"ms) [Parameters=["@p0='?' (DbType = Int32), @p1='?' (DbType = Int32), @p2='?' (DbType = Int32), @p3='?' (DbType = Int32), @p4='?' (Size = 4000)"], CommandType='Text', CommandTimeout='30']"
""sp_get_userID @p0,@p1,@p2,@p3,@p4" (0723d8ff)
2021-03-11T11:10:27.5454271+04:00 800001ff-0002-f800-b63f-84710c7967bb [INF] Executed action method "KU.WebAPI.Controllers.MailController.Contact (KU.WebAPI)", returned result "Microsoft.AspNetCore.Mvc.OkObjectResult" in 27805.5716ms. (50a9e262)
2021-03-11T11:10:27.5628218+04:00 800001ff-0002-f800-b63f-84710c7967bb [INF] Executing ObjectResult, writing value of type '"System.String"'. (8a1b66c8)
2021-03-11T11:10:27.5872695+04:00 800001ff-0002-f800-b63f-84710c7967bb [INF] Executed action "KU.WebAPI.Controllers.MailController.Contact (KU.WebAPI)" in 27942.0628ms (afa2e885)
2021-03-11T11:10:27.5973602+04:00 800001ff-0002-f800-b63f-84710c7967bb [INF] Executed endpoint '"KU.WebAPI.Controllers.MailController.Contact (KU.WebAPI)"' (99874f2b)
2021-03-11T11:10:27.6088237+04:00 800001ff-0002-f800-b63f-84710c7967bb [INF] Request finished in 28102.8519ms 200 application/json; charset=utf-8 (791a596a)
2021-03-11T11:18:31.1454824+04:00 80000111-0006-fe00-b63f-84710c7967bb [INF] Request starting HTTP/2.0 GET https://localhost:44317/index.html   (ca22a1cb)
2021-03-11T11:18:31.9145807+04:00 80000111-0006-fe00-b63f-84710c7967bb [INF] Request finished in 784.6273ms 200 text/html (791a596a)
2021-03-11T11:18:32.9202544+04:00 80000032-0000-fc00-b63f-84710c7967bb [INF] Request starting HTTP/2.0 GET https://localhost:44317/swagger/v1/swagger.json   (ca22a1cb)
2021-03-11T11:18:33.1935637+04:00 80000032-0000-fc00-b63f-84710c7967bb [INF] Request finished in 272.8454ms 200 application/json;charset=utf-8 (791a596a)
2021-03-11T11:18:49.8162850+04:00 80000301-0000-ff00-b63f-84710c7967bb [INF] Request starting HTTP/2.0 POST https://localhost:44317/api/Mail/Sendmail application/json-patch+json 24 (ca22a1cb)
2021-03-11T11:18:49.8310078+04:00 80000301-0000-ff00-b63f-84710c7967bb [INF] CORS policy execution successful. (5409d6ef)
2021-03-11T11:18:49.9355505+04:00 80000301-0000-ff00-b63f-84710c7967bb [INF] Executing endpoint '"KU.WebAPI.Controllers.MailController.Contact (KU.WebAPI)"' (500cc934)
2021-03-11T11:18:49.9885416+04:00 80000301-0000-ff00-b63f-84710c7967bb [INF] Route matched with "{action = \"Contact\", controller = \"Mail\"}". Executing controller action with signature "Microsoft.AspNetCore.Mvc.IActionResult Contact(KU.Services.ViewModels.ContactViewModel)" on controller "KU.WebAPI.Controllers.MailController" ("KU.WebAPI"). (122b2fdf)
2021-03-11T11:18:50.0015918+04:00 80000301-0000-ff00-b63f-84710c7967bb [WRN] The CORS protocol does not allow specifying a wildcard (any) origin and credentials at the same time. Configure the policy by listing individual origins if credentials needs to be supported. (6e5ffae2)
2021-03-11T11:18:50.0103944+04:00 80000301-0000-ff00-b63f-84710c7967bb [INF] CORS policy execution successful. (5409d6ef)
2021-03-11T11:18:50.1127505+04:00 80000301-0000-ff00-b63f-84710c7967bb [INF] Executing action method "KU.WebAPI.Controllers.MailController.Contact (KU.WebAPI)" - Validation state: Valid (dad538d7)
2021-03-11T11:19:01.9580771+04:00 80000301-0000-ff00-b63f-84710c7967bb [INF] Entity Framework Core "2.2.6-servicing-10079" initialized '"ApplicationDbContext"' using provider '"Microsoft.EntityFrameworkCore.SqlServer"' with options: "MigrationsAssembly=KU.WebAPI " (9958f5bb)
2021-03-11T11:19:02.8003302+04:00 80000301-0000-ff00-b63f-84710c7967bb [INF] Executed DbCommand ("91"ms) [Parameters=["@p0='?' (DbType = Int32), @p1='?' (DbType = Int32), @p2='?' (DbType = Int32), @p3='?' (DbType = Int32), @p4='?' (Size = 4000)"], CommandType='Text', CommandTimeout='30']"
""sp_get_userID @p0,@p1,@p2,@p3,@p4" (0723d8ff)
2021-03-11T11:19:31.2401791+04:00 80000301-0000-ff00-b63f-84710c7967bb [INF] Executed action method "KU.WebAPI.Controllers.MailController.Contact (KU.WebAPI)", returned result "Microsoft.AspNetCore.Mvc.OkObjectResult" in 41110.4462ms. (50a9e262)
2021-03-11T11:19:31.2653228+04:00 80000301-0000-ff00-b63f-84710c7967bb [INF] Executing ObjectResult, writing value of type '"System.String"'. (8a1b66c8)
2021-03-11T11:19:31.2905402+04:00 80000301-0000-ff00-b63f-84710c7967bb [INF] Executed action "KU.WebAPI.Controllers.MailController.Contact (KU.WebAPI)" in 41287.0777ms (afa2e885)
2021-03-11T11:19:31.2976889+04:00 80000301-0000-ff00-b63f-84710c7967bb [INF] Executed endpoint '"KU.WebAPI.Controllers.MailController.Contact (KU.WebAPI)"' (99874f2b)
2021-03-11T11:19:31.3056168+04:00 80000301-0000-ff00-b63f-84710c7967bb [INF] Request finished in 41489.7561ms 200 application/json; charset=utf-8 (791a596a)
2021-03-11T11:23:30.7677784+04:00 80000016-0005-f300-b63f-84710c7967bb [INF] Request starting HTTP/2.0 GET https://localhost:44317/index.html   (ca22a1cb)
2021-03-11T11:23:31.3783851+04:00 80000016-0005-f300-b63f-84710c7967bb [INF] Request finished in 619.4055ms 200 text/html (791a596a)
2021-03-11T11:23:31.7534129+04:00 8000003e-0007-ff00-b63f-84710c7967bb [INF] Request starting HTTP/2.0 GET https://localhost:44317/swagger/v1/swagger.json   (ca22a1cb)
2021-03-11T11:23:32.0100990+04:00 8000003e-0007-ff00-b63f-84710c7967bb [INF] Request finished in 255.7626ms 200 application/json;charset=utf-8 (791a596a)
2021-03-11T11:23:50.4907306+04:00 80000113-0006-fe00-b63f-84710c7967bb [INF] Request starting HTTP/2.0 POST https://localhost:44317/api/Mail/Sendmail application/json-patch+json 23 (ca22a1cb)
2021-03-11T11:23:50.4996567+04:00 80000113-0006-fe00-b63f-84710c7967bb [INF] CORS policy execution successful. (5409d6ef)
2021-03-11T11:23:50.5825896+04:00 80000113-0006-fe00-b63f-84710c7967bb [INF] Executing endpoint '"KU.WebAPI.Controllers.MailController.Contact (KU.WebAPI)"' (500cc934)
2021-03-11T11:23:50.6278521+04:00 80000113-0006-fe00-b63f-84710c7967bb [INF] Route matched with "{action = \"Contact\", controller = \"Mail\"}". Executing controller action with signature "Microsoft.AspNetCore.Mvc.IActionResult Contact(KU.Services.ViewModels.ContactViewModel)" on controller "KU.WebAPI.Controllers.MailController" ("KU.WebAPI"). (122b2fdf)
2021-03-11T11:23:50.6380525+04:00 80000113-0006-fe00-b63f-84710c7967bb [WRN] The CORS protocol does not allow specifying a wildcard (any) origin and credentials at the same time. Configure the policy by listing individual origins if credentials needs to be supported. (6e5ffae2)
2021-03-11T11:23:50.6428138+04:00 80000113-0006-fe00-b63f-84710c7967bb [INF] CORS policy execution successful. (5409d6ef)
2021-03-11T11:23:50.7159484+04:00 80000113-0006-fe00-b63f-84710c7967bb [INF] Executing action method "KU.WebAPI.Controllers.MailController.Contact (KU.WebAPI)" - Validation state: Valid (dad538d7)
2021-03-11T11:24:07.7180224+04:00 80000113-0006-fe00-b63f-84710c7967bb [INF] Entity Framework Core "2.2.6-servicing-10079" initialized '"ApplicationDbContext"' using provider '"Microsoft.EntityFrameworkCore.SqlServer"' with options: "MigrationsAssembly=KU.WebAPI " (9958f5bb)
2021-03-11T11:24:08.6053658+04:00 80000113-0006-fe00-b63f-84710c7967bb [INF] Executed DbCommand ("96"ms) [Parameters=["@p0='?' (DbType = Int32), @p1='?' (DbType = Int32), @p2='?' (DbType = Int32), @p3='?' (DbType = Int32), @p4='?' (Size = 4000)"], CommandType='Text', CommandTimeout='30']"
""sp_get_userID @p0,@p1,@p2,@p3,@p4" (0723d8ff)
2021-03-11T11:25:23.7537020+04:00 80000113-0006-fe00-b63f-84710c7967bb [INF] Executed action method "KU.WebAPI.Controllers.MailController.Contact (KU.WebAPI)", returned result "Microsoft.AspNetCore.Mvc.OkObjectResult" in 93030.3387ms. (50a9e262)
2021-03-11T11:25:23.7655525+04:00 80000113-0006-fe00-b63f-84710c7967bb [INF] Executing ObjectResult, writing value of type '"Newtonsoft.Json.Linq.JObject"'. (8a1b66c8)
2021-03-11T11:25:23.7839615+04:00 80000113-0006-fe00-b63f-84710c7967bb [INF] Executed action "KU.WebAPI.Controllers.MailController.Contact (KU.WebAPI)" in 93148.3055ms (afa2e885)
2021-03-11T11:25:23.7874925+04:00 80000113-0006-fe00-b63f-84710c7967bb [INF] Executed endpoint '"KU.WebAPI.Controllers.MailController.Contact (KU.WebAPI)"' (99874f2b)
2021-03-11T11:25:23.7912045+04:00 80000113-0006-fe00-b63f-84710c7967bb [INF] Request finished in 93303.3046ms 200 application/json; charset=utf-8 (791a596a)
