2020-10-22T11:04:38.2390510+04:00 80000002-0006-fb00-b63f-84710c7967bb [INF] Request starting HTTP/2.0 GET https://localhost:44317/index.html   (ca22a1cb)
2020-10-22T11:04:39.2738318+04:00 80000002-0006-fb00-b63f-84710c7967bb [INF] Request finished in 1040.6942ms 200 text/html (791a596a)
2020-10-22T11:04:40.1049715+04:00 80000008-0000-ff00-b63f-84710c7967bb [INF] Request starting HTTP/2.0 GET https://localhost:44317/swagger/v1/swagger.json   (ca22a1cb)
2020-10-22T11:04:40.3422312+04:00 80000008-0000-ff00-b63f-84710c7967bb [INF] Request finished in 236.9658ms 200 application/json;charset=utf-8 (791a596a)
2020-10-22T11:04:49.5145013+04:00 80000004-0002-ff00-b63f-84710c7967bb [INF] Request starting HTTP/2.0 GET https://localhost:44317/api/Form/Questionnaire?SavedformID=5481&TemplateID=10   (ca22a1cb)
2020-10-22T11:04:49.6618967+04:00 80000004-0002-ff00-b63f-84710c7967bb [INF] Executing endpoint '"KU.WebAPI.Controllers.FormController.GetSampleIDAll (KU.WebAPI)"' (500cc934)
2020-10-22T11:04:49.8512079+04:00 80000004-0002-ff00-b63f-84710c7967bb [INF] Route matched with "{action = \"GetSampleIDAll\", controller = \"Form\"}". Executing controller action with signature "Microsoft.AspNetCore.Mvc.IActionResult GetSampleIDAll(Int32, Int32)" on controller "KU.WebAPI.Controllers.FormController" ("KU.WebAPI"). (122b2fdf)
2020-10-22T11:04:49.9522714+04:00 80000004-0002-ff00-b63f-84710c7967bb [INF] Executing action method "KU.WebAPI.Controllers.FormController.GetSampleIDAll (KU.WebAPI)" - Validation state: Valid (dad538d7)
2020-10-22T11:05:11.5647926+04:00 80000004-0002-ff00-b63f-84710c7967bb [INF] Entity Framework Core "2.2.6-servicing-10079" initialized '"ApplicationDbContext"' using provider '"Microsoft.EntityFrameworkCore.SqlServer"' with options: "MigrationsAssembly=KU.WebAPI " (9958f5bb)
2020-10-22T11:05:22.2039922+04:00 80000004-0002-ff00-b63f-84710c7967bb [INF] Executed DbCommand ("246"ms) [Parameters=["@p0='?' (DbType = Int32), @p1='?' (DbType = Int32), @p2='?' (DbType = Int32)"], CommandType='Text', CommandTimeout='30']"
""sp_getrecords @p0,@p1,@p2" (0723d8ff)
2020-10-22T11:05:22.4810907+04:00 80000004-0002-ff00-b63f-84710c7967bb [ERR] An exception occurred while iterating over the results of a query for context type '"KU.Repositories.ApplicationDbContext"'."
""System.InvalidOperationException: The required column 'sample' was not present in the results of a 'FromSql' operation.
   at Microsoft.EntityFrameworkCore.Query.Sql.Internal.FromSqlNonComposedQuerySqlGenerator.CreateValueBufferFactory(IRelationalValueBufferFactoryFactory relationalValueBufferFactoryFactory, DbDataReader dataReader)
   at Microsoft.EntityFrameworkCore.Query.Internal.ShaperCommandContext.<NotifyReaderCreated>b__14_0(FactoryAndReader s)
   at Microsoft.EntityFrameworkCore.Internal.NonCapturingLazyInitializer.EnsureInitialized[TParam,TValue](TValue& target, TParam param, Func`2 valueFactory)
   at Microsoft.EntityFrameworkCore.Query.Internal.ShaperCommandContext.NotifyReaderCreated(DbDataReader dataReader)
   at Microsoft.EntityFrameworkCore.Query.Internal.QueryingEnumerable`1.Enumerator.BufferlessMoveNext(DbContext _, Boolean buffer)
   at Microsoft.EntityFrameworkCore.SqlServer.Storage.Internal.SqlServerExecutionStrategy.Execute[TState,TResult](TState state, Func`3 operation, Func`3 verifySucceeded)
   at Microsoft.EntityFrameworkCore.Query.Internal.QueryingEnumerable`1.Enumerator.MoveNext()
   at Microsoft.EntityFrameworkCore.Query.Internal.LinqOperatorProvider._TrackEntities[TOut,TIn](IEnumerable`1 results, QueryContext queryContext, IList`1 entityTrackingInfos, IList`1 entityAccessors)+MoveNext()
   at Microsoft.EntityFrameworkCore.Query.Internal.LinqOperatorProvider.ExceptionInterceptor`1.EnumeratorExceptionInterceptor.MoveNext()" (f5c7ac34)
System.InvalidOperationException: The required column 'sample' was not present in the results of a 'FromSql' operation.
   at Microsoft.EntityFrameworkCore.Query.Sql.Internal.FromSqlNonComposedQuerySqlGenerator.CreateValueBufferFactory(IRelationalValueBufferFactoryFactory relationalValueBufferFactoryFactory, DbDataReader dataReader)
   at Microsoft.EntityFrameworkCore.Query.Internal.ShaperCommandContext.<NotifyReaderCreated>b__14_0(FactoryAndReader s)
   at Microsoft.EntityFrameworkCore.Internal.NonCapturingLazyInitializer.EnsureInitialized[TParam,TValue](TValue& target, TParam param, Func`2 valueFactory)
   at Microsoft.EntityFrameworkCore.Query.Internal.ShaperCommandContext.NotifyReaderCreated(DbDataReader dataReader)
   at Microsoft.EntityFrameworkCore.Query.Internal.QueryingEnumerable`1.Enumerator.BufferlessMoveNext(DbContext _, Boolean buffer)
   at Microsoft.EntityFrameworkCore.SqlServer.Storage.Internal.SqlServerExecutionStrategy.Execute[TState,TResult](TState state, Func`3 operation, Func`3 verifySucceeded)
   at Microsoft.EntityFrameworkCore.Query.Internal.QueryingEnumerable`1.Enumerator.MoveNext()
   at Microsoft.EntityFrameworkCore.Query.Internal.LinqOperatorProvider._TrackEntities[TOut,TIn](IEnumerable`1 results, QueryContext queryContext, IList`1 entityTrackingInfos, IList`1 entityAccessors)+MoveNext()
   at Microsoft.EntityFrameworkCore.Query.Internal.LinqOperatorProvider.ExceptionInterceptor`1.EnumeratorExceptionInterceptor.MoveNext()
2020-10-22T11:05:25.8905412+04:00 80000004-0002-ff00-b63f-84710c7967bb [ERR] Something went wrong: System.InvalidOperationException: The required column 'sample' was not present in the results of a 'FromSql' operation.
   at Microsoft.EntityFrameworkCore.Query.Sql.Internal.FromSqlNonComposedQuerySqlGenerator.CreateValueBufferFactory(IRelationalValueBufferFactoryFactory relationalValueBufferFactoryFactory, DbDataReader dataReader)
   at Microsoft.EntityFrameworkCore.Query.Internal.ShaperCommandContext.<NotifyReaderCreated>b__14_0(FactoryAndReader s)
   at Microsoft.EntityFrameworkCore.Internal.NonCapturingLazyInitializer.EnsureInitialized[TParam,TValue](TValue& target, TParam param, Func`2 valueFactory)
   at Microsoft.EntityFrameworkCore.Query.Internal.ShaperCommandContext.NotifyReaderCreated(DbDataReader dataReader)
   at Microsoft.EntityFrameworkCore.Query.Internal.QueryingEnumerable`1.Enumerator.BufferlessMoveNext(DbContext _, Boolean buffer)
   at Microsoft.EntityFrameworkCore.SqlServer.Storage.Internal.SqlServerExecutionStrategy.Execute[TState,TResult](TState state, Func`3 operation, Func`3 verifySucceeded)
   at Microsoft.EntityFrameworkCore.Query.Internal.QueryingEnumerable`1.Enumerator.MoveNext()
   at Microsoft.EntityFrameworkCore.Query.Internal.LinqOperatorProvider._TrackEntities[TOut,TIn](IEnumerable`1 results, QueryContext queryContext, IList`1 entityTrackingInfos, IList`1 entityAccessors)+MoveNext()
   at Microsoft.EntityFrameworkCore.Query.Internal.LinqOperatorProvider.ExceptionInterceptor`1.EnumeratorExceptionInterceptor.MoveNext()
   at System.Collections.Generic.List`1.AddEnumerable(IEnumerable`1 enumerable)
   at System.Linq.Enumerable.ToList[TSource](IEnumerable`1 source)
   at KU.Repositories.Implementations.QuestionnaireRepository.GetSampleID9(Int32 SavedFormID) in C:\TCIT\Khalifa University\Khalifa\KU.Repositories\Implementations\QuestionnaireRepository.cs:line 152
   at KU.Services.Implementations.FormService.GetSampleID9(Int32 SampleID) in C:\TCIT\Khalifa University\Khalifa\KU.Services\Implementations\FormService.cs:line 275
   at KU.WebAPI.Controllers.FormController.GetSampleIDAll(Int32 SavedformID, Int32 TemplateID) in C:\TCIT\Khalifa University\Khalifa\KU.WebAPI\Controllers\FormController.cs:line 139 (0b8b59ce)
