2021-03-09T10:16:02.2383839+04:00 800000a6-0000-fe00-b63f-84710c7967bb [INF] Request starting HTTP/2.0 GET https://localhost:44317/index.html   (ca22a1cb)
2021-03-09T10:16:03.6525685+04:00 800000a6-0000-fe00-b63f-84710c7967bb [INF] Request finished in 1419.6892ms 200 text/html (791a596a)
2021-03-09T10:16:04.2487696+04:00 80000012-0006-fd00-b63f-84710c7967bb [INF] Request starting HTTP/2.0 GET https://localhost:44317/swagger/v1/swagger.json   (ca22a1cb)
2021-03-09T10:16:04.5279137+04:00 80000012-0006-fd00-b63f-84710c7967bb [INF] Request finished in 278.0691ms 200 application/json;charset=utf-8 (791a596a)
2021-03-09T10:16:57.1200215+04:00 8000003a-0005-f900-b63f-84710c7967bb [INF] Request starting HTTP/2.0 POST https://localhost:44317/api/Mail?Name=Christo%20Augustine&Email=augustine%40technocit.com&Subject=Reset%20Password&Message=www.gmail.com  0 (ca22a1cb)
2021-03-09T10:16:57.1273127+04:00 8000003a-0005-f900-b63f-84710c7967bb [INF] CORS policy execution successful. (5409d6ef)
2021-03-09T10:16:57.1862954+04:00 8000003a-0005-f900-b63f-84710c7967bb [INF] Executing endpoint '"KU.WebAPI.Controllers.MailController.Contact (KU.WebAPI)"' (500cc934)
2021-03-09T10:16:57.2476208+04:00 8000003a-0005-f900-b63f-84710c7967bb [INF] Route matched with "{action = \"Contact\", controller = \"Mail\"}". Executing controller action with signature "Microsoft.AspNetCore.Mvc.IActionResult Contact(KU.Services.ViewModels.ContactViewModel)" on controller "KU.WebAPI.Controllers.MailController" ("KU.WebAPI"). (122b2fdf)
2021-03-09T10:16:57.2962802+04:00 8000003a-0005-f900-b63f-84710c7967bb [INF] Executing action method "KU.WebAPI.Controllers.MailController.Contact (KU.WebAPI)" - Validation state: Valid (dad538d7)
2021-03-09T10:21:14.0892901+04:00 8000003c-0005-f900-b63f-84710c7967bb [INF] Request starting HTTP/2.0 GET https://localhost:44317/index.html   (ca22a1cb)
2021-03-09T10:21:14.7968558+04:00 8000003c-0005-f900-b63f-84710c7967bb [INF] Request finished in 730.3969ms 200 text/html (791a596a)
2021-03-09T10:21:15.1588648+04:00 80000016-0006-fd00-b63f-84710c7967bb [INF] Request starting HTTP/2.0 GET https://localhost:44317/swagger/v1/swagger.json   (ca22a1cb)
2021-03-09T10:21:15.4039286+04:00 80000016-0006-fd00-b63f-84710c7967bb [INF] Request finished in 245.5952ms 200 application/json;charset=utf-8 (791a596a)
2021-03-09T10:22:33.6534130+04:00 8000001a-0005-f200-b63f-84710c7967bb [INF] Request starting HTTP/2.0 POST https://localhost:44317/api/Mail?Name=Christo%20Augustine&Email=augustine%40technocit.com&Subject=Reset%20Password&Message=www.gmail.com  0 (ca22a1cb)
2021-03-09T10:22:33.6606587+04:00 8000001a-0005-f200-b63f-84710c7967bb [INF] CORS policy execution successful. (5409d6ef)
2021-03-09T10:22:33.7143720+04:00 8000001a-0005-f200-b63f-84710c7967bb [INF] Executing endpoint '"KU.WebAPI.Controllers.MailController.Contact (KU.WebAPI)"' (500cc934)
2021-03-09T10:22:33.7422880+04:00 8000001a-0005-f200-b63f-84710c7967bb [INF] Route matched with "{action = \"Contact\", controller = \"Mail\"}". Executing controller action with signature "Microsoft.AspNetCore.Mvc.IActionResult Contact(KU.Services.ViewModels.ContactViewModel)" on controller "KU.WebAPI.Controllers.MailController" ("KU.WebAPI"). (122b2fdf)
2021-03-09T10:22:33.7781291+04:00 8000001a-0005-f200-b63f-84710c7967bb [INF] Executing action method "KU.WebAPI.Controllers.MailController.Contact (KU.WebAPI)" - Validation state: Valid (dad538d7)
2021-03-09T10:25:13.1752138+04:00 800001ff-0003-f900-b63f-84710c7967bb [INF] Request starting HTTP/2.0 GET https://localhost:44317/index.html   (ca22a1cb)
2021-03-09T10:25:13.8179546+04:00 800001ff-0003-f900-b63f-84710c7967bb [INF] Request finished in 651.5276ms 200 text/html (791a596a)
2021-03-09T10:25:14.1202474+04:00 8000001b-0002-f600-b63f-84710c7967bb [INF] Request starting HTTP/2.0 GET https://localhost:44317/swagger/v1/swagger.json   (ca22a1cb)
2021-03-09T10:25:14.6400992+04:00 8000001b-0002-f600-b63f-84710c7967bb [INF] Request finished in 521.9275ms 200 application/json;charset=utf-8 (791a596a)
2021-03-09T10:26:09.1739016+04:00 80000010-0001-fd00-b63f-84710c7967bb [INF] Request starting HTTP/2.0 POST https://localhost:44317/api/Mail?Name=christo%20augustine&Email=augustine%40technocit.com&Subject=Reset%20Password&Message=www.gmail.com  0 (ca22a1cb)
2021-03-09T10:26:09.1804628+04:00 80000010-0001-fd00-b63f-84710c7967bb [INF] CORS policy execution successful. (5409d6ef)
2021-03-09T10:26:09.2300048+04:00 80000010-0001-fd00-b63f-84710c7967bb [INF] Executing endpoint '"KU.WebAPI.Controllers.MailController.Contact (KU.WebAPI)"' (500cc934)
2021-03-09T10:26:09.2576135+04:00 80000010-0001-fd00-b63f-84710c7967bb [INF] Route matched with "{action = \"Contact\", controller = \"Mail\"}". Executing controller action with signature "Microsoft.AspNetCore.Mvc.IActionResult Contact(KU.Services.ViewModels.ContactViewModel)" on controller "KU.WebAPI.Controllers.MailController" ("KU.WebAPI"). (122b2fdf)
2021-03-09T10:26:09.2931749+04:00 80000010-0001-fd00-b63f-84710c7967bb [INF] Executing action method "KU.WebAPI.Controllers.MailController.Contact (KU.WebAPI)" - Validation state: Valid (dad538d7)
2021-03-09T10:26:55.5982825+04:00 80000010-0001-fd00-b63f-84710c7967bb [INF] Executed action method "KU.WebAPI.Controllers.MailController.Contact (KU.WebAPI)", returned result "Microsoft.AspNetCore.Mvc.OkObjectResult" in 46127.772ms. (50a9e262)
2021-03-09T10:26:55.8475910+04:00 80000010-0001-fd00-b63f-84710c7967bb [INF] Executing ObjectResult, writing value of type '"System.String"'. (8a1b66c8)
2021-03-09T10:26:56.0470835+04:00 80000010-0001-fd00-b63f-84710c7967bb [INF] Executed action "KU.WebAPI.Controllers.MailController.Contact (KU.WebAPI)" in 46759.4447ms (afa2e885)
2021-03-09T10:26:56.0567045+04:00 80000010-0001-fd00-b63f-84710c7967bb [INF] Executed endpoint '"KU.WebAPI.Controllers.MailController.Contact (KU.WebAPI)"' (99874f2b)
2021-03-09T10:26:56.0664322+04:00 80000010-0001-fd00-b63f-84710c7967bb [INF] Request finished in 46886.5004ms 200 application/json; charset=utf-8 (791a596a)
2021-03-09T18:02:47.8198977+04:00 800000b8-0002-f700-b63f-84710c7967bb [INF] Request starting HTTP/2.0 GET https://localhost:44317/index.html   (ca22a1cb)
2021-03-09T18:02:49.0770523+04:00 800000b8-0002-f700-b63f-84710c7967bb [INF] Request finished in 1239.6329ms 200 text/html (791a596a)
2021-03-09T18:02:49.5518620+04:00 800000ba-0002-f700-b63f-84710c7967bb [INF] Request starting HTTP/2.0 GET https://localhost:44317/swagger/v1/swagger.json   (ca22a1cb)
2021-03-09T18:02:49.7692103+04:00 800000ba-0002-f700-b63f-84710c7967bb [INF] Request finished in 215.9343ms 200 application/json;charset=utf-8 (791a596a)
2021-03-09T18:05:57.7399827+04:00 8000002d-0001-fd00-b63f-84710c7967bb [INF] Request starting HTTP/2.0 GET https://localhost:44317/index.html   (ca22a1cb)
2021-03-09T18:05:58.3240147+04:00 8000002d-0001-fd00-b63f-84710c7967bb [INF] Request finished in 592.3978ms 200 text/html (791a596a)
2021-03-09T18:05:58.7894960+04:00 800000cf-0004-fd00-b63f-84710c7967bb [INF] Request starting HTTP/2.0 GET https://localhost:44317/swagger/v1/swagger.json   (ca22a1cb)
2021-03-09T18:05:59.0472362+04:00 800000cf-0004-fd00-b63f-84710c7967bb [INF] Request finished in 256.4018ms 200 application/json;charset=utf-8 (791a596a)
2021-03-09T18:06:50.7516172+04:00 80000060-0000-fb00-b63f-84710c7967bb [INF] Request starting HTTP/2.0 POST https://localhost:44317/api/Mail/Sendmail application/json-patch+json 122 (ca22a1cb)
2021-03-09T18:06:50.7599345+04:00 80000060-0000-fb00-b63f-84710c7967bb [INF] CORS policy execution successful. (5409d6ef)
2021-03-09T18:06:50.8891478+04:00 80000060-0000-fb00-b63f-84710c7967bb [INF] Executing endpoint '"KU.WebAPI.Controllers.MailController.Contact (KU.WebAPI)"' (500cc934)
2021-03-09T18:06:50.9488351+04:00 80000060-0000-fb00-b63f-84710c7967bb [INF] Route matched with "{action = \"Contact\", controller = \"Mail\"}". Executing controller action with signature "Microsoft.AspNetCore.Mvc.IActionResult Contact(KU.Services.ViewModels.ContactViewModel)" on controller "KU.WebAPI.Controllers.MailController" ("KU.WebAPI"). (122b2fdf)
2021-03-09T18:06:50.9581540+04:00 80000060-0000-fb00-b63f-84710c7967bb [WRN] The CORS protocol does not allow specifying a wildcard (any) origin and credentials at the same time. Configure the policy by listing individual origins if credentials needs to be supported. (6e5ffae2)
2021-03-09T18:06:50.9625654+04:00 80000060-0000-fb00-b63f-84710c7967bb [INF] CORS policy execution successful. (5409d6ef)
2021-03-09T18:06:51.0632487+04:00 80000060-0000-fb00-b63f-84710c7967bb [INF] Executing action method "KU.WebAPI.Controllers.MailController.Contact (KU.WebAPI)" - Validation state: Valid (dad538d7)
2021-03-09T18:07:15.6473838+04:00 80000060-0000-fb00-b63f-84710c7967bb [INF] Executed action method "KU.WebAPI.Controllers.MailController.Contact (KU.WebAPI)", returned result "Microsoft.AspNetCore.Mvc.OkObjectResult" in 24576.6697ms. (50a9e262)
2021-03-09T18:07:15.6582023+04:00 80000060-0000-fb00-b63f-84710c7967bb [INF] Executing ObjectResult, writing value of type '"System.String"'. (8a1b66c8)
2021-03-09T18:07:15.6689243+04:00 80000060-0000-fb00-b63f-84710c7967bb [INF] Executed action "KU.WebAPI.Controllers.MailController.Contact (KU.WebAPI)" in 24713.6094ms (afa2e885)
2021-03-09T18:07:15.6721567+04:00 80000060-0000-fb00-b63f-84710c7967bb [INF] Executed endpoint '"KU.WebAPI.Controllers.MailController.Contact (KU.WebAPI)"' (99874f2b)
2021-03-09T18:07:15.6750645+04:00 80000060-0000-fb00-b63f-84710c7967bb [INF] Request finished in 24925.9962ms 200 application/json; charset=utf-8 (791a596a)
