2020-10-25T10:22:24.2699727+04:00 80000003-0005-ff00-b63f-84710c7967bb [INF] Request starting HTTP/2.0 GET https://localhost:44317/index.html   (ca22a1cb)
2020-10-25T10:22:26.4729625+04:00 80000003-0005-ff00-b63f-84710c7967bb [INF] Request finished in 2210.7735ms 200 text/html (791a596a)
2020-10-25T10:22:27.2684743+04:00 80000003-0004-fd00-b63f-84710c7967bb [INF] Request starting HTTP/2.0 GET https://localhost:44317/swagger/v1/swagger.json   (ca22a1cb)
2020-10-25T10:22:27.5533030+04:00 80000003-0004-fd00-b63f-84710c7967bb [INF] Request finished in 285.4028ms 200 application/json;charset=utf-8 (791a596a)
2020-10-25T10:23:18.2779308+04:00 80000004-0006-fb00-b63f-84710c7967bb [INF] Request starting HTTP/2.0 GET https://localhost:44317/api/Report/Reports?TemplateID=10   (ca22a1cb)
2020-10-25T10:23:18.3470721+04:00 80000004-0006-fb00-b63f-84710c7967bb [INF] Executing endpoint '"KU.WebAPI.Controllers.ReportController.GetReport (KU.WebAPI)"' (500cc934)
2020-10-25T10:23:18.5015123+04:00 80000004-0006-fb00-b63f-84710c7967bb [INF] Route matched with "{action = \"GetReport\", controller = \"Report\"}". Executing controller action with signature "Microsoft.AspNetCore.Mvc.IActionResult GetReport(Int64, Int64, System.String, System.String, System.String, System.String, System.String, System.String, System.String, System.String, System.String, Int32, Int32, Int32, Int32, System.String)" on controller "KU.WebAPI.Controllers.ReportController" ("KU.WebAPI"). (122b2fdf)
2020-10-25T10:23:18.5272725+04:00 80000004-0006-fb00-b63f-84710c7967bb [INF] Executing action method "KU.WebAPI.Controllers.ReportController.GetReport (KU.WebAPI)" - Validation state: Valid (dad538d7)
2020-10-25T10:23:23.7599967+04:00 80000004-0006-fb00-b63f-84710c7967bb [INF] Entity Framework Core "2.2.6-servicing-10079" initialized '"ApplicationDbContext"' using provider '"Microsoft.EntityFrameworkCore.SqlServer"' with options: "MigrationsAssembly=KU.WebAPI " (9958f5bb)
2020-10-25T10:23:25.4543533+04:00 80000004-0006-fb00-b63f-84710c7967bb [INF] Executed DbCommand ("415"ms) [Parameters=["@p0='?' (DbType = Int32), @p1='?' (DbType = Int32), @p2='?' (DbType = Int32), @p3='?' (DbType = Int32), @p4='?' (DbType = Int64), @p5='?' (DbType = Int64), @p6='?', @p7='?' (Size = 4000), @p8='?' (Size = 4000), @p9='?' (Size = 4000), @p10='?' (Size = 4000), @p11='?', @p12='?' (Size = 4000), @p13='?' (Size = 4000), @p14='?' (Size = 4000), @p15='?' (Size = 4000)"], CommandType='Text', CommandTimeout='30']"
""SP_GETDATA @p0,@p1,@p2,@p3,@p4,@p5,@p6,@p7,@p8,@p9,@p10,@p11,@p12,@p13,@p14,@p15" (0723d8ff)
2020-10-25T10:23:25.8622502+04:00 80000004-0006-fb00-b63f-84710c7967bb [INF] Executed action method "KU.WebAPI.Controllers.ReportController.GetReport (KU.WebAPI)", returned result "Microsoft.AspNetCore.Mvc.OkObjectResult" in 7319.3229ms. (50a9e262)
2020-10-25T10:23:25.8749171+04:00 80000004-0006-fb00-b63f-84710c7967bb [INF] Executing ObjectResult, writing value of type '"KU.Repositories.Models.QuestionnaireWrap9"'. (8a1b66c8)
2020-10-25T10:23:26.1935598+04:00 80000004-0006-fb00-b63f-84710c7967bb [INF] Executed action "KU.WebAPI.Controllers.ReportController.GetReport (KU.WebAPI)" in 7685.8677ms (afa2e885)
2020-10-25T10:23:26.1971603+04:00 80000004-0006-fb00-b63f-84710c7967bb [INF] Executed endpoint '"KU.WebAPI.Controllers.ReportController.GetReport (KU.WebAPI)"' (99874f2b)
2020-10-25T10:23:26.2014800+04:00 80000004-0006-fb00-b63f-84710c7967bb [INF] Request finished in 7924.3063ms 200 application/json; charset=utf-8 (791a596a)
2020-10-25T10:23:38.1682486+04:00 80000006-0006-fb00-b63f-84710c7967bb [INF] Request starting HTTP/2.0 GET https://localhost:44317/api/Report/Reports?TemplateID=10&SectionID=9   (ca22a1cb)
2020-10-25T10:23:38.1772523+04:00 80000006-0006-fb00-b63f-84710c7967bb [INF] Executing endpoint '"KU.WebAPI.Controllers.ReportController.GetReport (KU.WebAPI)"' (500cc934)
2020-10-25T10:23:38.1834609+04:00 80000006-0006-fb00-b63f-84710c7967bb [INF] Route matched with "{action = \"GetReport\", controller = \"Report\"}". Executing controller action with signature "Microsoft.AspNetCore.Mvc.IActionResult GetReport(Int64, Int64, System.String, System.String, System.String, System.String, System.String, System.String, System.String, System.String, System.String, Int32, Int32, Int32, Int32, System.String)" on controller "KU.WebAPI.Controllers.ReportController" ("KU.WebAPI"). (122b2fdf)
2020-10-25T10:23:38.1905711+04:00 80000006-0006-fb00-b63f-84710c7967bb [INF] Executing action method "KU.WebAPI.Controllers.ReportController.GetReport (KU.WebAPI)" - Validation state: Valid (dad538d7)
2020-10-25T10:23:38.2069038+04:00 80000006-0006-fb00-b63f-84710c7967bb [INF] Entity Framework Core "2.2.6-servicing-10079" initialized '"ApplicationDbContext"' using provider '"Microsoft.EntityFrameworkCore.SqlServer"' with options: "MigrationsAssembly=KU.WebAPI " (9958f5bb)
2020-10-25T10:23:38.7258764+04:00 80000006-0006-fb00-b63f-84710c7967bb [INF] Executed DbCommand ("362"ms) [Parameters=["@p0='?' (DbType = Int32), @p1='?' (DbType = Int32), @p2='?' (DbType = Int32), @p3='?' (DbType = Int32), @p4='?' (DbType = Int64), @p5='?' (DbType = Int64), @p6='?', @p7='?' (Size = 4000), @p8='?' (Size = 4000), @p9='?' (Size = 4000), @p10='?' (Size = 4000), @p11='?', @p12='?' (Size = 4000), @p13='?' (Size = 4000), @p14='?' (Size = 4000), @p15='?' (Size = 4000)"], CommandType='Text', CommandTimeout='30']"
""SP_GETDATA @p0,@p1,@p2,@p3,@p4,@p5,@p6,@p7,@p8,@p9,@p10,@p11,@p12,@p13,@p14,@p15" (0723d8ff)
2020-10-25T10:23:39.0971016+04:00 80000006-0006-fb00-b63f-84710c7967bb [ERR] An exception occurred while iterating over the results of a query for context type '"KU.Repositories.ApplicationDbContext"'."
""System.InvalidOperationException: The required column 'sample' was not present in the results of a 'FromSql' operation.
   at Microsoft.EntityFrameworkCore.Query.Sql.Internal.FromSqlNonComposedQuerySqlGenerator.CreateValueBufferFactory(IRelationalValueBufferFactoryFactory relationalValueBufferFactoryFactory, DbDataReader dataReader)
   at Microsoft.EntityFrameworkCore.Query.Internal.ShaperCommandContext.<NotifyReaderCreated>b__14_0(FactoryAndReader s)
   at Microsoft.EntityFrameworkCore.Internal.NonCapturingLazyInitializer.EnsureInitialized[TParam,TValue](TValue& target, TParam param, Func`2 valueFactory)
   at Microsoft.EntityFrameworkCore.Query.Internal.ShaperCommandContext.NotifyReaderCreated(DbDataReader dataReader)
   at Microsoft.EntityFrameworkCore.Query.Internal.QueryingEnumerable`1.Enumerator.BufferlessMoveNext(DbContext _, Boolean buffer)
   at Microsoft.EntityFrameworkCore.SqlServer.Storage.Internal.SqlServerExecutionStrategy.Execute[TState,TResult](TState state, Func`3 operation, Func`3 verifySucceeded)
   at Microsoft.EntityFrameworkCore.Query.Internal.QueryingEnumerable`1.Enumerator.MoveNext()
   at Microsoft.EntityFrameworkCore.Query.Internal.LinqOperatorProvider._TrackEntities[TOut,TIn](IEnumerable`1 results, QueryContext queryContext, IList`1 entityTrackingInfos, IList`1 entityAccessors)+MoveNext()
   at Microsoft.EntityFrameworkCore.Query.Internal.LinqOperatorProvider.ExceptionInterceptor`1.EnumeratorExceptionInterceptor.MoveNext()" (f5c7ac34)
System.InvalidOperationException: The required column 'sample' was not present in the results of a 'FromSql' operation.
   at Microsoft.EntityFrameworkCore.Query.Sql.Internal.FromSqlNonComposedQuerySqlGenerator.CreateValueBufferFactory(IRelationalValueBufferFactoryFactory relationalValueBufferFactoryFactory, DbDataReader dataReader)
   at Microsoft.EntityFrameworkCore.Query.Internal.ShaperCommandContext.<NotifyReaderCreated>b__14_0(FactoryAndReader s)
   at Microsoft.EntityFrameworkCore.Internal.NonCapturingLazyInitializer.EnsureInitialized[TParam,TValue](TValue& target, TParam param, Func`2 valueFactory)
   at Microsoft.EntityFrameworkCore.Query.Internal.ShaperCommandContext.NotifyReaderCreated(DbDataReader dataReader)
   at Microsoft.EntityFrameworkCore.Query.Internal.QueryingEnumerable`1.Enumerator.BufferlessMoveNext(DbContext _, Boolean buffer)
   at Microsoft.EntityFrameworkCore.SqlServer.Storage.Internal.SqlServerExecutionStrategy.Execute[TState,TResult](TState state, Func`3 operation, Func`3 verifySucceeded)
   at Microsoft.EntityFrameworkCore.Query.Internal.QueryingEnumerable`1.Enumerator.MoveNext()
   at Microsoft.EntityFrameworkCore.Query.Internal.LinqOperatorProvider._TrackEntities[TOut,TIn](IEnumerable`1 results, QueryContext queryContext, IList`1 entityTrackingInfos, IList`1 entityAccessors)+MoveNext()
   at Microsoft.EntityFrameworkCore.Query.Internal.LinqOperatorProvider.ExceptionInterceptor`1.EnumeratorExceptionInterceptor.MoveNext()
2020-10-25T10:23:39.6701337+04:00 80000006-0006-fb00-b63f-84710c7967bb [ERR] Something went wrong ex: The required column 'sample' was not present in the results of a 'FromSql' operation. (947fb664)
2020-10-25T10:23:39.6737803+04:00 80000006-0006-fb00-b63f-84710c7967bb [INF] Executed action method "KU.WebAPI.Controllers.ReportController.GetReport (KU.WebAPI)", returned result "Microsoft.AspNetCore.Mvc.ObjectResult" in 1479.6275ms. (50a9e262)
2020-10-25T10:23:39.6772623+04:00 80000006-0006-fb00-b63f-84710c7967bb [INF] Executing ObjectResult, writing value of type '"System.String"'. (8a1b66c8)
2020-10-25T10:23:39.6812254+04:00 80000006-0006-fb00-b63f-84710c7967bb [INF] Executed action "KU.WebAPI.Controllers.ReportController.GetReport (KU.WebAPI)" in 1494.2149ms (afa2e885)
2020-10-25T10:23:39.6852337+04:00 80000006-0006-fb00-b63f-84710c7967bb [INF] Executed endpoint '"KU.WebAPI.Controllers.ReportController.GetReport (KU.WebAPI)"' (99874f2b)
2020-10-25T10:23:39.6953445+04:00 80000006-0006-fb00-b63f-84710c7967bb [INF] Request finished in 1527.4784ms 500 application/json; charset=utf-8 (791a596a)
2020-10-25T10:26:06.7752622+04:00 80000002-0000-fd00-b63f-84710c7967bb [INF] Request starting HTTP/2.0 GET https://localhost:44317/index.html   (ca22a1cb)
2020-10-25T10:26:07.5595620+04:00 80000002-0000-fd00-b63f-84710c7967bb [INF] Request finished in 792.7026ms 200 text/html (791a596a)
2020-10-25T10:26:08.2690327+04:00 80000002-0003-ff00-b63f-84710c7967bb [INF] Request starting HTTP/2.0 GET https://localhost:44317/swagger/v1/swagger.json   (ca22a1cb)
2020-10-25T10:26:08.5224228+04:00 80000002-0003-ff00-b63f-84710c7967bb [INF] Request finished in 254.1503ms 200 application/json;charset=utf-8 (791a596a)
2020-10-25T10:27:38.1664433+04:00 80000008-0006-fb00-b63f-84710c7967bb [INF] Request starting HTTP/2.0 GET https://localhost:44317/api/Report/Reports?TemplateID=10   (ca22a1cb)
2020-10-25T10:27:38.2694310+04:00 80000008-0006-fb00-b63f-84710c7967bb [INF] Executing endpoint '"KU.WebAPI.Controllers.ReportController.GetReport (KU.WebAPI)"' (500cc934)
2020-10-25T10:27:38.3203269+04:00 80000008-0006-fb00-b63f-84710c7967bb [INF] Route matched with "{action = \"GetReport\", controller = \"Report\"}". Executing controller action with signature "Microsoft.AspNetCore.Mvc.IActionResult GetReport(Int64, Int64, System.String, System.String, System.String, System.String, System.String, System.String, System.String, System.String, System.String, Int32, Int32, Int32, Int32, System.String)" on controller "KU.WebAPI.Controllers.ReportController" ("KU.WebAPI"). (122b2fdf)
2020-10-25T10:27:38.3602541+04:00 80000008-0006-fb00-b63f-84710c7967bb [INF] Executing action method "KU.WebAPI.Controllers.ReportController.GetReport (KU.WebAPI)" - Validation state: Valid (dad538d7)
2020-10-25T10:27:44.6615605+04:00 80000008-0006-fb00-b63f-84710c7967bb [INF] Entity Framework Core "2.2.6-servicing-10079" initialized '"ApplicationDbContext"' using provider '"Microsoft.EntityFrameworkCore.SqlServer"' with options: "MigrationsAssembly=KU.WebAPI " (9958f5bb)
2020-10-25T10:27:45.8702741+04:00 80000008-0006-fb00-b63f-84710c7967bb [INF] Executed DbCommand ("358"ms) [Parameters=["@p0='?' (DbType = Int32), @p1='?' (DbType = Int32), @p2='?' (DbType = Int32), @p3='?' (DbType = Int32), @p4='?' (DbType = Int64), @p5='?' (DbType = Int64), @p6='?', @p7='?' (Size = 4000), @p8='?' (Size = 4000), @p9='?' (Size = 4000), @p10='?' (Size = 4000), @p11='?', @p12='?' (Size = 4000), @p13='?' (Size = 4000), @p14='?' (Size = 4000), @p15='?' (Size = 4000)"], CommandType='Text', CommandTimeout='30']"
""SP_GETDATA @p0,@p1,@p2,@p3,@p4,@p5,@p6,@p7,@p8,@p9,@p10,@p11,@p12,@p13,@p14,@p15" (0723d8ff)
2020-10-25T10:27:46.3294896+04:00 80000008-0006-fb00-b63f-84710c7967bb [INF] Executed action method "KU.WebAPI.Controllers.ReportController.GetReport (KU.WebAPI)", returned result "Microsoft.AspNetCore.Mvc.OkObjectResult" in 7958.1247ms. (50a9e262)
2020-10-25T10:27:46.3465195+04:00 80000008-0006-fb00-b63f-84710c7967bb [INF] Executing ObjectResult, writing value of type '"KU.Repositories.Models.QuestionnaireWrap9"'. (8a1b66c8)
2020-10-25T10:27:46.7005712+04:00 80000008-0006-fb00-b63f-84710c7967bb [INF] Executed action "KU.WebAPI.Controllers.ReportController.GetReport (KU.WebAPI)" in 8368.7001ms (afa2e885)
2020-10-25T10:27:46.7054997+04:00 80000008-0006-fb00-b63f-84710c7967bb [INF] Executed endpoint '"KU.WebAPI.Controllers.ReportController.GetReport (KU.WebAPI)"' (99874f2b)
2020-10-25T10:27:46.7112089+04:00 80000008-0006-fb00-b63f-84710c7967bb [INF] Request finished in 8545.0487ms 200 application/json; charset=utf-8 (791a596a)
2020-10-25T10:27:58.4142580+04:00 80000005-0004-fd00-b63f-84710c7967bb [INF] Request starting HTTP/2.0 GET https://localhost:44317/api/Report/Reports?TemplateID=10&SectionID=9   (ca22a1cb)
2020-10-25T10:27:58.4318897+04:00 80000005-0004-fd00-b63f-84710c7967bb [INF] Executing endpoint '"KU.WebAPI.Controllers.ReportController.GetReport (KU.WebAPI)"' (500cc934)
2020-10-25T10:27:58.4394351+04:00 80000005-0004-fd00-b63f-84710c7967bb [INF] Route matched with "{action = \"GetReport\", controller = \"Report\"}". Executing controller action with signature "Microsoft.AspNetCore.Mvc.IActionResult GetReport(Int64, Int64, System.String, System.String, System.String, System.String, System.String, System.String, System.String, System.String, System.String, Int32, Int32, Int32, Int32, System.String)" on controller "KU.WebAPI.Controllers.ReportController" ("KU.WebAPI"). (122b2fdf)
2020-10-25T10:27:58.4553765+04:00 80000005-0004-fd00-b63f-84710c7967bb [INF] Executing action method "KU.WebAPI.Controllers.ReportController.GetReport (KU.WebAPI)" - Validation state: Valid (dad538d7)
2020-10-25T10:27:58.4867103+04:00 80000005-0004-fd00-b63f-84710c7967bb [INF] Entity Framework Core "2.2.6-servicing-10079" initialized '"ApplicationDbContext"' using provider '"Microsoft.EntityFrameworkCore.SqlServer"' with options: "MigrationsAssembly=KU.WebAPI " (9958f5bb)
2020-10-25T10:27:59.0987951+04:00 80000005-0004-fd00-b63f-84710c7967bb [INF] Executed DbCommand ("352"ms) [Parameters=["@p0='?' (DbType = Int32), @p1='?' (DbType = Int32), @p2='?' (DbType = Int32), @p3='?' (DbType = Int32), @p4='?' (DbType = Int64), @p5='?' (DbType = Int64), @p6='?', @p7='?' (Size = 4000), @p8='?' (Size = 4000), @p9='?' (Size = 4000), @p10='?' (Size = 4000), @p11='?', @p12='?' (Size = 4000), @p13='?' (Size = 4000), @p14='?' (Size = 4000), @p15='?' (Size = 4000)"], CommandType='Text', CommandTimeout='30']"
""SP_GETDATA @p0,@p1,@p2,@p3,@p4,@p5,@p6,@p7,@p8,@p9,@p10,@p11,@p12,@p13,@p14,@p15" (0723d8ff)
2020-10-25T10:27:59.4781625+04:00 80000005-0004-fd00-b63f-84710c7967bb [INF] Executed action method "KU.WebAPI.Controllers.ReportController.GetReport (KU.WebAPI)", returned result "Microsoft.AspNetCore.Mvc.OkObjectResult" in 1015.4617ms. (50a9e262)
2020-10-25T10:27:59.4853977+04:00 80000005-0004-fd00-b63f-84710c7967bb [INF] Executing ObjectResult, writing value of type '"KU.Repositories.Models.QuestionnaireWrap9_9"'. (8a1b66c8)
2020-10-25T10:28:00.1851474+04:00 80000005-0004-fd00-b63f-84710c7967bb [INF] Executed action "KU.WebAPI.Controllers.ReportController.GetReport (KU.WebAPI)" in 1739.7624ms (afa2e885)
2020-10-25T10:28:00.1906396+04:00 80000005-0004-fd00-b63f-84710c7967bb [INF] Executed endpoint '"KU.WebAPI.Controllers.ReportController.GetReport (KU.WebAPI)"' (99874f2b)
2020-10-25T10:28:00.1965461+04:00 80000005-0004-fd00-b63f-84710c7967bb [INF] Request finished in 1790.954ms 200 application/json; charset=utf-8 (791a596a)
