2020-10-14T14:26:04.4810234+04:00 80000002-0001-ff00-b63f-84710c7967bb [INF] Request starting HTTP/2.0 GET https://localhost:44317/   (ca22a1cb)
2020-10-14T14:26:06.7385833+04:00 80000002-0001-ff00-b63f-84710c7967bb [INF] Request finished in 2261.9943ms 301  (791a596a)
2020-10-14T14:26:07.1253967+04:00 80000002-0005-fd00-b63f-84710c7967bb [INF] Request starting HTTP/2.0 GET https://localhost:44317/index.html   (ca22a1cb)
2020-10-14T14:26:08.3240961+04:00 80000002-0005-fd00-b63f-84710c7967bb [INF] Request finished in 1203.4513ms 200 text/html (791a596a)
2020-10-14T14:26:08.7293590+04:00 80000002-0004-fe00-b63f-84710c7967bb [INF] Request starting HTTP/2.0 GET https://localhost:44317/swagger-ui-bundle.js   (ca22a1cb)
2020-10-14T14:26:08.7333245+04:00 80000002-0000-fd00-b63f-84710c7967bb [INF] Request starting HTTP/2.0 GET https://localhost:44317/swagger-ui.css   (ca22a1cb)
2020-10-14T14:26:08.7718241+04:00 80000002-0002-fe00-b63f-84710c7967bb [INF] Request starting HTTP/2.0 GET https://localhost:44317/swagger-ui-standalone-preset.js   (ca22a1cb)
2020-10-14T14:26:09.0056812+04:00 80000002-0002-fe00-b63f-84710c7967bb [INF] Sending file. Request path: '"/swagger-ui-standalone-preset.js"'. Physical path: '"N/A"' (27b0a520)
2020-10-14T14:26:09.0056987+04:00 80000002-0000-fd00-b63f-84710c7967bb [INF] Sending file. Request path: '"/swagger-ui.css"'. Physical path: '"N/A"' (27b0a520)
2020-10-14T14:26:09.0057105+04:00 80000002-0004-fe00-b63f-84710c7967bb [INF] Sending file. Request path: '"/swagger-ui-bundle.js"'. Physical path: '"N/A"' (27b0a520)
2020-10-14T14:26:09.0170848+04:00 80000002-0004-fe00-b63f-84710c7967bb [INF] Request finished in 289.8508ms 200 application/javascript (791a596a)
2020-10-14T14:26:09.0211262+04:00 80000002-0000-fd00-b63f-84710c7967bb [INF] Request finished in 284.2459ms 200 text/css (791a596a)
2020-10-14T14:26:09.0260483+04:00 80000002-0002-fe00-b63f-84710c7967bb [INF] Request finished in 252.1419ms 200 application/javascript (791a596a)
2020-10-14T14:26:10.7552205+04:00 80000004-0005-fd00-b63f-84710c7967bb [INF] Request starting HTTP/2.0 GET https://localhost:44317/swagger/v1/swagger.json   (ca22a1cb)
2020-10-14T14:26:11.0801081+04:00 80000004-0005-fd00-b63f-84710c7967bb [INF] Request finished in 326.6907ms 200 application/json;charset=utf-8 (791a596a)
2020-10-14T14:26:12.0757590+04:00 80000002-0006-ff00-b63f-84710c7967bb [INF] Request starting HTTP/2.0 GET https://localhost:44317/favicon-32x32.png   (ca22a1cb)
2020-10-14T14:26:12.0811605+04:00 80000002-0006-ff00-b63f-84710c7967bb [INF] Sending file. Request path: '"/favicon-32x32.png"'. Physical path: '"N/A"' (27b0a520)
2020-10-14T14:26:12.0853310+04:00 80000002-0006-ff00-b63f-84710c7967bb [INF] Request finished in 10.4505ms 200 image/png (791a596a)
2020-10-14T14:26:29.1073518+04:00 80000004-0004-fe00-b63f-84710c7967bb [INF] Request starting HTTP/2.0 GET https://localhost:44317/api/Form/formattribute?templateID=1   (ca22a1cb)
2020-10-14T14:26:29.2283927+04:00 80000004-0004-fe00-b63f-84710c7967bb [INF] Executing endpoint '"KU.WebAPI.Controllers.FormController.GetAttributeID (KU.WebAPI)"' (500cc934)
2020-10-14T14:26:29.3512720+04:00 80000004-0004-fe00-b63f-84710c7967bb [INF] Route matched with "{action = \"GetAttributeID\", controller = \"Form\"}". Executing controller action with signature "Microsoft.AspNetCore.Mvc.IActionResult GetAttributeID(System.String, System.String, System.String)" on controller "KU.WebAPI.Controllers.FormController" ("KU.WebAPI"). (122b2fdf)
2020-10-14T14:26:29.5055300+04:00 80000004-0004-fe00-b63f-84710c7967bb [INF] Executing action method "KU.WebAPI.Controllers.FormController.GetAttributeID (KU.WebAPI)" - Validation state: Valid (dad538d7)
2020-10-14T14:26:36.8352275+04:00 80000004-0004-fe00-b63f-84710c7967bb [INF] Entity Framework Core "2.2.6-servicing-10079" initialized '"ApplicationDbContext"' using provider '"Microsoft.EntityFrameworkCore.SqlServer"' with options: "MigrationsAssembly=KU.WebAPI " (9958f5bb)
2020-10-14T14:26:40.2915980+04:00 80000004-0004-fe00-b63f-84710c7967bb [INF] Executed DbCommand ("1,011"ms) [Parameters=["@p0='?' (Size = 4000), @p1='?' (Size = 4000)"], CommandType='Text', CommandTimeout='30']"
""sp_FormAttribute_Check @p0,@p1" (0723d8ff)
2020-10-14T14:26:40.9391699+04:00 80000004-0004-fe00-b63f-84710c7967bb [ERR] An exception occurred while iterating over the results of a query for context type '"KU.Repositories.ApplicationDbContext"'."
""System.InvalidOperationException: The required column 'AttributeDisplayName' was not present in the results of a 'FromSql' operation.
   at Microsoft.EntityFrameworkCore.Query.Sql.Internal.FromSqlNonComposedQuerySqlGenerator.CreateValueBufferFactory(IRelationalValueBufferFactoryFactory relationalValueBufferFactoryFactory, DbDataReader dataReader)
   at Microsoft.EntityFrameworkCore.Query.Internal.ShaperCommandContext.<NotifyReaderCreated>b__14_0(FactoryAndReader s)
   at Microsoft.EntityFrameworkCore.Internal.NonCapturingLazyInitializer.EnsureInitialized[TParam,TValue](TValue& target, TParam param, Func`2 valueFactory)
   at Microsoft.EntityFrameworkCore.Query.Internal.ShaperCommandContext.NotifyReaderCreated(DbDataReader dataReader)
   at Microsoft.EntityFrameworkCore.Query.Internal.QueryingEnumerable`1.Enumerator.BufferlessMoveNext(DbContext _, Boolean buffer)
   at Microsoft.EntityFrameworkCore.SqlServer.Storage.Internal.SqlServerExecutionStrategy.Execute[TState,TResult](TState state, Func`3 operation, Func`3 verifySucceeded)
   at Microsoft.EntityFrameworkCore.Query.Internal.QueryingEnumerable`1.Enumerator.MoveNext()
   at Microsoft.EntityFrameworkCore.Query.Internal.LinqOperatorProvider._TrackEntities[TOut,TIn](IEnumerable`1 results, QueryContext queryContext, IList`1 entityTrackingInfos, IList`1 entityAccessors)+MoveNext()
   at Microsoft.EntityFrameworkCore.Query.Internal.LinqOperatorProvider.ExceptionInterceptor`1.EnumeratorExceptionInterceptor.MoveNext()" (f5c7ac34)
System.InvalidOperationException: The required column 'AttributeDisplayName' was not present in the results of a 'FromSql' operation.
   at Microsoft.EntityFrameworkCore.Query.Sql.Internal.FromSqlNonComposedQuerySqlGenerator.CreateValueBufferFactory(IRelationalValueBufferFactoryFactory relationalValueBufferFactoryFactory, DbDataReader dataReader)
   at Microsoft.EntityFrameworkCore.Query.Internal.ShaperCommandContext.<NotifyReaderCreated>b__14_0(FactoryAndReader s)
   at Microsoft.EntityFrameworkCore.Internal.NonCapturingLazyInitializer.EnsureInitialized[TParam,TValue](TValue& target, TParam param, Func`2 valueFactory)
   at Microsoft.EntityFrameworkCore.Query.Internal.ShaperCommandContext.NotifyReaderCreated(DbDataReader dataReader)
   at Microsoft.EntityFrameworkCore.Query.Internal.QueryingEnumerable`1.Enumerator.BufferlessMoveNext(DbContext _, Boolean buffer)
   at Microsoft.EntityFrameworkCore.SqlServer.Storage.Internal.SqlServerExecutionStrategy.Execute[TState,TResult](TState state, Func`3 operation, Func`3 verifySucceeded)
   at Microsoft.EntityFrameworkCore.Query.Internal.QueryingEnumerable`1.Enumerator.MoveNext()
   at Microsoft.EntityFrameworkCore.Query.Internal.LinqOperatorProvider._TrackEntities[TOut,TIn](IEnumerable`1 results, QueryContext queryContext, IList`1 entityTrackingInfos, IList`1 entityAccessors)+MoveNext()
   at Microsoft.EntityFrameworkCore.Query.Internal.LinqOperatorProvider.ExceptionInterceptor`1.EnumeratorExceptionInterceptor.MoveNext()
2020-10-14T14:26:41.2382874+04:00 80000004-0004-fe00-b63f-84710c7967bb [ERR] Something went wrong: System.InvalidOperationException: The required column 'AttributeDisplayName' was not present in the results of a 'FromSql' operation.
   at Microsoft.EntityFrameworkCore.Query.Sql.Internal.FromSqlNonComposedQuerySqlGenerator.CreateValueBufferFactory(IRelationalValueBufferFactoryFactory relationalValueBufferFactoryFactory, DbDataReader dataReader)
   at Microsoft.EntityFrameworkCore.Query.Internal.ShaperCommandContext.<NotifyReaderCreated>b__14_0(FactoryAndReader s)
   at Microsoft.EntityFrameworkCore.Internal.NonCapturingLazyInitializer.EnsureInitialized[TParam,TValue](TValue& target, TParam param, Func`2 valueFactory)
   at Microsoft.EntityFrameworkCore.Query.Internal.ShaperCommandContext.NotifyReaderCreated(DbDataReader dataReader)
   at Microsoft.EntityFrameworkCore.Query.Internal.QueryingEnumerable`1.Enumerator.BufferlessMoveNext(DbContext _, Boolean buffer)
   at Microsoft.EntityFrameworkCore.SqlServer.Storage.Internal.SqlServerExecutionStrategy.Execute[TState,TResult](TState state, Func`3 operation, Func`3 verifySucceeded)
   at Microsoft.EntityFrameworkCore.Query.Internal.QueryingEnumerable`1.Enumerator.MoveNext()
   at Microsoft.EntityFrameworkCore.Query.Internal.LinqOperatorProvider._TrackEntities[TOut,TIn](IEnumerable`1 results, QueryContext queryContext, IList`1 entityTrackingInfos, IList`1 entityAccessors)+MoveNext()
   at Microsoft.EntityFrameworkCore.Query.Internal.LinqOperatorProvider.ExceptionInterceptor`1.EnumeratorExceptionInterceptor.MoveNext()
   at System.Collections.Generic.List`1.AddEnumerable(IEnumerable`1 enumerable)
   at System.Linq.Enumerable.ToList[TSource](IEnumerable`1 source)
   at KU.Services.Implementations.FormService.GetAttributeID(String TemplateID, String SectionID, String AttributeName) in C:\TCIT\Khalifa University\Khalifa\KU.Services\Implementations\FormService.cs:line 110
   at KU.WebAPI.Controllers.FormController.GetAttributeID(String templateID, String SectionID, String AttributeName) in C:\TCIT\Khalifa University\Khalifa\KU.WebAPI\Controllers\FormController.cs:line 95 (e6ba6164)
2020-10-14T14:26:41.2546889+04:00 80000004-0004-fe00-b63f-84710c7967bb [INF] Executed action method "KU.WebAPI.Controllers.FormController.GetAttributeID (KU.WebAPI)", returned result "Microsoft.AspNetCore.Mvc.ObjectResult" in 11732.9086ms. (50a9e262)
2020-10-14T14:26:41.3110774+04:00 80000004-0004-fe00-b63f-84710c7967bb [INF] Executing ObjectResult, writing value of type '"null"'. (8a1b66c8)
2020-10-14T14:26:41.3231947+04:00 80000004-0004-fe00-b63f-84710c7967bb [INF] Executed action "KU.WebAPI.Controllers.FormController.GetAttributeID (KU.WebAPI)" in 11960.8782ms (afa2e885)
2020-10-14T14:26:41.3284941+04:00 80000004-0004-fe00-b63f-84710c7967bb [INF] Executed endpoint '"KU.WebAPI.Controllers.FormController.GetAttributeID (KU.WebAPI)"' (99874f2b)
2020-10-14T14:26:41.3534496+04:00 80000004-0004-fe00-b63f-84710c7967bb [INF] Request finished in 12244.8012ms 500  (791a596a)
2020-10-14T14:27:27.1170874+04:00 80000004-0000-fd00-b63f-84710c7967bb [INF] Request starting HTTP/2.0 GET https://localhost:44317/api/Form/formattribute?templateID=1&SectionID=0   (ca22a1cb)
2020-10-14T14:27:27.1299872+04:00 80000004-0000-fd00-b63f-84710c7967bb [INF] Executing endpoint '"KU.WebAPI.Controllers.FormController.GetAttributeID (KU.WebAPI)"' (500cc934)
2020-10-14T14:27:27.1349070+04:00 80000004-0000-fd00-b63f-84710c7967bb [INF] Route matched with "{action = \"GetAttributeID\", controller = \"Form\"}". Executing controller action with signature "Microsoft.AspNetCore.Mvc.IActionResult GetAttributeID(System.String, System.String, System.String)" on controller "KU.WebAPI.Controllers.FormController" ("KU.WebAPI"). (122b2fdf)
2020-10-14T14:27:27.1469467+04:00 80000004-0000-fd00-b63f-84710c7967bb [INF] Executing action method "KU.WebAPI.Controllers.FormController.GetAttributeID (KU.WebAPI)" - Validation state: Valid (dad538d7)
2020-10-14T14:27:27.1651872+04:00 80000004-0000-fd00-b63f-84710c7967bb [INF] Entity Framework Core "2.2.6-servicing-10079" initialized '"ApplicationDbContext"' using provider '"Microsoft.EntityFrameworkCore.SqlServer"' with options: "MigrationsAssembly=KU.WebAPI " (9958f5bb)
2020-10-14T14:27:27.5285700+04:00 80000004-0000-fd00-b63f-84710c7967bb [INF] Executed DbCommand ("356"ms) [Parameters=["@p0='?' (Size = 4000), @p1='?' (Size = 4000)"], CommandType='Text', CommandTimeout='30']"
""sp_FormAttribute_Check @p0,@p1" (0723d8ff)
2020-10-14T14:27:27.5705248+04:00 80000004-0000-fd00-b63f-84710c7967bb [ERR] An exception occurred while iterating over the results of a query for context type '"KU.Repositories.ApplicationDbContext"'."
""System.InvalidOperationException: The required column 'AttributeDisplayName' was not present in the results of a 'FromSql' operation.
   at Microsoft.EntityFrameworkCore.Query.Sql.Internal.FromSqlNonComposedQuerySqlGenerator.CreateValueBufferFactory(IRelationalValueBufferFactoryFactory relationalValueBufferFactoryFactory, DbDataReader dataReader)
   at Microsoft.EntityFrameworkCore.Query.Internal.ShaperCommandContext.<NotifyReaderCreated>b__14_0(FactoryAndReader s)
   at Microsoft.EntityFrameworkCore.Internal.NonCapturingLazyInitializer.EnsureInitialized[TParam,TValue](TValue& target, TParam param, Func`2 valueFactory)
   at Microsoft.EntityFrameworkCore.Query.Internal.ShaperCommandContext.NotifyReaderCreated(DbDataReader dataReader)
   at Microsoft.EntityFrameworkCore.Query.Internal.QueryingEnumerable`1.Enumerator.BufferlessMoveNext(DbContext _, Boolean buffer)
   at Microsoft.EntityFrameworkCore.SqlServer.Storage.Internal.SqlServerExecutionStrategy.Execute[TState,TResult](TState state, Func`3 operation, Func`3 verifySucceeded)
   at Microsoft.EntityFrameworkCore.Query.Internal.QueryingEnumerable`1.Enumerator.MoveNext()
   at Microsoft.EntityFrameworkCore.Query.Internal.LinqOperatorProvider._TrackEntities[TOut,TIn](IEnumerable`1 results, QueryContext queryContext, IList`1 entityTrackingInfos, IList`1 entityAccessors)+MoveNext()
   at Microsoft.EntityFrameworkCore.Query.Internal.LinqOperatorProvider.ExceptionInterceptor`1.EnumeratorExceptionInterceptor.MoveNext()" (f5c7ac34)
System.InvalidOperationException: The required column 'AttributeDisplayName' was not present in the results of a 'FromSql' operation.
   at Microsoft.EntityFrameworkCore.Query.Sql.Internal.FromSqlNonComposedQuerySqlGenerator.CreateValueBufferFactory(IRelationalValueBufferFactoryFactory relationalValueBufferFactoryFactory, DbDataReader dataReader)
   at Microsoft.EntityFrameworkCore.Query.Internal.ShaperCommandContext.<NotifyReaderCreated>b__14_0(FactoryAndReader s)
   at Microsoft.EntityFrameworkCore.Internal.NonCapturingLazyInitializer.EnsureInitialized[TParam,TValue](TValue& target, TParam param, Func`2 valueFactory)
   at Microsoft.EntityFrameworkCore.Query.Internal.ShaperCommandContext.NotifyReaderCreated(DbDataReader dataReader)
   at Microsoft.EntityFrameworkCore.Query.Internal.QueryingEnumerable`1.Enumerator.BufferlessMoveNext(DbContext _, Boolean buffer)
   at Microsoft.EntityFrameworkCore.SqlServer.Storage.Internal.SqlServerExecutionStrategy.Execute[TState,TResult](TState state, Func`3 operation, Func`3 verifySucceeded)
   at Microsoft.EntityFrameworkCore.Query.Internal.QueryingEnumerable`1.Enumerator.MoveNext()
   at Microsoft.EntityFrameworkCore.Query.Internal.LinqOperatorProvider._TrackEntities[TOut,TIn](IEnumerable`1 results, QueryContext queryContext, IList`1 entityTrackingInfos, IList`1 entityAccessors)+MoveNext()
   at Microsoft.EntityFrameworkCore.Query.Internal.LinqOperatorProvider.ExceptionInterceptor`1.EnumeratorExceptionInterceptor.MoveNext()
2020-10-14T14:27:27.5770186+04:00 80000004-0000-fd00-b63f-84710c7967bb [ERR] Something went wrong: System.InvalidOperationException: The required column 'AttributeDisplayName' was not present in the results of a 'FromSql' operation.
   at Microsoft.EntityFrameworkCore.Query.Sql.Internal.FromSqlNonComposedQuerySqlGenerator.CreateValueBufferFactory(IRelationalValueBufferFactoryFactory relationalValueBufferFactoryFactory, DbDataReader dataReader)
   at Microsoft.EntityFrameworkCore.Query.Internal.ShaperCommandContext.<NotifyReaderCreated>b__14_0(FactoryAndReader s)
   at Microsoft.EntityFrameworkCore.Internal.NonCapturingLazyInitializer.EnsureInitialized[TParam,TValue](TValue& target, TParam param, Func`2 valueFactory)
   at Microsoft.EntityFrameworkCore.Query.Internal.ShaperCommandContext.NotifyReaderCreated(DbDataReader dataReader)
   at Microsoft.EntityFrameworkCore.Query.Internal.QueryingEnumerable`1.Enumerator.BufferlessMoveNext(DbContext _, Boolean buffer)
   at Microsoft.EntityFrameworkCore.SqlServer.Storage.Internal.SqlServerExecutionStrategy.Execute[TState,TResult](TState state, Func`3 operation, Func`3 verifySucceeded)
   at Microsoft.EntityFrameworkCore.Query.Internal.QueryingEnumerable`1.Enumerator.MoveNext()
   at Microsoft.EntityFrameworkCore.Query.Internal.LinqOperatorProvider._TrackEntities[TOut,TIn](IEnumerable`1 results, QueryContext queryContext, IList`1 entityTrackingInfos, IList`1 entityAccessors)+MoveNext()
   at Microsoft.EntityFrameworkCore.Query.Internal.LinqOperatorProvider.ExceptionInterceptor`1.EnumeratorExceptionInterceptor.MoveNext()
   at System.Collections.Generic.List`1.AddEnumerable(IEnumerable`1 enumerable)
   at System.Linq.Enumerable.ToList[TSource](IEnumerable`1 source)
   at KU.Services.Implementations.FormService.GetAttributeID(String TemplateID, String SectionID, String AttributeName) in C:\TCIT\Khalifa University\Khalifa\KU.Services\Implementations\FormService.cs:line 110
   at KU.WebAPI.Controllers.FormController.GetAttributeID(String templateID, String SectionID, String AttributeName) in C:\TCIT\Khalifa University\Khalifa\KU.WebAPI\Controllers\FormController.cs:line 95 (e6ba6164)
2020-10-14T14:27:27.5824691+04:00 80000004-0000-fd00-b63f-84710c7967bb [INF] Executed action method "KU.WebAPI.Controllers.FormController.GetAttributeID (KU.WebAPI)", returned result "Microsoft.AspNetCore.Mvc.ObjectResult" in 430.1851ms. (50a9e262)
2020-10-14T14:27:27.5881633+04:00 80000004-0000-fd00-b63f-84710c7967bb [INF] Executing ObjectResult, writing value of type '"null"'. (8a1b66c8)
2020-10-14T14:27:27.5937625+04:00 80000004-0000-fd00-b63f-84710c7967bb [INF] Executed action "KU.WebAPI.Controllers.FormController.GetAttributeID (KU.WebAPI)" in 453.52ms (afa2e885)
2020-10-14T14:27:27.5991096+04:00 80000004-0000-fd00-b63f-84710c7967bb [INF] Executed endpoint '"KU.WebAPI.Controllers.FormController.GetAttributeID (KU.WebAPI)"' (99874f2b)
2020-10-14T14:27:27.6043936+04:00 80000004-0000-fd00-b63f-84710c7967bb [INF] Request finished in 486.477ms 500  (791a596a)
2020-10-14T14:27:30.0096608+04:00 80000004-0006-ff00-b63f-84710c7967bb [INF] Request starting HTTP/2.0 GET https://localhost:44317/api/Form/formattribute?templateID=1&SectionID=0   (ca22a1cb)
2020-10-14T14:27:30.0152080+04:00 80000004-0006-ff00-b63f-84710c7967bb [INF] Executing endpoint '"KU.WebAPI.Controllers.FormController.GetAttributeID (KU.WebAPI)"' (500cc934)
2020-10-14T14:27:30.0200076+04:00 80000004-0006-ff00-b63f-84710c7967bb [INF] Route matched with "{action = \"GetAttributeID\", controller = \"Form\"}". Executing controller action with signature "Microsoft.AspNetCore.Mvc.IActionResult GetAttributeID(System.String, System.String, System.String)" on controller "KU.WebAPI.Controllers.FormController" ("KU.WebAPI"). (122b2fdf)
2020-10-14T14:27:30.0248837+04:00 80000004-0006-ff00-b63f-84710c7967bb [INF] Executing action method "KU.WebAPI.Controllers.FormController.GetAttributeID (KU.WebAPI)" - Validation state: Valid (dad538d7)
2020-10-14T14:27:30.0307048+04:00 80000004-0006-ff00-b63f-84710c7967bb [INF] Entity Framework Core "2.2.6-servicing-10079" initialized '"ApplicationDbContext"' using provider '"Microsoft.EntityFrameworkCore.SqlServer"' with options: "MigrationsAssembly=KU.WebAPI " (9958f5bb)
2020-10-14T14:27:30.2334924+04:00 80000004-0006-ff00-b63f-84710c7967bb [INF] Executed DbCommand ("197"ms) [Parameters=["@p0='?' (Size = 4000), @p1='?' (Size = 4000)"], CommandType='Text', CommandTimeout='30']"
""sp_FormAttribute_Check @p0,@p1" (0723d8ff)
2020-10-14T14:27:30.2411807+04:00 80000004-0006-ff00-b63f-84710c7967bb [ERR] An exception occurred while iterating over the results of a query for context type '"KU.Repositories.ApplicationDbContext"'."
""System.InvalidOperationException: The required column 'AttributeDisplayName' was not present in the results of a 'FromSql' operation.
   at Microsoft.EntityFrameworkCore.Query.Sql.Internal.FromSqlNonComposedQuerySqlGenerator.CreateValueBufferFactory(IRelationalValueBufferFactoryFactory relationalValueBufferFactoryFactory, DbDataReader dataReader)
   at Microsoft.EntityFrameworkCore.Query.Internal.ShaperCommandContext.<NotifyReaderCreated>b__14_0(FactoryAndReader s)
   at Microsoft.EntityFrameworkCore.Internal.NonCapturingLazyInitializer.EnsureInitialized[TParam,TValue](TValue& target, TParam param, Func`2 valueFactory)
   at Microsoft.EntityFrameworkCore.Query.Internal.ShaperCommandContext.NotifyReaderCreated(DbDataReader dataReader)
   at Microsoft.EntityFrameworkCore.Query.Internal.QueryingEnumerable`1.Enumerator.BufferlessMoveNext(DbContext _, Boolean buffer)
   at Microsoft.EntityFrameworkCore.SqlServer.Storage.Internal.SqlServerExecutionStrategy.Execute[TState,TResult](TState state, Func`3 operation, Func`3 verifySucceeded)
   at Microsoft.EntityFrameworkCore.Query.Internal.QueryingEnumerable`1.Enumerator.MoveNext()
   at Microsoft.EntityFrameworkCore.Query.Internal.LinqOperatorProvider._TrackEntities[TOut,TIn](IEnumerable`1 results, QueryContext queryContext, IList`1 entityTrackingInfos, IList`1 entityAccessors)+MoveNext()
   at Microsoft.EntityFrameworkCore.Query.Internal.LinqOperatorProvider.ExceptionInterceptor`1.EnumeratorExceptionInterceptor.MoveNext()" (f5c7ac34)
System.InvalidOperationException: The required column 'AttributeDisplayName' was not present in the results of a 'FromSql' operation.
   at Microsoft.EntityFrameworkCore.Query.Sql.Internal.FromSqlNonComposedQuerySqlGenerator.CreateValueBufferFactory(IRelationalValueBufferFactoryFactory relationalValueBufferFactoryFactory, DbDataReader dataReader)
   at Microsoft.EntityFrameworkCore.Query.Internal.ShaperCommandContext.<NotifyReaderCreated>b__14_0(FactoryAndReader s)
   at Microsoft.EntityFrameworkCore.Internal.NonCapturingLazyInitializer.EnsureInitialized[TParam,TValue](TValue& target, TParam param, Func`2 valueFactory)
   at Microsoft.EntityFrameworkCore.Query.Internal.ShaperCommandContext.NotifyReaderCreated(DbDataReader dataReader)
   at Microsoft.EntityFrameworkCore.Query.Internal.QueryingEnumerable`1.Enumerator.BufferlessMoveNext(DbContext _, Boolean buffer)
   at Microsoft.EntityFrameworkCore.SqlServer.Storage.Internal.SqlServerExecutionStrategy.Execute[TState,TResult](TState state, Func`3 operation, Func`3 verifySucceeded)
   at Microsoft.EntityFrameworkCore.Query.Internal.QueryingEnumerable`1.Enumerator.MoveNext()
   at Microsoft.EntityFrameworkCore.Query.Internal.LinqOperatorProvider._TrackEntities[TOut,TIn](IEnumerable`1 results, QueryContext queryContext, IList`1 entityTrackingInfos, IList`1 entityAccessors)+MoveNext()
   at Microsoft.EntityFrameworkCore.Query.Internal.LinqOperatorProvider.ExceptionInterceptor`1.EnumeratorExceptionInterceptor.MoveNext()
2020-10-14T14:27:30.2464232+04:00 80000004-0006-ff00-b63f-84710c7967bb [ERR] Something went wrong: System.InvalidOperationException: The required column 'AttributeDisplayName' was not present in the results of a 'FromSql' operation.
   at Microsoft.EntityFrameworkCore.Query.Sql.Internal.FromSqlNonComposedQuerySqlGenerator.CreateValueBufferFactory(IRelationalValueBufferFactoryFactory relationalValueBufferFactoryFactory, DbDataReader dataReader)
   at Microsoft.EntityFrameworkCore.Query.Internal.ShaperCommandContext.<NotifyReaderCreated>b__14_0(FactoryAndReader s)
   at Microsoft.EntityFrameworkCore.Internal.NonCapturingLazyInitializer.EnsureInitialized[TParam,TValue](TValue& target, TParam param, Func`2 valueFactory)
   at Microsoft.EntityFrameworkCore.Query.Internal.ShaperCommandContext.NotifyReaderCreated(DbDataReader dataReader)
   at Microsoft.EntityFrameworkCore.Query.Internal.QueryingEnumerable`1.Enumerator.BufferlessMoveNext(DbContext _, Boolean buffer)
   at Microsoft.EntityFrameworkCore.SqlServer.Storage.Internal.SqlServerExecutionStrategy.Execute[TState,TResult](TState state, Func`3 operation, Func`3 verifySucceeded)
   at Microsoft.EntityFrameworkCore.Query.Internal.QueryingEnumerable`1.Enumerator.MoveNext()
   at Microsoft.EntityFrameworkCore.Query.Internal.LinqOperatorProvider._TrackEntities[TOut,TIn](IEnumerable`1 results, QueryContext queryContext, IList`1 entityTrackingInfos, IList`1 entityAccessors)+MoveNext()
   at Microsoft.EntityFrameworkCore.Query.Internal.LinqOperatorProvider.ExceptionInterceptor`1.EnumeratorExceptionInterceptor.MoveNext()
   at System.Collections.Generic.List`1.AddEnumerable(IEnumerable`1 enumerable)
   at System.Linq.Enumerable.ToList[TSource](IEnumerable`1 source)
   at KU.Services.Implementations.FormService.GetAttributeID(String TemplateID, String SectionID, String AttributeName) in C:\TCIT\Khalifa University\Khalifa\KU.Services\Implementations\FormService.cs:line 110
   at KU.WebAPI.Controllers.FormController.GetAttributeID(String templateID, String SectionID, String AttributeName) in C:\TCIT\Khalifa University\Khalifa\KU.WebAPI\Controllers\FormController.cs:line 95 (e6ba6164)
2020-10-14T14:27:30.2504810+04:00 80000004-0006-ff00-b63f-84710c7967bb [INF] Executed action method "KU.WebAPI.Controllers.FormController.GetAttributeID (KU.WebAPI)", returned result "Microsoft.AspNetCore.Mvc.ObjectResult" in 221.5863ms. (50a9e262)
2020-10-14T14:27:30.2544308+04:00 80000004-0006-ff00-b63f-84710c7967bb [INF] Executing ObjectResult, writing value of type '"null"'. (8a1b66c8)
2020-10-14T14:27:30.2583807+04:00 80000004-0006-ff00-b63f-84710c7967bb [INF] Executed action "KU.WebAPI.Controllers.FormController.GetAttributeID (KU.WebAPI)" in 234.4562ms (afa2e885)
2020-10-14T14:27:30.2628602+04:00 80000004-0006-ff00-b63f-84710c7967bb [INF] Executed endpoint '"KU.WebAPI.Controllers.FormController.GetAttributeID (KU.WebAPI)"' (99874f2b)
2020-10-14T14:27:30.2677977+04:00 80000004-0006-ff00-b63f-84710c7967bb [INF] Request finished in 259.116ms 500  (791a596a)
2020-10-14T14:28:40.9024664+04:00 80000002-0003-fd00-b63f-84710c7967bb [INF] Request starting HTTP/2.0 GET https://localhost:44317/index.html   (ca22a1cb)
2020-10-14T14:28:41.5133826+04:00 80000002-0003-fd00-b63f-84710c7967bb [INF] Request finished in 619.1844ms 200 text/html (791a596a)
2020-10-14T14:28:42.1639147+04:00 80000003-0002-ff00-b63f-84710c7967bb [INF] Request starting HTTP/2.0 GET https://localhost:44317/swagger/v1/swagger.json   (ca22a1cb)
2020-10-14T14:28:42.3792090+04:00 80000003-0002-ff00-b63f-84710c7967bb [INF] Request finished in 212.4327ms 200 application/json;charset=utf-8 (791a596a)
2020-10-14T14:29:00.3848768+04:00 80000002-0000-fb00-b63f-84710c7967bb [INF] Request starting HTTP/2.0 GET https://localhost:44317/api/Form/formattribute?templateID=1&SectionID=0   (ca22a1cb)
2020-10-14T14:29:00.4492391+04:00 80000002-0000-fb00-b63f-84710c7967bb [INF] Executing endpoint '"KU.WebAPI.Controllers.FormController.GetAttributeID (KU.WebAPI)"' (500cc934)
2020-10-14T14:29:00.4799252+04:00 80000002-0000-fb00-b63f-84710c7967bb [INF] Route matched with "{action = \"GetAttributeID\", controller = \"Form\"}". Executing controller action with signature "Microsoft.AspNetCore.Mvc.IActionResult GetAttributeID(System.String, System.String, System.String)" on controller "KU.WebAPI.Controllers.FormController" ("KU.WebAPI"). (122b2fdf)
2020-10-14T14:29:00.5068099+04:00 80000002-0000-fb00-b63f-84710c7967bb [INF] Executing action method "KU.WebAPI.Controllers.FormController.GetAttributeID (KU.WebAPI)" - Validation state: Valid (dad538d7)
2020-10-14T14:29:07.2266988+04:00 80000002-0000-fb00-b63f-84710c7967bb [INF] Entity Framework Core "2.2.6-servicing-10079" initialized '"ApplicationDbContext"' using provider '"Microsoft.EntityFrameworkCore.SqlServer"' with options: "MigrationsAssembly=KU.WebAPI " (9958f5bb)
2020-10-14T14:29:07.7478462+04:00 80000002-0000-fb00-b63f-84710c7967bb [INF] Executed DbCommand ("190"ms) [Parameters=["@p0='?' (Size = 4000), @p1='?' (Size = 4000)"], CommandType='Text', CommandTimeout='30']"
""sp_FormAttribute_Check @p0,@p1" (0723d8ff)
2020-10-14T14:29:07.9342682+04:00 80000002-0000-fb00-b63f-84710c7967bb [ERR] An exception occurred while iterating over the results of a query for context type '"KU.Repositories.ApplicationDbContext"'."
""System.InvalidOperationException: The required column 'AttributeDisplayName' was not present in the results of a 'FromSql' operation.
   at Microsoft.EntityFrameworkCore.Query.Sql.Internal.FromSqlNonComposedQuerySqlGenerator.CreateValueBufferFactory(IRelationalValueBufferFactoryFactory relationalValueBufferFactoryFactory, DbDataReader dataReader)
   at Microsoft.EntityFrameworkCore.Query.Internal.ShaperCommandContext.<NotifyReaderCreated>b__14_0(FactoryAndReader s)
   at Microsoft.EntityFrameworkCore.Internal.NonCapturingLazyInitializer.EnsureInitialized[TParam,TValue](TValue& target, TParam param, Func`2 valueFactory)
   at Microsoft.EntityFrameworkCore.Query.Internal.ShaperCommandContext.NotifyReaderCreated(DbDataReader dataReader)
   at Microsoft.EntityFrameworkCore.Query.Internal.QueryingEnumerable`1.Enumerator.BufferlessMoveNext(DbContext _, Boolean buffer)
   at Microsoft.EntityFrameworkCore.SqlServer.Storage.Internal.SqlServerExecutionStrategy.Execute[TState,TResult](TState state, Func`3 operation, Func`3 verifySucceeded)
   at Microsoft.EntityFrameworkCore.Query.Internal.QueryingEnumerable`1.Enumerator.MoveNext()
   at Microsoft.EntityFrameworkCore.Query.Internal.LinqOperatorProvider._TrackEntities[TOut,TIn](IEnumerable`1 results, QueryContext queryContext, IList`1 entityTrackingInfos, IList`1 entityAccessors)+MoveNext()
   at Microsoft.EntityFrameworkCore.Query.Internal.LinqOperatorProvider.ExceptionInterceptor`1.EnumeratorExceptionInterceptor.MoveNext()" (f5c7ac34)
System.InvalidOperationException: The required column 'AttributeDisplayName' was not present in the results of a 'FromSql' operation.
   at Microsoft.EntityFrameworkCore.Query.Sql.Internal.FromSqlNonComposedQuerySqlGenerator.CreateValueBufferFactory(IRelationalValueBufferFactoryFactory relationalValueBufferFactoryFactory, DbDataReader dataReader)
   at Microsoft.EntityFrameworkCore.Query.Internal.ShaperCommandContext.<NotifyReaderCreated>b__14_0(FactoryAndReader s)
   at Microsoft.EntityFrameworkCore.Internal.NonCapturingLazyInitializer.EnsureInitialized[TParam,TValue](TValue& target, TParam param, Func`2 valueFactory)
   at Microsoft.EntityFrameworkCore.Query.Internal.ShaperCommandContext.NotifyReaderCreated(DbDataReader dataReader)
   at Microsoft.EntityFrameworkCore.Query.Internal.QueryingEnumerable`1.Enumerator.BufferlessMoveNext(DbContext _, Boolean buffer)
   at Microsoft.EntityFrameworkCore.SqlServer.Storage.Internal.SqlServerExecutionStrategy.Execute[TState,TResult](TState state, Func`3 operation, Func`3 verifySucceeded)
   at Microsoft.EntityFrameworkCore.Query.Internal.QueryingEnumerable`1.Enumerator.MoveNext()
   at Microsoft.EntityFrameworkCore.Query.Internal.LinqOperatorProvider._TrackEntities[TOut,TIn](IEnumerable`1 results, QueryContext queryContext, IList`1 entityTrackingInfos, IList`1 entityAccessors)+MoveNext()
   at Microsoft.EntityFrameworkCore.Query.Internal.LinqOperatorProvider.ExceptionInterceptor`1.EnumeratorExceptionInterceptor.MoveNext()
2020-10-14T14:29:07.9929890+04:00 80000002-0000-fb00-b63f-84710c7967bb [ERR] Something went wrong: System.InvalidOperationException: The required column 'AttributeDisplayName' was not present in the results of a 'FromSql' operation.
   at Microsoft.EntityFrameworkCore.Query.Sql.Internal.FromSqlNonComposedQuerySqlGenerator.CreateValueBufferFactory(IRelationalValueBufferFactoryFactory relationalValueBufferFactoryFactory, DbDataReader dataReader)
   at Microsoft.EntityFrameworkCore.Query.Internal.ShaperCommandContext.<NotifyReaderCreated>b__14_0(FactoryAndReader s)
   at Microsoft.EntityFrameworkCore.Internal.NonCapturingLazyInitializer.EnsureInitialized[TParam,TValue](TValue& target, TParam param, Func`2 valueFactory)
   at Microsoft.EntityFrameworkCore.Query.Internal.ShaperCommandContext.NotifyReaderCreated(DbDataReader dataReader)
   at Microsoft.EntityFrameworkCore.Query.Internal.QueryingEnumerable`1.Enumerator.BufferlessMoveNext(DbContext _, Boolean buffer)
   at Microsoft.EntityFrameworkCore.SqlServer.Storage.Internal.SqlServerExecutionStrategy.Execute[TState,TResult](TState state, Func`3 operation, Func`3 verifySucceeded)
   at Microsoft.EntityFrameworkCore.Query.Internal.QueryingEnumerable`1.Enumerator.MoveNext()
   at Microsoft.EntityFrameworkCore.Query.Internal.LinqOperatorProvider._TrackEntities[TOut,TIn](IEnumerable`1 results, QueryContext queryContext, IList`1 entityTrackingInfos, IList`1 entityAccessors)+MoveNext()
   at Microsoft.EntityFrameworkCore.Query.Internal.LinqOperatorProvider.ExceptionInterceptor`1.EnumeratorExceptionInterceptor.MoveNext()
   at System.Collections.Generic.List`1.AddEnumerable(IEnumerable`1 enumerable)
   at System.Linq.Enumerable.ToList[TSource](IEnumerable`1 source)
   at KU.Services.Implementations.FormService.GetAttributeID(String TemplateID, String SectionID, String AttributeName) in C:\TCIT\Khalifa University\Khalifa\KU.Services\Implementations\FormService.cs:line 110
   at KU.WebAPI.Controllers.FormController.GetAttributeID(String templateID, String SectionID, String AttributeName) in C:\TCIT\Khalifa University\Khalifa\KU.WebAPI\Controllers\FormController.cs:line 95 (e6ba6164)
2020-10-14T14:29:08.0023695+04:00 80000002-0000-fb00-b63f-84710c7967bb [INF] Executed action method "KU.WebAPI.Controllers.FormController.GetAttributeID (KU.WebAPI)", returned result "Microsoft.AspNetCore.Mvc.ObjectResult" in 7486.3821ms. (50a9e262)
2020-10-14T14:29:08.0162932+04:00 80000002-0000-fb00-b63f-84710c7967bb [INF] Executing ObjectResult, writing value of type '"null"'. (8a1b66c8)
2020-10-14T14:29:08.0261125+04:00 80000002-0000-fb00-b63f-84710c7967bb [INF] Executed action "KU.WebAPI.Controllers.FormController.GetAttributeID (KU.WebAPI)" in 7537.4098ms (afa2e885)
2020-10-14T14:29:08.0310035+04:00 80000002-0000-fb00-b63f-84710c7967bb [INF] Executed endpoint '"KU.WebAPI.Controllers.FormController.GetAttributeID (KU.WebAPI)"' (99874f2b)
2020-10-14T14:29:08.0436113+04:00 80000002-0000-fb00-b63f-84710c7967bb [INF] Request finished in 7653.5788ms 500  (791a596a)
2020-10-14T14:31:23.6197024+04:00 80000006-0006-ff00-b63f-84710c7967bb [INF] Request starting HTTP/2.0 GET https://localhost:44317/index.html   (ca22a1cb)
2020-10-14T14:31:24.3632919+04:00 80000006-0006-ff00-b63f-84710c7967bb [INF] Request finished in 805.7971ms 200 text/html (791a596a)
2020-10-14T14:31:24.8630796+04:00 80000003-0004-ff00-b63f-84710c7967bb [INF] Request starting HTTP/2.0 GET https://localhost:44317/swagger/v1/swagger.json   (ca22a1cb)
2020-10-14T14:31:25.1058640+04:00 80000003-0004-ff00-b63f-84710c7967bb [INF] Request finished in 250.7142ms 200 application/json;charset=utf-8 (791a596a)
2020-10-14T14:31:31.9410195+04:00 80000008-0006-ff00-b63f-84710c7967bb [INF] Request starting HTTP/2.0 GET https://localhost:44317/api/Form/formattribute?templateID=1   (ca22a1cb)
2020-10-14T14:31:32.0142874+04:00 80000008-0006-ff00-b63f-84710c7967bb [INF] Executing endpoint '"KU.WebAPI.Controllers.FormController.GetAttributeID (KU.WebAPI)"' (500cc934)
2020-10-14T14:31:32.0546109+04:00 80000008-0006-ff00-b63f-84710c7967bb [INF] Route matched with "{action = \"GetAttributeID\", controller = \"Form\"}". Executing controller action with signature "Microsoft.AspNetCore.Mvc.IActionResult GetAttributeID(System.String, System.String, System.String)" on controller "KU.WebAPI.Controllers.FormController" ("KU.WebAPI"). (122b2fdf)
2020-10-14T14:31:32.0883525+04:00 80000008-0006-ff00-b63f-84710c7967bb [INF] Executing action method "KU.WebAPI.Controllers.FormController.GetAttributeID (KU.WebAPI)" - Validation state: Valid (dad538d7)
2020-10-14T14:31:38.5076939+04:00 80000008-0006-ff00-b63f-84710c7967bb [INF] Entity Framework Core "2.2.6-servicing-10079" initialized '"ApplicationDbContext"' using provider '"Microsoft.EntityFrameworkCore.SqlServer"' with options: "MigrationsAssembly=KU.WebAPI " (9958f5bb)
2020-10-14T14:31:39.7844259+04:00 80000008-0006-ff00-b63f-84710c7967bb [INF] Executed DbCommand ("911"ms) [Parameters=["@p0='?' (Size = 4000), @p1='?' (Size = 4000)"], CommandType='Text', CommandTimeout='30']"
""sp_FormAttribute @p0,@p1" (0723d8ff)
2020-10-14T14:31:40.0462000+04:00 80000008-0006-ff00-b63f-84710c7967bb [ERR] An exception occurred while iterating over the results of a query for context type '"KU.Repositories.ApplicationDbContext"'."
""System.InvalidCastException: Unable to cast object of type 'System.Boolean' to type 'System.Int32'.
   at System.Data.SqlClient.SqlBuffer.get_Int32()
   at System.Data.SqlClient.SqlDataReader.GetInt32(Int32 i)
   at lambda_method(Closure , DbDataReader )
   at Microsoft.EntityFrameworkCore.Storage.Internal.TypedRelationalValueBufferFactory.Create(DbDataReader dataReader)
   at Microsoft.EntityFrameworkCore.Query.Internal.QueryingEnumerable`1.Enumerator.BufferlessMoveNext(DbContext _, Boolean buffer)
   at Microsoft.EntityFrameworkCore.SqlServer.Storage.Internal.SqlServerExecutionStrategy.Execute[TState,TResult](TState state, Func`3 operation, Func`3 verifySucceeded)
   at Microsoft.EntityFrameworkCore.Query.Internal.QueryingEnumerable`1.Enumerator.MoveNext()
   at Microsoft.EntityFrameworkCore.Query.Internal.LinqOperatorProvider._TrackEntities[TOut,TIn](IEnumerable`1 results, QueryContext queryContext, IList`1 entityTrackingInfos, IList`1 entityAccessors)+MoveNext()
   at Microsoft.EntityFrameworkCore.Query.Internal.LinqOperatorProvider.ExceptionInterceptor`1.EnumeratorExceptionInterceptor.MoveNext()" (f5c7ac34)
System.InvalidCastException: Unable to cast object of type 'System.Boolean' to type 'System.Int32'.
   at System.Data.SqlClient.SqlBuffer.get_Int32()
   at System.Data.SqlClient.SqlDataReader.GetInt32(Int32 i)
   at lambda_method(Closure , DbDataReader )
   at Microsoft.EntityFrameworkCore.Storage.Internal.TypedRelationalValueBufferFactory.Create(DbDataReader dataReader)
   at Microsoft.EntityFrameworkCore.Query.Internal.QueryingEnumerable`1.Enumerator.BufferlessMoveNext(DbContext _, Boolean buffer)
   at Microsoft.EntityFrameworkCore.SqlServer.Storage.Internal.SqlServerExecutionStrategy.Execute[TState,TResult](TState state, Func`3 operation, Func`3 verifySucceeded)
   at Microsoft.EntityFrameworkCore.Query.Internal.QueryingEnumerable`1.Enumerator.MoveNext()
   at Microsoft.EntityFrameworkCore.Query.Internal.LinqOperatorProvider._TrackEntities[TOut,TIn](IEnumerable`1 results, QueryContext queryContext, IList`1 entityTrackingInfos, IList`1 entityAccessors)+MoveNext()
   at Microsoft.EntityFrameworkCore.Query.Internal.LinqOperatorProvider.ExceptionInterceptor`1.EnumeratorExceptionInterceptor.MoveNext()
2020-10-14T14:31:40.1571184+04:00 80000008-0006-ff00-b63f-84710c7967bb [ERR] Something went wrong: System.InvalidCastException: Unable to cast object of type 'System.Boolean' to type 'System.Int32'.
   at System.Data.SqlClient.SqlBuffer.get_Int32()
   at System.Data.SqlClient.SqlDataReader.GetInt32(Int32 i)
   at lambda_method(Closure , DbDataReader )
   at Microsoft.EntityFrameworkCore.Storage.Internal.TypedRelationalValueBufferFactory.Create(DbDataReader dataReader)
   at Microsoft.EntityFrameworkCore.Query.Internal.QueryingEnumerable`1.Enumerator.BufferlessMoveNext(DbContext _, Boolean buffer)
   at Microsoft.EntityFrameworkCore.SqlServer.Storage.Internal.SqlServerExecutionStrategy.Execute[TState,TResult](TState state, Func`3 operation, Func`3 verifySucceeded)
   at Microsoft.EntityFrameworkCore.Query.Internal.QueryingEnumerable`1.Enumerator.MoveNext()
   at Microsoft.EntityFrameworkCore.Query.Internal.LinqOperatorProvider._TrackEntities[TOut,TIn](IEnumerable`1 results, QueryContext queryContext, IList`1 entityTrackingInfos, IList`1 entityAccessors)+MoveNext()
   at Microsoft.EntityFrameworkCore.Query.Internal.LinqOperatorProvider.ExceptionInterceptor`1.EnumeratorExceptionInterceptor.MoveNext()
   at System.Collections.Generic.List`1.AddEnumerable(IEnumerable`1 enumerable)
   at System.Linq.Enumerable.ToList[TSource](IEnumerable`1 source)
   at KU.Services.Implementations.FormService.GetAttributeID(String TemplateID, String SectionID, String AttributeName) in C:\TCIT\Khalifa University\Khalifa\KU.Services\Implementations\FormService.cs:line 110
   at KU.WebAPI.Controllers.FormController.GetAttributeID(String templateID, String SectionID, String AttributeName) in C:\TCIT\Khalifa University\Khalifa\KU.WebAPI\Controllers\FormController.cs:line 95 (fca21022)
2020-10-14T14:31:40.1655001+04:00 80000008-0006-ff00-b63f-84710c7967bb [INF] Executed action method "KU.WebAPI.Controllers.FormController.GetAttributeID (KU.WebAPI)", returned result "Microsoft.AspNetCore.Mvc.ObjectResult" in 8068.918ms. (50a9e262)
2020-10-14T14:31:40.1779005+04:00 80000008-0006-ff00-b63f-84710c7967bb [INF] Executing ObjectResult, writing value of type '"null"'. (8a1b66c8)
2020-10-14T14:31:40.1871533+04:00 80000008-0006-ff00-b63f-84710c7967bb [INF] Executed action "KU.WebAPI.Controllers.FormController.GetAttributeID (KU.WebAPI)" in 8124.3223ms (afa2e885)
2020-10-14T14:31:40.1917071+04:00 80000008-0006-ff00-b63f-84710c7967bb [INF] Executed endpoint '"KU.WebAPI.Controllers.FormController.GetAttributeID (KU.WebAPI)"' (99874f2b)
2020-10-14T14:31:40.2009556+04:00 80000008-0006-ff00-b63f-84710c7967bb [INF] Request finished in 8271.8593ms 500  (791a596a)
2020-10-14T14:32:15.5757844+04:00 0HM3G5HL53ALA:00000001 [INF] Request starting HTTP/1.1 GET https://localhost:5001/api/values   (ca22a1cb)
2020-10-14T14:32:16.0697816+04:00 0HM3G5HL53ALA:00000001 [INF] Executing endpoint '"KU.WebAPI.Controllers.ValuesController.Get (KU.WebAPI)"' (500cc934)
2020-10-14T14:32:16.0892699+04:00 0HM3G5HL53ALA:00000001 [INF] Route matched with "{action = \"Get\", controller = \"Values\"}". Executing controller action with signature "Microsoft.AspNetCore.Mvc.ActionResult`1[System.Collections.Generic.IEnumerable`1[System.String]] Get()" on controller "KU.WebAPI.Controllers.ValuesController" ("KU.WebAPI"). (122b2fdf)
2020-10-14T14:32:16.1050678+04:00 0HM3G5HL53ALA:00000001 [INF] Executing action method "KU.WebAPI.Controllers.ValuesController.Get (KU.WebAPI)" - Validation state: Valid (dad538d7)
2020-10-14T14:32:16.1141119+04:00 0HM3G5HL53ALA:00000001 [INF] Executed action method "KU.WebAPI.Controllers.ValuesController.Get (KU.WebAPI)", returned result "Microsoft.AspNetCore.Mvc.ObjectResult" in 0.3361ms. (50a9e262)
2020-10-14T14:32:16.1269881+04:00 0HM3G5HL53ALA:00000001 [INF] Executing ObjectResult, writing value of type '"System.String[]"'. (8a1b66c8)
2020-10-14T14:32:17.1184569+04:00 0HM3G5HL53ALA:00000001 [INF] Executed action "KU.WebAPI.Controllers.ValuesController.Get (KU.WebAPI)" in 1020.5449ms (afa2e885)
2020-10-14T14:32:17.1234967+04:00 0HM3G5HL53ALA:00000001 [INF] Executed endpoint '"KU.WebAPI.Controllers.ValuesController.Get (KU.WebAPI)"' (99874f2b)
2020-10-14T14:32:17.1500248+04:00 0HM3G5HL53ALA:00000001 [INF] Request finished in 1585.375ms 200 application/json; charset=utf-8 (791a596a)
2020-10-14T14:32:17.3491957+04:00 0HM3G5HL53ALA:00000002 [INF] Request starting HTTP/1.1 GET https://localhost:5001/favicon.ico   (ca22a1cb)
2020-10-14T14:32:17.3864315+04:00 0HM3G5HL53ALA:00000002 [INF] Request finished in 37.6643ms 404  (791a596a)
2020-10-14T14:32:35.4062822+04:00 0HM3G5HL53ALC:00000001 [INF] Request starting HTTP/1.1 GET https://localhost:5001/api/formattribute   (ca22a1cb)
2020-10-14T14:32:35.4160010+04:00 0HM3G5HL53ALC:00000001 [INF] Request finished in 12.5ms 404  (791a596a)
2020-10-14T14:33:11.5069626+04:00 80000006-0005-fd00-b63f-84710c7967bb [INF] Request starting HTTP/2.0 GET https://localhost:44317/index.html   (ca22a1cb)
2020-10-14T14:33:12.2316959+04:00 80000006-0005-fd00-b63f-84710c7967bb [INF] Request finished in 701.1763ms 200 text/html (791a596a)
2020-10-14T14:33:12.6482160+04:00 80000004-0000-fb00-b63f-84710c7967bb [INF] Request starting HTTP/2.0 GET https://localhost:44317/swagger/v1/swagger.json   (ca22a1cb)
2020-10-14T14:33:13.0530100+04:00 80000004-0000-fb00-b63f-84710c7967bb [INF] Request finished in 403.4083ms 200 application/json;charset=utf-8 (791a596a)
2020-10-14T14:33:23.6787749+04:00 80000005-0004-ff00-b63f-84710c7967bb [INF] Request starting HTTP/2.0 GET https://localhost:44317/api/Form/templates   (ca22a1cb)
2020-10-14T14:33:23.7594920+04:00 80000005-0004-ff00-b63f-84710c7967bb [INF] Executing endpoint '"KU.WebAPI.Controllers.FormController.GetTemplates (KU.WebAPI)"' (500cc934)
2020-10-14T14:33:23.7794194+04:00 80000005-0004-ff00-b63f-84710c7967bb [INF] Route matched with "{action = \"GetTemplates\", controller = \"Form\"}". Executing controller action with signature "Microsoft.AspNetCore.Mvc.IActionResult GetTemplates()" on controller "KU.WebAPI.Controllers.FormController" ("KU.WebAPI"). (122b2fdf)
2020-10-14T14:33:23.7986587+04:00 80000005-0004-ff00-b63f-84710c7967bb [INF] Executing action method "KU.WebAPI.Controllers.FormController.GetTemplates (KU.WebAPI)" - Validation state: Valid (dad538d7)
2020-10-14T14:33:30.6559123+04:00 80000005-0004-ff00-b63f-84710c7967bb [INF] Entity Framework Core "2.2.6-servicing-10079" initialized '"ApplicationDbContext"' using provider '"Microsoft.EntityFrameworkCore.SqlServer"' with options: "MigrationsAssembly=KU.WebAPI " (9958f5bb)
2020-10-14T14:33:32.0403277+04:00 80000005-0004-ff00-b63f-84710c7967bb [INF] Executed DbCommand ("228"ms) [Parameters=[""], CommandType='Text', CommandTimeout='30']"
""SELECT [c].[TemplateID], [c].[CSS], [c].[Name], [c].[URL]
FROM [Template] AS [c]
ORDER BY [c].[TemplateID]" (0723d8ff)
2020-10-14T14:33:32.2182609+04:00 80000005-0004-ff00-b63f-84710c7967bb [INF] Executed action method "KU.WebAPI.Controllers.FormController.GetTemplates (KU.WebAPI)", returned result "Microsoft.AspNetCore.Mvc.OkObjectResult" in 8406.7259ms. (50a9e262)
2020-10-14T14:33:32.2381408+04:00 80000005-0004-ff00-b63f-84710c7967bb [INF] Executing ObjectResult, writing value of type '"System.Collections.Generic.List`1[[KU.Repositories.Models.Template, KU.Repositories, Version=1.0.0.0, Culture=neutral, PublicKeyToken=null]]"'. (8a1b66c8)
2020-10-14T14:33:32.2995245+04:00 80000005-0004-ff00-b63f-84710c7967bb [INF] Executed action "KU.WebAPI.Controllers.FormController.GetTemplates (KU.WebAPI)" in 8507.664ms (afa2e885)
2020-10-14T14:33:32.3070030+04:00 80000005-0004-ff00-b63f-84710c7967bb [INF] Executed endpoint '"KU.WebAPI.Controllers.FormController.GetTemplates (KU.WebAPI)"' (99874f2b)
2020-10-14T14:33:32.3144800+04:00 80000005-0004-ff00-b63f-84710c7967bb [INF] Request finished in 8634.8673ms 200 application/json; charset=utf-8 (791a596a)
2020-10-14T14:35:21.6789820+04:00 80000002-0007-ff00-b63f-84710c7967bb [INF] Request starting HTTP/2.0 GET https://localhost:44317/index.html   (ca22a1cb)
2020-10-14T14:35:22.4629351+04:00 80000002-0007-ff00-b63f-84710c7967bb [INF] Request finished in 799.9669ms 200 text/html (791a596a)
2020-10-14T14:35:23.4026156+04:00 80000007-0004-ff00-b63f-84710c7967bb [INF] Request starting HTTP/2.0 GET https://localhost:44317/swagger/v1/swagger.json   (ca22a1cb)
2020-10-14T14:35:23.6558213+04:00 80000007-0004-ff00-b63f-84710c7967bb [INF] Request finished in 251.3704ms 200 application/json;charset=utf-8 (791a596a)
2020-10-14T14:35:32.9212533+04:00 80000004-0007-ff00-b63f-84710c7967bb [INF] Request starting HTTP/2.0 GET https://localhost:44317/api/Form/formattribute?templateID=1   (ca22a1cb)
2020-10-14T14:35:32.9825926+04:00 80000004-0007-ff00-b63f-84710c7967bb [INF] Executing endpoint '"KU.WebAPI.Controllers.FormController.GetAttributeID (KU.WebAPI)"' (500cc934)
2020-10-14T14:35:33.0151860+04:00 80000004-0007-ff00-b63f-84710c7967bb [INF] Route matched with "{action = \"GetAttributeID\", controller = \"Form\"}". Executing controller action with signature "Microsoft.AspNetCore.Mvc.IActionResult GetAttributeID(System.String, System.String, System.String)" on controller "KU.WebAPI.Controllers.FormController" ("KU.WebAPI"). (122b2fdf)
2020-10-14T14:35:33.0560861+04:00 80000004-0007-ff00-b63f-84710c7967bb [INF] Executing action method "KU.WebAPI.Controllers.FormController.GetAttributeID (KU.WebAPI)" - Validation state: Valid (dad538d7)
2020-10-14T14:35:39.7487678+04:00 80000004-0007-ff00-b63f-84710c7967bb [INF] Entity Framework Core "2.2.6-servicing-10079" initialized '"ApplicationDbContext"' using provider '"Microsoft.EntityFrameworkCore.SqlServer"' with options: "MigrationsAssembly=KU.WebAPI " (9958f5bb)
2020-10-14T14:35:40.2607478+04:00 80000004-0007-ff00-b63f-84710c7967bb [INF] Executed DbCommand ("289"ms) [Parameters=["@p0='?' (Size = 4000), @p1='?' (Size = 4000)"], CommandType='Text', CommandTimeout='30']"
""sp_FormAttribute @p0,@p1" (0723d8ff)
2020-10-14T14:35:40.3540057+04:00 80000004-0007-ff00-b63f-84710c7967bb [ERR] An exception occurred while iterating over the results of a query for context type '"KU.Repositories.ApplicationDbContext"'."
""System.InvalidOperationException: The required column 'AttributeDisplayName_Arabic' was not present in the results of a 'FromSql' operation.
   at Microsoft.EntityFrameworkCore.Query.Sql.Internal.FromSqlNonComposedQuerySqlGenerator.CreateValueBufferFactory(IRelationalValueBufferFactoryFactory relationalValueBufferFactoryFactory, DbDataReader dataReader)
   at Microsoft.EntityFrameworkCore.Query.Internal.ShaperCommandContext.<NotifyReaderCreated>b__14_0(FactoryAndReader s)
   at Microsoft.EntityFrameworkCore.Internal.NonCapturingLazyInitializer.EnsureInitialized[TParam,TValue](TValue& target, TParam param, Func`2 valueFactory)
   at Microsoft.EntityFrameworkCore.Query.Internal.ShaperCommandContext.NotifyReaderCreated(DbDataReader dataReader)
   at Microsoft.EntityFrameworkCore.Query.Internal.QueryingEnumerable`1.Enumerator.BufferlessMoveNext(DbContext _, Boolean buffer)
   at Microsoft.EntityFrameworkCore.SqlServer.Storage.Internal.SqlServerExecutionStrategy.Execute[TState,TResult](TState state, Func`3 operation, Func`3 verifySucceeded)
   at Microsoft.EntityFrameworkCore.Query.Internal.QueryingEnumerable`1.Enumerator.MoveNext()
   at Microsoft.EntityFrameworkCore.Query.Internal.LinqOperatorProvider._TrackEntities[TOut,TIn](IEnumerable`1 results, QueryContext queryContext, IList`1 entityTrackingInfos, IList`1 entityAccessors)+MoveNext()
   at Microsoft.EntityFrameworkCore.Query.Internal.LinqOperatorProvider.ExceptionInterceptor`1.EnumeratorExceptionInterceptor.MoveNext()" (f5c7ac34)
System.InvalidOperationException: The required column 'AttributeDisplayName_Arabic' was not present in the results of a 'FromSql' operation.
   at Microsoft.EntityFrameworkCore.Query.Sql.Internal.FromSqlNonComposedQuerySqlGenerator.CreateValueBufferFactory(IRelationalValueBufferFactoryFactory relationalValueBufferFactoryFactory, DbDataReader dataReader)
   at Microsoft.EntityFrameworkCore.Query.Internal.ShaperCommandContext.<NotifyReaderCreated>b__14_0(FactoryAndReader s)
   at Microsoft.EntityFrameworkCore.Internal.NonCapturingLazyInitializer.EnsureInitialized[TParam,TValue](TValue& target, TParam param, Func`2 valueFactory)
   at Microsoft.EntityFrameworkCore.Query.Internal.ShaperCommandContext.NotifyReaderCreated(DbDataReader dataReader)
   at Microsoft.EntityFrameworkCore.Query.Internal.QueryingEnumerable`1.Enumerator.BufferlessMoveNext(DbContext _, Boolean buffer)
   at Microsoft.EntityFrameworkCore.SqlServer.Storage.Internal.SqlServerExecutionStrategy.Execute[TState,TResult](TState state, Func`3 operation, Func`3 verifySucceeded)
   at Microsoft.EntityFrameworkCore.Query.Internal.QueryingEnumerable`1.Enumerator.MoveNext()
   at Microsoft.EntityFrameworkCore.Query.Internal.LinqOperatorProvider._TrackEntities[TOut,TIn](IEnumerable`1 results, QueryContext queryContext, IList`1 entityTrackingInfos, IList`1 entityAccessors)+MoveNext()
   at Microsoft.EntityFrameworkCore.Query.Internal.LinqOperatorProvider.ExceptionInterceptor`1.EnumeratorExceptionInterceptor.MoveNext()
2020-10-14T14:35:40.4490984+04:00 80000004-0007-ff00-b63f-84710c7967bb [ERR] Something went wrong: System.InvalidOperationException: The required column 'AttributeDisplayName_Arabic' was not present in the results of a 'FromSql' operation.
   at Microsoft.EntityFrameworkCore.Query.Sql.Internal.FromSqlNonComposedQuerySqlGenerator.CreateValueBufferFactory(IRelationalValueBufferFactoryFactory relationalValueBufferFactoryFactory, DbDataReader dataReader)
   at Microsoft.EntityFrameworkCore.Query.Internal.ShaperCommandContext.<NotifyReaderCreated>b__14_0(FactoryAndReader s)
   at Microsoft.EntityFrameworkCore.Internal.NonCapturingLazyInitializer.EnsureInitialized[TParam,TValue](TValue& target, TParam param, Func`2 valueFactory)
   at Microsoft.EntityFrameworkCore.Query.Internal.ShaperCommandContext.NotifyReaderCreated(DbDataReader dataReader)
   at Microsoft.EntityFrameworkCore.Query.Internal.QueryingEnumerable`1.Enumerator.BufferlessMoveNext(DbContext _, Boolean buffer)
   at Microsoft.EntityFrameworkCore.SqlServer.Storage.Internal.SqlServerExecutionStrategy.Execute[TState,TResult](TState state, Func`3 operation, Func`3 verifySucceeded)
   at Microsoft.EntityFrameworkCore.Query.Internal.QueryingEnumerable`1.Enumerator.MoveNext()
   at Microsoft.EntityFrameworkCore.Query.Internal.LinqOperatorProvider._TrackEntities[TOut,TIn](IEnumerable`1 results, QueryContext queryContext, IList`1 entityTrackingInfos, IList`1 entityAccessors)+MoveNext()
   at Microsoft.EntityFrameworkCore.Query.Internal.LinqOperatorProvider.ExceptionInterceptor`1.EnumeratorExceptionInterceptor.MoveNext()
   at System.Collections.Generic.List`1.AddEnumerable(IEnumerable`1 enumerable)
   at System.Linq.Enumerable.ToList[TSource](IEnumerable`1 source)
   at KU.Services.Implementations.FormService.GetAttributeID(String TemplateID, String SectionID, String AttributeName) in C:\TCIT\Khalifa University\Khalifa\KU.Services\Implementations\FormService.cs:line 110
   at KU.WebAPI.Controllers.FormController.GetAttributeID(String templateID, String SectionID, String AttributeName) in C:\TCIT\Khalifa University\Khalifa\KU.WebAPI\Controllers\FormController.cs:line 95 (58797667)
2020-10-14T14:35:40.4725668+04:00 80000004-0007-ff00-b63f-84710c7967bb [INF] Executed action method "KU.WebAPI.Controllers.FormController.GetAttributeID (KU.WebAPI)", returned result "Microsoft.AspNetCore.Mvc.ObjectResult" in 7393.2921ms. (50a9e262)
2020-10-14T14:35:40.5079976+04:00 80000004-0007-ff00-b63f-84710c7967bb [INF] Executing ObjectResult, writing value of type '"null"'. (8a1b66c8)
2020-10-14T14:35:40.5171435+04:00 80000004-0007-ff00-b63f-84710c7967bb [INF] Executed action "KU.WebAPI.Controllers.FormController.GetAttributeID (KU.WebAPI)" in 7493.8399ms (afa2e885)
2020-10-14T14:35:40.5225315+04:00 80000004-0007-ff00-b63f-84710c7967bb [INF] Executed endpoint '"KU.WebAPI.Controllers.FormController.GetAttributeID (KU.WebAPI)"' (99874f2b)
2020-10-14T14:35:40.5305936+04:00 80000004-0007-ff00-b63f-84710c7967bb [INF] Request finished in 7609.6099ms 500  (791a596a)
2020-10-14T14:37:14.4276570+04:00 80000006-0000-fb00-b63f-84710c7967bb [INF] Request starting HTTP/2.0 GET https://localhost:44317/api/Form/formattribute?templateID=1   (ca22a1cb)
2020-10-14T14:37:14.4408048+04:00 80000006-0000-fb00-b63f-84710c7967bb [INF] Executing endpoint '"KU.WebAPI.Controllers.FormController.GetAttributeID (KU.WebAPI)"' (500cc934)
2020-10-14T14:37:14.4450113+04:00 80000006-0000-fb00-b63f-84710c7967bb [INF] Route matched with "{action = \"GetAttributeID\", controller = \"Form\"}". Executing controller action with signature "Microsoft.AspNetCore.Mvc.IActionResult GetAttributeID(System.String, System.String, System.String)" on controller "KU.WebAPI.Controllers.FormController" ("KU.WebAPI"). (122b2fdf)
2020-10-14T14:37:14.4510486+04:00 80000006-0000-fb00-b63f-84710c7967bb [INF] Executing action method "KU.WebAPI.Controllers.FormController.GetAttributeID (KU.WebAPI)" - Validation state: Valid (dad538d7)
2020-10-14T14:37:14.4710765+04:00 80000006-0000-fb00-b63f-84710c7967bb [INF] Entity Framework Core "2.2.6-servicing-10079" initialized '"ApplicationDbContext"' using provider '"Microsoft.EntityFrameworkCore.SqlServer"' with options: "MigrationsAssembly=KU.WebAPI " (9958f5bb)
2020-10-14T14:37:14.5407581+04:00 80000006-0000-fb00-b63f-84710c7967bb [INF] Executed DbCommand ("63"ms) [Parameters=["@p0='?' (Size = 4000), @p1='?' (Size = 4000)"], CommandType='Text', CommandTimeout='30']"
""sp_FormAttribute @p0,@p1" (0723d8ff)
2020-10-14T14:37:14.5621542+04:00 80000006-0000-fb00-b63f-84710c7967bb [ERR] An exception occurred while iterating over the results of a query for context type '"KU.Repositories.ApplicationDbContext"'."
""System.InvalidCastException: Unable to cast object of type 'System.Boolean' to type 'System.Int32'.
   at System.Data.SqlClient.SqlBuffer.get_Int32()
   at System.Data.SqlClient.SqlDataReader.GetInt32(Int32 i)
   at lambda_method(Closure , DbDataReader )
   at Microsoft.EntityFrameworkCore.Storage.Internal.TypedRelationalValueBufferFactory.Create(DbDataReader dataReader)
   at Microsoft.EntityFrameworkCore.Query.Internal.QueryingEnumerable`1.Enumerator.BufferlessMoveNext(DbContext _, Boolean buffer)
   at Microsoft.EntityFrameworkCore.SqlServer.Storage.Internal.SqlServerExecutionStrategy.Execute[TState,TResult](TState state, Func`3 operation, Func`3 verifySucceeded)
   at Microsoft.EntityFrameworkCore.Query.Internal.QueryingEnumerable`1.Enumerator.MoveNext()
   at Microsoft.EntityFrameworkCore.Query.Internal.LinqOperatorProvider._TrackEntities[TOut,TIn](IEnumerable`1 results, QueryContext queryContext, IList`1 entityTrackingInfos, IList`1 entityAccessors)+MoveNext()
   at Microsoft.EntityFrameworkCore.Query.Internal.LinqOperatorProvider.ExceptionInterceptor`1.EnumeratorExceptionInterceptor.MoveNext()" (f5c7ac34)
System.InvalidCastException: Unable to cast object of type 'System.Boolean' to type 'System.Int32'.
   at System.Data.SqlClient.SqlBuffer.get_Int32()
   at System.Data.SqlClient.SqlDataReader.GetInt32(Int32 i)
   at lambda_method(Closure , DbDataReader )
   at Microsoft.EntityFrameworkCore.Storage.Internal.TypedRelationalValueBufferFactory.Create(DbDataReader dataReader)
   at Microsoft.EntityFrameworkCore.Query.Internal.QueryingEnumerable`1.Enumerator.BufferlessMoveNext(DbContext _, Boolean buffer)
   at Microsoft.EntityFrameworkCore.SqlServer.Storage.Internal.SqlServerExecutionStrategy.Execute[TState,TResult](TState state, Func`3 operation, Func`3 verifySucceeded)
   at Microsoft.EntityFrameworkCore.Query.Internal.QueryingEnumerable`1.Enumerator.MoveNext()
   at Microsoft.EntityFrameworkCore.Query.Internal.LinqOperatorProvider._TrackEntities[TOut,TIn](IEnumerable`1 results, QueryContext queryContext, IList`1 entityTrackingInfos, IList`1 entityAccessors)+MoveNext()
   at Microsoft.EntityFrameworkCore.Query.Internal.LinqOperatorProvider.ExceptionInterceptor`1.EnumeratorExceptionInterceptor.MoveNext()
2020-10-14T14:37:14.5674071+04:00 80000006-0000-fb00-b63f-84710c7967bb [ERR] Something went wrong: System.InvalidCastException: Unable to cast object of type 'System.Boolean' to type 'System.Int32'.
   at System.Data.SqlClient.SqlBuffer.get_Int32()
   at System.Data.SqlClient.SqlDataReader.GetInt32(Int32 i)
   at lambda_method(Closure , DbDataReader )
   at Microsoft.EntityFrameworkCore.Storage.Internal.TypedRelationalValueBufferFactory.Create(DbDataReader dataReader)
   at Microsoft.EntityFrameworkCore.Query.Internal.QueryingEnumerable`1.Enumerator.BufferlessMoveNext(DbContext _, Boolean buffer)
   at Microsoft.EntityFrameworkCore.SqlServer.Storage.Internal.SqlServerExecutionStrategy.Execute[TState,TResult](TState state, Func`3 operation, Func`3 verifySucceeded)
   at Microsoft.EntityFrameworkCore.Query.Internal.QueryingEnumerable`1.Enumerator.MoveNext()
   at Microsoft.EntityFrameworkCore.Query.Internal.LinqOperatorProvider._TrackEntities[TOut,TIn](IEnumerable`1 results, QueryContext queryContext, IList`1 entityTrackingInfos, IList`1 entityAccessors)+MoveNext()
   at Microsoft.EntityFrameworkCore.Query.Internal.LinqOperatorProvider.ExceptionInterceptor`1.EnumeratorExceptionInterceptor.MoveNext()
   at System.Collections.Generic.List`1.AddEnumerable(IEnumerable`1 enumerable)
   at System.Linq.Enumerable.ToList[TSource](IEnumerable`1 source)
   at KU.Services.Implementations.FormService.GetAttributeID(String TemplateID, String SectionID, String AttributeName) in C:\TCIT\Khalifa University\Khalifa\KU.Services\Implementations\FormService.cs:line 110
   at KU.WebAPI.Controllers.FormController.GetAttributeID(String templateID, String SectionID, String AttributeName) in C:\TCIT\Khalifa University\Khalifa\KU.WebAPI\Controllers\FormController.cs:line 95 (fca21022)
2020-10-14T14:37:14.5725589+04:00 80000006-0000-fb00-b63f-84710c7967bb [INF] Executed action method "KU.WebAPI.Controllers.FormController.GetAttributeID (KU.WebAPI)", returned result "Microsoft.AspNetCore.Mvc.ObjectResult" in 116.4253ms. (50a9e262)
2020-10-14T14:37:14.5780688+04:00 80000006-0000-fb00-b63f-84710c7967bb [INF] Executing ObjectResult, writing value of type '"null"'. (8a1b66c8)
2020-10-14T14:37:14.5837115+04:00 80000006-0000-fb00-b63f-84710c7967bb [INF] Executed action "KU.WebAPI.Controllers.FormController.GetAttributeID (KU.WebAPI)" in 133.2704ms (afa2e885)
2020-10-14T14:37:14.5897520+04:00 80000006-0000-fb00-b63f-84710c7967bb [INF] Executed endpoint '"KU.WebAPI.Controllers.FormController.GetAttributeID (KU.WebAPI)"' (99874f2b)
2020-10-14T14:37:14.5957121+04:00 80000006-0000-fb00-b63f-84710c7967bb [INF] Request finished in 167.5947ms 500  (791a596a)
2020-10-14T16:11:11.2587304+04:00 80000002-0004-fd00-b63f-84710c7967bb [INF] Request starting HTTP/2.0 GET https://localhost:44317/index.html   (ca22a1cb)
2020-10-14T16:11:12.2760508+04:00 80000002-0004-fd00-b63f-84710c7967bb [INF] Request finished in 1023.93ms 200 text/html (791a596a)
2020-10-14T16:11:13.2513577+04:00 80000002-0006-ff00-b63f-84710c7967bb [INF] Request starting HTTP/2.0 GET https://localhost:44317/swagger/v1/swagger.json   (ca22a1cb)
2020-10-14T16:11:13.4103437+04:00 80000002-0006-ff00-b63f-84710c7967bb [INF] Request finished in 157.8769ms 200 application/json;charset=utf-8 (791a596a)
2020-10-14T16:11:23.4567905+04:00 80000004-0006-ff00-b63f-84710c7967bb [INF] Request starting HTTP/2.0 GET https://localhost:44317/api/Form/formattribute?templateID=1   (ca22a1cb)
2020-10-14T16:11:23.4973000+04:00 80000004-0006-ff00-b63f-84710c7967bb [INF] Executing endpoint '"KU.WebAPI.Controllers.FormController.GetAttributeID (KU.WebAPI)"' (500cc934)
2020-10-14T16:11:23.5459674+04:00 80000004-0006-ff00-b63f-84710c7967bb [INF] Route matched with "{action = \"GetAttributeID\", controller = \"Form\"}". Executing controller action with signature "Microsoft.AspNetCore.Mvc.IActionResult GetAttributeID(System.String, System.String, System.String)" on controller "KU.WebAPI.Controllers.FormController" ("KU.WebAPI"). (122b2fdf)
2020-10-14T16:11:23.5829296+04:00 80000004-0006-ff00-b63f-84710c7967bb [INF] Executing action method "KU.WebAPI.Controllers.FormController.GetAttributeID (KU.WebAPI)" - Validation state: Valid (dad538d7)
2020-10-14T16:11:33.2606643+04:00 80000004-0006-ff00-b63f-84710c7967bb [INF] Entity Framework Core "2.2.6-servicing-10079" initialized '"ApplicationDbContext"' using provider '"Microsoft.EntityFrameworkCore.SqlServer"' with options: "MigrationsAssembly=KU.WebAPI " (9958f5bb)
2020-10-14T16:11:44.3704842+04:00 80000004-0006-ff00-b63f-84710c7967bb [INF] Executed DbCommand ("1,751"ms) [Parameters=["@p0='?' (Size = 4000), @p1='?' (Size = 4000)"], CommandType='Text', CommandTimeout='30']"
""sp_FormAttribute @p0,@p1" (0723d8ff)
2020-10-14T16:11:45.0165203+04:00 80000004-0006-ff00-b63f-84710c7967bb [ERR] An exception occurred while iterating over the results of a query for context type '"KU.Repositories.ApplicationDbContext"'."
""System.InvalidCastException: Unable to cast object of type 'System.Boolean' to type 'System.Int32'.
   at System.Data.SqlClient.SqlBuffer.get_Int32()
   at System.Data.SqlClient.SqlDataReader.GetInt32(Int32 i)
   at lambda_method(Closure , DbDataReader )
   at Microsoft.EntityFrameworkCore.Storage.Internal.TypedRelationalValueBufferFactory.Create(DbDataReader dataReader)
   at Microsoft.EntityFrameworkCore.Query.Internal.QueryingEnumerable`1.Enumerator.BufferlessMoveNext(DbContext _, Boolean buffer)
   at Microsoft.EntityFrameworkCore.SqlServer.Storage.Internal.SqlServerExecutionStrategy.Execute[TState,TResult](TState state, Func`3 operation, Func`3 verifySucceeded)
   at Microsoft.EntityFrameworkCore.Query.Internal.QueryingEnumerable`1.Enumerator.MoveNext()
   at Microsoft.EntityFrameworkCore.Query.Internal.LinqOperatorProvider._TrackEntities[TOut,TIn](IEnumerable`1 results, QueryContext queryContext, IList`1 entityTrackingInfos, IList`1 entityAccessors)+MoveNext()
   at Microsoft.EntityFrameworkCore.Query.Internal.LinqOperatorProvider.ExceptionInterceptor`1.EnumeratorExceptionInterceptor.MoveNext()" (f5c7ac34)
System.InvalidCastException: Unable to cast object of type 'System.Boolean' to type 'System.Int32'.
   at System.Data.SqlClient.SqlBuffer.get_Int32()
   at System.Data.SqlClient.SqlDataReader.GetInt32(Int32 i)
   at lambda_method(Closure , DbDataReader )
   at Microsoft.EntityFrameworkCore.Storage.Internal.TypedRelationalValueBufferFactory.Create(DbDataReader dataReader)
   at Microsoft.EntityFrameworkCore.Query.Internal.QueryingEnumerable`1.Enumerator.BufferlessMoveNext(DbContext _, Boolean buffer)
   at Microsoft.EntityFrameworkCore.SqlServer.Storage.Internal.SqlServerExecutionStrategy.Execute[TState,TResult](TState state, Func`3 operation, Func`3 verifySucceeded)
   at Microsoft.EntityFrameworkCore.Query.Internal.QueryingEnumerable`1.Enumerator.MoveNext()
   at Microsoft.EntityFrameworkCore.Query.Internal.LinqOperatorProvider._TrackEntities[TOut,TIn](IEnumerable`1 results, QueryContext queryContext, IList`1 entityTrackingInfos, IList`1 entityAccessors)+MoveNext()
   at Microsoft.EntityFrameworkCore.Query.Internal.LinqOperatorProvider.ExceptionInterceptor`1.EnumeratorExceptionInterceptor.MoveNext()
2020-10-14T16:11:45.2086864+04:00 80000004-0006-ff00-b63f-84710c7967bb [ERR] Something went wrong: System.InvalidCastException: Unable to cast object of type 'System.Boolean' to type 'System.Int32'.
   at System.Data.SqlClient.SqlBuffer.get_Int32()
   at System.Data.SqlClient.SqlDataReader.GetInt32(Int32 i)
   at lambda_method(Closure , DbDataReader )
   at Microsoft.EntityFrameworkCore.Storage.Internal.TypedRelationalValueBufferFactory.Create(DbDataReader dataReader)
   at Microsoft.EntityFrameworkCore.Query.Internal.QueryingEnumerable`1.Enumerator.BufferlessMoveNext(DbContext _, Boolean buffer)
   at Microsoft.EntityFrameworkCore.SqlServer.Storage.Internal.SqlServerExecutionStrategy.Execute[TState,TResult](TState state, Func`3 operation, Func`3 verifySucceeded)
   at Microsoft.EntityFrameworkCore.Query.Internal.QueryingEnumerable`1.Enumerator.MoveNext()
   at Microsoft.EntityFrameworkCore.Query.Internal.LinqOperatorProvider._TrackEntities[TOut,TIn](IEnumerable`1 results, QueryContext queryContext, IList`1 entityTrackingInfos, IList`1 entityAccessors)+MoveNext()
   at Microsoft.EntityFrameworkCore.Query.Internal.LinqOperatorProvider.ExceptionInterceptor`1.EnumeratorExceptionInterceptor.MoveNext()
   at System.Collections.Generic.List`1.AddEnumerable(IEnumerable`1 enumerable)
   at System.Linq.Enumerable.ToList[TSource](IEnumerable`1 source)
   at KU.Repositories.Implementations.FormAttributeRepository.GetAttributeID(String TemplateID, String SectionID, String AttributeName) in C:\TCIT\Khalifa University\Khalifa\KU.Repositories\Implementations\FormAttributeRepository.cs:line 62
   at KU.Services.Implementations.FormService.GetAttributeID(String TemplateID, String SectionID, String AttributeName) in C:\TCIT\Khalifa University\Khalifa\KU.Services\Implementations\FormService.cs:line 110
   at KU.WebAPI.Controllers.FormController.GetAttributeID(String templateID, String SectionID, String AttributeName) in C:\TCIT\Khalifa University\Khalifa\KU.WebAPI\Controllers\FormController.cs:line 95 (972fd67a)
2020-10-14T16:11:45.2162971+04:00 80000004-0006-ff00-b63f-84710c7967bb [INF] Executed action method "KU.WebAPI.Controllers.FormController.GetAttributeID (KU.WebAPI)", returned result "Microsoft.AspNetCore.Mvc.ObjectResult" in 21625.8963ms. (50a9e262)
2020-10-14T16:11:45.2273967+04:00 80000004-0006-ff00-b63f-84710c7967bb [INF] Executing ObjectResult, writing value of type '"null"'. (8a1b66c8)
2020-10-14T16:11:45.2355926+04:00 80000004-0006-ff00-b63f-84710c7967bb [INF] Executed action "KU.WebAPI.Controllers.FormController.GetAttributeID (KU.WebAPI)" in 21682.2456ms (afa2e885)
2020-10-14T16:11:45.2391302+04:00 80000004-0006-ff00-b63f-84710c7967bb [INF] Executed endpoint '"KU.WebAPI.Controllers.FormController.GetAttributeID (KU.WebAPI)"' (99874f2b)
2020-10-14T16:11:45.2681211+04:00 80000004-0006-ff00-b63f-84710c7967bb [INF] Request finished in 21809.0242ms 500  (791a596a)
2020-10-14T16:12:46.5598926+04:00 80000002-0001-fd00-b63f-84710c7967bb [INF] Request starting HTTP/2.0 GET https://localhost:44317/api/Form/formattribute?templateID=1   (ca22a1cb)
2020-10-14T16:12:46.5727836+04:00 80000002-0001-fd00-b63f-84710c7967bb [INF] Executing endpoint '"KU.WebAPI.Controllers.FormController.GetAttributeID (KU.WebAPI)"' (500cc934)
2020-10-14T16:12:46.7054148+04:00 80000002-0001-fd00-b63f-84710c7967bb [INF] Route matched with "{action = \"GetAttributeID\", controller = \"Form\"}". Executing controller action with signature "Microsoft.AspNetCore.Mvc.IActionResult GetAttributeID(System.String, System.String, System.String)" on controller "KU.WebAPI.Controllers.FormController" ("KU.WebAPI"). (122b2fdf)
2020-10-14T16:12:46.7101865+04:00 80000002-0001-fd00-b63f-84710c7967bb [INF] Executing action method "KU.WebAPI.Controllers.FormController.GetAttributeID (KU.WebAPI)" - Validation state: Valid (dad538d7)
2020-10-14T16:12:50.1687219+04:00 80000002-0001-fd00-b63f-84710c7967bb [INF] Entity Framework Core "2.2.6-servicing-10079" initialized '"ApplicationDbContext"' using provider '"Microsoft.EntityFrameworkCore.SqlServer"' with options: "MigrationsAssembly=KU.WebAPI " (9958f5bb)
2020-10-14T16:13:02.0978685+04:00 80000002-0001-fd00-b63f-84710c7967bb [INF] Executed DbCommand ("217"ms) [Parameters=["@p0='?' (Size = 4000), @p1='?' (Size = 4000)"], CommandType='Text', CommandTimeout='30']"
""sp_FormAttribute @p0,@p1" (0723d8ff)
2020-10-14T16:13:02.1083981+04:00 80000002-0001-fd00-b63f-84710c7967bb [ERR] An exception occurred while iterating over the results of a query for context type '"KU.Repositories.ApplicationDbContext"'."
""System.InvalidCastException: Unable to cast object of type 'System.Boolean' to type 'System.Int32'.
   at System.Data.SqlClient.SqlBuffer.get_Int32()
   at System.Data.SqlClient.SqlDataReader.GetInt32(Int32 i)
   at lambda_method(Closure , DbDataReader )
   at Microsoft.EntityFrameworkCore.Storage.Internal.TypedRelationalValueBufferFactory.Create(DbDataReader dataReader)
   at Microsoft.EntityFrameworkCore.Query.Internal.QueryingEnumerable`1.Enumerator.BufferlessMoveNext(DbContext _, Boolean buffer)
   at Microsoft.EntityFrameworkCore.SqlServer.Storage.Internal.SqlServerExecutionStrategy.Execute[TState,TResult](TState state, Func`3 operation, Func`3 verifySucceeded)
   at Microsoft.EntityFrameworkCore.Query.Internal.QueryingEnumerable`1.Enumerator.MoveNext()
   at Microsoft.EntityFrameworkCore.Query.Internal.LinqOperatorProvider._TrackEntities[TOut,TIn](IEnumerable`1 results, QueryContext queryContext, IList`1 entityTrackingInfos, IList`1 entityAccessors)+MoveNext()
   at Microsoft.EntityFrameworkCore.Query.Internal.LinqOperatorProvider.ExceptionInterceptor`1.EnumeratorExceptionInterceptor.MoveNext()" (f5c7ac34)
System.InvalidCastException: Unable to cast object of type 'System.Boolean' to type 'System.Int32'.
   at System.Data.SqlClient.SqlBuffer.get_Int32()
   at System.Data.SqlClient.SqlDataReader.GetInt32(Int32 i)
   at lambda_method(Closure , DbDataReader )
   at Microsoft.EntityFrameworkCore.Storage.Internal.TypedRelationalValueBufferFactory.Create(DbDataReader dataReader)
   at Microsoft.EntityFrameworkCore.Query.Internal.QueryingEnumerable`1.Enumerator.BufferlessMoveNext(DbContext _, Boolean buffer)
   at Microsoft.EntityFrameworkCore.SqlServer.Storage.Internal.SqlServerExecutionStrategy.Execute[TState,TResult](TState state, Func`3 operation, Func`3 verifySucceeded)
   at Microsoft.EntityFrameworkCore.Query.Internal.QueryingEnumerable`1.Enumerator.MoveNext()
   at Microsoft.EntityFrameworkCore.Query.Internal.LinqOperatorProvider._TrackEntities[TOut,TIn](IEnumerable`1 results, QueryContext queryContext, IList`1 entityTrackingInfos, IList`1 entityAccessors)+MoveNext()
   at Microsoft.EntityFrameworkCore.Query.Internal.LinqOperatorProvider.ExceptionInterceptor`1.EnumeratorExceptionInterceptor.MoveNext()
2020-10-14T16:15:46.2634185+04:00 80000002-0003-fd00-b63f-84710c7967bb [INF] Request starting HTTP/2.0 GET https://localhost:44317/index.html   (ca22a1cb)
2020-10-14T16:15:46.6493256+04:00 80000002-0003-fd00-b63f-84710c7967bb [INF] Request finished in 393.1198ms 200 text/html (791a596a)
2020-10-14T16:15:46.8878016+04:00 80000006-0006-ff00-b63f-84710c7967bb [INF] Request starting HTTP/2.0 GET https://localhost:44317/swagger/v1/swagger.json   (ca22a1cb)
2020-10-14T16:15:47.0312876+04:00 80000006-0006-ff00-b63f-84710c7967bb [INF] Request finished in 142.7002ms 200 application/json;charset=utf-8 (791a596a)
2020-10-14T16:15:57.9315233+04:00 80000002-0000-fd00-b63f-84710c7967bb [INF] Request starting HTTP/2.0 GET https://localhost:44317/api/Form/formattribute?templateID=1   (ca22a1cb)
2020-10-14T16:15:57.9815330+04:00 80000002-0000-fd00-b63f-84710c7967bb [INF] Executing endpoint '"KU.WebAPI.Controllers.FormController.GetAttributeID (KU.WebAPI)"' (500cc934)
2020-10-14T16:15:58.0083687+04:00 80000002-0000-fd00-b63f-84710c7967bb [INF] Route matched with "{action = \"GetAttributeID\", controller = \"Form\"}". Executing controller action with signature "Microsoft.AspNetCore.Mvc.IActionResult GetAttributeID(System.String, System.String, System.String)" on controller "KU.WebAPI.Controllers.FormController" ("KU.WebAPI"). (122b2fdf)
2020-10-14T16:15:58.0336151+04:00 80000002-0000-fd00-b63f-84710c7967bb [INF] Executing action method "KU.WebAPI.Controllers.FormController.GetAttributeID (KU.WebAPI)" - Validation state: Valid (dad538d7)
2020-10-14T16:16:03.7508180+04:00 80000002-0000-fd00-b63f-84710c7967bb [INF] Entity Framework Core "2.2.6-servicing-10079" initialized '"ApplicationDbContext"' using provider '"Microsoft.EntityFrameworkCore.SqlServer"' with options: "MigrationsAssembly=KU.WebAPI " (9958f5bb)
2020-10-14T16:16:07.8932292+04:00 80000002-0000-fd00-b63f-84710c7967bb [INF] Executed DbCommand ("717"ms) [Parameters=["@p0='?' (Size = 4000), @p1='?' (Size = 4000)"], CommandType='Text', CommandTimeout='30']"
""sp_FormAttribute @p0,@p1" (0723d8ff)
2020-10-14T16:16:07.9732251+04:00 80000002-0000-fd00-b63f-84710c7967bb [INF] Executed action method "KU.WebAPI.Controllers.FormController.GetAttributeID (KU.WebAPI)", returned result "Microsoft.AspNetCore.Mvc.OkObjectResult" in 9930.6697ms. (50a9e262)
2020-10-14T16:16:07.9842260+04:00 80000002-0000-fd00-b63f-84710c7967bb [INF] Executing ObjectResult, writing value of type '"System.Collections.Generic.List`1[[KU.Repositories.Models.FormAttribute, KU.Repositories, Version=1.0.0.0, Culture=neutral, PublicKeyToken=null]]"'. (8a1b66c8)
2020-10-14T16:16:08.0759570+04:00 80000002-0000-fd00-b63f-84710c7967bb [INF] Executed action "KU.WebAPI.Controllers.FormController.GetAttributeID (KU.WebAPI)" in 10050.4839ms (afa2e885)
2020-10-14T16:16:08.0814701+04:00 80000002-0000-fd00-b63f-84710c7967bb [INF] Executed endpoint '"KU.WebAPI.Controllers.FormController.GetAttributeID (KU.WebAPI)"' (99874f2b)
2020-10-14T16:16:08.0889969+04:00 80000002-0000-fd00-b63f-84710c7967bb [INF] Request finished in 10155.9421ms 200 application/json; charset=utf-8 (791a596a)
2020-10-14T16:17:19.3648407+04:00 80000004-0004-fd00-b63f-84710c7967bb [INF] Request starting HTTP/2.0 GET https://localhost:44317/api/Form/formattribute?templateID=1   (ca22a1cb)
2020-10-14T16:17:19.3800831+04:00 80000004-0004-fd00-b63f-84710c7967bb [INF] Executing endpoint '"KU.WebAPI.Controllers.FormController.GetAttributeID (KU.WebAPI)"' (500cc934)
2020-10-14T16:17:19.3864525+04:00 80000004-0004-fd00-b63f-84710c7967bb [INF] Route matched with "{action = \"GetAttributeID\", controller = \"Form\"}". Executing controller action with signature "Microsoft.AspNetCore.Mvc.IActionResult GetAttributeID(System.String, System.String, System.String)" on controller "KU.WebAPI.Controllers.FormController" ("KU.WebAPI"). (122b2fdf)
2020-10-14T16:17:19.3962820+04:00 80000004-0004-fd00-b63f-84710c7967bb [INF] Executing action method "KU.WebAPI.Controllers.FormController.GetAttributeID (KU.WebAPI)" - Validation state: Valid (dad538d7)
2020-10-14T16:17:21.1665554+04:00 80000004-0004-fd00-b63f-84710c7967bb [INF] Entity Framework Core "2.2.6-servicing-10079" initialized '"ApplicationDbContext"' using provider '"Microsoft.EntityFrameworkCore.SqlServer"' with options: "MigrationsAssembly=KU.WebAPI " (9958f5bb)
2020-10-14T16:17:22.7911466+04:00 80000004-0004-fd00-b63f-84710c7967bb [INF] Executed DbCommand ("735"ms) [Parameters=["@p0='?' (Size = 4000), @p1='?' (Size = 4000)"], CommandType='Text', CommandTimeout='30']"
""sp_FormAttribute @p0,@p1" (0723d8ff)
2020-10-14T16:17:22.8032223+04:00 80000004-0004-fd00-b63f-84710c7967bb [INF] Executed action method "KU.WebAPI.Controllers.FormController.GetAttributeID (KU.WebAPI)", returned result "Microsoft.AspNetCore.Mvc.OkObjectResult" in 3400.5885ms. (50a9e262)
2020-10-14T16:17:22.8077956+04:00 80000004-0004-fd00-b63f-84710c7967bb [INF] Executing ObjectResult, writing value of type '"System.Collections.Generic.List`1[[KU.Repositories.Models.FormAttribute, KU.Repositories, Version=1.0.0.0, Culture=neutral, PublicKeyToken=null]]"'. (8a1b66c8)
2020-10-14T16:17:22.8126181+04:00 80000004-0004-fd00-b63f-84710c7967bb [INF] Executed action "KU.WebAPI.Controllers.FormController.GetAttributeID (KU.WebAPI)" in 3422.4687ms (afa2e885)
2020-10-14T16:17:22.8156652+04:00 80000004-0004-fd00-b63f-84710c7967bb [INF] Executed endpoint '"KU.WebAPI.Controllers.FormController.GetAttributeID (KU.WebAPI)"' (99874f2b)
2020-10-14T16:17:22.8186870+04:00 80000004-0004-fd00-b63f-84710c7967bb [INF] Request finished in 3455.9731ms 200 application/json; charset=utf-8 (791a596a)
