2020-07-22T12:36:55.2040172+04:00 80000164-0004-f900-b63f-84710c7967bb [INF] Request starting HTTP/2.0 GET https://localhost:44317/index.html   (ca22a1cb)
2020-07-22T12:36:57.1315226+04:00 80000164-0004-f900-b63f-84710c7967bb [INF] Request finished in 1913.1398ms 200 text/html (791a596a)
2020-07-22T12:36:58.3526680+04:00 8000045c-0000-fe00-b63f-84710c7967bb [INF] Request starting HTTP/2.0 GET https://localhost:44317/swagger/v1/swagger.json   (ca22a1cb)
2020-07-22T12:36:58.9997066+04:00 8000045c-0000-fe00-b63f-84710c7967bb [INF] Request finished in 635.0603ms 200 application/json;charset=utf-8 (791a596a)
2020-07-22T12:39:32.9398335+04:00 80000006-0001-fc00-b63f-84710c7967bb [INF] Request starting HTTP/2.0 GET https://localhost:44317/api/Form/formattribute?templateID=11   (ca22a1cb)
2020-07-22T12:39:33.6132679+04:00 80000006-0001-fc00-b63f-84710c7967bb [INF] Executing endpoint '"KU.WebAPI.Controllers.FormController.GetAttributeID (KU.WebAPI)"' (500cc934)
2020-07-22T12:39:33.8035262+04:00 80000006-0001-fc00-b63f-84710c7967bb [INF] Route matched with "{action = \"GetAttributeID\", controller = \"Form\"}". Executing controller action with signature "Microsoft.AspNetCore.Mvc.IActionResult GetAttributeID(System.String, System.String, System.String)" on controller "KU.WebAPI.Controllers.FormController" ("KU.WebAPI"). (122b2fdf)
2020-07-22T12:39:33.9827150+04:00 80000006-0001-fc00-b63f-84710c7967bb [INF] Executing action method "KU.WebAPI.Controllers.FormController.GetAttributeID (KU.WebAPI)" - Validation state: Valid (dad538d7)
2020-07-22T12:39:43.5520298+04:00 80000006-0001-fc00-b63f-84710c7967bb [INF] Entity Framework Core "2.2.6-servicing-10079" initialized '"ApplicationDbContext"' using provider '"Microsoft.EntityFrameworkCore.SqlServer"' with options: "MigrationsAssembly=KU.WebAPI " (9958f5bb)
2020-07-22T12:39:48.2376325+04:00 80000006-0001-fc00-b63f-84710c7967bb [INF] Executed DbCommand ("365"ms) [Parameters=["@p0='?' (Size = 4000), @p1='?' (Size = 4000)"], CommandType='Text', CommandTimeout='30']"
""sp_FormAttribute @p0,@p1" (0723d8ff)
2020-07-22T12:39:50.3914846+04:00 80000006-0001-fc00-b63f-84710c7967bb [ERR] An exception occurred while iterating over the results of a query for context type '"KU.Repositories.ApplicationDbContext"'."
""System.InvalidCastException: Unable to cast object of type 'System.Boolean' to type 'System.Int32'.
   at System.Data.SqlClient.SqlBuffer.get_Int32()
   at System.Data.SqlClient.SqlDataReader.GetInt32(Int32 i)
   at lambda_method(Closure , DbDataReader )
   at Microsoft.EntityFrameworkCore.Storage.Internal.TypedRelationalValueBufferFactory.Create(DbDataReader dataReader)
   at Microsoft.EntityFrameworkCore.Query.Internal.QueryingEnumerable`1.Enumerator.BufferlessMoveNext(DbContext _, Boolean buffer)
   at Microsoft.EntityFrameworkCore.SqlServer.Storage.Internal.SqlServerExecutionStrategy.Execute[TState,TResult](TState state, Func`3 operation, Func`3 verifySucceeded)
   at Microsoft.EntityFrameworkCore.Query.Internal.QueryingEnumerable`1.Enumerator.MoveNext()
   at Microsoft.EntityFrameworkCore.Query.Internal.LinqOperatorProvider._TrackEntities[TOut,TIn](IEnumerable`1 results, QueryContext queryContext, IList`1 entityTrackingInfos, IList`1 entityAccessors)+MoveNext()
   at Microsoft.EntityFrameworkCore.Query.Internal.LinqOperatorProvider.ExceptionInterceptor`1.EnumeratorExceptionInterceptor.MoveNext()" (f5c7ac34)
System.InvalidCastException: Unable to cast object of type 'System.Boolean' to type 'System.Int32'.
   at System.Data.SqlClient.SqlBuffer.get_Int32()
   at System.Data.SqlClient.SqlDataReader.GetInt32(Int32 i)
   at lambda_method(Closure , DbDataReader )
   at Microsoft.EntityFrameworkCore.Storage.Internal.TypedRelationalValueBufferFactory.Create(DbDataReader dataReader)
   at Microsoft.EntityFrameworkCore.Query.Internal.QueryingEnumerable`1.Enumerator.BufferlessMoveNext(DbContext _, Boolean buffer)
   at Microsoft.EntityFrameworkCore.SqlServer.Storage.Internal.SqlServerExecutionStrategy.Execute[TState,TResult](TState state, Func`3 operation, Func`3 verifySucceeded)
   at Microsoft.EntityFrameworkCore.Query.Internal.QueryingEnumerable`1.Enumerator.MoveNext()
   at Microsoft.EntityFrameworkCore.Query.Internal.LinqOperatorProvider._TrackEntities[TOut,TIn](IEnumerable`1 results, QueryContext queryContext, IList`1 entityTrackingInfos, IList`1 entityAccessors)+MoveNext()
   at Microsoft.EntityFrameworkCore.Query.Internal.LinqOperatorProvider.ExceptionInterceptor`1.EnumeratorExceptionInterceptor.MoveNext()
2020-07-22T12:39:50.8064181+04:00 80000006-0001-fc00-b63f-84710c7967bb [ERR] Something went wrong: System.InvalidCastException: Unable to cast object of type 'System.Boolean' to type 'System.Int32'.
   at System.Data.SqlClient.SqlBuffer.get_Int32()
   at System.Data.SqlClient.SqlDataReader.GetInt32(Int32 i)
   at lambda_method(Closure , DbDataReader )
   at Microsoft.EntityFrameworkCore.Storage.Internal.TypedRelationalValueBufferFactory.Create(DbDataReader dataReader)
   at Microsoft.EntityFrameworkCore.Query.Internal.QueryingEnumerable`1.Enumerator.BufferlessMoveNext(DbContext _, Boolean buffer)
   at Microsoft.EntityFrameworkCore.SqlServer.Storage.Internal.SqlServerExecutionStrategy.Execute[TState,TResult](TState state, Func`3 operation, Func`3 verifySucceeded)
   at Microsoft.EntityFrameworkCore.Query.Internal.QueryingEnumerable`1.Enumerator.MoveNext()
   at Microsoft.EntityFrameworkCore.Query.Internal.LinqOperatorProvider._TrackEntities[TOut,TIn](IEnumerable`1 results, QueryContext queryContext, IList`1 entityTrackingInfos, IList`1 entityAccessors)+MoveNext()
   at Microsoft.EntityFrameworkCore.Query.Internal.LinqOperatorProvider.ExceptionInterceptor`1.EnumeratorExceptionInterceptor.MoveNext()
   at System.Collections.Generic.List`1.AddEnumerable(IEnumerable`1 enumerable)
   at System.Linq.Enumerable.ToList[TSource](IEnumerable`1 source)
   at KU.Services.Implementations.FormService.GetAttributeID(String TemplateID, String SectionID, String AttributeName) in C:\TCIT\Khalifa University\Khalifa\KU.Services\Implementations\FormService.cs:line 110
   at KU.WebAPI.Controllers.FormController.GetAttributeID(String templateID, String SectionID, String AttributeName) in C:\TCIT\Khalifa University\Khalifa\KU.WebAPI\Controllers\FormController.cs:line 95 (fca21022)
2020-07-22T12:39:50.8293067+04:00 80000006-0001-fc00-b63f-84710c7967bb [INF] Executed action method "KU.WebAPI.Controllers.FormController.GetAttributeID (KU.WebAPI)", returned result "Microsoft.AspNetCore.Mvc.ObjectResult" in 16823.8213ms. (50a9e262)
2020-07-22T12:39:50.9275282+04:00 80000006-0001-fc00-b63f-84710c7967bb [INF] Executing ObjectResult, writing value of type '"null"'. (8a1b66c8)
2020-07-22T12:39:50.9365344+04:00 80000006-0001-fc00-b63f-84710c7967bb [INF] Executed action "KU.WebAPI.Controllers.FormController.GetAttributeID (KU.WebAPI)" in 17124.75ms (afa2e885)
2020-07-22T12:39:50.9401702+04:00 80000006-0001-fc00-b63f-84710c7967bb [INF] Executed endpoint '"KU.WebAPI.Controllers.FormController.GetAttributeID (KU.WebAPI)"' (99874f2b)
2020-07-22T12:39:51.0492837+04:00 80000006-0001-fc00-b63f-84710c7967bb [INF] Request finished in 18108.0559ms 500  (791a596a)
2020-07-22T12:50:32.4578980+04:00 8000001e-0005-fb00-b63f-84710c7967bb [INF] Request starting HTTP/2.0 GET https://localhost:44317/api/Form/formattribute?templateID=11   (ca22a1cb)
2020-07-22T12:50:32.4757735+04:00 8000001e-0005-fb00-b63f-84710c7967bb [INF] Executing endpoint '"KU.WebAPI.Controllers.FormController.GetAttributeID (KU.WebAPI)"' (500cc934)
2020-07-22T12:50:32.5918508+04:00 8000001e-0005-fb00-b63f-84710c7967bb [INF] Route matched with "{action = \"GetAttributeID\", controller = \"Form\"}". Executing controller action with signature "Microsoft.AspNetCore.Mvc.IActionResult GetAttributeID(System.String, System.String, System.String)" on controller "KU.WebAPI.Controllers.FormController" ("KU.WebAPI"). (122b2fdf)
2020-07-22T12:50:32.6078865+04:00 8000001e-0005-fb00-b63f-84710c7967bb [INF] Executing action method "KU.WebAPI.Controllers.FormController.GetAttributeID (KU.WebAPI)" - Validation state: Valid (dad538d7)
2020-07-22T12:50:32.6328583+04:00 8000001e-0005-fb00-b63f-84710c7967bb [INF] Entity Framework Core "2.2.6-servicing-10079" initialized '"ApplicationDbContext"' using provider '"Microsoft.EntityFrameworkCore.SqlServer"' with options: "MigrationsAssembly=KU.WebAPI " (9958f5bb)
2020-07-22T12:50:33.1118929+04:00 8000001e-0005-fb00-b63f-84710c7967bb [INF] Executed DbCommand ("276"ms) [Parameters=["@p0='?' (Size = 4000), @p1='?' (Size = 4000)"], CommandType='Text', CommandTimeout='30']"
""sp_FormAttribute @p0,@p1" (0723d8ff)
2020-07-22T12:50:33.1313850+04:00 8000001e-0005-fb00-b63f-84710c7967bb [ERR] An exception occurred while iterating over the results of a query for context type '"KU.Repositories.ApplicationDbContext"'."
""System.InvalidCastException: Unable to cast object of type 'System.Boolean' to type 'System.Int32'.
   at System.Data.SqlClient.SqlBuffer.get_Int32()
   at System.Data.SqlClient.SqlDataReader.GetInt32(Int32 i)
   at lambda_method(Closure , DbDataReader )
   at Microsoft.EntityFrameworkCore.Storage.Internal.TypedRelationalValueBufferFactory.Create(DbDataReader dataReader)
   at Microsoft.EntityFrameworkCore.Query.Internal.QueryingEnumerable`1.Enumerator.BufferlessMoveNext(DbContext _, Boolean buffer)
   at Microsoft.EntityFrameworkCore.SqlServer.Storage.Internal.SqlServerExecutionStrategy.Execute[TState,TResult](TState state, Func`3 operation, Func`3 verifySucceeded)
   at Microsoft.EntityFrameworkCore.Query.Internal.QueryingEnumerable`1.Enumerator.MoveNext()
   at Microsoft.EntityFrameworkCore.Query.Internal.LinqOperatorProvider._TrackEntities[TOut,TIn](IEnumerable`1 results, QueryContext queryContext, IList`1 entityTrackingInfos, IList`1 entityAccessors)+MoveNext()
   at Microsoft.EntityFrameworkCore.Query.Internal.LinqOperatorProvider.ExceptionInterceptor`1.EnumeratorExceptionInterceptor.MoveNext()" (f5c7ac34)
System.InvalidCastException: Unable to cast object of type 'System.Boolean' to type 'System.Int32'.
   at System.Data.SqlClient.SqlBuffer.get_Int32()
   at System.Data.SqlClient.SqlDataReader.GetInt32(Int32 i)
   at lambda_method(Closure , DbDataReader )
   at Microsoft.EntityFrameworkCore.Storage.Internal.TypedRelationalValueBufferFactory.Create(DbDataReader dataReader)
   at Microsoft.EntityFrameworkCore.Query.Internal.QueryingEnumerable`1.Enumerator.BufferlessMoveNext(DbContext _, Boolean buffer)
   at Microsoft.EntityFrameworkCore.SqlServer.Storage.Internal.SqlServerExecutionStrategy.Execute[TState,TResult](TState state, Func`3 operation, Func`3 verifySucceeded)
   at Microsoft.EntityFrameworkCore.Query.Internal.QueryingEnumerable`1.Enumerator.MoveNext()
   at Microsoft.EntityFrameworkCore.Query.Internal.LinqOperatorProvider._TrackEntities[TOut,TIn](IEnumerable`1 results, QueryContext queryContext, IList`1 entityTrackingInfos, IList`1 entityAccessors)+MoveNext()
   at Microsoft.EntityFrameworkCore.Query.Internal.LinqOperatorProvider.ExceptionInterceptor`1.EnumeratorExceptionInterceptor.MoveNext()
   at System.Collections.Generic.List`1.AddEnumerable(IEnumerable`1 enumerable)
   at System.Linq.Enumerable.ToList[TSource](IEnumerable`1 source)
   at KU.Services.Implementations.FormService.GetAttributeID(String TemplateID, String SectionID, String AttributeName) in C:\TCIT\Khalifa University\Khalifa\KU.Services\Implementations\FormService.cs:line 110
   at KU.WebAPI.Controllers.FormController.GetAttributeID(String templateID, String SectionID, String AttributeName) in C:\TCIT\Khalifa University\Khalifa\KU.WebAPI\Controllers\FormController.cs:line 95
2020-07-22T12:50:33.1413381+04:00 8000001e-0005-fb00-b63f-84710c7967bb [ERR] Something went wrong: System.InvalidCastException: Unable to cast object of type 'System.Boolean' to type 'System.Int32'.
   at System.Data.SqlClient.SqlBuffer.get_Int32()
   at System.Data.SqlClient.SqlDataReader.GetInt32(Int32 i)
   at lambda_method(Closure , DbDataReader )
   at Microsoft.EntityFrameworkCore.Storage.Internal.TypedRelationalValueBufferFactory.Create(DbDataReader dataReader)
   at Microsoft.EntityFrameworkCore.Query.Internal.QueryingEnumerable`1.Enumerator.BufferlessMoveNext(DbContext _, Boolean buffer)
   at Microsoft.EntityFrameworkCore.SqlServer.Storage.Internal.SqlServerExecutionStrategy.Execute[TState,TResult](TState state, Func`3 operation, Func`3 verifySucceeded)
   at Microsoft.EntityFrameworkCore.Query.Internal.QueryingEnumerable`1.Enumerator.MoveNext()
   at Microsoft.EntityFrameworkCore.Query.Internal.LinqOperatorProvider._TrackEntities[TOut,TIn](IEnumerable`1 results, QueryContext queryContext, IList`1 entityTrackingInfos, IList`1 entityAccessors)+MoveNext()
   at Microsoft.EntityFrameworkCore.Query.Internal.LinqOperatorProvider.ExceptionInterceptor`1.EnumeratorExceptionInterceptor.MoveNext()
   at System.Collections.Generic.List`1.AddEnumerable(IEnumerable`1 enumerable)
   at System.Linq.Enumerable.ToList[TSource](IEnumerable`1 source)
   at KU.Services.Implementations.FormService.GetAttributeID(String TemplateID, String SectionID, String AttributeName) in C:\TCIT\Khalifa University\Khalifa\KU.Services\Implementations\FormService.cs:line 110
   at KU.WebAPI.Controllers.FormController.GetAttributeID(String templateID, String SectionID, String AttributeName) in C:\TCIT\Khalifa University\Khalifa\KU.WebAPI\Controllers\FormController.cs:line 95 (fca21022)
2020-07-22T12:50:33.1491407+04:00 8000001e-0005-fb00-b63f-84710c7967bb [INF] Executed action method "KU.WebAPI.Controllers.FormController.GetAttributeID (KU.WebAPI)", returned result "Microsoft.AspNetCore.Mvc.ObjectResult" in 533.5846ms. (50a9e262)
2020-07-22T12:50:33.1580955+04:00 8000001e-0005-fb00-b63f-84710c7967bb [INF] Executing ObjectResult, writing value of type '"null"'. (8a1b66c8)
2020-07-22T12:50:33.1656502+04:00 8000001e-0005-fb00-b63f-84710c7967bb [INF] Executed action "KU.WebAPI.Controllers.FormController.GetAttributeID (KU.WebAPI)" in 566.6548ms (afa2e885)
2020-07-22T12:50:33.1733631+04:00 8000001e-0005-fb00-b63f-84710c7967bb [INF] Executed endpoint '"KU.WebAPI.Controllers.FormController.GetAttributeID (KU.WebAPI)"' (99874f2b)
2020-07-22T12:50:33.1825334+04:00 8000001e-0005-fb00-b63f-84710c7967bb [INF] Request finished in 721.253ms 500  (791a596a)
2020-07-22T12:52:39.3903906+04:00 80000163-0004-fb00-b63f-84710c7967bb [INF] Request starting HTTP/2.0 GET https://localhost:44317/api/Form/formattribute?templateID=11   (ca22a1cb)
2020-07-22T12:52:39.3984167+04:00 80000163-0004-fb00-b63f-84710c7967bb [INF] Executing endpoint '"KU.WebAPI.Controllers.FormController.GetAttributeID (KU.WebAPI)"' (500cc934)
2020-07-22T12:52:39.4036013+04:00 80000163-0004-fb00-b63f-84710c7967bb [INF] Route matched with "{action = \"GetAttributeID\", controller = \"Form\"}". Executing controller action with signature "Microsoft.AspNetCore.Mvc.IActionResult GetAttributeID(System.String, System.String, System.String)" on controller "KU.WebAPI.Controllers.FormController" ("KU.WebAPI"). (122b2fdf)
2020-07-22T12:52:39.4087026+04:00 80000163-0004-fb00-b63f-84710c7967bb [INF] Executing action method "KU.WebAPI.Controllers.FormController.GetAttributeID (KU.WebAPI)" - Validation state: Valid (dad538d7)
2020-07-22T12:52:39.4164755+04:00 80000163-0004-fb00-b63f-84710c7967bb [INF] Entity Framework Core "2.2.6-servicing-10079" initialized '"ApplicationDbContext"' using provider '"Microsoft.EntityFrameworkCore.SqlServer"' with options: "MigrationsAssembly=KU.WebAPI " (9958f5bb)
2020-07-22T12:52:39.5341052+04:00 80000163-0004-fb00-b63f-84710c7967bb [INF] Executed DbCommand ("111"ms) [Parameters=["@p0='?' (Size = 4000), @p1='?' (Size = 4000)"], CommandType='Text', CommandTimeout='30']"
""sp_FormAttribute @p0,@p1" (0723d8ff)
2020-07-22T12:52:40.2379964+04:00 80000163-0004-fb00-b63f-84710c7967bb [INF] Executed action method "KU.WebAPI.Controllers.FormController.GetAttributeID (KU.WebAPI)", returned result "Microsoft.AspNetCore.Mvc.OkObjectResult" in 824.9606ms. (50a9e262)
2020-07-22T12:52:40.2446895+04:00 80000163-0004-fb00-b63f-84710c7967bb [INF] Executing ObjectResult, writing value of type '"System.Collections.Generic.List`1[[KU.Repositories.Models.FormAttribute, KU.Repositories, Version=1.0.0.0, Culture=neutral, PublicKeyToken=null]]"'. (8a1b66c8)
2020-07-22T12:52:40.5248241+04:00 80000163-0004-fb00-b63f-84710c7967bb [INF] Executed action "KU.WebAPI.Controllers.FormController.GetAttributeID (KU.WebAPI)" in 1094.1651ms (afa2e885)
2020-07-22T12:52:40.5299197+04:00 80000163-0004-fb00-b63f-84710c7967bb [INF] Executed endpoint '"KU.WebAPI.Controllers.FormController.GetAttributeID (KU.WebAPI)"' (99874f2b)
2020-07-22T12:52:40.5338058+04:00 80000163-0004-fb00-b63f-84710c7967bb [INF] Request finished in 1145.1184ms 200 application/json; charset=utf-8 (791a596a)
2020-07-22T12:53:07.8500653+04:00 80000003-0005-fa00-b63f-84710c7967bb [INF] Request starting HTTP/2.0 GET https://localhost:44317/api/Report/Reports?TemplateID=11   (ca22a1cb)
2020-07-22T12:53:07.8574656+04:00 80000003-0005-fa00-b63f-84710c7967bb [INF] Executing endpoint '"KU.WebAPI.Controllers.ReportController.GetReport (KU.WebAPI)"' (500cc934)
2020-07-22T12:53:07.8714673+04:00 80000003-0005-fa00-b63f-84710c7967bb [INF] Route matched with "{action = \"GetReport\", controller = \"Report\"}". Executing controller action with signature "Microsoft.AspNetCore.Mvc.IActionResult GetReport(Int64, Int64, System.String, System.String, System.String, System.String, System.String, System.String, System.String, System.String, System.String, Int32, Int32, Int32, Int32, System.String)" on controller "KU.WebAPI.Controllers.ReportController" ("KU.WebAPI"). (122b2fdf)
2020-07-22T12:53:07.8779179+04:00 80000003-0005-fa00-b63f-84710c7967bb [INF] Executing action method "KU.WebAPI.Controllers.ReportController.GetReport (KU.WebAPI)" - Validation state: Valid (dad538d7)
2020-07-22T12:53:07.8859377+04:00 80000003-0005-fa00-b63f-84710c7967bb [INF] Entity Framework Core "2.2.6-servicing-10079" initialized '"ApplicationDbContext"' using provider '"Microsoft.EntityFrameworkCore.SqlServer"' with options: "MigrationsAssembly=KU.WebAPI " (9958f5bb)
2020-07-22T12:53:11.9980606+04:00 80000003-0005-fa00-b63f-84710c7967bb [INF] Executed DbCommand ("3,893"ms) [Parameters=["@p0='?' (DbType = Int32), @p1='?' (DbType = Int32), @p2='?' (DbType = Int32), @p3='?' (DbType = Int32), @p4='?' (DbType = Int64), @p5='?' (DbType = Int64), @p6='?', @p7='?' (Size = 4000), @p8='?' (Size = 4000), @p9='?' (Size = 4000), @p10='?' (Size = 4000), @p11='?', @p12='?' (Size = 4000), @p13='?' (Size = 4000), @p14='?' (Size = 4000), @p15='?' (Size = 4000)"], CommandType='Text', CommandTimeout='30']"
""SP_GETDATA @p0,@p1,@p2,@p3,@p4,@p5,@p6,@p7,@p8,@p9,@p10,@p11,@p12,@p13,@p14,@p15" (0723d8ff)
2020-07-22T12:53:12.7976088+04:00 80000003-0005-fa00-b63f-84710c7967bb [INF] Executed action method "KU.WebAPI.Controllers.ReportController.GetReport (KU.WebAPI)", returned result "Microsoft.AspNetCore.Mvc.OkObjectResult" in 4914.2536ms. (50a9e262)
2020-07-22T12:53:12.8026451+04:00 80000003-0005-fa00-b63f-84710c7967bb [INF] Executing ObjectResult, writing value of type '"KU.Repositories.Models.QuestionnaireWrap10"'. (8a1b66c8)
2020-07-22T12:53:13.0279843+04:00 80000003-0005-fa00-b63f-84710c7967bb [INF] Executed action "KU.WebAPI.Controllers.ReportController.GetReport (KU.WebAPI)" in 5151.1795ms (afa2e885)
2020-07-22T12:53:13.0336026+04:00 80000003-0005-fa00-b63f-84710c7967bb [INF] Executed endpoint '"KU.WebAPI.Controllers.ReportController.GetReport (KU.WebAPI)"' (99874f2b)
2020-07-22T12:53:13.0391806+04:00 80000003-0005-fa00-b63f-84710c7967bb [INF] Request finished in 5190.2939ms 200 application/json; charset=utf-8 (791a596a)
