2020-05-20T15:19:10.6747218+04:00 8000001c-0004-ff00-b63f-84710c7967bb [INF] Request starting HTTP/2.0 GET https://localhost:44317/   (ca22a1cb)
2020-05-20T15:19:13.8756070+04:00 8000000f-0007-ff00-b63f-84710c7967bb [INF] Request starting HTTP/2.0 GET https://localhost:44317/index.html   (ca22a1cb)
2020-05-20T15:19:14.4437797+04:00 8000001c-0004-ff00-b63f-84710c7967bb [INF] Request finished in 3751.0093ms 301  (791a596a)
2020-05-20T15:19:14.9336362+04:00 8000000f-0007-ff00-b63f-84710c7967bb [INF] Request finished in 1055.7822ms 200 text/html (791a596a)
2020-05-20T15:19:15.0175160+04:00 80000004-0003-fd00-b63f-84710c7967bb [INF] Request starting HTTP/2.0 GET https://localhost:44317/swagger-ui.css   (ca22a1cb)
2020-05-20T15:19:15.0619627+04:00 8000001e-0004-ff00-b63f-84710c7967bb [INF] Request starting HTTP/2.0 GET https://localhost:44317/swagger-ui-bundle.js   (ca22a1cb)
2020-05-20T15:19:15.0666936+04:00 8000000a-0004-fe00-b63f-84710c7967bb [INF] Request starting HTTP/2.0 GET https://localhost:44317/swagger-ui-standalone-preset.js   (ca22a1cb)
2020-05-20T15:19:15.1590565+04:00 80000004-0003-fd00-b63f-84710c7967bb [INF] Sending file. Request path: '"/swagger-ui.css"'. Physical path: '"N/A"' (27b0a520)
2020-05-20T15:19:15.1609093+04:00 8000000a-0004-fe00-b63f-84710c7967bb [INF] Sending file. Request path: '"/swagger-ui-standalone-preset.js"'. Physical path: '"N/A"' (27b0a520)
2020-05-20T15:19:15.1679313+04:00 80000004-0003-fd00-b63f-84710c7967bb [INF] Request finished in 148.723ms 200 text/css (791a596a)
2020-05-20T15:19:15.1712304+04:00 8000000a-0004-fe00-b63f-84710c7967bb [INF] Request finished in 100.0971ms 200 application/javascript (791a596a)
2020-05-20T15:19:15.2190213+04:00 8000001e-0004-ff00-b63f-84710c7967bb [INF] Sending file. Request path: '"/swagger-ui-bundle.js"'. Physical path: '"N/A"' (27b0a520)
2020-05-20T15:19:15.2229211+04:00 8000001e-0004-ff00-b63f-84710c7967bb [INF] Request finished in 163.5918ms 200 application/javascript (791a596a)
2020-05-20T15:19:15.9363830+04:00 80000021-0006-f900-b63f-84710c7967bb [INF] Request starting HTTP/1.1 GET https://localhost:44317/swagger-ui-bundle.js.map   (ca22a1cb)
2020-05-20T15:19:16.2499695+04:00 80000021-0006-f900-b63f-84710c7967bb [INF] Sending file. Request path: '"/swagger-ui-bundle.js.map"'. Physical path: '"N/A"' (27b0a520)
2020-05-20T15:19:16.2539335+04:00 80000021-0006-f900-b63f-84710c7967bb [INF] Request finished in 317.109ms 200 text/plain (791a596a)
2020-05-20T15:19:16.7426713+04:00 80000020-0004-ff00-b63f-84710c7967bb [INF] Request starting HTTP/1.1 GET https://localhost:44317/swagger-ui-standalone-preset.js.map   (ca22a1cb)
2020-05-20T15:19:17.1382620+04:00 80000020-0004-ff00-b63f-84710c7967bb [INF] Sending file. Request path: '"/swagger-ui-standalone-preset.js.map"'. Physical path: '"N/A"' (27b0a520)
2020-05-20T15:19:17.1415317+04:00 80000020-0004-ff00-b63f-84710c7967bb [INF] Request finished in 399.5345ms 200 text/plain (791a596a)
2020-05-20T15:19:17.3670868+04:00 80000022-0004-ff00-b63f-84710c7967bb [INF] Request starting HTTP/2.0 GET https://localhost:44317/swagger/v1/swagger.json   (ca22a1cb)
2020-05-20T15:19:17.9999798+04:00 8000000c-0004-fe00-b63f-84710c7967bb [INF] Request starting HTTP/2.0 GET https://localhost:44317/favicon-32x32.png   (ca22a1cb)
2020-05-20T15:19:18.0338279+04:00 8000000c-0004-fe00-b63f-84710c7967bb [INF] Sending file. Request path: '"/favicon-32x32.png"'. Physical path: '"N/A"' (27b0a520)
2020-05-20T15:19:18.0553194+04:00 8000000c-0004-fe00-b63f-84710c7967bb [INF] Request finished in 100.3312ms 200 image/png (791a596a)
2020-05-20T15:19:18.4439435+04:00 80000022-0004-ff00-b63f-84710c7967bb [INF] Request finished in 1076.3563ms 200 application/json;charset=utf-8 (791a596a)
2020-05-20T15:21:24.4996301+04:00 80000007-0003-fd00-b63f-84710c7967bb [INF] Request starting HTTP/2.0 GET https://localhost:44317/api/Form/listforms?templateID=10   (ca22a1cb)
2020-05-20T15:21:24.7103956+04:00 80000007-0003-fd00-b63f-84710c7967bb [INF] Executing endpoint '"KU.WebAPI.Controllers.FormController.Get (KU.WebAPI)"' (500cc934)
2020-05-20T15:21:24.9473331+04:00 80000007-0003-fd00-b63f-84710c7967bb [INF] Route matched with "{action = \"Get\", controller = \"Form\"}". Executing controller action with signature "Microsoft.AspNetCore.Mvc.IActionResult Get(Int32, Int32, Int32, Int32, Int32, Int32, System.String)" on controller "KU.WebAPI.Controllers.FormController" ("KU.WebAPI"). (122b2fdf)
2020-05-20T15:21:25.0552201+04:00 80000007-0003-fd00-b63f-84710c7967bb [INF] Executing action method "KU.WebAPI.Controllers.FormController.Get (KU.WebAPI)" - Validation state: Valid (dad538d7)
2020-05-20T15:21:34.9317274+04:00 80000007-0003-fd00-b63f-84710c7967bb [INF] Entity Framework Core "2.2.6-servicing-10079" initialized '"ApplicationDbContext"' using provider '"Microsoft.EntityFrameworkCore.SqlServer"' with options: "MigrationsAssembly=KU.WebAPI " (9958f5bb)
2020-05-20T15:21:38.0762005+04:00 80000007-0003-fd00-b63f-84710c7967bb [INF] Executed DbCommand ("1,646"ms) [Parameters=["@p0='?' (DbType = Int32), @p1='?' (DbType = Int32), @p2='?' (DbType = Int32), @p3='?' (DbType = Int32), @p4='?' (DbType = Int32), @p5='?' (DbType = Int32), @p6='?' (Size = 4000)"], CommandType='Text', CommandTimeout='30']"
""exec sp_listform @p0,@p1,@p2,@p3,@p4,@p5,@p6" (0723d8ff)
2020-05-20T15:21:38.2723586+04:00 80000007-0003-fd00-b63f-84710c7967bb [INF] Executed action method "KU.WebAPI.Controllers.FormController.Get (KU.WebAPI)", returned result "Microsoft.AspNetCore.Mvc.OkObjectResult" in 13198.8712ms. (50a9e262)
2020-05-20T15:21:38.3047634+04:00 80000007-0003-fd00-b63f-84710c7967bb [INF] Executing ObjectResult, writing value of type '"System.Collections.Generic.List`1[[KU.Services.Interfaces.SavedFormViewModel, KU.Services, Version=1.0.0.0, Culture=neutral, PublicKeyToken=null]]"'. (8a1b66c8)
2020-05-20T15:21:38.4357673+04:00 80000007-0003-fd00-b63f-84710c7967bb [INF] Executed action "KU.WebAPI.Controllers.FormController.Get (KU.WebAPI)" in 13473.3969ms (afa2e885)
2020-05-20T15:21:38.4410067+04:00 80000007-0003-fd00-b63f-84710c7967bb [INF] Executed endpoint '"KU.WebAPI.Controllers.FormController.Get (KU.WebAPI)"' (99874f2b)
2020-05-20T15:21:38.4462921+04:00 80000007-0003-fd00-b63f-84710c7967bb [INF] Request finished in 13946.8972ms 200 application/json; charset=utf-8 (791a596a)
2020-05-20T15:21:59.5693516+04:00 80000009-0003-fd00-b63f-84710c7967bb [INF] Request starting HTTP/2.0 GET https://localhost:44317/api/Form/Questionnaire?SavedformID=71139&TemplateID=10   (ca22a1cb)
2020-05-20T15:21:59.5861027+04:00 80000009-0003-fd00-b63f-84710c7967bb [INF] Executing endpoint '"KU.WebAPI.Controllers.FormController.GetSampleIDAll (KU.WebAPI)"' (500cc934)
2020-05-20T15:21:59.5936286+04:00 80000009-0003-fd00-b63f-84710c7967bb [INF] Route matched with "{action = \"GetSampleIDAll\", controller = \"Form\"}". Executing controller action with signature "Microsoft.AspNetCore.Mvc.IActionResult GetSampleIDAll(Int32, Int32)" on controller "KU.WebAPI.Controllers.FormController" ("KU.WebAPI"). (122b2fdf)
2020-05-20T15:21:59.5975389+04:00 80000009-0003-fd00-b63f-84710c7967bb [INF] Executing action method "KU.WebAPI.Controllers.FormController.GetSampleIDAll (KU.WebAPI)" - Validation state: Valid (dad538d7)
2020-05-20T15:22:02.4044370+04:00 80000009-0003-fd00-b63f-84710c7967bb [INF] Entity Framework Core "2.2.6-servicing-10079" initialized '"ApplicationDbContext"' using provider '"Microsoft.EntityFrameworkCore.SqlServer"' with options: "MigrationsAssembly=KU.WebAPI " (9958f5bb)
2020-05-20T15:22:07.4248081+04:00 80000009-0003-fd00-b63f-84710c7967bb [INF] Executed DbCommand ("3,005"ms) [Parameters=["@p0='?' (DbType = Int32), @p1='?' (DbType = Int32), @p2='?' (DbType = Int32)"], CommandType='Text', CommandTimeout='30']"
""sp_getrecords @p0,@p1,@p2" (0723d8ff)
2020-05-20T15:22:07.7965067+04:00 80000009-0003-fd00-b63f-84710c7967bb [INF] Executed action method "KU.WebAPI.Controllers.FormController.GetSampleIDAll (KU.WebAPI)", returned result "Microsoft.AspNetCore.Mvc.OkObjectResult" in 8194.3398ms. (50a9e262)
2020-05-20T15:22:07.8020606+04:00 80000009-0003-fd00-b63f-84710c7967bb [INF] Executing ObjectResult, writing value of type '"System.Collections.Generic.List`1[[KU.Repositories.Models.Questionnaire9, KU.Repositories, Version=1.0.0.0, Culture=neutral, PublicKeyToken=null]]"'. (8a1b66c8)
2020-05-20T15:22:08.1258716+04:00 80000009-0003-fd00-b63f-84710c7967bb [INF] Executed action "KU.WebAPI.Controllers.FormController.GetSampleIDAll (KU.WebAPI)" in 8526.8207ms (afa2e885)
2020-05-20T15:22:08.1290234+04:00 80000009-0003-fd00-b63f-84710c7967bb [INF] Executed endpoint '"KU.WebAPI.Controllers.FormController.GetSampleIDAll (KU.WebAPI)"' (99874f2b)
2020-05-20T15:22:08.1321701+04:00 80000009-0003-fd00-b63f-84710c7967bb [INF] Request finished in 8564.8913ms 200 application/json; charset=utf-8 (791a596a)
2020-05-20T15:22:32.0170077+04:00 80000021-0000-ff00-b63f-84710c7967bb [INF] Request starting HTTP/2.0 GET https://localhost:44317/api/Report/Reports?TemplateID=10   (ca22a1cb)
2020-05-20T15:22:32.0228634+04:00 80000021-0000-ff00-b63f-84710c7967bb [INF] Executing endpoint '"KU.WebAPI.Controllers.ReportController.GetReport (KU.WebAPI)"' (500cc934)
2020-05-20T15:22:32.0408244+04:00 80000021-0000-ff00-b63f-84710c7967bb [INF] Route matched with "{action = \"GetReport\", controller = \"Report\"}". Executing controller action with signature "Microsoft.AspNetCore.Mvc.IActionResult GetReport(Int64, Int64, System.String, System.String, System.String, System.String, System.String, System.String, System.String, System.String, System.String, Int32, Int32, Int32, Int32, System.String)" on controller "KU.WebAPI.Controllers.ReportController" ("KU.WebAPI"). (122b2fdf)
2020-05-20T15:22:32.0465764+04:00 80000021-0000-ff00-b63f-84710c7967bb [INF] Executing action method "KU.WebAPI.Controllers.ReportController.GetReport (KU.WebAPI)" - Validation state: Valid (dad538d7)
2020-05-20T15:22:34.2426398+04:00 80000021-0000-ff00-b63f-84710c7967bb [INF] Entity Framework Core "2.2.6-servicing-10079" initialized '"ApplicationDbContext"' using provider '"Microsoft.EntityFrameworkCore.SqlServer"' with options: "MigrationsAssembly=KU.WebAPI " (9958f5bb)
2020-05-20T15:22:40.6233986+04:00 80000021-0000-ff00-b63f-84710c7967bb [INF] Executed DbCommand ("6,143"ms) [Parameters=["@p0='?' (DbType = Int32), @p1='?' (DbType = Int32), @p2='?' (DbType = Int32), @p3='?' (DbType = Int32), @p4='?' (DbType = Int64), @p5='?' (DbType = Int64), @p6='?', @p7='?' (Size = 4000), @p8='?' (Size = 4000), @p9='?' (Size = 4000), @p10='?' (Size = 4000), @p11='?', @p12='?' (Size = 4000), @p13='?' (Size = 4000), @p14='?' (Size = 4000), @p15='?' (Size = 4000)"], CommandType='Text', CommandTimeout='30']"
""SP_GETDATA @p0,@p1,@p2,@p3,@p4,@p5,@p6,@p7,@p8,@p9,@p10,@p11,@p12,@p13,@p14,@p15" (0723d8ff)
2020-05-20T15:22:40.9954948+04:00 80000021-0000-ff00-b63f-84710c7967bb [INF] Executed action method "KU.WebAPI.Controllers.ReportController.GetReport (KU.WebAPI)", returned result "Microsoft.AspNetCore.Mvc.OkObjectResult" in 8944.7526ms. (50a9e262)
2020-05-20T15:22:40.9998521+04:00 80000021-0000-ff00-b63f-84710c7967bb [INF] Executing ObjectResult, writing value of type '"KU.Repositories.Models.QuestionnaireWrap9"'. (8a1b66c8)
2020-05-20T15:22:41.3908317+04:00 80000021-0000-ff00-b63f-84710c7967bb [INF] Executed action "KU.WebAPI.Controllers.ReportController.GetReport (KU.WebAPI)" in 9343.8956ms (afa2e885)
2020-05-20T15:22:41.3950590+04:00 80000021-0000-ff00-b63f-84710c7967bb [INF] Executed endpoint '"KU.WebAPI.Controllers.ReportController.GetReport (KU.WebAPI)"' (99874f2b)
2020-05-20T15:22:41.3999334+04:00 80000021-0000-ff00-b63f-84710c7967bb [INF] Request finished in 9382.6663ms 200 application/json; charset=utf-8 (791a596a)
