2020-11-05T11:42:57.1556983+04:00 80000014-0004-fd00-b63f-84710c7967bb [INF] Request starting HTTP/2.0 GET https://localhost:44317/   (ca22a1cb)
2020-11-05T11:43:00.3835377+04:00 80000006-0007-fd00-b63f-84710c7967bb [INF] Request starting HTTP/2.0 GET https://localhost:44317/index.html   (ca22a1cb)
2020-11-05T11:43:00.4030912+04:00 80000014-0004-fd00-b63f-84710c7967bb [INF] Request finished in 3265.3773ms 301  (791a596a)
2020-11-05T11:43:01.0114261+04:00 80000006-0007-fd00-b63f-84710c7967bb [INF] Request finished in 632.2229ms 200 text/html (791a596a)
2020-11-05T11:43:01.1494550+04:00 8000007b-0000-fb00-b63f-84710c7967bb [INF] Request starting HTTP/2.0 GET https://localhost:44317/swagger-ui-bundle.js   (ca22a1cb)
2020-11-05T11:43:01.1493711+04:00 80000026-0002-fc00-b63f-84710c7967bb [INF] Request starting HTTP/2.0 GET https://localhost:44317/swagger-ui-standalone-preset.js   (ca22a1cb)
2020-11-05T11:43:01.1548117+04:00 80000044-0000-fa00-b63f-84710c7967bb [INF] Request starting HTTP/2.0 GET https://localhost:44317/swagger-ui.css   (ca22a1cb)
2020-11-05T11:43:01.2602135+04:00 80000044-0000-fa00-b63f-84710c7967bb [INF] Sending file. Request path: '"/swagger-ui.css"'. Physical path: '"N/A"' (27b0a520)
2020-11-05T11:43:01.2688484+04:00 80000044-0000-fa00-b63f-84710c7967bb [INF] Request finished in 122.8906ms 200 text/css (791a596a)
2020-11-05T11:43:01.3038445+04:00 80000026-0002-fc00-b63f-84710c7967bb [INF] Sending file. Request path: '"/swagger-ui-standalone-preset.js"'. Physical path: '"N/A"' (27b0a520)
2020-11-05T11:43:01.3071938+04:00 80000026-0002-fc00-b63f-84710c7967bb [INF] Request finished in 185.7833ms 200 application/javascript (791a596a)
2020-11-05T11:43:01.4079779+04:00 8000007b-0000-fb00-b63f-84710c7967bb [INF] Sending file. Request path: '"/swagger-ui-bundle.js"'. Physical path: '"N/A"' (27b0a520)
2020-11-05T11:43:01.4174769+04:00 8000007b-0000-fb00-b63f-84710c7967bb [INF] Request finished in 267.814ms 200 application/javascript (791a596a)
2020-11-05T11:43:02.2325882+04:00 80000028-0002-fc00-b63f-84710c7967bb [INF] Request starting HTTP/2.0 GET https://localhost:44317/swagger/v1/swagger.json   (ca22a1cb)
2020-11-05T11:43:02.3834542+04:00 80000028-0002-fc00-b63f-84710c7967bb [INF] Request finished in 151.4256ms 200 application/json;charset=utf-8 (791a596a)
2020-11-05T12:28:54.2538207+04:00 80000006-0003-ff00-b63f-84710c7967bb [INF] Request starting HTTP/2.0 GET https://localhost:44317/index.html   (ca22a1cb)
2020-11-05T12:28:54.9261972+04:00 80000006-0003-ff00-b63f-84710c7967bb [INF] Request finished in 683.9991ms 200 text/html (791a596a)
2020-11-05T12:28:55.5499946+04:00 80000030-0002-fb00-b63f-84710c7967bb [INF] Request starting HTTP/2.0 GET https://localhost:44317/swagger/v1/swagger.json   (ca22a1cb)
2020-11-05T12:28:55.8168643+04:00 80000030-0002-fb00-b63f-84710c7967bb [INF] Request finished in 264.7053ms 200 application/json;charset=utf-8 (791a596a)
2020-11-05T12:29:05.2096946+04:00 80000032-0002-fb00-b63f-84710c7967bb [INF] Request starting HTTP/2.0 GET https://localhost:44317/api/Report/Reports?TemplateID=11   (ca22a1cb)
2020-11-05T12:29:05.2814799+04:00 80000032-0002-fb00-b63f-84710c7967bb [INF] Executing endpoint '"KU.WebAPI.Controllers.ReportController.GetReport (KU.WebAPI)"' (500cc934)
2020-11-05T12:29:05.3281373+04:00 80000032-0002-fb00-b63f-84710c7967bb [INF] Route matched with "{action = \"GetReport\", controller = \"Report\"}". Executing controller action with signature "Microsoft.AspNetCore.Mvc.IActionResult GetReport(Int64, Int64, System.String, System.String, System.String, System.String, System.String, System.String, System.String, System.String, System.String, Int32, Int32, Int32, Int32, System.String)" on controller "KU.WebAPI.Controllers.ReportController" ("KU.WebAPI"). (122b2fdf)
2020-11-05T12:29:05.3602468+04:00 80000032-0002-fb00-b63f-84710c7967bb [INF] Executing action method "KU.WebAPI.Controllers.ReportController.GetReport (KU.WebAPI)" - Validation state: Valid (dad538d7)
2020-11-05T12:29:14.6222613+04:00 80000032-0002-fb00-b63f-84710c7967bb [INF] Entity Framework Core "2.2.6-servicing-10079" initialized '"ApplicationDbContext"' using provider '"Microsoft.EntityFrameworkCore.SqlServer"' with options: "MigrationsAssembly=KU.WebAPI " (9958f5bb)
2020-11-05T12:29:22.5422323+04:00 80000032-0002-fb00-b63f-84710c7967bb [INF] Executed DbCommand ("240"ms) [Parameters=["@p0='?' (DbType = Int32), @p1='?' (DbType = Int32), @p2='?' (DbType = Int32), @p3='?' (DbType = Int32), @p4='?' (DbType = Int64), @p5='?' (DbType = Int64), @p6='?', @p7='?' (Size = 4000), @p8='?' (Size = 4000), @p9='?' (Size = 4000), @p10='?' (Size = 4000), @p11='?', @p12='?' (Size = 4000), @p13='?' (Size = 4000), @p14='?' (Size = 4000), @p15='?' (Size = 4000)"], CommandType='Text', CommandTimeout='30']"
""SP_GETDATANew @p0,@p1,@p2,@p3,@p4,@p5,@p6,@p7,@p8,@p9,@p10,@p11,@p12,@p13,@p14,@p15" (0723d8ff)
2020-11-05T12:29:22.9324451+04:00 80000032-0002-fb00-b63f-84710c7967bb [INF] Executed action method "KU.WebAPI.Controllers.ReportController.GetReport (KU.WebAPI)", returned result "Microsoft.AspNetCore.Mvc.OkObjectResult" in 17563.7693ms. (50a9e262)
2020-11-05T12:29:22.9450555+04:00 80000032-0002-fb00-b63f-84710c7967bb [INF] Executing ObjectResult, writing value of type '"Newtonsoft.Json.Linq.JObject"'. (8a1b66c8)
2020-11-05T12:29:22.9644146+04:00 80000032-0002-fb00-b63f-84710c7967bb [INF] Executed action "KU.WebAPI.Controllers.ReportController.GetReport (KU.WebAPI)" in 17627.3797ms (afa2e885)
2020-11-05T12:29:22.9696128+04:00 80000032-0002-fb00-b63f-84710c7967bb [INF] Executed endpoint '"KU.WebAPI.Controllers.ReportController.GetReport (KU.WebAPI)"' (99874f2b)
2020-11-05T12:29:22.9747796+04:00 80000032-0002-fb00-b63f-84710c7967bb [INF] Request finished in 17766.9714ms 200 application/json; charset=utf-8 (791a596a)
2020-11-05T12:30:20.6815414+04:00 80000099-0000-fb00-b63f-84710c7967bb [INF] Request starting HTTP/2.0 GET https://localhost:44317/api/Report/Reports?TemplateID=11   (ca22a1cb)
2020-11-05T12:30:20.6888577+04:00 80000099-0000-fb00-b63f-84710c7967bb [INF] Executing endpoint '"KU.WebAPI.Controllers.ReportController.GetReport (KU.WebAPI)"' (500cc934)
2020-11-05T12:30:20.6936218+04:00 80000099-0000-fb00-b63f-84710c7967bb [INF] Route matched with "{action = \"GetReport\", controller = \"Report\"}". Executing controller action with signature "Microsoft.AspNetCore.Mvc.IActionResult GetReport(Int64, Int64, System.String, System.String, System.String, System.String, System.String, System.String, System.String, System.String, System.String, Int32, Int32, Int32, Int32, System.String)" on controller "KU.WebAPI.Controllers.ReportController" ("KU.WebAPI"). (122b2fdf)
2020-11-05T12:30:20.6993760+04:00 80000099-0000-fb00-b63f-84710c7967bb [INF] Executing action method "KU.WebAPI.Controllers.ReportController.GetReport (KU.WebAPI)" - Validation state: Valid (dad538d7)
2020-11-05T12:30:20.7206164+04:00 80000099-0000-fb00-b63f-84710c7967bb [INF] Entity Framework Core "2.2.6-servicing-10079" initialized '"ApplicationDbContext"' using provider '"Microsoft.EntityFrameworkCore.SqlServer"' with options: "MigrationsAssembly=KU.WebAPI " (9958f5bb)
2020-11-05T12:30:23.5009221+04:00 80000099-0000-fb00-b63f-84710c7967bb [INF] Executed DbCommand ("334"ms) [Parameters=["@p0='?' (DbType = Int32), @p1='?' (DbType = Int32), @p2='?' (DbType = Int32), @p3='?' (DbType = Int32), @p4='?' (DbType = Int64), @p5='?' (DbType = Int64), @p6='?', @p7='?' (Size = 4000), @p8='?' (Size = 4000), @p9='?' (Size = 4000), @p10='?' (Size = 4000), @p11='?', @p12='?' (Size = 4000), @p13='?' (Size = 4000), @p14='?' (Size = 4000), @p15='?' (Size = 4000)"], CommandType='Text', CommandTimeout='30']"
""SP_GETDATANew @p0,@p1,@p2,@p3,@p4,@p5,@p6,@p7,@p8,@p9,@p10,@p11,@p12,@p13,@p14,@p15" (0723d8ff)
2020-11-05T12:30:23.6961316+04:00 80000099-0000-fb00-b63f-84710c7967bb [INF] Executed action method "KU.WebAPI.Controllers.ReportController.GetReport (KU.WebAPI)", returned result "Microsoft.AspNetCore.Mvc.OkObjectResult" in 2989.7889ms. (50a9e262)
2020-11-05T12:30:23.7011958+04:00 80000099-0000-fb00-b63f-84710c7967bb [INF] Executing ObjectResult, writing value of type '"Newtonsoft.Json.Linq.JObject"'. (8a1b66c8)
2020-11-05T12:30:23.7070405+04:00 80000099-0000-fb00-b63f-84710c7967bb [INF] Executed action "KU.WebAPI.Controllers.ReportController.GetReport (KU.WebAPI)" in 3008.4557ms (afa2e885)
2020-11-05T12:30:23.7110167+04:00 80000099-0000-fb00-b63f-84710c7967bb [INF] Executed endpoint '"KU.WebAPI.Controllers.ReportController.GetReport (KU.WebAPI)"' (99874f2b)
2020-11-05T12:30:23.7153003+04:00 80000099-0000-fb00-b63f-84710c7967bb [INF] Request finished in 3034.4042ms 200 application/json; charset=utf-8 (791a596a)
2020-11-05T12:33:22.3014703+04:00 80000036-0002-fb00-b63f-84710c7967bb [INF] Request starting HTTP/2.0 GET https://localhost:44317/api/Form/formattribute?templateID=11   (ca22a1cb)
2020-11-05T12:33:22.4118956+04:00 80000036-0002-fb00-b63f-84710c7967bb [INF] Executing endpoint '"KU.WebAPI.Controllers.FormController.GetAttributeID (KU.WebAPI)"' (500cc934)
2020-11-05T12:33:22.4290047+04:00 80000036-0002-fb00-b63f-84710c7967bb [INF] Route matched with "{action = \"GetAttributeID\", controller = \"Form\"}". Executing controller action with signature "Microsoft.AspNetCore.Mvc.IActionResult GetAttributeID(System.String, System.String, System.String)" on controller "KU.WebAPI.Controllers.FormController" ("KU.WebAPI"). (122b2fdf)
2020-11-05T12:33:22.4337521+04:00 80000036-0002-fb00-b63f-84710c7967bb [INF] Executing action method "KU.WebAPI.Controllers.FormController.GetAttributeID (KU.WebAPI)" - Validation state: Valid (dad538d7)
2020-11-05T12:33:24.0725997+04:00 80000036-0002-fb00-b63f-84710c7967bb [INF] Entity Framework Core "2.2.6-servicing-10079" initialized '"ApplicationDbContext"' using provider '"Microsoft.EntityFrameworkCore.SqlServer"' with options: "MigrationsAssembly=KU.WebAPI " (9958f5bb)
2020-11-05T12:33:25.9677268+04:00 80000036-0002-fb00-b63f-84710c7967bb [INF] Executed DbCommand ("190"ms) [Parameters=["@p0='?' (Size = 4000), @p1='?' (Size = 4000)"], CommandType='Text', CommandTimeout='30']"
""sp_FormAttribute @p0,@p1" (0723d8ff)
2020-11-05T12:33:26.2960996+04:00 80000036-0002-fb00-b63f-84710c7967bb [INF] Executed action method "KU.WebAPI.Controllers.FormController.GetAttributeID (KU.WebAPI)", returned result "Microsoft.AspNetCore.Mvc.OkObjectResult" in 3856.8992ms. (50a9e262)
2020-11-05T12:33:26.3002809+04:00 80000036-0002-fb00-b63f-84710c7967bb [INF] Executing ObjectResult, writing value of type '"System.Collections.Generic.List`1[[KU.Repositories.Models.FormAttribute, KU.Repositories, Version=1.0.0.0, Culture=neutral, PublicKeyToken=null]]"'. (8a1b66c8)
2020-11-05T12:33:26.3107354+04:00 80000036-0002-fb00-b63f-84710c7967bb [INF] Executed action "KU.WebAPI.Controllers.FormController.GetAttributeID (KU.WebAPI)" in 3876.2147ms (afa2e885)
2020-11-05T12:33:26.3149719+04:00 80000036-0002-fb00-b63f-84710c7967bb [INF] Executed endpoint '"KU.WebAPI.Controllers.FormController.GetAttributeID (KU.WebAPI)"' (99874f2b)
2020-11-05T12:33:26.3187604+04:00 80000036-0002-fb00-b63f-84710c7967bb [INF] Request finished in 4018.2601ms 200 application/json; charset=utf-8 (791a596a)
2020-11-05T12:33:35.9191518+04:00 80000006-0005-fe00-b63f-84710c7967bb [INF] Request starting HTTP/2.0 GET https://localhost:44317/api/Form/formattribute?templateID=12   (ca22a1cb)
2020-11-05T12:33:35.9396996+04:00 80000006-0005-fe00-b63f-84710c7967bb [INF] Executing endpoint '"KU.WebAPI.Controllers.FormController.GetAttributeID (KU.WebAPI)"' (500cc934)
2020-11-05T12:33:35.9437565+04:00 80000006-0005-fe00-b63f-84710c7967bb [INF] Route matched with "{action = \"GetAttributeID\", controller = \"Form\"}". Executing controller action with signature "Microsoft.AspNetCore.Mvc.IActionResult GetAttributeID(System.String, System.String, System.String)" on controller "KU.WebAPI.Controllers.FormController" ("KU.WebAPI"). (122b2fdf)
2020-11-05T12:33:35.9475896+04:00 80000006-0005-fe00-b63f-84710c7967bb [INF] Executing action method "KU.WebAPI.Controllers.FormController.GetAttributeID (KU.WebAPI)" - Validation state: Valid (dad538d7)
2020-11-05T12:33:37.4421137+04:00 80000006-0005-fe00-b63f-84710c7967bb [INF] Entity Framework Core "2.2.6-servicing-10079" initialized '"ApplicationDbContext"' using provider '"Microsoft.EntityFrameworkCore.SqlServer"' with options: "MigrationsAssembly=KU.WebAPI " (9958f5bb)
2020-11-05T12:33:38.3188065+04:00 80000006-0005-fe00-b63f-84710c7967bb [INF] Executed DbCommand ("151"ms) [Parameters=["@p0='?' (Size = 4000), @p1='?' (Size = 4000)"], CommandType='Text', CommandTimeout='30']"
""sp_FormAttribute @p0,@p1" (0723d8ff)
2020-11-05T12:33:38.6021119+04:00 80000006-0005-fe00-b63f-84710c7967bb [INF] Executed action method "KU.WebAPI.Controllers.FormController.GetAttributeID (KU.WebAPI)", returned result "Microsoft.AspNetCore.Mvc.OkObjectResult" in 2648.1085ms. (50a9e262)
2020-11-05T12:33:38.6066461+04:00 80000006-0005-fe00-b63f-84710c7967bb [INF] Executing ObjectResult, writing value of type '"System.Collections.Generic.List`1[[KU.Repositories.Models.FormAttribute, KU.Repositories, Version=1.0.0.0, Culture=neutral, PublicKeyToken=null]]"'. (8a1b66c8)
2020-11-05T12:33:38.6146014+04:00 80000006-0005-fe00-b63f-84710c7967bb [INF] Executed action "KU.WebAPI.Controllers.FormController.GetAttributeID (KU.WebAPI)" in 2665.851ms (afa2e885)
2020-11-05T12:33:38.6194615+04:00 80000006-0005-fe00-b63f-84710c7967bb [INF] Executed endpoint '"KU.WebAPI.Controllers.FormController.GetAttributeID (KU.WebAPI)"' (99874f2b)
2020-11-05T12:33:38.6235185+04:00 80000006-0005-fe00-b63f-84710c7967bb [INF] Request finished in 2705.298ms 200 application/json; charset=utf-8 (791a596a)
