2020-05-13T13:43:38.0479105+04:00 80000014-0001-ff00-b63f-84710c7967bb [INF] Request starting HTTP/2.0 GET https://localhost:44317/   (ca22a1cb)
2020-05-13T13:43:41.6432147+04:00 80000039-0000-ff00-b63f-84710c7967bb [INF] Request starting HTTP/2.0 GET https://localhost:44317/index.html   (ca22a1cb)
2020-05-13T13:43:41.7343750+04:00 80000014-0001-ff00-b63f-84710c7967bb [INF] Request finished in 3664.6856ms 301  (791a596a)
2020-05-13T13:43:42.4993805+04:00 80000039-0000-ff00-b63f-84710c7967bb [INF] Request finished in 855.2627ms 200 text/html (791a596a)
2020-05-13T13:43:42.8985166+04:00 80000013-0003-ff00-b63f-84710c7967bb [INF] Request starting HTTP/2.0 GET https://localhost:44317/swagger-ui.css   (ca22a1cb)
2020-05-13T13:43:42.9002068+04:00 8000000e-0002-fc00-b63f-84710c7967bb [INF] Request starting HTTP/2.0 GET https://localhost:44317/swagger-ui-bundle.js   (ca22a1cb)
2020-05-13T13:43:42.9057804+04:00 80000016-0001-ff00-b63f-84710c7967bb [INF] Request starting HTTP/2.0 GET https://localhost:44317/swagger-ui-standalone-preset.js   (ca22a1cb)
2020-05-13T13:43:43.2501056+04:00 80000016-0001-ff00-b63f-84710c7967bb [INF] Sending file. Request path: '"/swagger-ui-standalone-preset.js"'. Physical path: '"N/A"' (27b0a520)
2020-05-13T13:43:43.2506409+04:00 80000013-0003-ff00-b63f-84710c7967bb [INF] Sending file. Request path: '"/swagger-ui.css"'. Physical path: '"N/A"' (27b0a520)
2020-05-13T13:43:43.2685186+04:00 80000013-0003-ff00-b63f-84710c7967bb [INF] Request finished in 371.0846ms 200 text/css (791a596a)
2020-05-13T13:43:43.2721640+04:00 80000016-0001-ff00-b63f-84710c7967bb [INF] Request finished in 366.7807ms 200 application/javascript (791a596a)
2020-05-13T13:43:43.5410762+04:00 8000000e-0002-fc00-b63f-84710c7967bb [INF] Sending file. Request path: '"/swagger-ui-bundle.js"'. Physical path: '"N/A"' (27b0a520)
2020-05-13T13:43:43.5486218+04:00 8000000e-0002-fc00-b63f-84710c7967bb [INF] Request finished in 650.5082ms 200 application/javascript (791a596a)
2020-05-13T13:43:46.0382344+04:00 80000015-0003-ff00-b63f-84710c7967bb [INF] Request starting HTTP/1.1 GET https://localhost:44317/swagger-ui-bundle.js.map   (ca22a1cb)
2020-05-13T13:43:47.5492046+04:00 80000015-0003-ff00-b63f-84710c7967bb [INF] Sending file. Request path: '"/swagger-ui-bundle.js.map"'. Physical path: '"N/A"' (27b0a520)
2020-05-13T13:43:47.5560177+04:00 80000015-0003-ff00-b63f-84710c7967bb [INF] Request finished in 1517.4702ms 200 text/plain (791a596a)
2020-05-13T13:43:48.9734734+04:00 80000016-0005-fe00-b63f-84710c7967bb [INF] Request starting HTTP/1.1 GET https://localhost:44317/swagger-ui-standalone-preset.js.map   (ca22a1cb)
2020-05-13T13:43:49.2777375+04:00 80000016-0005-fe00-b63f-84710c7967bb [INF] Sending file. Request path: '"/swagger-ui-standalone-preset.js.map"'. Physical path: '"N/A"' (27b0a520)
2020-05-13T13:43:49.2870857+04:00 80000016-0005-fe00-b63f-84710c7967bb [INF] Request finished in 310.9509ms 200 text/plain (791a596a)
2020-05-13T13:43:49.9103974+04:00 80000023-0004-fd00-b63f-84710c7967bb [INF] Request starting HTTP/2.0 GET https://localhost:44317/swagger/v1/swagger.json   (ca22a1cb)
2020-05-13T13:43:51.0720557+04:00 80000023-0004-fd00-b63f-84710c7967bb [INF] Request finished in 1157.8579ms 200 application/json;charset=utf-8 (791a596a)
2020-05-13T14:01:37.3923174+04:00 80000040-0000-ff00-b63f-84710c7967bb [INF] Request starting HTTP/2.0 POST https://localhost:44317/api/Image/import multipart/form-data; boundary=----WebKitFormBoundaryI4XeBYXRuSIF7Mxo 8933 (ca22a1cb)
2020-05-13T14:01:37.4745884+04:00 80000040-0000-ff00-b63f-84710c7967bb [INF] CORS policy execution successful. (5409d6ef)
2020-05-13T14:01:37.6796496+04:00 80000040-0000-ff00-b63f-84710c7967bb [INF] Executing endpoint '"KU.WebAPI.Controllers.ReadExcelController.Import (KU.WebAPI)"' (500cc934)
2020-05-13T14:01:37.9449244+04:00 80000040-0000-ff00-b63f-84710c7967bb [INF] Route matched with "{action = \"Import\", controller = \"ReadExcel\"}". Executing controller action with signature "System.Threading.Tasks.Task`1[KU.Repositories.Models.ReadExcelResponse`1[System.Collections.Generic.List`1[KU.Repositories.Models.ReadExcel]]] Import(Microsoft.AspNetCore.Http.IFormFile, System.Threading.CancellationToken)" on controller "KU.WebAPI.Controllers.ReadExcelController" ("KU.WebAPI"). (122b2fdf)
2020-05-13T14:01:38.1921945+04:00 80000040-0000-ff00-b63f-84710c7967bb [INF] Executing action method "KU.WebAPI.Controllers.ReadExcelController.Import (KU.WebAPI)" - Validation state: Valid (dad538d7)
2020-05-13T14:03:14.6675774+04:00 80000040-0000-ff00-b63f-84710c7967bb [INF] Executed action method "KU.WebAPI.Controllers.ReadExcelController.Import (KU.WebAPI)", returned result "Microsoft.AspNetCore.Mvc.ObjectResult" in 96456.6034ms. (50a9e262)
2020-05-13T14:03:15.0042841+04:00 80000040-0000-ff00-b63f-84710c7967bb [INF] Executing ObjectResult, writing value of type '"KU.Repositories.Models.ReadExcelResponse`1[[System.Collections.Generic.List`1[[KU.Repositories.Models.ReadExcel, KU.Repositories, Version=1.0.0.0, Culture=neutral, PublicKeyToken=null]], System.Private.CoreLib, Version=4.0.0.0, Culture=neutral, PublicKeyToken=7cec85d7bea7798e]]"'. (8a1b66c8)
2020-05-13T14:03:21.4343978+04:00 80000040-0000-ff00-b63f-84710c7967bb [INF] Executed action "KU.WebAPI.Controllers.ReadExcelController.Import (KU.WebAPI)" in 103456.1706ms (afa2e885)
2020-05-13T14:03:21.4423643+04:00 80000040-0000-ff00-b63f-84710c7967bb [INF] Executed endpoint '"KU.WebAPI.Controllers.ReadExcelController.Import (KU.WebAPI)"' (99874f2b)
2020-05-13T14:03:21.4484080+04:00 80000040-0000-ff00-b63f-84710c7967bb [INF] Request finished in 104072.1724ms 200 application/json; charset=utf-8 (791a596a)
2020-05-13T16:36:59.0735863+04:00 8000001e-0007-ff00-b63f-84710c7967bb [INF] Request starting HTTP/2.0 GET https://localhost:44317/   (ca22a1cb)
2020-05-13T16:37:00.1594259+04:00 80000022-0002-fe00-b63f-84710c7967bb [INF] Request starting HTTP/2.0 GET https://localhost:44317/index.html   (ca22a1cb)
2020-05-13T16:37:00.1814984+04:00 8000001e-0007-ff00-b63f-84710c7967bb [INF] Request finished in 1099.7544ms 301  (791a596a)
2020-05-13T16:37:00.3568168+04:00 80000022-0002-fe00-b63f-84710c7967bb [INF] Request finished in 197.6135ms 200 text/html (791a596a)
2020-05-13T16:37:00.5117475+04:00 80000010-0006-fd00-b63f-84710c7967bb [INF] Request starting HTTP/2.0 GET https://localhost:44317/swagger-ui-bundle.js   (ca22a1cb)
2020-05-13T16:37:00.5186065+04:00 80000008-0006-fb00-b63f-84710c7967bb [INF] Request starting HTTP/2.0 GET https://localhost:44317/swagger-ui-standalone-preset.js   (ca22a1cb)
2020-05-13T16:37:00.5212634+04:00 80000032-0006-fc00-b63f-84710c7967bb [INF] Request starting HTTP/2.0 GET https://localhost:44317/swagger-ui.css   (ca22a1cb)
2020-05-13T16:37:00.6175676+04:00 80000032-0006-fc00-b63f-84710c7967bb [INF] Sending file. Request path: '"/swagger-ui.css"'. Physical path: '"N/A"' (27b0a520)
2020-05-13T16:37:00.6279038+04:00 80000032-0006-fc00-b63f-84710c7967bb [INF] Request finished in 105.2755ms 200 text/css (791a596a)
2020-05-13T16:37:00.6374105+04:00 80000008-0006-fb00-b63f-84710c7967bb [INF] Sending file. Request path: '"/swagger-ui-standalone-preset.js"'. Physical path: '"N/A"' (27b0a520)
2020-05-13T16:37:00.6434699+04:00 80000008-0006-fb00-b63f-84710c7967bb [INF] Request finished in 125.7818ms 200 application/javascript (791a596a)
2020-05-13T16:37:00.7763835+04:00 80000010-0006-fd00-b63f-84710c7967bb [INF] Sending file. Request path: '"/swagger-ui-bundle.js"'. Physical path: '"N/A"' (27b0a520)
2020-05-13T16:37:00.7817974+04:00 80000010-0006-fd00-b63f-84710c7967bb [INF] Request finished in 274.6277ms 200 application/javascript (791a596a)
2020-05-13T16:37:01.4018754+04:00 80000012-0006-fd00-b63f-84710c7967bb [INF] Request starting HTTP/1.1 GET https://localhost:44317/swagger-ui-bundle.js.map   (ca22a1cb)
2020-05-13T16:37:01.4733045+04:00 80000012-0006-fd00-b63f-84710c7967bb [INF] Sending file. Request path: '"/swagger-ui-bundle.js.map"'. Physical path: '"N/A"' (27b0a520)
2020-05-13T16:37:01.4797887+04:00 80000012-0006-fd00-b63f-84710c7967bb [INF] Request finished in 76.9172ms 200 text/plain (791a596a)
2020-05-13T16:37:02.2744206+04:00 8000002a-0004-fd00-b63f-84710c7967bb [INF] Request starting HTTP/1.1 GET https://localhost:44317/swagger-ui-standalone-preset.js.map   (ca22a1cb)
2020-05-13T16:37:02.3575059+04:00 8000002a-0004-fd00-b63f-84710c7967bb [INF] Sending file. Request path: '"/swagger-ui-standalone-preset.js.map"'. Physical path: '"N/A"' (27b0a520)
2020-05-13T16:37:02.3626202+04:00 8000002a-0004-fd00-b63f-84710c7967bb [INF] Request finished in 91.6514ms 200 text/plain (791a596a)
2020-05-13T16:37:02.6169794+04:00 8000001c-0000-fd00-b63f-84710c7967bb [INF] Request starting HTTP/2.0 GET https://localhost:44317/swagger/v1/swagger.json   (ca22a1cb)
2020-05-13T16:37:02.8194434+04:00 8000001c-0000-fd00-b63f-84710c7967bb [INF] Request finished in 201.7073ms 200 application/json;charset=utf-8 (791a596a)
2020-05-13T16:37:13.6332024+04:00 80000014-0006-fd00-b63f-84710c7967bb [INF] Request starting HTTP/2.0 GET https://localhost:44317/api/Form/listforms?templateID=10   (ca22a1cb)
2020-05-13T16:37:13.6879463+04:00 80000014-0006-fd00-b63f-84710c7967bb [INF] Executing endpoint '"KU.WebAPI.Controllers.FormController.Get (KU.WebAPI)"' (500cc934)
2020-05-13T16:37:13.7675475+04:00 80000014-0006-fd00-b63f-84710c7967bb [INF] Route matched with "{action = \"Get\", controller = \"Form\"}". Executing controller action with signature "Microsoft.AspNetCore.Mvc.IActionResult Get(Int32, Int32, Int32, Int32, Int32, Int32, System.String)" on controller "KU.WebAPI.Controllers.FormController" ("KU.WebAPI"). (122b2fdf)
2020-05-13T16:37:13.7978606+04:00 80000014-0006-fd00-b63f-84710c7967bb [INF] Executing action method "KU.WebAPI.Controllers.FormController.Get (KU.WebAPI)" - Validation state: Valid (dad538d7)
2020-05-13T16:37:26.4843951+04:00 80000014-0006-fd00-b63f-84710c7967bb [INF] Entity Framework Core "2.2.6-servicing-10079" initialized '"ApplicationDbContext"' using provider '"Microsoft.EntityFrameworkCore.SqlServer"' with options: "MigrationsAssembly=KU.WebAPI " (9958f5bb)
2020-05-13T16:37:27.8693936+04:00 80000014-0006-fd00-b63f-84710c7967bb [INF] Executed DbCommand ("360"ms) [Parameters=["@p0='?' (DbType = Int32), @p1='?' (DbType = Int32), @p2='?' (DbType = Int32), @p3='?' (DbType = Int32), @p4='?' (DbType = Int32), @p5='?' (DbType = Int32), @p6='?' (Size = 4000)"], CommandType='Text', CommandTimeout='30']"
""exec sp_listform @p0,@p1,@p2,@p3,@p4,@p5,@p6" (0723d8ff)
2020-05-13T16:37:27.9965031+04:00 80000014-0006-fd00-b63f-84710c7967bb [INF] Executed action method "KU.WebAPI.Controllers.FormController.Get (KU.WebAPI)", returned result "Microsoft.AspNetCore.Mvc.OkObjectResult" in 14189.9064ms. (50a9e262)
2020-05-13T16:37:28.0090492+04:00 80000014-0006-fd00-b63f-84710c7967bb [INF] Executing ObjectResult, writing value of type '"System.Collections.Generic.List`1[[KU.Services.Interfaces.SavedFormViewModel, KU.Services, Version=1.0.0.0, Culture=neutral, PublicKeyToken=null]]"'. (8a1b66c8)
2020-05-13T16:37:28.0271329+04:00 80000014-0006-fd00-b63f-84710c7967bb [INF] Executed action "KU.WebAPI.Controllers.FormController.Get (KU.WebAPI)" in 14249.5375ms (afa2e885)
2020-05-13T16:37:28.0317881+04:00 80000014-0006-fd00-b63f-84710c7967bb [INF] Executed endpoint '"KU.WebAPI.Controllers.FormController.Get (KU.WebAPI)"' (99874f2b)
2020-05-13T16:37:28.0369258+04:00 80000014-0006-fd00-b63f-84710c7967bb [INF] Request finished in 14403.3111ms 200 application/json; charset=utf-8 (791a596a)
2020-05-13T16:37:59.8934251+04:00 80000020-0007-ff00-b63f-84710c7967bb [INF] Request starting HTTP/2.0 GET https://localhost:44317/api/Form/formattributevalues?SavedFormID=10   (ca22a1cb)
2020-05-13T16:37:59.9095935+04:00 80000020-0007-ff00-b63f-84710c7967bb [INF] Executing endpoint '"KU.WebAPI.Controllers.FormController.Get (KU.WebAPI)"' (500cc934)
2020-05-13T16:37:59.9164779+04:00 80000020-0007-ff00-b63f-84710c7967bb [INF] Route matched with "{action = \"Get\", controller = \"Form\"}". Executing controller action with signature "Microsoft.AspNetCore.Mvc.IActionResult Get(Int32)" on controller "KU.WebAPI.Controllers.FormController" ("KU.WebAPI"). (122b2fdf)
2020-05-13T16:37:59.9201008+04:00 80000020-0007-ff00-b63f-84710c7967bb [INF] Executing action method "KU.WebAPI.Controllers.FormController.Get (KU.WebAPI)" - Validation state: Valid (dad538d7)
2020-05-13T16:38:01.9288144+04:00 80000020-0007-ff00-b63f-84710c7967bb [INF] Entity Framework Core "2.2.6-servicing-10079" initialized '"ApplicationDbContext"' using provider '"Microsoft.EntityFrameworkCore.SqlServer"' with options: "MigrationsAssembly=KU.WebAPI " (9958f5bb)
2020-05-13T16:38:03.2589951+04:00 80000020-0007-ff00-b63f-84710c7967bb [INF] Executed DbCommand ("295"ms) [Parameters=["@__SavedFormID_0='?' (DbType = Int64)"], CommandType='Text', CommandTimeout='30']"
""SELECT [R].[FormAttributeValueID], [R].[AttributeValue], [R].[FormAttributeID], [R].[SavedFormID]
FROM [FormAttributeValue] AS [R]
WHERE [R].[SavedFormID] = @__SavedFormID_0
ORDER BY [R].[SavedFormID]" (0723d8ff)
2020-05-13T16:38:03.2735549+04:00 80000020-0007-ff00-b63f-84710c7967bb [INF] Executed action method "KU.WebAPI.Controllers.FormController.Get (KU.WebAPI)", returned result "Microsoft.AspNetCore.Mvc.OkObjectResult" in 3348.2737ms. (50a9e262)
2020-05-13T16:38:03.2771671+04:00 80000020-0007-ff00-b63f-84710c7967bb [INF] Executing ObjectResult, writing value of type '"System.Collections.Generic.List`1[[KU.Repositories.Models.FormAttributeValue, KU.Repositories, Version=1.0.0.0, Culture=neutral, PublicKeyToken=null]]"'. (8a1b66c8)
2020-05-13T16:38:03.3043118+04:00 80000020-0007-ff00-b63f-84710c7967bb [INF] Executed action "KU.WebAPI.Controllers.FormController.Get (KU.WebAPI)" in 3382.9077ms (afa2e885)
2020-05-13T16:38:03.3099162+04:00 80000020-0007-ff00-b63f-84710c7967bb [INF] Executed endpoint '"KU.WebAPI.Controllers.FormController.Get (KU.WebAPI)"' (99874f2b)
2020-05-13T16:38:03.3136249+04:00 80000020-0007-ff00-b63f-84710c7967bb [INF] Request finished in 3420.8534ms 200 application/json; charset=utf-8 (791a596a)
2020-05-13T16:38:32.0428660+04:00 80000002-0004-fb00-b63f-84710c7967bb [INF] Request starting HTTP/2.0 GET https://localhost:44317/api/Form/Questionnaire?SavedformID=71139&TemplateID=10   (ca22a1cb)
2020-05-13T16:38:32.0473827+04:00 80000002-0004-fb00-b63f-84710c7967bb [INF] Executing endpoint '"KU.WebAPI.Controllers.FormController.GetSampleIDAll (KU.WebAPI)"' (500cc934)
2020-05-13T16:38:32.0546268+04:00 80000002-0004-fb00-b63f-84710c7967bb [INF] Route matched with "{action = \"GetSampleIDAll\", controller = \"Form\"}". Executing controller action with signature "Microsoft.AspNetCore.Mvc.IActionResult GetSampleIDAll(Int32, Int32)" on controller "KU.WebAPI.Controllers.FormController" ("KU.WebAPI"). (122b2fdf)
2020-05-13T16:38:32.0598553+04:00 80000002-0004-fb00-b63f-84710c7967bb [INF] Executing action method "KU.WebAPI.Controllers.FormController.GetSampleIDAll (KU.WebAPI)" - Validation state: Valid (dad538d7)
2020-05-13T16:38:33.9365650+04:00 80000002-0004-fb00-b63f-84710c7967bb [INF] Entity Framework Core "2.2.6-servicing-10079" initialized '"ApplicationDbContext"' using provider '"Microsoft.EntityFrameworkCore.SqlServer"' with options: "MigrationsAssembly=KU.WebAPI " (9958f5bb)
2020-05-13T16:38:37.6659740+04:00 80000002-0004-fb00-b63f-84710c7967bb [INF] Executed DbCommand ("1,140"ms) [Parameters=["@p0='?' (DbType = Int32), @p1='?' (DbType = Int32), @p2='?' (DbType = Int32)"], CommandType='Text', CommandTimeout='30']"
""sp_getrecords @p0,@p1,@p2" (0723d8ff)
2020-05-13T16:38:38.0056187+04:00 80000002-0004-fb00-b63f-84710c7967bb [INF] Executed action method "KU.WebAPI.Controllers.FormController.GetSampleIDAll (KU.WebAPI)", returned result "Microsoft.AspNetCore.Mvc.OkObjectResult" in 5940.2095ms. (50a9e262)
2020-05-13T16:38:38.0096581+04:00 80000002-0004-fb00-b63f-84710c7967bb [INF] Executing ObjectResult, writing value of type '"System.Collections.Generic.List`1[[KU.Repositories.Models.Questionnaire9, KU.Repositories, Version=1.0.0.0, Culture=neutral, PublicKeyToken=null]]"'. (8a1b66c8)
2020-05-13T16:38:38.4142455+04:00 80000002-0004-fb00-b63f-84710c7967bb [INF] Executed action "KU.WebAPI.Controllers.FormController.GetSampleIDAll (KU.WebAPI)" in 6355.1939ms (afa2e885)
2020-05-13T16:38:38.4183378+04:00 80000002-0004-fb00-b63f-84710c7967bb [INF] Executed endpoint '"KU.WebAPI.Controllers.FormController.GetSampleIDAll (KU.WebAPI)"' (99874f2b)
2020-05-13T16:38:38.4225617+04:00 80000002-0004-fb00-b63f-84710c7967bb [INF] Request finished in 6380.8407ms 200 application/json; charset=utf-8 (791a596a)
2020-05-13T16:39:20.8528028+04:00 8000001f-0001-ff00-b63f-84710c7967bb [INF] Request starting HTTP/2.0 GET https://localhost:44317/api/Form/listforms?templateID=11   (ca22a1cb)
2020-05-13T16:39:20.8573239+04:00 8000001f-0001-ff00-b63f-84710c7967bb [INF] Executing endpoint '"KU.WebAPI.Controllers.FormController.Get (KU.WebAPI)"' (500cc934)
2020-05-13T16:39:20.8613690+04:00 8000001f-0001-ff00-b63f-84710c7967bb [INF] Route matched with "{action = \"Get\", controller = \"Form\"}". Executing controller action with signature "Microsoft.AspNetCore.Mvc.IActionResult Get(Int32, Int32, Int32, Int32, Int32, Int32, System.String)" on controller "KU.WebAPI.Controllers.FormController" ("KU.WebAPI"). (122b2fdf)
2020-05-13T16:39:20.8663210+04:00 8000001f-0001-ff00-b63f-84710c7967bb [INF] Executing action method "KU.WebAPI.Controllers.FormController.Get (KU.WebAPI)" - Validation state: Valid (dad538d7)
2020-05-13T16:39:22.9001234+04:00 8000001f-0001-ff00-b63f-84710c7967bb [INF] Entity Framework Core "2.2.6-servicing-10079" initialized '"ApplicationDbContext"' using provider '"Microsoft.EntityFrameworkCore.SqlServer"' with options: "MigrationsAssembly=KU.WebAPI " (9958f5bb)
2020-05-13T16:39:22.9147071+04:00 8000001f-0001-ff00-b63f-84710c7967bb [INF] Executed DbCommand ("5"ms) [Parameters=["@p0='?' (DbType = Int32), @p1='?' (DbType = Int32), @p2='?' (DbType = Int32), @p3='?' (DbType = Int32), @p4='?' (DbType = Int32), @p5='?' (DbType = Int32), @p6='?' (Size = 4000)"], CommandType='Text', CommandTimeout='30']"
""exec sp_listform @p0,@p1,@p2,@p3,@p4,@p5,@p6" (0723d8ff)
2020-05-13T16:39:22.9216030+04:00 8000001f-0001-ff00-b63f-84710c7967bb [INF] Executed action method "KU.WebAPI.Controllers.FormController.Get (KU.WebAPI)", returned result "Microsoft.AspNetCore.Mvc.OkObjectResult" in 2048.7068ms. (50a9e262)
2020-05-13T16:39:22.9272661+04:00 8000001f-0001-ff00-b63f-84710c7967bb [INF] Executing ObjectResult, writing value of type '"System.Collections.Generic.List`1[[KU.Services.Interfaces.SavedFormViewModel, KU.Services, Version=1.0.0.0, Culture=neutral, PublicKeyToken=null]]"'. (8a1b66c8)
2020-05-13T16:39:22.9582726+04:00 8000001f-0001-ff00-b63f-84710c7967bb [INF] Executed action "KU.WebAPI.Controllers.FormController.Get (KU.WebAPI)" in 2066.1635ms (afa2e885)
2020-05-13T16:39:22.9621696+04:00 8000001f-0001-ff00-b63f-84710c7967bb [INF] Executed endpoint '"KU.WebAPI.Controllers.FormController.Get (KU.WebAPI)"' (99874f2b)
2020-05-13T16:39:22.9647904+04:00 8000001f-0001-ff00-b63f-84710c7967bb [INF] Request finished in 2114.0945ms 200 application/json; charset=utf-8 (791a596a)
2020-05-13T16:39:31.8484090+04:00 80000022-0007-ff00-b63f-84710c7967bb [INF] Request starting HTTP/2.0 GET https://localhost:44317/api/Form/formattributevalues?SavedFormID=11   (ca22a1cb)
2020-05-13T16:39:31.8549742+04:00 80000022-0007-ff00-b63f-84710c7967bb [INF] Executing endpoint '"KU.WebAPI.Controllers.FormController.Get (KU.WebAPI)"' (500cc934)
2020-05-13T16:39:31.8625974+04:00 80000022-0007-ff00-b63f-84710c7967bb [INF] Route matched with "{action = \"Get\", controller = \"Form\"}". Executing controller action with signature "Microsoft.AspNetCore.Mvc.IActionResult Get(Int32)" on controller "KU.WebAPI.Controllers.FormController" ("KU.WebAPI"). (122b2fdf)
2020-05-13T16:39:31.8698737+04:00 80000022-0007-ff00-b63f-84710c7967bb [INF] Executing action method "KU.WebAPI.Controllers.FormController.Get (KU.WebAPI)" - Validation state: Valid (dad538d7)
2020-05-13T16:39:33.1960084+04:00 80000022-0007-ff00-b63f-84710c7967bb [INF] Entity Framework Core "2.2.6-servicing-10079" initialized '"ApplicationDbContext"' using provider '"Microsoft.EntityFrameworkCore.SqlServer"' with options: "MigrationsAssembly=KU.WebAPI " (9958f5bb)
2020-05-13T16:39:33.2742490+04:00 80000022-0007-ff00-b63f-84710c7967bb [INF] Executed DbCommand ("19"ms) [Parameters=["@__SavedFormID_0='?' (DbType = Int64)"], CommandType='Text', CommandTimeout='30']"
""SELECT [R].[FormAttributeValueID], [R].[AttributeValue], [R].[FormAttributeID], [R].[SavedFormID]
FROM [FormAttributeValue] AS [R]
WHERE [R].[SavedFormID] = @__SavedFormID_0
ORDER BY [R].[SavedFormID]" (0723d8ff)
2020-05-13T16:39:33.2797288+04:00 80000022-0007-ff00-b63f-84710c7967bb [INF] Executed action method "KU.WebAPI.Controllers.FormController.Get (KU.WebAPI)", returned result "Microsoft.AspNetCore.Mvc.OkObjectResult" in 1406.1679ms. (50a9e262)
2020-05-13T16:39:33.2844809+04:00 80000022-0007-ff00-b63f-84710c7967bb [INF] Executing ObjectResult, writing value of type '"System.Collections.Generic.List`1[[KU.Repositories.Models.FormAttributeValue, KU.Repositories, Version=1.0.0.0, Culture=neutral, PublicKeyToken=null]]"'. (8a1b66c8)
2020-05-13T16:39:33.2916585+04:00 80000022-0007-ff00-b63f-84710c7967bb [INF] Executed action "KU.WebAPI.Controllers.FormController.Get (KU.WebAPI)" in 1423.8725ms (afa2e885)
2020-05-13T16:39:33.2945450+04:00 80000022-0007-ff00-b63f-84710c7967bb [INF] Executed endpoint '"KU.WebAPI.Controllers.FormController.Get (KU.WebAPI)"' (99874f2b)
2020-05-13T16:39:33.2974738+04:00 80000022-0007-ff00-b63f-84710c7967bb [INF] Request finished in 1451.2494ms 200 application/json; charset=utf-8 (791a596a)
2020-05-13T16:39:47.0813033+04:00 80000018-0006-fd00-b63f-84710c7967bb [INF] Request starting HTTP/2.0 GET https://localhost:44317/api/Form/Questionnaire?SavedformID=71140&TemplateID=11   (ca22a1cb)
2020-05-13T16:39:47.0867757+04:00 80000018-0006-fd00-b63f-84710c7967bb [INF] Executing endpoint '"KU.WebAPI.Controllers.FormController.GetSampleIDAll (KU.WebAPI)"' (500cc934)
2020-05-13T16:39:47.0919061+04:00 80000018-0006-fd00-b63f-84710c7967bb [INF] Route matched with "{action = \"GetSampleIDAll\", controller = \"Form\"}". Executing controller action with signature "Microsoft.AspNetCore.Mvc.IActionResult GetSampleIDAll(Int32, Int32)" on controller "KU.WebAPI.Controllers.FormController" ("KU.WebAPI"). (122b2fdf)
2020-05-13T16:39:47.0964254+04:00 80000018-0006-fd00-b63f-84710c7967bb [INF] Executing action method "KU.WebAPI.Controllers.FormController.GetSampleIDAll (KU.WebAPI)" - Validation state: Valid (dad538d7)
2020-05-13T16:39:48.7509200+04:00 80000018-0006-fd00-b63f-84710c7967bb [INF] Entity Framework Core "2.2.6-servicing-10079" initialized '"ApplicationDbContext"' using provider '"Microsoft.EntityFrameworkCore.SqlServer"' with options: "MigrationsAssembly=KU.WebAPI " (9958f5bb)
2020-05-13T16:39:48.8953142+04:00 80000018-0006-fd00-b63f-84710c7967bb [INF] Executed DbCommand ("79"ms) [Parameters=["@p0='?' (DbType = Int32), @p1='?' (DbType = Int32), @p2='?' (DbType = Int32)"], CommandType='Text', CommandTimeout='30']"
""sp_getrecords @p0,@p1,@p2" (0723d8ff)
2020-05-13T16:39:49.0865669+04:00 80000018-0006-fd00-b63f-84710c7967bb [INF] Executed action method "KU.WebAPI.Controllers.FormController.GetSampleIDAll (KU.WebAPI)", returned result "Microsoft.AspNetCore.Mvc.OkObjectResult" in 1986.6872ms. (50a9e262)
2020-05-13T16:39:49.0891213+04:00 80000018-0006-fd00-b63f-84710c7967bb [INF] Executing ObjectResult, writing value of type '"System.Collections.Generic.List`1[[KU.Repositories.Models.Questionnaire10, KU.Repositories, Version=1.0.0.0, Culture=neutral, PublicKeyToken=null]]"'. (8a1b66c8)
2020-05-13T16:39:49.1887299+04:00 80000018-0006-fd00-b63f-84710c7967bb [INF] Executed action "KU.WebAPI.Controllers.FormController.GetSampleIDAll (KU.WebAPI)" in 2092.2934ms (afa2e885)
2020-05-13T16:39:49.1914053+04:00 80000018-0006-fd00-b63f-84710c7967bb [INF] Executed endpoint '"KU.WebAPI.Controllers.FormController.GetSampleIDAll (KU.WebAPI)"' (99874f2b)
2020-05-13T16:39:49.1940880+04:00 80000018-0006-fd00-b63f-84710c7967bb [INF] Request finished in 2114.4684ms 200 application/json; charset=utf-8 (791a596a)
2020-05-13T16:40:05.1029261+04:00 80000024-0002-fe00-b63f-84710c7967bb [INF] Request starting HTTP/2.0 GET https://localhost:44317/api/Report/Reports?TemplateID=11   (ca22a1cb)
2020-05-13T16:40:05.1081401+04:00 80000024-0002-fe00-b63f-84710c7967bb [INF] Executing endpoint '"KU.WebAPI.Controllers.ReportController.GetReport (KU.WebAPI)"' (500cc934)
2020-05-13T16:40:05.1169760+04:00 80000024-0002-fe00-b63f-84710c7967bb [INF] Route matched with "{action = \"GetReport\", controller = \"Report\"}". Executing controller action with signature "Microsoft.AspNetCore.Mvc.IActionResult GetReport(Int64, Int64, System.String, System.String, System.String, System.String, System.String, System.String, System.String, System.String, System.String, Int32, Int32, Int32, Int32, System.String)" on controller "KU.WebAPI.Controllers.ReportController" ("KU.WebAPI"). (122b2fdf)
2020-05-13T16:40:05.1208593+04:00 80000024-0002-fe00-b63f-84710c7967bb [INF] Executing action method "KU.WebAPI.Controllers.ReportController.GetReport (KU.WebAPI)" - Validation state: Valid (dad538d7)
2020-05-13T16:40:06.9436956+04:00 80000024-0002-fe00-b63f-84710c7967bb [INF] Entity Framework Core "2.2.6-servicing-10079" initialized '"ApplicationDbContext"' using provider '"Microsoft.EntityFrameworkCore.SqlServer"' with options: "MigrationsAssembly=KU.WebAPI " (9958f5bb)
2020-05-13T16:40:07.7745315+04:00 80000024-0002-fe00-b63f-84710c7967bb [INF] Executed DbCommand ("718"ms) [Parameters=["@p0='?' (DbType = Int32), @p1='?' (DbType = Int32), @p2='?' (DbType = Int32), @p3='?' (DbType = Int32), @p4='?' (DbType = Int64), @p5='?' (DbType = Int64), @p6='?', @p7='?' (Size = 4000), @p8='?' (Size = 4000), @p9='?' (Size = 4000), @p10='?' (Size = 4000), @p11='?', @p12='?' (Size = 4000), @p13='?' (Size = 4000), @p14='?' (Size = 4000), @p15='?' (Size = 4000)"], CommandType='Text', CommandTimeout='30']"
""SP_GETDATA @p0,@p1,@p2,@p3,@p4,@p5,@p6,@p7,@p8,@p9,@p10,@p11,@p12,@p13,@p14,@p15" (0723d8ff)
2020-05-13T16:40:08.0118059+04:00 80000024-0002-fe00-b63f-84710c7967bb [INF] Executed action method "KU.WebAPI.Controllers.ReportController.GetReport (KU.WebAPI)", returned result "Microsoft.AspNetCore.Mvc.OkObjectResult" in 2887.342ms. (50a9e262)
2020-05-13T16:40:08.0165623+04:00 80000024-0002-fe00-b63f-84710c7967bb [INF] Executing ObjectResult, writing value of type '"KU.Repositories.Models.QuestionnaireWrap10"'. (8a1b66c8)
2020-05-13T16:40:08.1292353+04:00 80000024-0002-fe00-b63f-84710c7967bb [INF] Executed action "KU.WebAPI.Controllers.ReportController.GetReport (KU.WebAPI)" in 3007.8802ms (afa2e885)
2020-05-13T16:40:08.1343562+04:00 80000024-0002-fe00-b63f-84710c7967bb [INF] Executed endpoint '"KU.WebAPI.Controllers.ReportController.GetReport (KU.WebAPI)"' (99874f2b)
2020-05-13T16:40:08.1385732+04:00 80000024-0002-fe00-b63f-84710c7967bb [INF] Request finished in 3037.6231ms 200 application/json; charset=utf-8 (791a596a)
