2020-07-12T16:51:41.9870669+04:00 80000002-0003-ff00-b63f-84710c7967bb [INF] Request starting HTTP/2.0 GET https://localhost:44317/   (ca22a1cb)
2020-07-12T16:51:45.1382620+04:00 80000003-0004-fe00-b63f-84710c7967bb [INF] Request starting HTTP/2.0 GET https://localhost:44317/index.html   (ca22a1cb)
2020-07-12T16:51:45.5481662+04:00 80000002-0003-ff00-b63f-84710c7967bb [INF] Request finished in 3242.4044ms 301  (791a596a)
2020-07-12T16:51:46.3937339+04:00 80000003-0004-fe00-b63f-84710c7967bb [INF] Request finished in 1252.9657ms 200 text/html (791a596a)
2020-07-12T16:51:46.5191156+04:00 80000002-0003-fd00-b63f-84710c7967bb [INF] Request starting HTTP/2.0 GET https://localhost:44317/swagger-ui-standalone-preset.js   (ca22a1cb)
2020-07-12T16:51:46.5307422+04:00 80000004-0003-ff00-b63f-84710c7967bb [INF] Request starting HTTP/2.0 GET https://localhost:44317/swagger-ui.css   (ca22a1cb)
2020-07-12T16:51:46.5382275+04:00 80000002-0003-fe00-b63f-84710c7967bb [INF] Request starting HTTP/2.0 GET https://localhost:44317/swagger-ui-bundle.js   (ca22a1cb)
2020-07-12T16:51:46.7186405+04:00 80000004-0003-ff00-b63f-84710c7967bb [INF] Sending file. Request path: '"/swagger-ui.css"'. Physical path: '"N/A"' (27b0a520)
2020-07-12T16:51:46.7435497+04:00 80000004-0003-ff00-b63f-84710c7967bb [INF] Request finished in 209.3493ms 200 text/css (791a596a)
2020-07-12T16:51:46.8379120+04:00 80000002-0003-fd00-b63f-84710c7967bb [INF] Sending file. Request path: '"/swagger-ui-standalone-preset.js"'. Physical path: '"N/A"' (27b0a520)
2020-07-12T16:51:46.8493561+04:00 80000002-0003-fd00-b63f-84710c7967bb [INF] Request finished in 345.296ms 200 application/javascript (791a596a)
2020-07-12T16:51:46.8819289+04:00 80000002-0003-fe00-b63f-84710c7967bb [INF] Sending file. Request path: '"/swagger-ui-bundle.js"'. Physical path: '"N/A"' (27b0a520)
2020-07-12T16:51:46.8870156+04:00 80000002-0003-fe00-b63f-84710c7967bb [INF] Request finished in 356.2221ms 200 application/javascript (791a596a)
2020-07-12T16:51:47.4685166+04:00 80000002-0002-fe00-b63f-84710c7967bb [INF] Request starting HTTP/2.0 GET https://localhost:44317/swagger/v1/swagger.json   (ca22a1cb)
2020-07-12T16:51:47.9984043+04:00 80000002-0002-fd00-b63f-84710c7967bb [INF] Request starting HTTP/2.0 GET https://localhost:44317/favicon-32x32.png   (ca22a1cb)
2020-07-12T16:51:48.0765359+04:00 80000002-0002-fd00-b63f-84710c7967bb [INF] Sending file. Request path: '"/favicon-32x32.png"'. Physical path: '"N/A"' (27b0a520)
2020-07-12T16:51:48.0870812+04:00 80000002-0002-fd00-b63f-84710c7967bb [INF] Request finished in 85.532ms 200 image/png (791a596a)
2020-07-12T16:51:49.0309229+04:00 80000002-0002-fe00-b63f-84710c7967bb [INF] Request finished in 1564.2123ms 200 application/json;charset=utf-8 (791a596a)
2020-07-12T16:53:28.4942554+04:00 80000006-0006-fd00-b63f-84710c7967bb [INF] Request starting HTTP/2.0 GET https://localhost:44317/api/Form/Questionnaire?TemplateID=11   (ca22a1cb)
2020-07-12T16:53:29.5758915+04:00 80000006-0006-fd00-b63f-84710c7967bb [INF] Executing endpoint '"KU.WebAPI.Controllers.FormController.GetSampleIDAll (KU.WebAPI)"' (500cc934)
2020-07-12T16:53:29.7607036+04:00 80000006-0006-fd00-b63f-84710c7967bb [INF] Route matched with "{action = \"GetSampleIDAll\", controller = \"Form\"}". Executing controller action with signature "Microsoft.AspNetCore.Mvc.IActionResult GetSampleIDAll(Int32, Int32)" on controller "KU.WebAPI.Controllers.FormController" ("KU.WebAPI"). (122b2fdf)
2020-07-12T16:53:29.8941735+04:00 80000006-0006-fd00-b63f-84710c7967bb [INF] Executing action method "KU.WebAPI.Controllers.FormController.GetSampleIDAll (KU.WebAPI)" - Validation state: Valid (dad538d7)
2020-07-12T16:53:46.3877600+04:00 80000006-0006-fd00-b63f-84710c7967bb [INF] Entity Framework Core "2.2.6-servicing-10079" initialized '"ApplicationDbContext"' using provider '"Microsoft.EntityFrameworkCore.SqlServer"' with options: "MigrationsAssembly=KU.WebAPI " (9958f5bb)
2020-07-12T16:54:16.5596734+04:00 80000006-0006-fd00-b63f-84710c7967bb [INF] Executed DbCommand ("23,890"ms) [Parameters=["@p0='?' (DbType = Int32), @p1='?' (DbType = Int32)"], CommandType='Text', CommandTimeout='30']"
""sp_getrecords @p0,@p1" (0723d8ff)
2020-07-12T16:54:27.7885702+04:00 80000006-0006-fd00-b63f-84710c7967bb [INF] Executed action method "KU.WebAPI.Controllers.FormController.GetSampleIDAll (KU.WebAPI)", returned result "Microsoft.AspNetCore.Mvc.OkObjectResult" in 57875.842ms. (50a9e262)
2020-07-12T16:54:27.8584356+04:00 80000006-0006-fd00-b63f-84710c7967bb [INF] Executing ObjectResult, writing value of type '"System.Collections.Generic.List`1[[KU.Repositories.Models.Questionnaire10, KU.Repositories, Version=1.0.0.0, Culture=neutral, PublicKeyToken=null]]"'. (8a1b66c8)
2020-07-12T16:54:28.3103798+04:00 80000006-0006-fd00-b63f-84710c7967bb [INF] Executed action "KU.WebAPI.Controllers.FormController.GetSampleIDAll (KU.WebAPI)" in 58535.5393ms (afa2e885)
2020-07-12T16:54:28.3165361+04:00 80000006-0006-fd00-b63f-84710c7967bb [INF] Executed endpoint '"KU.WebAPI.Controllers.FormController.GetSampleIDAll (KU.WebAPI)"' (99874f2b)
2020-07-12T16:54:28.3271248+04:00 80000006-0006-fd00-b63f-84710c7967bb [INF] Request finished in 59828.3131ms 200 application/json; charset=utf-8 (791a596a)
2020-07-12T16:56:17.9114676+04:00 80000004-0002-fe00-b63f-84710c7967bb [INF] Request starting HTTP/2.0 GET https://localhost:44317/index.html   (ca22a1cb)
2020-07-12T16:56:17.9523110+04:00 80000004-0002-fe00-b63f-84710c7967bb [INF] Request finished in 83.9249ms 200 text/html (791a596a)
2020-07-12T17:03:08.4416759+04:00 80000004-0000-ff00-b63f-84710c7967bb [INF] Request starting HTTP/2.0 GET https://localhost:44317/index.html   (ca22a1cb)
2020-07-12T17:03:09.4671980+04:00 80000004-0000-ff00-b63f-84710c7967bb [INF] Request finished in 1016.9293ms 200 text/html (791a596a)
2020-07-12T17:03:10.5407324+04:00 80000004-0003-fe00-b63f-84710c7967bb [INF] Request starting HTTP/2.0 GET https://localhost:44317/swagger/v1/swagger.json   (ca22a1cb)
2020-07-12T17:03:10.9505693+04:00 80000004-0003-fe00-b63f-84710c7967bb [INF] Request finished in 416.4812ms 200 application/json;charset=utf-8 (791a596a)
2020-07-12T17:03:19.7639943+04:00 80000006-0000-ff00-b63f-84710c7967bb [INF] Request starting HTTP/2.0 GET https://localhost:44317/api/Form/listforms?templateID=11   (ca22a1cb)
2020-07-12T17:03:19.9006309+04:00 80000006-0000-ff00-b63f-84710c7967bb [INF] Executing endpoint '"KU.WebAPI.Controllers.FormController.Get (KU.WebAPI)"' (500cc934)
2020-07-12T17:03:19.9704367+04:00 80000006-0000-ff00-b63f-84710c7967bb [INF] Route matched with "{action = \"Get\", controller = \"Form\"}". Executing controller action with signature "Microsoft.AspNetCore.Mvc.IActionResult Get(Int32, Int32, Int32, Int32, Int32, Int32, System.String)" on controller "KU.WebAPI.Controllers.FormController" ("KU.WebAPI"). (122b2fdf)
2020-07-12T17:03:20.0600932+04:00 80000006-0000-ff00-b63f-84710c7967bb [INF] Executing action method "KU.WebAPI.Controllers.FormController.Get (KU.WebAPI)" - Validation state: Valid (dad538d7)
2020-07-12T17:03:36.7468525+04:00 80000006-0000-ff00-b63f-84710c7967bb [INF] Entity Framework Core "2.2.6-servicing-10079" initialized '"ApplicationDbContext"' using provider '"Microsoft.EntityFrameworkCore.SqlServer"' with options: "MigrationsAssembly=KU.WebAPI " (9958f5bb)
2020-07-12T17:03:39.5733191+04:00 80000006-0000-ff00-b63f-84710c7967bb [INF] Executed DbCommand ("1,896"ms) [Parameters=["@p0='?' (DbType = Int32), @p1='?' (DbType = Int32), @p2='?' (DbType = Int32), @p3='?' (DbType = Int32), @p4='?' (DbType = Int32), @p5='?' (DbType = Int32), @p6='?' (Size = 4000)"], CommandType='Text', CommandTimeout='30']"
""exec sp_listform @p0,@p1,@p2,@p3,@p4,@p5,@p6" (0723d8ff)
2020-07-12T17:03:40.0192437+04:00 80000006-0000-ff00-b63f-84710c7967bb [INF] Executed action method "KU.WebAPI.Controllers.FormController.Get (KU.WebAPI)", returned result "Microsoft.AspNetCore.Mvc.OkObjectResult" in 19933.0268ms. (50a9e262)
2020-07-12T17:03:40.0447446+04:00 80000006-0000-ff00-b63f-84710c7967bb [INF] Executing ObjectResult, writing value of type '"System.Collections.Generic.List`1[[KU.Services.Interfaces.SavedFormViewModel, KU.Services, Version=1.0.0.0, Culture=neutral, PublicKeyToken=null]]"'. (8a1b66c8)
2020-07-12T17:03:40.0907476+04:00 80000006-0000-ff00-b63f-84710c7967bb [INF] Executed action "KU.WebAPI.Controllers.FormController.Get (KU.WebAPI)" in 20105.9273ms (afa2e885)
2020-07-12T17:03:40.0986741+04:00 80000006-0000-ff00-b63f-84710c7967bb [INF] Executed endpoint '"KU.WebAPI.Controllers.FormController.Get (KU.WebAPI)"' (99874f2b)
2020-07-12T17:03:40.1062910+04:00 80000006-0000-ff00-b63f-84710c7967bb [INF] Request finished in 20342.285ms 200 application/json; charset=utf-8 (791a596a)
2020-07-12T17:05:37.9636441+04:00 80000008-0000-ff00-b63f-84710c7967bb [INF] Request starting HTTP/2.0 GET https://localhost:44317/api/Form/Questionnaire?SavedformID=4676&TemplateID=11   (ca22a1cb)
2020-07-12T17:05:37.9940227+04:00 80000008-0000-ff00-b63f-84710c7967bb [INF] Executing endpoint '"KU.WebAPI.Controllers.FormController.GetSampleIDAll (KU.WebAPI)"' (500cc934)
2020-07-12T17:05:38.0335043+04:00 80000008-0000-ff00-b63f-84710c7967bb [INF] Route matched with "{action = \"GetSampleIDAll\", controller = \"Form\"}". Executing controller action with signature "Microsoft.AspNetCore.Mvc.IActionResult GetSampleIDAll(Int32, Int32)" on controller "KU.WebAPI.Controllers.FormController" ("KU.WebAPI"). (122b2fdf)
2020-07-12T17:05:38.0417661+04:00 80000008-0000-ff00-b63f-84710c7967bb [INF] Executing action method "KU.WebAPI.Controllers.FormController.GetSampleIDAll (KU.WebAPI)" - Validation state: Valid (dad538d7)
2020-07-12T17:05:40.4232691+04:00 80000008-0000-ff00-b63f-84710c7967bb [INF] Entity Framework Core "2.2.6-servicing-10079" initialized '"ApplicationDbContext"' using provider '"Microsoft.EntityFrameworkCore.SqlServer"' with options: "MigrationsAssembly=KU.WebAPI " (9958f5bb)
2020-07-12T17:06:07.6585490+04:00 80000008-0000-ff00-b63f-84710c7967bb [INF] Executed DbCommand ("27,048"ms) [Parameters=["@p0='?' (DbType = Int32), @p1='?' (DbType = Int32), @p2='?' (DbType = Int32)"], CommandType='Text', CommandTimeout='30']"
""sp_getrecords @p0,@p1,@p2" (0723d8ff)
2020-07-12T17:06:08.3611303+04:00 80000008-0000-ff00-b63f-84710c7967bb [INF] Executed action method "KU.WebAPI.Controllers.FormController.GetSampleIDAll (KU.WebAPI)", returned result "Microsoft.AspNetCore.Mvc.OkObjectResult" in 30273.734ms. (50a9e262)
2020-07-12T17:06:08.3809610+04:00 80000008-0000-ff00-b63f-84710c7967bb [INF] Executing ObjectResult, writing value of type '"System.Collections.Generic.List`1[[KU.Repositories.Models.Questionnaire10, KU.Repositories, Version=1.0.0.0, Culture=neutral, PublicKeyToken=null]]"'. (8a1b66c8)
2020-07-12T17:06:08.8507511+04:00 80000008-0000-ff00-b63f-84710c7967bb [INF] Executed action "KU.WebAPI.Controllers.FormController.GetSampleIDAll (KU.WebAPI)" in 30798.2906ms (afa2e885)
2020-07-12T17:06:08.8624831+04:00 80000008-0000-ff00-b63f-84710c7967bb [INF] Executed endpoint '"KU.WebAPI.Controllers.FormController.GetSampleIDAll (KU.WebAPI)"' (99874f2b)
2020-07-12T17:06:08.8875742+04:00 80000008-0000-ff00-b63f-84710c7967bb [INF] Request finished in 30906.0837ms 200 application/json; charset=utf-8 (791a596a)
