2020-05-12T10:27:38.2035017+04:00 8000000d-0003-ff00-b63f-84710c7967bb [INF] Request starting HTTP/2.0 GET https://localhost:44317/index.html   (ca22a1cb)
2020-05-12T10:27:40.6187509+04:00 8000000d-0003-ff00-b63f-84710c7967bb [INF] Request finished in 2419.853ms 200 text/html (791a596a)
2020-05-12T10:27:41.7429183+04:00 8000000d-0002-fe00-b63f-84710c7967bb [INF] Request starting HTTP/2.0 GET https://localhost:44317/swagger/v1/swagger.json   (ca22a1cb)
2020-05-12T10:27:42.0379227+04:00 8000000d-0002-fe00-b63f-84710c7967bb [INF] Request finished in 304.9021ms 200 application/json;charset=utf-8 (791a596a)
2020-05-12T11:13:10.3669010+04:00 80000002-0001-fd00-b63f-84710c7967bb [INF] Request starting HTTP/2.0 GET https://localhost:44317/api/Report/Reports?TemplateID=10&SectionID=9   (ca22a1cb)
2020-05-12T11:13:10.6211281+04:00 80000002-0001-fd00-b63f-84710c7967bb [INF] Executing endpoint '"KU.WebAPI.Controllers.ReportController.GetReport (KU.WebAPI)"' (500cc934)
2020-05-12T11:13:10.9094699+04:00 80000002-0001-fd00-b63f-84710c7967bb [INF] Route matched with "{action = \"GetReport\", controller = \"Report\"}". Executing controller action with signature "Microsoft.AspNetCore.Mvc.IActionResult GetReport(Int64, System.String, System.String, System.String, System.String, System.String, System.String, System.String, System.String, System.String, System.String, Int32, Int32, Int32, Int32, System.String)" on controller "KU.WebAPI.Controllers.ReportController" ("KU.WebAPI"). (122b2fdf)
2020-05-12T11:13:10.9753135+04:00 80000002-0001-fd00-b63f-84710c7967bb [INF] Executing action method "KU.WebAPI.Controllers.ReportController.GetReport (KU.WebAPI)" - Validation state: Valid (dad538d7)
2020-05-12T11:13:16.3929361+04:00 80000002-0001-fd00-b63f-84710c7967bb [INF] Entity Framework Core "2.2.6-servicing-10079" initialized '"ApplicationDbContext"' using provider '"Microsoft.EntityFrameworkCore.SqlServer"' with options: "MigrationsAssembly=KU.WebAPI " (9958f5bb)
2020-05-12T11:13:18.4719234+04:00 80000002-0001-fd00-b63f-84710c7967bb [INF] Executed DbCommand ("260"ms) [Parameters=["@p0='?' (DbType = Int32), @p1='?' (DbType = Int32), @p2='?' (DbType = Int32), @p3='?' (DbType = Int32), @p4='?' (DbType = Int64), @p5='?' (Size = 4000), @p6='?', @p7='?' (Size = 4000), @p8='?' (Size = 4000), @p9='?' (Size = 4000), @p10='?' (Size = 4000), @p11='?', @p12='?' (Size = 4000), @p13='?' (Size = 4000), @p14='?' (Size = 4000), @p15='?' (Size = 4000)"], CommandType='Text', CommandTimeout='30']"
""SP_GETDATA @p0,@p1,@p2,@p3,@p4,@p5,@p6,@p7,@p8,@p9,@p10,@p11,@p12,@p13,@p14,@p15" (0723d8ff)
2020-05-12T11:13:18.9567851+04:00 80000002-0001-fd00-b63f-84710c7967bb [ERR] An exception occurred while iterating over the results of a query for context type '"KU.Repositories.ApplicationDbContext"'."
""System.InvalidOperationException: The required column 'Anti_Dyslipidemia_Fibrates' was not present in the results of a 'FromSql' operation.
   at Microsoft.EntityFrameworkCore.Query.Sql.Internal.FromSqlNonComposedQuerySqlGenerator.CreateValueBufferFactory(IRelationalValueBufferFactoryFactory relationalValueBufferFactoryFactory, DbDataReader dataReader)
   at Microsoft.EntityFrameworkCore.Query.Internal.ShaperCommandContext.<NotifyReaderCreated>b__14_0(FactoryAndReader s)
   at Microsoft.EntityFrameworkCore.Internal.NonCapturingLazyInitializer.EnsureInitialized[TParam,TValue](TValue& target, TParam param, Func`2 valueFactory)
   at Microsoft.EntityFrameworkCore.Query.Internal.ShaperCommandContext.NotifyReaderCreated(DbDataReader dataReader)
   at Microsoft.EntityFrameworkCore.Query.Internal.QueryingEnumerable`1.Enumerator.BufferlessMoveNext(DbContext _, Boolean buffer)
   at Microsoft.EntityFrameworkCore.SqlServer.Storage.Internal.SqlServerExecutionStrategy.Execute[TState,TResult](TState state, Func`3 operation, Func`3 verifySucceeded)
   at Microsoft.EntityFrameworkCore.Query.Internal.QueryingEnumerable`1.Enumerator.MoveNext()
   at Microsoft.EntityFrameworkCore.Query.Internal.LinqOperatorProvider._TrackEntities[TOut,TIn](IEnumerable`1 results, QueryContext queryContext, IList`1 entityTrackingInfos, IList`1 entityAccessors)+MoveNext()
   at Microsoft.EntityFrameworkCore.Query.Internal.LinqOperatorProvider.ExceptionInterceptor`1.EnumeratorExceptionInterceptor.MoveNext()" (f5c7ac34)
System.InvalidOperationException: The required column 'Anti_Dyslipidemia_Fibrates' was not present in the results of a 'FromSql' operation.
   at Microsoft.EntityFrameworkCore.Query.Sql.Internal.FromSqlNonComposedQuerySqlGenerator.CreateValueBufferFactory(IRelationalValueBufferFactoryFactory relationalValueBufferFactoryFactory, DbDataReader dataReader)
   at Microsoft.EntityFrameworkCore.Query.Internal.ShaperCommandContext.<NotifyReaderCreated>b__14_0(FactoryAndReader s)
   at Microsoft.EntityFrameworkCore.Internal.NonCapturingLazyInitializer.EnsureInitialized[TParam,TValue](TValue& target, TParam param, Func`2 valueFactory)
   at Microsoft.EntityFrameworkCore.Query.Internal.ShaperCommandContext.NotifyReaderCreated(DbDataReader dataReader)
   at Microsoft.EntityFrameworkCore.Query.Internal.QueryingEnumerable`1.Enumerator.BufferlessMoveNext(DbContext _, Boolean buffer)
   at Microsoft.EntityFrameworkCore.SqlServer.Storage.Internal.SqlServerExecutionStrategy.Execute[TState,TResult](TState state, Func`3 operation, Func`3 verifySucceeded)
   at Microsoft.EntityFrameworkCore.Query.Internal.QueryingEnumerable`1.Enumerator.MoveNext()
   at Microsoft.EntityFrameworkCore.Query.Internal.LinqOperatorProvider._TrackEntities[TOut,TIn](IEnumerable`1 results, QueryContext queryContext, IList`1 entityTrackingInfos, IList`1 entityAccessors)+MoveNext()
   at Microsoft.EntityFrameworkCore.Query.Internal.LinqOperatorProvider.ExceptionInterceptor`1.EnumeratorExceptionInterceptor.MoveNext()
2020-05-12T11:13:18.9966436+04:00 80000002-0001-fd00-b63f-84710c7967bb [ERR] Something went wrong ex: The required column 'Anti_Dyslipidemia_Fibrates' was not present in the results of a 'FromSql' operation. (b7ed5763)
2020-05-12T11:13:19.0306166+04:00 80000002-0001-fd00-b63f-84710c7967bb [INF] Executed action method "KU.WebAPI.Controllers.ReportController.GetReport (KU.WebAPI)", returned result "Microsoft.AspNetCore.Mvc.ObjectResult" in 8021.8931ms. (50a9e262)
2020-05-12T11:13:19.0641013+04:00 80000002-0001-fd00-b63f-84710c7967bb [INF] Executing ObjectResult, writing value of type '"System.String"'. (8a1b66c8)
2020-05-12T11:13:19.1079185+04:00 80000002-0001-fd00-b63f-84710c7967bb [INF] Executed action "KU.WebAPI.Controllers.ReportController.GetReport (KU.WebAPI)" in 8191.4241ms (afa2e885)
2020-05-12T11:13:19.1123141+04:00 80000002-0001-fd00-b63f-84710c7967bb [INF] Executed endpoint '"KU.WebAPI.Controllers.ReportController.GetReport (KU.WebAPI)"' (99874f2b)
2020-05-12T11:13:19.1272066+04:00 80000002-0001-fd00-b63f-84710c7967bb [INF] Request finished in 8763.8104ms 500 application/json; charset=utf-8 (791a596a)
2020-05-12T11:16:16.3008281+04:00 80000006-0000-fd00-b63f-84710c7967bb [INF] Request starting HTTP/2.0 GET https://localhost:44317/   (ca22a1cb)
2020-05-12T11:16:17.1068822+04:00 8000000c-0005-fe00-b63f-84710c7967bb [INF] Request starting HTTP/2.0 GET https://localhost:44317/index.html   (ca22a1cb)
2020-05-12T11:16:17.1267743+04:00 80000006-0000-fd00-b63f-84710c7967bb [INF] Request finished in 830.813ms 301  (791a596a)
2020-05-12T11:16:17.2783115+04:00 8000000c-0005-fe00-b63f-84710c7967bb [INF] Request finished in 170.7943ms 200 text/html (791a596a)
2020-05-12T11:16:17.3277918+04:00 80000018-0006-fc00-b63f-84710c7967bb [INF] Request starting HTTP/2.0 GET https://localhost:44317/swagger-ui.css   (ca22a1cb)
2020-05-12T11:16:17.3339862+04:00 8000000e-0005-fe00-b63f-84710c7967bb [INF] Request starting HTTP/2.0 GET https://localhost:44317/swagger-ui-bundle.js   (ca22a1cb)
2020-05-12T11:16:17.3357329+04:00 80000002-0005-fd00-b63f-84710c7967bb [INF] Request starting HTTP/2.0 GET https://localhost:44317/swagger-ui-standalone-preset.js   (ca22a1cb)
2020-05-12T11:16:17.6314924+04:00 80000018-0006-fc00-b63f-84710c7967bb [INF] Sending file. Request path: '"/swagger-ui.css"'. Physical path: '"N/A"' (27b0a520)
2020-05-12T11:16:17.6397079+04:00 80000018-0006-fc00-b63f-84710c7967bb [INF] Request finished in 322.4748ms 200 text/css (791a596a)
2020-05-12T11:16:17.6913452+04:00 80000002-0005-fd00-b63f-84710c7967bb [INF] Sending file. Request path: '"/swagger-ui-standalone-preset.js"'. Physical path: '"N/A"' (27b0a520)
2020-05-12T11:16:17.6965145+04:00 80000002-0005-fd00-b63f-84710c7967bb [INF] Request finished in 365.6726ms 200 application/javascript (791a596a)
2020-05-12T11:16:17.7442857+04:00 8000000e-0005-fe00-b63f-84710c7967bb [INF] Sending file. Request path: '"/swagger-ui-bundle.js"'. Physical path: '"N/A"' (27b0a520)
2020-05-12T11:16:17.7467276+04:00 8000000e-0005-fe00-b63f-84710c7967bb [INF] Request finished in 418.4518ms 200 application/javascript (791a596a)
2020-05-12T11:16:19.3741214+04:00 80000008-0002-fc00-b63f-84710c7967bb [INF] Request starting HTTP/1.1 GET https://localhost:44317/swagger-ui-bundle.js.map   (ca22a1cb)
2020-05-12T11:16:20.0945789+04:00 80000008-0002-fc00-b63f-84710c7967bb [INF] Sending file. Request path: '"/swagger-ui-bundle.js.map"'. Physical path: '"N/A"' (27b0a520)
2020-05-12T11:16:20.0985268+04:00 80000008-0002-fc00-b63f-84710c7967bb [INF] Request finished in 725.6034ms 200 text/plain (791a596a)
2020-05-12T11:16:20.6204641+04:00 80000008-0000-fd00-b63f-84710c7967bb [INF] Request starting HTTP/1.1 GET https://localhost:44317/swagger-ui-standalone-preset.js.map   (ca22a1cb)
2020-05-12T11:16:20.7047676+04:00 80000008-0000-fd00-b63f-84710c7967bb [INF] Sending file. Request path: '"/swagger-ui-standalone-preset.js.map"'. Physical path: '"N/A"' (27b0a520)
2020-05-12T11:16:20.7088244+04:00 80000008-0000-fd00-b63f-84710c7967bb [INF] Request finished in 89.4999ms 200 text/plain (791a596a)
2020-05-12T11:16:20.9607618+04:00 8000001a-0006-fc00-b63f-84710c7967bb [INF] Request starting HTTP/2.0 GET https://localhost:44317/swagger/v1/swagger.json   (ca22a1cb)
2020-05-12T11:16:21.0891620+04:00 8000000c-0006-fd00-b63f-84710c7967bb [INF] Request starting HTTP/2.0 GET https://localhost:44317/favicon-32x32.png   (ca22a1cb)
2020-05-12T11:16:21.1063052+04:00 8000000c-0006-fd00-b63f-84710c7967bb [INF] Sending file. Request path: '"/favicon-32x32.png"'. Physical path: '"N/A"' (27b0a520)
2020-05-12T11:16:21.1111092+04:00 8000000c-0006-fd00-b63f-84710c7967bb [INF] Request finished in 42.4385ms 200 image/png (791a596a)
2020-05-12T11:16:21.2730915+04:00 8000001a-0006-fc00-b63f-84710c7967bb [INF] Request finished in 288.4386ms 200 application/json;charset=utf-8 (791a596a)
2020-05-12T11:16:43.1418513+04:00 8000000a-0001-ff00-b63f-84710c7967bb [INF] Request starting HTTP/2.0 GET https://localhost:44317/api/Report/Reports?TemplateID=10&SectionID=9   (ca22a1cb)
2020-05-12T11:16:43.3253568+04:00 8000000a-0001-ff00-b63f-84710c7967bb [INF] Executing endpoint '"KU.WebAPI.Controllers.ReportController.GetReport (KU.WebAPI)"' (500cc934)
2020-05-12T11:16:43.3731511+04:00 8000000a-0001-ff00-b63f-84710c7967bb [INF] Route matched with "{action = \"GetReport\", controller = \"Report\"}". Executing controller action with signature "Microsoft.AspNetCore.Mvc.IActionResult GetReport(Int64, System.String, System.String, System.String, System.String, System.String, System.String, System.String, System.String, System.String, System.String, Int32, Int32, Int32, Int32, System.String)" on controller "KU.WebAPI.Controllers.ReportController" ("KU.WebAPI"). (122b2fdf)
2020-05-12T11:16:43.4055840+04:00 8000000a-0001-ff00-b63f-84710c7967bb [INF] Executing action method "KU.WebAPI.Controllers.ReportController.GetReport (KU.WebAPI)" - Validation state: Valid (dad538d7)
2020-05-12T11:16:52.0557774+04:00 8000000a-0001-ff00-b63f-84710c7967bb [INF] Entity Framework Core "2.2.6-servicing-10079" initialized '"ApplicationDbContext"' using provider '"Microsoft.EntityFrameworkCore.SqlServer"' with options: "MigrationsAssembly=KU.WebAPI " (9958f5bb)
2020-05-12T11:16:54.5226130+04:00 8000000a-0001-ff00-b63f-84710c7967bb [INF] Executed DbCommand ("315"ms) [Parameters=["@p0='?' (DbType = Int32), @p1='?' (DbType = Int32), @p2='?' (DbType = Int32), @p3='?' (DbType = Int32), @p4='?' (DbType = Int64), @p5='?' (Size = 4000), @p6='?', @p7='?' (Size = 4000), @p8='?' (Size = 4000), @p9='?' (Size = 4000), @p10='?' (Size = 4000), @p11='?', @p12='?' (Size = 4000), @p13='?' (Size = 4000), @p14='?' (Size = 4000), @p15='?' (Size = 4000)"], CommandType='Text', CommandTimeout='30']"
""SP_GETDATA @p0,@p1,@p2,@p3,@p4,@p5,@p6,@p7,@p8,@p9,@p10,@p11,@p12,@p13,@p14,@p15" (0723d8ff)
2020-05-12T11:16:55.0029216+04:00 8000000a-0001-ff00-b63f-84710c7967bb [ERR] An exception occurred while iterating over the results of a query for context type '"KU.Repositories.ApplicationDbContext"'."
""System.InvalidOperationException: The required column 'Anti_Dyslipidemia_Fibrates' was not present in the results of a 'FromSql' operation.
   at Microsoft.EntityFrameworkCore.Query.Sql.Internal.FromSqlNonComposedQuerySqlGenerator.CreateValueBufferFactory(IRelationalValueBufferFactoryFactory relationalValueBufferFactoryFactory, DbDataReader dataReader)
   at Microsoft.EntityFrameworkCore.Query.Internal.ShaperCommandContext.<NotifyReaderCreated>b__14_0(FactoryAndReader s)
   at Microsoft.EntityFrameworkCore.Internal.NonCapturingLazyInitializer.EnsureInitialized[TParam,TValue](TValue& target, TParam param, Func`2 valueFactory)
   at Microsoft.EntityFrameworkCore.Query.Internal.ShaperCommandContext.NotifyReaderCreated(DbDataReader dataReader)
   at Microsoft.EntityFrameworkCore.Query.Internal.QueryingEnumerable`1.Enumerator.BufferlessMoveNext(DbContext _, Boolean buffer)
   at Microsoft.EntityFrameworkCore.SqlServer.Storage.Internal.SqlServerExecutionStrategy.Execute[TState,TResult](TState state, Func`3 operation, Func`3 verifySucceeded)
   at Microsoft.EntityFrameworkCore.Query.Internal.QueryingEnumerable`1.Enumerator.MoveNext()
   at Microsoft.EntityFrameworkCore.Query.Internal.LinqOperatorProvider._TrackEntities[TOut,TIn](IEnumerable`1 results, QueryContext queryContext, IList`1 entityTrackingInfos, IList`1 entityAccessors)+MoveNext()
   at Microsoft.EntityFrameworkCore.Query.Internal.LinqOperatorProvider.ExceptionInterceptor`1.EnumeratorExceptionInterceptor.MoveNext()" (f5c7ac34)
System.InvalidOperationException: The required column 'Anti_Dyslipidemia_Fibrates' was not present in the results of a 'FromSql' operation.
   at Microsoft.EntityFrameworkCore.Query.Sql.Internal.FromSqlNonComposedQuerySqlGenerator.CreateValueBufferFactory(IRelationalValueBufferFactoryFactory relationalValueBufferFactoryFactory, DbDataReader dataReader)
   at Microsoft.EntityFrameworkCore.Query.Internal.ShaperCommandContext.<NotifyReaderCreated>b__14_0(FactoryAndReader s)
   at Microsoft.EntityFrameworkCore.Internal.NonCapturingLazyInitializer.EnsureInitialized[TParam,TValue](TValue& target, TParam param, Func`2 valueFactory)
   at Microsoft.EntityFrameworkCore.Query.Internal.ShaperCommandContext.NotifyReaderCreated(DbDataReader dataReader)
   at Microsoft.EntityFrameworkCore.Query.Internal.QueryingEnumerable`1.Enumerator.BufferlessMoveNext(DbContext _, Boolean buffer)
   at Microsoft.EntityFrameworkCore.SqlServer.Storage.Internal.SqlServerExecutionStrategy.Execute[TState,TResult](TState state, Func`3 operation, Func`3 verifySucceeded)
   at Microsoft.EntityFrameworkCore.Query.Internal.QueryingEnumerable`1.Enumerator.MoveNext()
   at Microsoft.EntityFrameworkCore.Query.Internal.LinqOperatorProvider._TrackEntities[TOut,TIn](IEnumerable`1 results, QueryContext queryContext, IList`1 entityTrackingInfos, IList`1 entityAccessors)+MoveNext()
   at Microsoft.EntityFrameworkCore.Query.Internal.LinqOperatorProvider.ExceptionInterceptor`1.EnumeratorExceptionInterceptor.MoveNext()
2020-05-12T11:16:56.1126991+04:00 8000000a-0001-ff00-b63f-84710c7967bb [ERR] Something went wrong ex: The required column 'Anti_Dyslipidemia_Fibrates' was not present in the results of a 'FromSql' operation. (b7ed5763)
2020-05-12T11:16:56.1307183+04:00 8000000a-0001-ff00-b63f-84710c7967bb [INF] Executed action method "KU.WebAPI.Controllers.ReportController.GetReport (KU.WebAPI)", returned result "Microsoft.AspNetCore.Mvc.ObjectResult" in 12707.3168ms. (50a9e262)
2020-05-12T11:16:56.1909436+04:00 8000000a-0001-ff00-b63f-84710c7967bb [INF] Executing ObjectResult, writing value of type '"System.String"'. (8a1b66c8)
2020-05-12T11:16:56.2071832+04:00 8000000a-0001-ff00-b63f-84710c7967bb [INF] Executed action "KU.WebAPI.Controllers.ReportController.GetReport (KU.WebAPI)" in 12822.8164ms (afa2e885)
2020-05-12T11:16:56.2116546+04:00 8000000a-0001-ff00-b63f-84710c7967bb [INF] Executed endpoint '"KU.WebAPI.Controllers.ReportController.GetReport (KU.WebAPI)"' (99874f2b)
2020-05-12T11:16:56.2163563+04:00 8000000a-0001-ff00-b63f-84710c7967bb [INF] Request finished in 13076.6123ms 500 application/json; charset=utf-8 (791a596a)
2020-05-12T11:17:11.4965436+04:00 8000000c-0001-ff00-b63f-84710c7967bb [INF] Request starting HTTP/2.0 GET https://localhost:44317/api/Report/Reports?TemplateID=10&SectionID=0   (ca22a1cb)
2020-05-12T11:17:11.5084631+04:00 8000000c-0001-ff00-b63f-84710c7967bb [INF] Executing endpoint '"KU.WebAPI.Controllers.ReportController.GetReport (KU.WebAPI)"' (500cc934)
2020-05-12T11:17:11.5178522+04:00 8000000c-0001-ff00-b63f-84710c7967bb [INF] Route matched with "{action = \"GetReport\", controller = \"Report\"}". Executing controller action with signature "Microsoft.AspNetCore.Mvc.IActionResult GetReport(Int64, System.String, System.String, System.String, System.String, System.String, System.String, System.String, System.String, System.String, System.String, Int32, Int32, Int32, Int32, System.String)" on controller "KU.WebAPI.Controllers.ReportController" ("KU.WebAPI"). (122b2fdf)
2020-05-12T11:17:11.5238000+04:00 8000000c-0001-ff00-b63f-84710c7967bb [INF] Executing action method "KU.WebAPI.Controllers.ReportController.GetReport (KU.WebAPI)" - Validation state: Valid (dad538d7)
2020-05-12T11:17:11.6724607+04:00 8000000c-0001-ff00-b63f-84710c7967bb [INF] Entity Framework Core "2.2.6-servicing-10079" initialized '"ApplicationDbContext"' using provider '"Microsoft.EntityFrameworkCore.SqlServer"' with options: "MigrationsAssembly=KU.WebAPI " (9958f5bb)
2020-05-12T11:17:12.2641331+04:00 8000000c-0001-ff00-b63f-84710c7967bb [INF] Executed DbCommand ("563"ms) [Parameters=["@p0='?' (DbType = Int32), @p1='?' (DbType = Int32), @p2='?' (DbType = Int32), @p3='?' (DbType = Int32), @p4='?' (DbType = Int64), @p5='?' (Size = 4000), @p6='?', @p7='?' (Size = 4000), @p8='?' (Size = 4000), @p9='?' (Size = 4000), @p10='?' (Size = 4000), @p11='?', @p12='?' (Size = 4000), @p13='?' (Size = 4000), @p14='?' (Size = 4000), @p15='?' (Size = 4000)"], CommandType='Text', CommandTimeout='30']"
""SP_GETDATA @p0,@p1,@p2,@p3,@p4,@p5,@p6,@p7,@p8,@p9,@p10,@p11,@p12,@p13,@p14,@p15" (0723d8ff)
2020-05-12T11:17:12.2736524+04:00 8000000c-0001-ff00-b63f-84710c7967bb [ERR] An exception occurred while iterating over the results of a query for context type '"KU.Repositories.ApplicationDbContext"'."
""System.InvalidOperationException: The required column 'Anti_Dyslipidemia_Fibrates_yes1' was not present in the results of a 'FromSql' operation.
   at Microsoft.EntityFrameworkCore.Query.Sql.Internal.FromSqlNonComposedQuerySqlGenerator.CreateValueBufferFactory(IRelationalValueBufferFactoryFactory relationalValueBufferFactoryFactory, DbDataReader dataReader)
   at Microsoft.EntityFrameworkCore.Query.Internal.ShaperCommandContext.<NotifyReaderCreated>b__14_0(FactoryAndReader s)
   at Microsoft.EntityFrameworkCore.Internal.NonCapturingLazyInitializer.EnsureInitialized[TParam,TValue](TValue& target, TParam param, Func`2 valueFactory)
   at Microsoft.EntityFrameworkCore.Query.Internal.ShaperCommandContext.NotifyReaderCreated(DbDataReader dataReader)
   at Microsoft.EntityFrameworkCore.Query.Internal.QueryingEnumerable`1.Enumerator.BufferlessMoveNext(DbContext _, Boolean buffer)
   at Microsoft.EntityFrameworkCore.SqlServer.Storage.Internal.SqlServerExecutionStrategy.Execute[TState,TResult](TState state, Func`3 operation, Func`3 verifySucceeded)
   at Microsoft.EntityFrameworkCore.Query.Internal.QueryingEnumerable`1.Enumerator.MoveNext()
   at Microsoft.EntityFrameworkCore.Query.Internal.LinqOperatorProvider._TrackEntities[TOut,TIn](IEnumerable`1 results, QueryContext queryContext, IList`1 entityTrackingInfos, IList`1 entityAccessors)+MoveNext()
   at Microsoft.EntityFrameworkCore.Query.Internal.LinqOperatorProvider.ExceptionInterceptor`1.EnumeratorExceptionInterceptor.MoveNext()" (f5c7ac34)
System.InvalidOperationException: The required column 'Anti_Dyslipidemia_Fibrates_yes1' was not present in the results of a 'FromSql' operation.
   at Microsoft.EntityFrameworkCore.Query.Sql.Internal.FromSqlNonComposedQuerySqlGenerator.CreateValueBufferFactory(IRelationalValueBufferFactoryFactory relationalValueBufferFactoryFactory, DbDataReader dataReader)
   at Microsoft.EntityFrameworkCore.Query.Internal.ShaperCommandContext.<NotifyReaderCreated>b__14_0(FactoryAndReader s)
   at Microsoft.EntityFrameworkCore.Internal.NonCapturingLazyInitializer.EnsureInitialized[TParam,TValue](TValue& target, TParam param, Func`2 valueFactory)
   at Microsoft.EntityFrameworkCore.Query.Internal.ShaperCommandContext.NotifyReaderCreated(DbDataReader dataReader)
   at Microsoft.EntityFrameworkCore.Query.Internal.QueryingEnumerable`1.Enumerator.BufferlessMoveNext(DbContext _, Boolean buffer)
   at Microsoft.EntityFrameworkCore.SqlServer.Storage.Internal.SqlServerExecutionStrategy.Execute[TState,TResult](TState state, Func`3 operation, Func`3 verifySucceeded)
   at Microsoft.EntityFrameworkCore.Query.Internal.QueryingEnumerable`1.Enumerator.MoveNext()
   at Microsoft.EntityFrameworkCore.Query.Internal.LinqOperatorProvider._TrackEntities[TOut,TIn](IEnumerable`1 results, QueryContext queryContext, IList`1 entityTrackingInfos, IList`1 entityAccessors)+MoveNext()
   at Microsoft.EntityFrameworkCore.Query.Internal.LinqOperatorProvider.ExceptionInterceptor`1.EnumeratorExceptionInterceptor.MoveNext()
2020-05-12T11:17:12.3246789+04:00 8000000c-0001-ff00-b63f-84710c7967bb [ERR] Something went wrong ex: The required column 'Anti_Dyslipidemia_Fibrates_yes1' was not present in the results of a 'FromSql' operation. (92667f7c)
2020-05-12T11:17:12.3292336+04:00 8000000c-0001-ff00-b63f-84710c7967bb [INF] Executed action method "KU.WebAPI.Controllers.ReportController.GetReport (KU.WebAPI)", returned result "Microsoft.AspNetCore.Mvc.ObjectResult" in 800.9504ms. (50a9e262)
2020-05-12T11:17:12.3349170+04:00 8000000c-0001-ff00-b63f-84710c7967bb [INF] Executing ObjectResult, writing value of type '"System.String"'. (8a1b66c8)
2020-05-12T11:17:12.3425527+04:00 8000000c-0001-ff00-b63f-84710c7967bb [INF] Executed action "KU.WebAPI.Controllers.ReportController.GetReport (KU.WebAPI)" in 817.6593ms (afa2e885)
2020-05-12T11:17:12.3475910+04:00 8000000c-0001-ff00-b63f-84710c7967bb [INF] Executed endpoint '"KU.WebAPI.Controllers.ReportController.GetReport (KU.WebAPI)"' (99874f2b)
2020-05-12T11:17:12.3536332+04:00 8000000c-0001-ff00-b63f-84710c7967bb [INF] Request finished in 856.6106ms 500 application/json; charset=utf-8 (791a596a)
2020-05-12T12:22:36.4146914+04:00 80000023-0000-ff00-b63f-84710c7967bb [INF] Request starting HTTP/2.0 GET https://localhost:44317/   (ca22a1cb)
2020-05-12T12:22:37.1687764+04:00 80000002-0005-fc00-b63f-84710c7967bb [INF] Request starting HTTP/2.0 GET https://localhost:44317/index.html   (ca22a1cb)
2020-05-12T12:22:37.1963300+04:00 80000023-0000-ff00-b63f-84710c7967bb [INF] Request finished in 786.4832ms 301  (791a596a)
2020-05-12T12:22:37.3794892+04:00 80000002-0005-fc00-b63f-84710c7967bb [INF] Request finished in 210.0177ms 200 text/html (791a596a)
2020-05-12T12:22:37.4518888+04:00 80000002-0005-fa00-b63f-84710c7967bb [INF] Request starting HTTP/2.0 GET https://localhost:44317/swagger-ui-standalone-preset.js   (ca22a1cb)
2020-05-12T12:22:37.4549529+04:00 80000002-0005-fb00-b63f-84710c7967bb [INF] Request starting HTTP/2.0 GET https://localhost:44317/swagger-ui-bundle.js   (ca22a1cb)
2020-05-12T12:22:37.5177931+04:00 80000004-0005-fc00-b63f-84710c7967bb [INF] Request starting HTTP/2.0 GET https://localhost:44317/swagger-ui.css   (ca22a1cb)
2020-05-12T12:22:37.6048043+04:00 80000004-0005-fc00-b63f-84710c7967bb [INF] Sending file. Request path: '"/swagger-ui.css"'. Physical path: '"N/A"' (27b0a520)
2020-05-12T12:22:37.6161859+04:00 80000004-0005-fc00-b63f-84710c7967bb [INF] Request finished in 173.0468ms 200 text/css (791a596a)
2020-05-12T12:22:37.6924944+04:00 80000002-0005-fa00-b63f-84710c7967bb [INF] Sending file. Request path: '"/swagger-ui-standalone-preset.js"'. Physical path: '"N/A"' (27b0a520)
2020-05-12T12:22:37.6970216+04:00 80000002-0005-fa00-b63f-84710c7967bb [INF] Request finished in 253.5884ms 200 application/javascript (791a596a)
2020-05-12T12:22:37.7781161+04:00 80000002-0005-fb00-b63f-84710c7967bb [INF] Sending file. Request path: '"/swagger-ui-bundle.js"'. Physical path: '"N/A"' (27b0a520)
2020-05-12T12:22:37.7857661+04:00 80000002-0005-fb00-b63f-84710c7967bb [INF] Request finished in 339.7342ms 200 application/javascript (791a596a)
2020-05-12T12:22:38.2000868+04:00 80000025-0000-ff00-b63f-84710c7967bb [INF] Request starting HTTP/1.1 GET https://localhost:44317/swagger-ui-bundle.js.map   (ca22a1cb)
2020-05-12T12:22:38.2504013+04:00 80000025-0000-ff00-b63f-84710c7967bb [INF] Sending file. Request path: '"/swagger-ui-bundle.js.map"'. Physical path: '"N/A"' (27b0a520)
2020-05-12T12:22:38.2538695+04:00 80000025-0000-ff00-b63f-84710c7967bb [INF] Request finished in 54.0921ms 200 text/plain (791a596a)
2020-05-12T12:22:38.9312311+04:00 80000027-0000-ff00-b63f-84710c7967bb [INF] Request starting HTTP/1.1 GET https://localhost:44317/swagger-ui-standalone-preset.js.map   (ca22a1cb)
2020-05-12T12:22:38.9509125+04:00 80000027-0000-ff00-b63f-84710c7967bb [INF] Sending file. Request path: '"/swagger-ui-standalone-preset.js.map"'. Physical path: '"N/A"' (27b0a520)
2020-05-12T12:22:38.9552501+04:00 80000027-0000-ff00-b63f-84710c7967bb [INF] Request finished in 24.8221ms 200 text/plain (791a596a)
2020-05-12T12:22:39.4210881+04:00 80000029-0000-ff00-b63f-84710c7967bb [INF] Request starting HTTP/2.0 GET https://localhost:44317/swagger/v1/swagger.json   (ca22a1cb)
2020-05-12T12:22:40.0340100+04:00 80000029-0000-ff00-b63f-84710c7967bb [INF] Request finished in 612.693ms 200 application/json;charset=utf-8 (791a596a)
2020-05-12T12:24:18.5127512+04:00 80000012-0007-ff00-b63f-84710c7967bb [INF] Request starting HTTP/2.0 GET https://localhost:44317/api/Report/Reports?TemplateID=10&SectionID=9   (ca22a1cb)
2020-05-12T12:24:18.6132119+04:00 80000012-0007-ff00-b63f-84710c7967bb [INF] Executing endpoint '"KU.WebAPI.Controllers.ReportController.GetReport (KU.WebAPI)"' (500cc934)
2020-05-12T12:24:18.6673446+04:00 80000012-0007-ff00-b63f-84710c7967bb [INF] Route matched with "{action = \"GetReport\", controller = \"Report\"}". Executing controller action with signature "Microsoft.AspNetCore.Mvc.IActionResult GetReport(Int64, Int64, System.String, System.String, System.String, System.String, System.String, System.String, System.String, System.String, System.String, Int32, Int32, Int32, Int32, System.String)" on controller "KU.WebAPI.Controllers.ReportController" ("KU.WebAPI"). (122b2fdf)
2020-05-12T12:24:18.7261932+04:00 80000012-0007-ff00-b63f-84710c7967bb [INF] Executing action method "KU.WebAPI.Controllers.ReportController.GetReport (KU.WebAPI)" - Validation state: Valid (dad538d7)
2020-05-12T12:24:41.7138720+04:00 80000012-0007-ff00-b63f-84710c7967bb [INF] Entity Framework Core "2.2.6-servicing-10079" initialized '"ApplicationDbContext"' using provider '"Microsoft.EntityFrameworkCore.SqlServer"' with options: "MigrationsAssembly=KU.WebAPI " (9958f5bb)
2020-05-12T12:24:43.5443052+04:00 80000012-0007-ff00-b63f-84710c7967bb [INF] Executed DbCommand ("1,012"ms) [Parameters=["@p0='?' (DbType = Int32), @p1='?' (DbType = Int32), @p2='?' (DbType = Int32), @p3='?' (DbType = Int32), @p4='?' (DbType = Int64), @p5='?' (DbType = Int64), @p6='?', @p7='?' (Size = 4000), @p8='?' (Size = 4000), @p9='?' (Size = 4000), @p10='?' (Size = 4000), @p11='?', @p12='?' (Size = 4000), @p13='?' (Size = 4000), @p14='?' (Size = 4000), @p15='?' (Size = 4000)"], CommandType='Text', CommandTimeout='30']"
""SP_GETDATA @p0,@p1,@p2,@p3,@p4,@p5,@p6,@p7,@p8,@p9,@p10,@p11,@p12,@p13,@p14,@p15" (0723d8ff)
2020-05-12T12:24:44.0187206+04:00 80000012-0007-ff00-b63f-84710c7967bb [INF] Executed action method "KU.WebAPI.Controllers.ReportController.GetReport (KU.WebAPI)", returned result "Microsoft.AspNetCore.Mvc.OkObjectResult" in 25282.8945ms. (50a9e262)
2020-05-12T12:24:44.0333761+04:00 80000012-0007-ff00-b63f-84710c7967bb [INF] Executing ObjectResult, writing value of type '"KU.Repositories.Models.QuestionnaireWrap9_9"'. (8a1b66c8)
2020-05-12T12:24:44.3233213+04:00 80000012-0007-ff00-b63f-84710c7967bb [INF] Executed action "KU.WebAPI.Controllers.ReportController.GetReport (KU.WebAPI)" in 25648.1024ms (afa2e885)
2020-05-12T12:24:44.3280771+04:00 80000012-0007-ff00-b63f-84710c7967bb [INF] Executed endpoint '"KU.WebAPI.Controllers.ReportController.GetReport (KU.WebAPI)"' (99874f2b)
2020-05-12T12:24:44.3335725+04:00 80000012-0007-ff00-b63f-84710c7967bb [INF] Request finished in 25820.8682ms 200 application/json; charset=utf-8 (791a596a)
2020-05-12T12:25:43.5806251+04:00 8000000e-0001-ff00-b63f-84710c7967bb [INF] Request starting HTTP/2.0 GET https://localhost:44317/api/Report/Reports?TemplateID=10&SectionID=0   (ca22a1cb)
2020-05-12T12:25:43.5930528+04:00 8000000e-0001-ff00-b63f-84710c7967bb [INF] Executing endpoint '"KU.WebAPI.Controllers.ReportController.GetReport (KU.WebAPI)"' (500cc934)
2020-05-12T12:25:43.5996671+04:00 8000000e-0001-ff00-b63f-84710c7967bb [INF] Route matched with "{action = \"GetReport\", controller = \"Report\"}". Executing controller action with signature "Microsoft.AspNetCore.Mvc.IActionResult GetReport(Int64, Int64, System.String, System.String, System.String, System.String, System.String, System.String, System.String, System.String, System.String, Int32, Int32, Int32, Int32, System.String)" on controller "KU.WebAPI.Controllers.ReportController" ("KU.WebAPI"). (122b2fdf)
2020-05-12T12:25:43.6172734+04:00 8000000e-0001-ff00-b63f-84710c7967bb [INF] Executing action method "KU.WebAPI.Controllers.ReportController.GetReport (KU.WebAPI)" - Validation state: Valid (dad538d7)
2020-05-12T12:25:45.0856152+04:00 8000000e-0001-ff00-b63f-84710c7967bb [INF] Entity Framework Core "2.2.6-servicing-10079" initialized '"ApplicationDbContext"' using provider '"Microsoft.EntityFrameworkCore.SqlServer"' with options: "MigrationsAssembly=KU.WebAPI " (9958f5bb)
2020-05-12T12:25:46.1550708+04:00 8000000e-0001-ff00-b63f-84710c7967bb [INF] Executed DbCommand ("899"ms) [Parameters=["@p0='?' (DbType = Int32), @p1='?' (DbType = Int32), @p2='?' (DbType = Int32), @p3='?' (DbType = Int32), @p4='?' (DbType = Int64), @p5='?' (DbType = Int64), @p6='?', @p7='?' (Size = 4000), @p8='?' (Size = 4000), @p9='?' (Size = 4000), @p10='?' (Size = 4000), @p11='?', @p12='?' (Size = 4000), @p13='?' (Size = 4000), @p14='?' (Size = 4000), @p15='?' (Size = 4000)"], CommandType='Text', CommandTimeout='30']"
""SP_GETDATA @p0,@p1,@p2,@p3,@p4,@p5,@p6,@p7,@p8,@p9,@p10,@p11,@p12,@p13,@p14,@p15" (0723d8ff)
2020-05-12T12:25:46.6032005+04:00 8000000e-0001-ff00-b63f-84710c7967bb [INF] Executed action method "KU.WebAPI.Controllers.ReportController.GetReport (KU.WebAPI)", returned result "Microsoft.AspNetCore.Mvc.OkObjectResult" in 2982.8997ms. (50a9e262)
2020-05-12T12:25:46.6066032+04:00 8000000e-0001-ff00-b63f-84710c7967bb [INF] Executing ObjectResult, writing value of type '"KU.Repositories.Models.QuestionnaireWrap9"'. (8a1b66c8)
2020-05-12T12:25:47.0265887+04:00 8000000e-0001-ff00-b63f-84710c7967bb [INF] Executed action "KU.WebAPI.Controllers.ReportController.GetReport (KU.WebAPI)" in 3422.6614ms (afa2e885)
2020-05-12T12:25:47.0293124+04:00 8000000e-0001-ff00-b63f-84710c7967bb [INF] Executed endpoint '"KU.WebAPI.Controllers.ReportController.GetReport (KU.WebAPI)"' (99874f2b)
2020-05-12T12:25:47.0324436+04:00 8000000e-0001-ff00-b63f-84710c7967bb [INF] Request finished in 3454.1634ms 200 application/json; charset=utf-8 (791a596a)
2020-05-12T12:26:11.1627532+04:00 80000004-0005-fb00-b63f-84710c7967bb [INF] Request starting HTTP/2.0 GET https://localhost:44317/api/Form/Questionnaire?SavedformID=71139&TemplateID=10   (ca22a1cb)
2020-05-12T12:26:11.1694899+04:00 80000004-0005-fb00-b63f-84710c7967bb [INF] Executing endpoint '"KU.WebAPI.Controllers.FormController.GetSampleIDAll (KU.WebAPI)"' (500cc934)
2020-05-12T12:26:11.1820557+04:00 80000004-0005-fb00-b63f-84710c7967bb [INF] Route matched with "{action = \"GetSampleIDAll\", controller = \"Form\"}". Executing controller action with signature "Microsoft.AspNetCore.Mvc.IActionResult GetSampleIDAll(Int32, Int32)" on controller "KU.WebAPI.Controllers.FormController" ("KU.WebAPI"). (122b2fdf)
2020-05-12T12:26:11.1871375+04:00 80000004-0005-fb00-b63f-84710c7967bb [INF] Executing action method "KU.WebAPI.Controllers.FormController.GetSampleIDAll (KU.WebAPI)" - Validation state: Valid (dad538d7)
2020-05-12T12:26:15.2688808+04:00 80000004-0005-fb00-b63f-84710c7967bb [INF] Entity Framework Core "2.2.6-servicing-10079" initialized '"ApplicationDbContext"' using provider '"Microsoft.EntityFrameworkCore.SqlServer"' with options: "MigrationsAssembly=KU.WebAPI " (9958f5bb)
2020-05-12T12:26:17.5845784+04:00 80000004-0005-fb00-b63f-84710c7967bb [INF] Executed DbCommand ("975"ms) [Parameters=["@p0='?' (DbType = Int32), @p1='?' (DbType = Int32), @p2='?' (DbType = Int32)"], CommandType='Text', CommandTimeout='30']"
""sp_getrecords @p0,@p1,@p2" (0723d8ff)
2020-05-12T12:26:18.1042059+04:00 80000004-0005-fb00-b63f-84710c7967bb [INF] Executed action method "KU.WebAPI.Controllers.FormController.GetSampleIDAll (KU.WebAPI)", returned result "Microsoft.AspNetCore.Mvc.OkObjectResult" in 6911.5238ms. (50a9e262)
2020-05-12T12:26:18.1109340+04:00 80000004-0005-fb00-b63f-84710c7967bb [INF] Executing ObjectResult, writing value of type '"System.Collections.Generic.List`1[[KU.Repositories.Models.Questionnaire9, KU.Repositories, Version=1.0.0.0, Culture=neutral, PublicKeyToken=null]]"'. (8a1b66c8)
2020-05-12T12:26:18.5171439+04:00 80000004-0005-fb00-b63f-84710c7967bb [INF] Executed action "KU.WebAPI.Controllers.FormController.GetSampleIDAll (KU.WebAPI)" in 7331.8437ms (afa2e885)
2020-05-12T12:26:18.5199416+04:00 80000004-0005-fb00-b63f-84710c7967bb [INF] Executed endpoint '"KU.WebAPI.Controllers.FormController.GetSampleIDAll (KU.WebAPI)"' (99874f2b)
2020-05-12T12:26:18.5234381+04:00 80000004-0005-fb00-b63f-84710c7967bb [INF] Request finished in 7362.4309ms 200 application/json; charset=utf-8 (791a596a)
2020-05-12T12:26:25.6783291+04:00 80000006-0005-fb00-b63f-84710c7967bb [INF] Request starting HTTP/2.0 GET https://localhost:44317/api/Form/Questionnaire9?SavedformID=71139   (ca22a1cb)
2020-05-12T12:26:25.6967392+04:00 80000006-0005-fb00-b63f-84710c7967bb [INF] Executing endpoint '"KU.WebAPI.Controllers.FormController.GetSampleIDAll9 (KU.WebAPI)"' (500cc934)
2020-05-12T12:26:25.7004131+04:00 80000006-0005-fb00-b63f-84710c7967bb [INF] Route matched with "{action = \"GetSampleIDAll9\", controller = \"Form\"}". Executing controller action with signature "Microsoft.AspNetCore.Mvc.IActionResult GetSampleIDAll9(Int32)" on controller "KU.WebAPI.Controllers.FormController" ("KU.WebAPI"). (122b2fdf)
2020-05-12T12:26:25.7028955+04:00 80000006-0005-fb00-b63f-84710c7967bb [INF] Executing action method "KU.WebAPI.Controllers.FormController.GetSampleIDAll9 (KU.WebAPI)" - Validation state: Valid (dad538d7)
2020-05-12T12:26:25.7083889+04:00 80000006-0005-fb00-b63f-84710c7967bb [INF] Entity Framework Core "2.2.6-servicing-10079" initialized '"ApplicationDbContext"' using provider '"Microsoft.EntityFrameworkCore.SqlServer"' with options: "MigrationsAssembly=KU.WebAPI " (9958f5bb)
2020-05-12T12:26:27.4653149+04:00 80000006-0005-fb00-b63f-84710c7967bb [INF] Executed DbCommand ("318"ms) [Parameters=["@p0='?' (DbType = Int32), @p1='?' (DbType = Int32), @p2='?' (DbType = Int32)"], CommandType='Text', CommandTimeout='30']"
""sp_getrecords @p0,@p1,@p2" (0723d8ff)
2020-05-12T12:26:27.7076079+04:00 80000006-0005-fb00-b63f-84710c7967bb [INF] Executed action method "KU.WebAPI.Controllers.FormController.GetSampleIDAll9 (KU.WebAPI)", returned result "Microsoft.AspNetCore.Mvc.OkObjectResult" in 2000.0938ms. (50a9e262)
2020-05-12T12:26:27.7111015+04:00 80000006-0005-fb00-b63f-84710c7967bb [INF] Executing ObjectResult, writing value of type '"System.Collections.Generic.List`1[[KU.Repositories.Models.Questionnaire9_9, KU.Repositories, Version=1.0.0.0, Culture=neutral, PublicKeyToken=null]]"'. (8a1b66c8)
2020-05-12T12:26:27.8541777+04:00 80000006-0005-fb00-b63f-84710c7967bb [INF] Executed action "KU.WebAPI.Controllers.FormController.GetSampleIDAll9 (KU.WebAPI)" in 2147.9123ms (afa2e885)
2020-05-12T12:26:27.8601122+04:00 80000006-0005-fb00-b63f-84710c7967bb [INF] Executed endpoint '"KU.WebAPI.Controllers.FormController.GetSampleIDAll9 (KU.WebAPI)"' (99874f2b)
2020-05-12T12:26:27.8639969+04:00 80000006-0005-fb00-b63f-84710c7967bb [INF] Request finished in 2186.2134ms 200 application/json; charset=utf-8 (791a596a)
