2020-06-30T11:01:08.8080742+04:00 80000031-0004-ff00-b63f-84710c7967bb [INF] Request starting HTTP/2.0 GET https://localhost:44317/   (ca22a1cb)
2020-06-30T11:01:11.7232047+04:00 80000031-0004-ff00-b63f-84710c7967bb [INF] Request finished in 2873.6567ms 301  (791a596a)
2020-06-30T11:01:11.7403661+04:00 80000008-0002-f700-b63f-84710c7967bb [INF] Request starting HTTP/2.0 GET https://localhost:44317/index.html   (ca22a1cb)
2020-06-30T11:01:12.6460299+04:00 80000008-0002-f700-b63f-84710c7967bb [INF] Request finished in 898.5681ms 200 text/html (791a596a)
2020-06-30T11:01:12.9417197+04:00 8000000a-0002-f700-b63f-84710c7967bb [INF] Request starting HTTP/2.0 GET https://localhost:44317/swagger-ui.css   (ca22a1cb)
2020-06-30T11:01:12.9443828+04:00 80000002-0002-f500-b63f-84710c7967bb [INF] Request starting HTTP/2.0 GET https://localhost:44317/swagger-ui-standalone-preset.js   (ca22a1cb)
2020-06-30T11:01:12.9509633+04:00 80000002-0002-f600-b63f-84710c7967bb [INF] Request starting HTTP/2.0 GET https://localhost:44317/swagger-ui-bundle.js   (ca22a1cb)
2020-06-30T11:01:13.1470030+04:00 80000002-0002-f500-b63f-84710c7967bb [INF] Sending file. Request path: '"/swagger-ui-standalone-preset.js"'. Physical path: '"N/A"' (27b0a520)
2020-06-30T11:01:13.1948473+04:00 8000000a-0002-f700-b63f-84710c7967bb [INF] Sending file. Request path: '"/swagger-ui.css"'. Physical path: '"N/A"' (27b0a520)
2020-06-30T11:01:13.2016977+04:00 80000002-0002-f500-b63f-84710c7967bb [INF] Request finished in 231.0241ms 200 application/javascript (791a596a)
2020-06-30T11:01:13.2101076+04:00 8000000a-0002-f700-b63f-84710c7967bb [INF] Request finished in 274.0274ms 200 text/css (791a596a)
2020-06-30T11:01:13.3650472+04:00 80000002-0002-f600-b63f-84710c7967bb [INF] Sending file. Request path: '"/swagger-ui-bundle.js"'. Physical path: '"N/A"' (27b0a520)
2020-06-30T11:01:13.3723953+04:00 80000002-0002-f600-b63f-84710c7967bb [INF] Request finished in 439.6688ms 200 application/javascript (791a596a)
2020-06-30T11:01:14.2305099+04:00 8000003e-0006-fe00-b63f-84710c7967bb [INF] Request starting HTTP/1.1 GET https://localhost:44317/swagger-ui-bundle.js.map   (ca22a1cb)
2020-06-30T11:01:14.6024457+04:00 8000003e-0006-fe00-b63f-84710c7967bb [INF] Sending file. Request path: '"/swagger-ui-bundle.js.map"'. Physical path: '"N/A"' (27b0a520)
2020-06-30T11:01:14.6078608+04:00 8000003e-0006-fe00-b63f-84710c7967bb [INF] Request finished in 377.5369ms 200 text/plain (791a596a)
2020-06-30T11:01:15.4804842+04:00 80000040-0006-fe00-b63f-84710c7967bb [INF] Request starting HTTP/1.1 GET https://localhost:44317/swagger-ui-standalone-preset.js.map   (ca22a1cb)
2020-06-30T11:01:15.6606025+04:00 80000040-0006-fe00-b63f-84710c7967bb [INF] Sending file. Request path: '"/swagger-ui-standalone-preset.js.map"'. Physical path: '"N/A"' (27b0a520)
2020-06-30T11:01:15.6644300+04:00 80000040-0006-fe00-b63f-84710c7967bb [INF] Request finished in 186.4ms 200 text/plain (791a596a)
2020-06-30T11:01:16.0728945+04:00 8000001e-0007-f900-b63f-84710c7967bb [INF] Request starting HTTP/2.0 GET https://localhost:44317/swagger/v1/swagger.json   (ca22a1cb)
2020-06-30T11:01:16.9024691+04:00 8000001e-0007-f900-b63f-84710c7967bb [INF] Request finished in 830.1942ms 200 application/json;charset=utf-8 (791a596a)
2020-06-30T11:01:32.6347800+04:00 80000020-0007-f900-b63f-84710c7967bb [INF] Request starting HTTP/2.0 GET https://localhost:44317/api/Form/listforms?templateID=11   (ca22a1cb)
2020-06-30T11:01:33.1600017+04:00 80000020-0007-f900-b63f-84710c7967bb [INF] Executing endpoint '"KU.WebAPI.Controllers.FormController.Get (KU.WebAPI)"' (500cc934)
2020-06-30T11:01:33.4019076+04:00 80000020-0007-f900-b63f-84710c7967bb [INF] Route matched with "{action = \"Get\", controller = \"Form\"}". Executing controller action with signature "Microsoft.AspNetCore.Mvc.IActionResult Get(Int32, Int32, Int32, Int32, Int32, Int32, System.String)" on controller "KU.WebAPI.Controllers.FormController" ("KU.WebAPI"). (122b2fdf)
2020-06-30T11:01:33.6210112+04:00 80000020-0007-f900-b63f-84710c7967bb [INF] Executing action method "KU.WebAPI.Controllers.FormController.Get (KU.WebAPI)" - Validation state: Valid (dad538d7)
2020-06-30T11:01:51.3377149+04:00 80000020-0007-f900-b63f-84710c7967bb [INF] Entity Framework Core "2.2.6-servicing-10079" initialized '"ApplicationDbContext"' using provider '"Microsoft.EntityFrameworkCore.SqlServer"' with options: "MigrationsAssembly=KU.WebAPI " (9958f5bb)
2020-06-30T11:01:54.2907700+04:00 80000020-0007-f900-b63f-84710c7967bb [INF] Executed DbCommand ("784"ms) [Parameters=["@p0='?' (DbType = Int32), @p1='?' (DbType = Int32), @p2='?' (DbType = Int32), @p3='?' (DbType = Int32), @p4='?' (DbType = Int32), @p5='?' (DbType = Int32), @p6='?' (Size = 4000)"], CommandType='Text', CommandTimeout='30']"
""exec sp_listform @p0,@p1,@p2,@p3,@p4,@p5,@p6" (0723d8ff)
2020-06-30T11:01:54.7071924+04:00 80000020-0007-f900-b63f-84710c7967bb [INF] Executed action method "KU.WebAPI.Controllers.FormController.Get (KU.WebAPI)", returned result "Microsoft.AspNetCore.Mvc.OkObjectResult" in 21062.1472ms. (50a9e262)
2020-06-30T11:01:54.8701977+04:00 80000020-0007-f900-b63f-84710c7967bb [INF] Executing ObjectResult, writing value of type '"System.Collections.Generic.List`1[[KU.Services.Interfaces.SavedFormViewModel, KU.Services, Version=1.0.0.0, Culture=neutral, PublicKeyToken=null]]"'. (8a1b66c8)
2020-06-30T11:01:55.0197513+04:00 80000020-0007-f900-b63f-84710c7967bb [INF] Executed action "KU.WebAPI.Controllers.FormController.Get (KU.WebAPI)" in 21605.0335ms (afa2e885)
2020-06-30T11:01:55.0263169+04:00 80000020-0007-f900-b63f-84710c7967bb [INF] Executed endpoint '"KU.WebAPI.Controllers.FormController.Get (KU.WebAPI)"' (99874f2b)
2020-06-30T11:01:55.0320782+04:00 80000020-0007-f900-b63f-84710c7967bb [INF] Request finished in 22398.2614ms 200 application/json; charset=utf-8 (791a596a)
2020-06-30T11:02:14.5981329+04:00 80000026-0005-ff00-b63f-84710c7967bb [INF] Request starting HTTP/2.0 GET https://localhost:44317/api/Form/Questionnaire?SavedformID=4676&TemplateID=11   (ca22a1cb)
2020-06-30T11:02:14.6122082+04:00 80000026-0005-ff00-b63f-84710c7967bb [INF] Executing endpoint '"KU.WebAPI.Controllers.FormController.GetSampleIDAll (KU.WebAPI)"' (500cc934)
2020-06-30T11:02:14.6309092+04:00 80000026-0005-ff00-b63f-84710c7967bb [INF] Route matched with "{action = \"GetSampleIDAll\", controller = \"Form\"}". Executing controller action with signature "Microsoft.AspNetCore.Mvc.IActionResult GetSampleIDAll(Int32, Int32)" on controller "KU.WebAPI.Controllers.FormController" ("KU.WebAPI"). (122b2fdf)
2020-06-30T11:02:14.6491983+04:00 80000026-0005-ff00-b63f-84710c7967bb [INF] Executing action method "KU.WebAPI.Controllers.FormController.GetSampleIDAll (KU.WebAPI)" - Validation state: Valid (dad538d7)
2020-06-30T11:02:16.2917523+04:00 80000026-0005-ff00-b63f-84710c7967bb [INF] Entity Framework Core "2.2.6-servicing-10079" initialized '"ApplicationDbContext"' using provider '"Microsoft.EntityFrameworkCore.SqlServer"' with options: "MigrationsAssembly=KU.WebAPI " (9958f5bb)
2020-06-30T11:02:33.1570287+04:00 80000026-0005-ff00-b63f-84710c7967bb [INF] Executed DbCommand ("16,764"ms) [Parameters=["@p0='?' (DbType = Int32), @p1='?' (DbType = Int32), @p2='?' (DbType = Int32)"], CommandType='Text', CommandTimeout='30']"
""sp_getrecords @p0,@p1,@p2" (0723d8ff)
2020-06-30T11:02:33.4516117+04:00 80000026-0005-ff00-b63f-84710c7967bb [INF] Executed action method "KU.WebAPI.Controllers.FormController.GetSampleIDAll (KU.WebAPI)", returned result "Microsoft.AspNetCore.Mvc.OkObjectResult" in 18796.3993ms. (50a9e262)
2020-06-30T11:02:33.4565306+04:00 80000026-0005-ff00-b63f-84710c7967bb [INF] Executing ObjectResult, writing value of type '"System.Collections.Generic.List`1[[KU.Repositories.Models.Questionnaire10, KU.Repositories, Version=1.0.0.0, Culture=neutral, PublicKeyToken=null]]"'. (8a1b66c8)
2020-06-30T11:02:33.5707371+04:00 80000026-0005-ff00-b63f-84710c7967bb [INF] Executed action "KU.WebAPI.Controllers.FormController.GetSampleIDAll (KU.WebAPI)" in 18933.6342ms (afa2e885)
2020-06-30T11:02:33.5782288+04:00 80000026-0005-ff00-b63f-84710c7967bb [INF] Executed endpoint '"KU.WebAPI.Controllers.FormController.GetSampleIDAll (KU.WebAPI)"' (99874f2b)
2020-06-30T11:02:33.5835082+04:00 80000026-0005-ff00-b63f-84710c7967bb [INF] Request finished in 18985.1762ms 200 application/json; charset=utf-8 (791a596a)
2020-06-30T11:03:01.8843187+04:00 80000015-0003-fe00-b63f-84710c7967bb [INF] Request starting HTTP/2.0 GET https://localhost:44317/api/Report/Reports?TemplateID=11   (ca22a1cb)
2020-06-30T11:03:01.8907929+04:00 80000015-0003-fe00-b63f-84710c7967bb [INF] Executing endpoint '"KU.WebAPI.Controllers.ReportController.GetReport (KU.WebAPI)"' (500cc934)
2020-06-30T11:03:01.9017932+04:00 80000015-0003-fe00-b63f-84710c7967bb [INF] Route matched with "{action = \"GetReport\", controller = \"Report\"}". Executing controller action with signature "Microsoft.AspNetCore.Mvc.IActionResult GetReport(Int64, Int64, System.String, System.String, System.String, System.String, System.String, System.String, System.String, System.String, System.String, Int32, Int32, Int32, Int32, System.String)" on controller "KU.WebAPI.Controllers.ReportController" ("KU.WebAPI"). (122b2fdf)
2020-06-30T11:03:01.9077055+04:00 80000015-0003-fe00-b63f-84710c7967bb [INF] Executing action method "KU.WebAPI.Controllers.ReportController.GetReport (KU.WebAPI)" - Validation state: Valid (dad538d7)
2020-06-30T11:03:03.7118333+04:00 80000015-0003-fe00-b63f-84710c7967bb [INF] Entity Framework Core "2.2.6-servicing-10079" initialized '"ApplicationDbContext"' using provider '"Microsoft.EntityFrameworkCore.SqlServer"' with options: "MigrationsAssembly=KU.WebAPI " (9958f5bb)
2020-06-30T11:03:06.1984601+04:00 80000015-0003-fe00-b63f-84710c7967bb [INF] Executed DbCommand ("1,550"ms) [Parameters=["@p0='?' (DbType = Int32), @p1='?' (DbType = Int32), @p2='?' (DbType = Int32), @p3='?' (DbType = Int32), @p4='?' (DbType = Int64), @p5='?' (DbType = Int64), @p6='?', @p7='?' (Size = 4000), @p8='?' (Size = 4000), @p9='?' (Size = 4000), @p10='?' (Size = 4000), @p11='?', @p12='?' (Size = 4000), @p13='?' (Size = 4000), @p14='?' (Size = 4000), @p15='?' (Size = 4000)"], CommandType='Text', CommandTimeout='30']"
""SP_GETDATA @p0,@p1,@p2,@p3,@p4,@p5,@p6,@p7,@p8,@p9,@p10,@p11,@p12,@p13,@p14,@p15" (0723d8ff)
2020-06-30T11:03:06.4169847+04:00 80000015-0003-fe00-b63f-84710c7967bb [INF] Executed action method "KU.WebAPI.Controllers.ReportController.GetReport (KU.WebAPI)", returned result "Microsoft.AspNetCore.Mvc.OkObjectResult" in 4504.6798ms. (50a9e262)
2020-06-30T11:03:06.4224272+04:00 80000015-0003-fe00-b63f-84710c7967bb [INF] Executing ObjectResult, writing value of type '"KU.Repositories.Models.QuestionnaireWrap10"'. (8a1b66c8)
2020-06-30T11:03:06.5454356+04:00 80000015-0003-fe00-b63f-84710c7967bb [INF] Executed action "KU.WebAPI.Controllers.ReportController.GetReport (KU.WebAPI)" in 4638.667ms (afa2e885)
2020-06-30T11:03:06.5489503+04:00 80000015-0003-fe00-b63f-84710c7967bb [INF] Executed endpoint '"KU.WebAPI.Controllers.ReportController.GetReport (KU.WebAPI)"' (99874f2b)
2020-06-30T11:03:06.5519274+04:00 80000015-0003-fe00-b63f-84710c7967bb [INF] Request finished in 4670.6355ms 200 application/json; charset=utf-8 (791a596a)
