2020-11-04T11:14:13.0910031+04:00 8000002f-0000-fa00-b63f-84710c7967bb [INF] Request starting HTTP/2.0 GET https://localhost:44317/api/Form/templates   (ca22a1cb)
2020-11-04T11:14:13.5257633+04:00 8000002f-0000-fa00-b63f-84710c7967bb [INF] Executing endpoint '"KU.WebAPI.Controllers.FormController.GetTemplates (KU.WebAPI)"' (500cc934)
2020-11-04T11:14:13.6365725+04:00 8000002f-0000-fa00-b63f-84710c7967bb [INF] Route matched with "{action = \"GetTemplates\", controller = \"Form\"}". Executing controller action with signature "Microsoft.AspNetCore.Mvc.IActionResult GetTemplates()" on controller "KU.WebAPI.Controllers.FormController" ("KU.WebAPI"). (122b2fdf)
2020-11-04T11:14:13.6627301+04:00 8000002f-0000-fa00-b63f-84710c7967bb [INF] Executing action method "KU.WebAPI.Controllers.FormController.GetTemplates (KU.WebAPI)" - Validation state: Valid (dad538d7)
2020-11-04T11:14:13.8051244+04:00 8000002f-0000-fa00-b63f-84710c7967bb [INF] Entity Framework Core "2.2.6-servicing-10079" initialized '"ApplicationDbContext"' using provider '"Microsoft.EntityFrameworkCore.SqlServer"' with options: "MigrationsAssembly=KU.WebAPI " (9958f5bb)
2020-11-04T11:14:14.7676375+04:00 8000002f-0000-fa00-b63f-84710c7967bb [INF] Executed DbCommand ("86"ms) [Parameters=[""], CommandType='Text', CommandTimeout='30']"
""SELECT [c].[TemplateID], [c].[CSS], [c].[Name], [c].[URL], [c].[bullet], [c].[icon], [c].[root]
FROM [Template] AS [c]
ORDER BY [c].[TemplateID]" (0723d8ff)
2020-11-04T11:14:14.9912422+04:00 8000002f-0000-fa00-b63f-84710c7967bb [INF] Executed action method "KU.WebAPI.Controllers.FormController.GetTemplates (KU.WebAPI)", returned result "Microsoft.AspNetCore.Mvc.OkObjectResult" in 1318.5214ms. (50a9e262)
2020-11-04T11:14:15.0029763+04:00 8000002f-0000-fa00-b63f-84710c7967bb [INF] Executing ObjectResult, writing value of type '"System.Collections.Generic.List`1[[KU.Repositories.Models.Template, KU.Repositories, Version=1.0.0.0, Culture=neutral, PublicKeyToken=null]]"'. (8a1b66c8)
2020-11-04T11:14:15.1058636+04:00 8000002f-0000-fa00-b63f-84710c7967bb [INF] Executed action "KU.WebAPI.Controllers.FormController.GetTemplates (KU.WebAPI)" in 1464.0352ms (afa2e885)
2020-11-04T11:14:15.1092430+04:00 8000002f-0000-fa00-b63f-84710c7967bb [INF] Executed endpoint '"KU.WebAPI.Controllers.FormController.GetTemplates (KU.WebAPI)"' (99874f2b)
2020-11-04T11:14:15.1135068+04:00 8000002f-0000-fa00-b63f-84710c7967bb [INF] Request finished in 2036.6111ms 200 application/json; charset=utf-8 (791a596a)
2020-11-04T12:00:40.9602226+04:00 80000014-0006-ff00-b63f-84710c7967bb [INF] Request starting HTTP/2.0 GET https://localhost:44317/index.html   (ca22a1cb)
2020-11-04T12:00:41.6289367+04:00 80000014-0006-ff00-b63f-84710c7967bb [INF] Request finished in 676.8463ms 200 text/html (791a596a)
2020-11-04T12:00:42.0797367+04:00 80000013-0001-f900-b63f-84710c7967bb [INF] Request starting HTTP/2.0 GET https://localhost:44317/swagger/v1/swagger.json   (ca22a1cb)
2020-11-04T12:00:42.3473586+04:00 80000013-0001-f900-b63f-84710c7967bb [INF] Request finished in 265.4147ms 200 application/json;charset=utf-8 (791a596a)
2020-11-04T12:00:54.1880510+04:00 80000010-0002-fc00-b63f-84710c7967bb [INF] Request starting HTTP/2.0 GET https://localhost:44317/api/Users/GetReportTemplate?UserName=kustar   (ca22a1cb)
2020-11-04T12:00:54.2559670+04:00 80000010-0002-fc00-b63f-84710c7967bb [INF] Executing endpoint '"KU.WebAPI.Controllers.UsersController.GetReportTemplate (KU.WebAPI)"' (500cc934)
2020-11-04T12:00:54.3214519+04:00 80000010-0002-fc00-b63f-84710c7967bb [INF] Route matched with "{action = \"GetReportTemplate\", controller = \"Users\"}". Executing controller action with signature "System.Threading.Tasks.Task`1[Microsoft.AspNetCore.Mvc.IActionResult] GetReportTemplate(System.String)" on controller "KU.WebAPI.Controllers.UsersController" ("KU.WebAPI"). (122b2fdf)
2020-11-04T12:00:54.3598223+04:00 80000010-0002-fc00-b63f-84710c7967bb [INF] Executing action method "KU.WebAPI.Controllers.UsersController.GetReportTemplate (KU.WebAPI)" - Validation state: Valid (dad538d7)
2020-11-04T12:01:02.8079968+04:00 80000010-0002-fc00-b63f-84710c7967bb [INF] Entity Framework Core "2.2.6-servicing-10079" initialized '"ApplicationDbContext"' using provider '"Microsoft.EntityFrameworkCore.SqlServer"' with options: "MigrationsAssembly=KU.WebAPI " (9958f5bb)
2020-11-04T12:01:03.7581305+04:00 80000010-0002-fc00-b63f-84710c7967bb [INF] Executed DbCommand ("217"ms) [Parameters=["@p0='?' (Size = 4000)"], CommandType='Text', CommandTimeout='30']"
""SP_Report_Templates @p0" (0723d8ff)
2020-11-04T12:01:04.0686465+04:00 80000010-0002-fc00-b63f-84710c7967bb [ERR] An exception occurred while iterating over the results of a query for context type '"KU.Repositories.ApplicationDbContext"'."
""System.InvalidOperationException: The required column 'Items' was not present in the results of a 'FromSql' operation.
   at Microsoft.EntityFrameworkCore.Query.Sql.Internal.FromSqlNonComposedQuerySqlGenerator.CreateValueBufferFactory(IRelationalValueBufferFactoryFactory relationalValueBufferFactoryFactory, DbDataReader dataReader)
   at Microsoft.EntityFrameworkCore.Query.Internal.ShaperCommandContext.<NotifyReaderCreated>b__14_0(FactoryAndReader s)
   at Microsoft.EntityFrameworkCore.Internal.NonCapturingLazyInitializer.EnsureInitialized[TParam,TValue](TValue& target, TParam param, Func`2 valueFactory)
   at Microsoft.EntityFrameworkCore.Query.Internal.ShaperCommandContext.NotifyReaderCreated(DbDataReader dataReader)
   at Microsoft.EntityFrameworkCore.Query.Internal.QueryingEnumerable`1.Enumerator.BufferlessMoveNext(DbContext _, Boolean buffer)
   at Microsoft.EntityFrameworkCore.SqlServer.Storage.Internal.SqlServerExecutionStrategy.Execute[TState,TResult](TState state, Func`3 operation, Func`3 verifySucceeded)
   at Microsoft.EntityFrameworkCore.Query.Internal.QueryingEnumerable`1.Enumerator.MoveNext()
   at Microsoft.EntityFrameworkCore.Query.Internal.LinqOperatorProvider._TrackEntities[TOut,TIn](IEnumerable`1 results, QueryContext queryContext, IList`1 entityTrackingInfos, IList`1 entityAccessors)+MoveNext()
   at Microsoft.EntityFrameworkCore.Query.Internal.LinqOperatorProvider.ExceptionInterceptor`1.EnumeratorExceptionInterceptor.MoveNext()" (f5c7ac34)
System.InvalidOperationException: The required column 'Items' was not present in the results of a 'FromSql' operation.
   at Microsoft.EntityFrameworkCore.Query.Sql.Internal.FromSqlNonComposedQuerySqlGenerator.CreateValueBufferFactory(IRelationalValueBufferFactoryFactory relationalValueBufferFactoryFactory, DbDataReader dataReader)
   at Microsoft.EntityFrameworkCore.Query.Internal.ShaperCommandContext.<NotifyReaderCreated>b__14_0(FactoryAndReader s)
   at Microsoft.EntityFrameworkCore.Internal.NonCapturingLazyInitializer.EnsureInitialized[TParam,TValue](TValue& target, TParam param, Func`2 valueFactory)
   at Microsoft.EntityFrameworkCore.Query.Internal.ShaperCommandContext.NotifyReaderCreated(DbDataReader dataReader)
   at Microsoft.EntityFrameworkCore.Query.Internal.QueryingEnumerable`1.Enumerator.BufferlessMoveNext(DbContext _, Boolean buffer)
   at Microsoft.EntityFrameworkCore.SqlServer.Storage.Internal.SqlServerExecutionStrategy.Execute[TState,TResult](TState state, Func`3 operation, Func`3 verifySucceeded)
   at Microsoft.EntityFrameworkCore.Query.Internal.QueryingEnumerable`1.Enumerator.MoveNext()
   at Microsoft.EntityFrameworkCore.Query.Internal.LinqOperatorProvider._TrackEntities[TOut,TIn](IEnumerable`1 results, QueryContext queryContext, IList`1 entityTrackingInfos, IList`1 entityAccessors)+MoveNext()
   at Microsoft.EntityFrameworkCore.Query.Internal.LinqOperatorProvider.ExceptionInterceptor`1.EnumeratorExceptionInterceptor.MoveNext()
   at System.Collections.Generic.List`1.AddEnumerable(IEnumerable`1 enumerable)
2020-11-04T12:01:04.2816318+04:00 80000010-0002-fc00-b63f-84710c7967bb [INF] Executed action "KU.WebAPI.Controllers.UsersController.GetReportTemplate (KU.WebAPI)" in 9951.1661ms (afa2e885)
2020-11-04T12:01:04.2866997+04:00 80000010-0002-fc00-b63f-84710c7967bb [INF] Executed endpoint '"KU.WebAPI.Controllers.UsersController.GetReportTemplate (KU.WebAPI)"' (99874f2b)
2020-11-04T12:01:04.4943931+04:00 80000010-0002-fc00-b63f-84710c7967bb [ERR] An unhandled exception has occurred while executing the request. (48a46595)
System.InvalidOperationException: The required column 'Items' was not present in the results of a 'FromSql' operation.
   at Microsoft.EntityFrameworkCore.Query.Sql.Internal.FromSqlNonComposedQuerySqlGenerator.CreateValueBufferFactory(IRelationalValueBufferFactoryFactory relationalValueBufferFactoryFactory, DbDataReader dataReader)
   at Microsoft.EntityFrameworkCore.Query.Internal.ShaperCommandContext.<NotifyReaderCreated>b__14_0(FactoryAndReader s)
   at Microsoft.EntityFrameworkCore.Internal.NonCapturingLazyInitializer.EnsureInitialized[TParam,TValue](TValue& target, TParam param, Func`2 valueFactory)
   at Microsoft.EntityFrameworkCore.Query.Internal.ShaperCommandContext.NotifyReaderCreated(DbDataReader dataReader)
   at Microsoft.EntityFrameworkCore.Query.Internal.QueryingEnumerable`1.Enumerator.BufferlessMoveNext(DbContext _, Boolean buffer)
   at Microsoft.EntityFrameworkCore.SqlServer.Storage.Internal.SqlServerExecutionStrategy.Execute[TState,TResult](TState state, Func`3 operation, Func`3 verifySucceeded)
   at Microsoft.EntityFrameworkCore.Query.Internal.QueryingEnumerable`1.Enumerator.MoveNext()
   at Microsoft.EntityFrameworkCore.Query.Internal.LinqOperatorProvider._TrackEntities[TOut,TIn](IEnumerable`1 results, QueryContext queryContext, IList`1 entityTrackingInfos, IList`1 entityAccessors)+MoveNext()
   at Microsoft.EntityFrameworkCore.Query.Internal.LinqOperatorProvider.ExceptionInterceptor`1.EnumeratorExceptionInterceptor.MoveNext()
   at System.Collections.Generic.List`1.AddEnumerable(IEnumerable`1 enumerable)
   at System.Linq.Enumerable.ToList[TSource](IEnumerable`1 source)
   at KU.Repositories.Implementations.GenericResultRepository.GetReportTemplate(String UserName) in C:\TCIT\Khalifa University\Khalifa\KU.Repositories\Implementations\GenericResultRepository.cs:line 58
   at KU.Services.Implementations.UserService.GetReportTemplate(String UserName) in C:\TCIT\Khalifa University\Khalifa\KU.Services\Implementations\UserService.cs:line 53
   at KU.WebAPI.Controllers.UsersController.GetReportTemplate(String UserName) in C:\TCIT\Khalifa University\Khalifa\KU.WebAPI\Controllers\UsersController.cs:line 117
   at Microsoft.AspNetCore.Mvc.Internal.ActionMethodExecutor.TaskOfIActionResultExecutor.Execute(IActionResultTypeMapper mapper, ObjectMethodExecutor executor, Object controller, Object[] arguments)
   at System.Threading.Tasks.ValueTask`1.get_Result()
   at Microsoft.AspNetCore.Mvc.Internal.ControllerActionInvoker.InvokeActionMethodAsync()
   at Microsoft.AspNetCore.Mvc.Internal.ControllerActionInvoker.InvokeNextActionFilterAsync()
   at Microsoft.AspNetCore.Mvc.Internal.ControllerActionInvoker.Rethrow(ActionExecutedContext context)
   at Microsoft.AspNetCore.Mvc.Internal.ControllerActionInvoker.Next(State& next, Scope& scope, Object& state, Boolean& isCompleted)
   at Microsoft.AspNetCore.Mvc.Internal.ControllerActionInvoker.InvokeInnerFilterAsync()
   at Microsoft.AspNetCore.Mvc.Internal.ResourceInvoker.InvokeNextResourceFilter()
   at Microsoft.AspNetCore.Mvc.Internal.ResourceInvoker.Rethrow(ResourceExecutedContext context)
   at Microsoft.AspNetCore.Mvc.Internal.ResourceInvoker.Next(State& next, Scope& scope, Object& state, Boolean& isCompleted)
   at Microsoft.AspNetCore.Mvc.Internal.ResourceInvoker.InvokeFilterPipelineAsync()
   at Microsoft.AspNetCore.Mvc.Internal.ResourceInvoker.InvokeAsync()
   at Microsoft.AspNetCore.Routing.EndpointMiddleware.Invoke(HttpContext httpContext)
   at Microsoft.AspNetCore.Routing.EndpointRoutingMiddleware.Invoke(HttpContext httpContext)
   at Microsoft.AspNetCore.StaticFiles.StaticFileMiddleware.Invoke(HttpContext context)
   at Swashbuckle.AspNetCore.SwaggerUI.SwaggerUIMiddleware.Invoke(HttpContext httpContext)
   at Swashbuckle.AspNetCore.Swagger.SwaggerMiddleware.Invoke(HttpContext httpContext, ISwaggerProvider swaggerProvider)
   at Microsoft.AspNetCore.Authentication.AuthenticationMiddleware.Invoke(HttpContext context)
   at Microsoft.AspNetCore.StaticFiles.StaticFileMiddleware.Invoke(HttpContext context)
   at Microsoft.AspNetCore.Diagnostics.DeveloperExceptionPageMiddleware.Invoke(HttpContext context)
2020-11-04T12:01:04.6401019+04:00 80000010-0002-fc00-b63f-84710c7967bb [INF] Request finished in 10451.9148ms 500 text/html; charset=utf-8 (791a596a)
2020-11-04T12:01:08.8417998+04:00 80000025-0005-fb00-b63f-84710c7967bb [INF] Request starting HTTP/2.0 GET https://localhost:44317/api/Users/GetReportTemplate?UserName=kustar   (ca22a1cb)
2020-11-04T12:01:08.8516568+04:00 80000025-0005-fb00-b63f-84710c7967bb [INF] Executing endpoint '"KU.WebAPI.Controllers.UsersController.GetReportTemplate (KU.WebAPI)"' (500cc934)
2020-11-04T12:01:08.8577960+04:00 80000025-0005-fb00-b63f-84710c7967bb [INF] Route matched with "{action = \"GetReportTemplate\", controller = \"Users\"}". Executing controller action with signature "System.Threading.Tasks.Task`1[Microsoft.AspNetCore.Mvc.IActionResult] GetReportTemplate(System.String)" on controller "KU.WebAPI.Controllers.UsersController" ("KU.WebAPI"). (122b2fdf)
2020-11-04T12:01:08.8638167+04:00 80000025-0005-fb00-b63f-84710c7967bb [INF] Executing action method "KU.WebAPI.Controllers.UsersController.GetReportTemplate (KU.WebAPI)" - Validation state: Valid (dad538d7)
2020-11-04T12:01:18.9495688+04:00 80000025-0005-fb00-b63f-84710c7967bb [INF] Entity Framework Core "2.2.6-servicing-10079" initialized '"ApplicationDbContext"' using provider '"Microsoft.EntityFrameworkCore.SqlServer"' with options: "MigrationsAssembly=KU.WebAPI " (9958f5bb)
2020-11-04T12:02:01.8036904+04:00 80000025-0005-fb00-b63f-84710c7967bb [INF] Executed DbCommand ("160"ms) [Parameters=["@p0='?' (Size = 4000)"], CommandType='Text', CommandTimeout='30']"
""SP_Report_Templates @p0" (0723d8ff)
2020-11-04T12:02:01.8252583+04:00 80000025-0005-fb00-b63f-84710c7967bb [ERR] An exception occurred while iterating over the results of a query for context type '"KU.Repositories.ApplicationDbContext"'."
""System.InvalidOperationException: The required column 'Items' was not present in the results of a 'FromSql' operation.
   at Microsoft.EntityFrameworkCore.Query.Sql.Internal.FromSqlNonComposedQuerySqlGenerator.CreateValueBufferFactory(IRelationalValueBufferFactoryFactory relationalValueBufferFactoryFactory, DbDataReader dataReader)
   at Microsoft.EntityFrameworkCore.Query.Internal.ShaperCommandContext.<NotifyReaderCreated>b__14_0(FactoryAndReader s)
   at Microsoft.EntityFrameworkCore.Internal.NonCapturingLazyInitializer.EnsureInitialized[TParam,TValue](TValue& target, TParam param, Func`2 valueFactory)
   at Microsoft.EntityFrameworkCore.Query.Internal.ShaperCommandContext.NotifyReaderCreated(DbDataReader dataReader)
   at Microsoft.EntityFrameworkCore.Query.Internal.QueryingEnumerable`1.Enumerator.BufferlessMoveNext(DbContext _, Boolean buffer)
   at Microsoft.EntityFrameworkCore.SqlServer.Storage.Internal.SqlServerExecutionStrategy.Execute[TState,TResult](TState state, Func`3 operation, Func`3 verifySucceeded)
   at Microsoft.EntityFrameworkCore.Query.Internal.QueryingEnumerable`1.Enumerator.MoveNext()
   at Microsoft.EntityFrameworkCore.Query.Internal.LinqOperatorProvider._TrackEntities[TOut,TIn](IEnumerable`1 results, QueryContext queryContext, IList`1 entityTrackingInfos, IList`1 entityAccessors)+MoveNext()
   at Microsoft.EntityFrameworkCore.Query.Internal.LinqOperatorProvider.ExceptionInterceptor`1.EnumeratorExceptionInterceptor.MoveNext()" (f5c7ac34)
System.InvalidOperationException: The required column 'Items' was not present in the results of a 'FromSql' operation.
   at Microsoft.EntityFrameworkCore.Query.Sql.Internal.FromSqlNonComposedQuerySqlGenerator.CreateValueBufferFactory(IRelationalValueBufferFactoryFactory relationalValueBufferFactoryFactory, DbDataReader dataReader)
   at Microsoft.EntityFrameworkCore.Query.Internal.ShaperCommandContext.<NotifyReaderCreated>b__14_0(FactoryAndReader s)
   at Microsoft.EntityFrameworkCore.Internal.NonCapturingLazyInitializer.EnsureInitialized[TParam,TValue](TValue& target, TParam param, Func`2 valueFactory)
   at Microsoft.EntityFrameworkCore.Query.Internal.ShaperCommandContext.NotifyReaderCreated(DbDataReader dataReader)
   at Microsoft.EntityFrameworkCore.Query.Internal.QueryingEnumerable`1.Enumerator.BufferlessMoveNext(DbContext _, Boolean buffer)
   at Microsoft.EntityFrameworkCore.SqlServer.Storage.Internal.SqlServerExecutionStrategy.Execute[TState,TResult](TState state, Func`3 operation, Func`3 verifySucceeded)
   at Microsoft.EntityFrameworkCore.Query.Internal.QueryingEnumerable`1.Enumerator.MoveNext()
   at Microsoft.EntityFrameworkCore.Query.Internal.LinqOperatorProvider._TrackEntities[TOut,TIn](IEnumerable`1 results, QueryContext queryContext, IList`1 entityTrackingInfos, IList`1 entityAccessors)+MoveNext()
   at Microsoft.EntityFrameworkCore.Query.Internal.LinqOperatorProvider.ExceptionInterceptor`1.EnumeratorExceptionInterceptor.MoveNext()
2020-11-04T12:02:01.9418577+04:00 80000025-0005-fb00-b63f-84710c7967bb [INF] Executed action "KU.WebAPI.Controllers.UsersController.GetReportTemplate (KU.WebAPI)" in 53080.6809ms (afa2e885)
2020-11-04T12:02:01.9508286+04:00 80000025-0005-fb00-b63f-84710c7967bb [INF] Executed endpoint '"KU.WebAPI.Controllers.UsersController.GetReportTemplate (KU.WebAPI)"' (99874f2b)
2020-11-04T12:02:01.9735531+04:00 80000025-0005-fb00-b63f-84710c7967bb [ERR] An unhandled exception has occurred while executing the request. (48a46595)
System.InvalidOperationException: The required column 'Items' was not present in the results of a 'FromSql' operation.
   at Microsoft.EntityFrameworkCore.Query.Sql.Internal.FromSqlNonComposedQuerySqlGenerator.CreateValueBufferFactory(IRelationalValueBufferFactoryFactory relationalValueBufferFactoryFactory, DbDataReader dataReader)
   at Microsoft.EntityFrameworkCore.Query.Internal.ShaperCommandContext.<NotifyReaderCreated>b__14_0(FactoryAndReader s)
   at Microsoft.EntityFrameworkCore.Internal.NonCapturingLazyInitializer.EnsureInitialized[TParam,TValue](TValue& target, TParam param, Func`2 valueFactory)
   at Microsoft.EntityFrameworkCore.Query.Internal.ShaperCommandContext.NotifyReaderCreated(DbDataReader dataReader)
   at Microsoft.EntityFrameworkCore.Query.Internal.QueryingEnumerable`1.Enumerator.BufferlessMoveNext(DbContext _, Boolean buffer)
   at Microsoft.EntityFrameworkCore.SqlServer.Storage.Internal.SqlServerExecutionStrategy.Execute[TState,TResult](TState state, Func`3 operation, Func`3 verifySucceeded)
   at Microsoft.EntityFrameworkCore.Query.Internal.QueryingEnumerable`1.Enumerator.MoveNext()
   at Microsoft.EntityFrameworkCore.Query.Internal.LinqOperatorProvider._TrackEntities[TOut,TIn](IEnumerable`1 results, QueryContext queryContext, IList`1 entityTrackingInfos, IList`1 entityAccessors)+MoveNext()
   at Microsoft.EntityFrameworkCore.Query.Internal.LinqOperatorProvider.ExceptionInterceptor`1.EnumeratorExceptionInterceptor.MoveNext()
   at System.Collections.Generic.List`1.AddEnumerable(IEnumerable`1 enumerable)
   at System.Linq.Enumerable.ToList[TSource](IEnumerable`1 source)
   at KU.Repositories.Implementations.GenericResultRepository.GetReportTemplate(String UserName) in C:\TCIT\Khalifa University\Khalifa\KU.Repositories\Implementations\GenericResultRepository.cs:line 58
   at KU.Services.Implementations.UserService.GetReportTemplate(String UserName) in C:\TCIT\Khalifa University\Khalifa\KU.Services\Implementations\UserService.cs:line 53
   at KU.WebAPI.Controllers.UsersController.GetReportTemplate(String UserName) in C:\TCIT\Khalifa University\Khalifa\KU.WebAPI\Controllers\UsersController.cs:line 117
   at Microsoft.AspNetCore.Mvc.Internal.ActionMethodExecutor.TaskOfIActionResultExecutor.Execute(IActionResultTypeMapper mapper, ObjectMethodExecutor executor, Object controller, Object[] arguments)
   at System.Threading.Tasks.ValueTask`1.get_Result()
   at Microsoft.AspNetCore.Mvc.Internal.ControllerActionInvoker.InvokeActionMethodAsync()
   at Microsoft.AspNetCore.Mvc.Internal.ControllerActionInvoker.InvokeNextActionFilterAsync()
   at Microsoft.AspNetCore.Mvc.Internal.ControllerActionInvoker.Rethrow(ActionExecutedContext context)
   at Microsoft.AspNetCore.Mvc.Internal.ControllerActionInvoker.Next(State& next, Scope& scope, Object& state, Boolean& isCompleted)
   at Microsoft.AspNetCore.Mvc.Internal.ControllerActionInvoker.InvokeInnerFilterAsync()
   at Microsoft.AspNetCore.Mvc.Internal.ResourceInvoker.InvokeNextResourceFilter()
   at Microsoft.AspNetCore.Mvc.Internal.ResourceInvoker.Rethrow(ResourceExecutedContext context)
   at Microsoft.AspNetCore.Mvc.Internal.ResourceInvoker.Next(State& next, Scope& scope, Object& state, Boolean& isCompleted)
   at Microsoft.AspNetCore.Mvc.Internal.ResourceInvoker.InvokeFilterPipelineAsync()
   at Microsoft.AspNetCore.Mvc.Internal.ResourceInvoker.InvokeAsync()
   at Microsoft.AspNetCore.Routing.EndpointMiddleware.Invoke(HttpContext httpContext)
   at Microsoft.AspNetCore.Routing.EndpointRoutingMiddleware.Invoke(HttpContext httpContext)
   at Microsoft.AspNetCore.StaticFiles.StaticFileMiddleware.Invoke(HttpContext context)
   at Swashbuckle.AspNetCore.SwaggerUI.SwaggerUIMiddleware.Invoke(HttpContext httpContext)
   at Swashbuckle.AspNetCore.Swagger.SwaggerMiddleware.Invoke(HttpContext httpContext, ISwaggerProvider swaggerProvider)
   at Microsoft.AspNetCore.Authentication.AuthenticationMiddleware.Invoke(HttpContext context)
   at Microsoft.AspNetCore.StaticFiles.StaticFileMiddleware.Invoke(HttpContext context)
   at Microsoft.AspNetCore.Diagnostics.DeveloperExceptionPageMiddleware.Invoke(HttpContext context)
2020-11-04T12:02:01.9871343+04:00 80000025-0005-fb00-b63f-84710c7967bb [INF] Request finished in 53146.9828ms 500 text/html; charset=utf-8 (791a596a)
2020-11-04T12:02:05.1007118+04:00 80000031-0000-fa00-b63f-84710c7967bb [INF] Request starting HTTP/2.0 GET https://localhost:44317/api/Users/GetReportTemplate?UserName=kustar   (ca22a1cb)
2020-11-04T12:02:05.1067859+04:00 80000031-0000-fa00-b63f-84710c7967bb [INF] Executing endpoint '"KU.WebAPI.Controllers.UsersController.GetReportTemplate (KU.WebAPI)"' (500cc934)
2020-11-04T12:02:05.1113651+04:00 80000031-0000-fa00-b63f-84710c7967bb [INF] Route matched with "{action = \"GetReportTemplate\", controller = \"Users\"}". Executing controller action with signature "System.Threading.Tasks.Task`1[Microsoft.AspNetCore.Mvc.IActionResult] GetReportTemplate(System.String)" on controller "KU.WebAPI.Controllers.UsersController" ("KU.WebAPI"). (122b2fdf)
2020-11-04T12:02:05.1151823+04:00 80000031-0000-fa00-b63f-84710c7967bb [INF] Executing action method "KU.WebAPI.Controllers.UsersController.GetReportTemplate (KU.WebAPI)" - Validation state: Valid (dad538d7)
2020-11-04T12:02:14.2544914+04:00 80000031-0000-fa00-b63f-84710c7967bb [INF] Entity Framework Core "2.2.6-servicing-10079" initialized '"ApplicationDbContext"' using provider '"Microsoft.EntityFrameworkCore.SqlServer"' with options: "MigrationsAssembly=KU.WebAPI " (9958f5bb)
2020-11-04T12:02:14.4155059+04:00 80000031-0000-fa00-b63f-84710c7967bb [INF] Executed DbCommand ("106"ms) [Parameters=["@p0='?' (Size = 4000)"], CommandType='Text', CommandTimeout='30']"
""SP_Report_Templates @p0" (0723d8ff)
2020-11-04T12:02:14.4356192+04:00 80000031-0000-fa00-b63f-84710c7967bb [ERR] An exception occurred while iterating over the results of a query for context type '"KU.Repositories.ApplicationDbContext"'."
""System.InvalidOperationException: The required column 'Items' was not present in the results of a 'FromSql' operation.
   at Microsoft.EntityFrameworkCore.Query.Sql.Internal.FromSqlNonComposedQuerySqlGenerator.CreateValueBufferFactory(IRelationalValueBufferFactoryFactory relationalValueBufferFactoryFactory, DbDataReader dataReader)
   at Microsoft.EntityFrameworkCore.Query.Internal.ShaperCommandContext.<NotifyReaderCreated>b__14_0(FactoryAndReader s)
   at Microsoft.EntityFrameworkCore.Internal.NonCapturingLazyInitializer.EnsureInitialized[TParam,TValue](TValue& target, TParam param, Func`2 valueFactory)
   at Microsoft.EntityFrameworkCore.Query.Internal.ShaperCommandContext.NotifyReaderCreated(DbDataReader dataReader)
   at Microsoft.EntityFrameworkCore.Query.Internal.QueryingEnumerable`1.Enumerator.BufferlessMoveNext(DbContext _, Boolean buffer)
   at Microsoft.EntityFrameworkCore.SqlServer.Storage.Internal.SqlServerExecutionStrategy.Execute[TState,TResult](TState state, Func`3 operation, Func`3 verifySucceeded)
   at Microsoft.EntityFrameworkCore.Query.Internal.QueryingEnumerable`1.Enumerator.MoveNext()
   at Microsoft.EntityFrameworkCore.Query.Internal.LinqOperatorProvider._TrackEntities[TOut,TIn](IEnumerable`1 results, QueryContext queryContext, IList`1 entityTrackingInfos, IList`1 entityAccessors)+MoveNext()
   at Microsoft.EntityFrameworkCore.Query.Internal.LinqOperatorProvider.ExceptionInterceptor`1.EnumeratorExceptionInterceptor.MoveNext()" (f5c7ac34)
System.InvalidOperationException: The required column 'Items' was not present in the results of a 'FromSql' operation.
   at Microsoft.EntityFrameworkCore.Query.Sql.Internal.FromSqlNonComposedQuerySqlGenerator.CreateValueBufferFactory(IRelationalValueBufferFactoryFactory relationalValueBufferFactoryFactory, DbDataReader dataReader)
   at Microsoft.EntityFrameworkCore.Query.Internal.ShaperCommandContext.<NotifyReaderCreated>b__14_0(FactoryAndReader s)
   at Microsoft.EntityFrameworkCore.Internal.NonCapturingLazyInitializer.EnsureInitialized[TParam,TValue](TValue& target, TParam param, Func`2 valueFactory)
   at Microsoft.EntityFrameworkCore.Query.Internal.ShaperCommandContext.NotifyReaderCreated(DbDataReader dataReader)
   at Microsoft.EntityFrameworkCore.Query.Internal.QueryingEnumerable`1.Enumerator.BufferlessMoveNext(DbContext _, Boolean buffer)
   at Microsoft.EntityFrameworkCore.SqlServer.Storage.Internal.SqlServerExecutionStrategy.Execute[TState,TResult](TState state, Func`3 operation, Func`3 verifySucceeded)
   at Microsoft.EntityFrameworkCore.Query.Internal.QueryingEnumerable`1.Enumerator.MoveNext()
   at Microsoft.EntityFrameworkCore.Query.Internal.LinqOperatorProvider._TrackEntities[TOut,TIn](IEnumerable`1 results, QueryContext queryContext, IList`1 entityTrackingInfos, IList`1 entityAccessors)+MoveNext()
   at Microsoft.EntityFrameworkCore.Query.Internal.LinqOperatorProvider.ExceptionInterceptor`1.EnumeratorExceptionInterceptor.MoveNext()
2020-11-04T12:02:14.5886280+04:00 80000031-0000-fa00-b63f-84710c7967bb [INF] Executed action "KU.WebAPI.Controllers.UsersController.GetReportTemplate (KU.WebAPI)" in 9473.576ms (afa2e885)
2020-11-04T12:02:14.5964899+04:00 80000031-0000-fa00-b63f-84710c7967bb [INF] Executed endpoint '"KU.WebAPI.Controllers.UsersController.GetReportTemplate (KU.WebAPI)"' (99874f2b)
2020-11-04T12:02:14.6163878+04:00 80000031-0000-fa00-b63f-84710c7967bb [ERR] An unhandled exception has occurred while executing the request. (48a46595)
System.InvalidOperationException: The required column 'Items' was not present in the results of a 'FromSql' operation.
   at Microsoft.EntityFrameworkCore.Query.Sql.Internal.FromSqlNonComposedQuerySqlGenerator.CreateValueBufferFactory(IRelationalValueBufferFactoryFactory relationalValueBufferFactoryFactory, DbDataReader dataReader)
   at Microsoft.EntityFrameworkCore.Query.Internal.ShaperCommandContext.<NotifyReaderCreated>b__14_0(FactoryAndReader s)
   at Microsoft.EntityFrameworkCore.Internal.NonCapturingLazyInitializer.EnsureInitialized[TParam,TValue](TValue& target, TParam param, Func`2 valueFactory)
   at Microsoft.EntityFrameworkCore.Query.Internal.ShaperCommandContext.NotifyReaderCreated(DbDataReader dataReader)
   at Microsoft.EntityFrameworkCore.Query.Internal.QueryingEnumerable`1.Enumerator.BufferlessMoveNext(DbContext _, Boolean buffer)
   at Microsoft.EntityFrameworkCore.SqlServer.Storage.Internal.SqlServerExecutionStrategy.Execute[TState,TResult](TState state, Func`3 operation, Func`3 verifySucceeded)
   at Microsoft.EntityFrameworkCore.Query.Internal.QueryingEnumerable`1.Enumerator.MoveNext()
   at Microsoft.EntityFrameworkCore.Query.Internal.LinqOperatorProvider._TrackEntities[TOut,TIn](IEnumerable`1 results, QueryContext queryContext, IList`1 entityTrackingInfos, IList`1 entityAccessors)+MoveNext()
   at Microsoft.EntityFrameworkCore.Query.Internal.LinqOperatorProvider.ExceptionInterceptor`1.EnumeratorExceptionInterceptor.MoveNext()
   at System.Collections.Generic.List`1.AddEnumerable(IEnumerable`1 enumerable)
   at System.Linq.Enumerable.ToList[TSource](IEnumerable`1 source)
   at KU.Repositories.Implementations.GenericResultRepository.GetReportTemplate(String UserName) in C:\TCIT\Khalifa University\Khalifa\KU.Repositories\Implementations\GenericResultRepository.cs:line 58
   at KU.Services.Implementations.UserService.GetReportTemplate(String UserName) in C:\TCIT\Khalifa University\Khalifa\KU.Services\Implementations\UserService.cs:line 53
   at KU.WebAPI.Controllers.UsersController.GetReportTemplate(String UserName) in C:\TCIT\Khalifa University\Khalifa\KU.WebAPI\Controllers\UsersController.cs:line 117
   at Microsoft.AspNetCore.Mvc.Internal.ActionMethodExecutor.TaskOfIActionResultExecutor.Execute(IActionResultTypeMapper mapper, ObjectMethodExecutor executor, Object controller, Object[] arguments)
   at System.Threading.Tasks.ValueTask`1.get_Result()
   at Microsoft.AspNetCore.Mvc.Internal.ControllerActionInvoker.InvokeActionMethodAsync()
   at Microsoft.AspNetCore.Mvc.Internal.ControllerActionInvoker.InvokeNextActionFilterAsync()
   at Microsoft.AspNetCore.Mvc.Internal.ControllerActionInvoker.Rethrow(ActionExecutedContext context)
   at Microsoft.AspNetCore.Mvc.Internal.ControllerActionInvoker.Next(State& next, Scope& scope, Object& state, Boolean& isCompleted)
   at Microsoft.AspNetCore.Mvc.Internal.ControllerActionInvoker.InvokeInnerFilterAsync()
   at Microsoft.AspNetCore.Mvc.Internal.ResourceInvoker.InvokeNextResourceFilter()
   at Microsoft.AspNetCore.Mvc.Internal.ResourceInvoker.Rethrow(ResourceExecutedContext context)
   at Microsoft.AspNetCore.Mvc.Internal.ResourceInvoker.Next(State& next, Scope& scope, Object& state, Boolean& isCompleted)
   at Microsoft.AspNetCore.Mvc.Internal.ResourceInvoker.InvokeFilterPipelineAsync()
   at Microsoft.AspNetCore.Mvc.Internal.ResourceInvoker.InvokeAsync()
   at Microsoft.AspNetCore.Routing.EndpointMiddleware.Invoke(HttpContext httpContext)
   at Microsoft.AspNetCore.Routing.EndpointRoutingMiddleware.Invoke(HttpContext httpContext)
   at Microsoft.AspNetCore.StaticFiles.StaticFileMiddleware.Invoke(HttpContext context)
   at Swashbuckle.AspNetCore.SwaggerUI.SwaggerUIMiddleware.Invoke(HttpContext httpContext)
   at Swashbuckle.AspNetCore.Swagger.SwaggerMiddleware.Invoke(HttpContext httpContext, ISwaggerProvider swaggerProvider)
   at Microsoft.AspNetCore.Authentication.AuthenticationMiddleware.Invoke(HttpContext context)
   at Microsoft.AspNetCore.StaticFiles.StaticFileMiddleware.Invoke(HttpContext context)
   at Microsoft.AspNetCore.Diagnostics.DeveloperExceptionPageMiddleware.Invoke(HttpContext context)
2020-11-04T12:02:14.6306361+04:00 80000031-0000-fa00-b63f-84710c7967bb [INF] Request finished in 9530.3865ms 500 text/html; charset=utf-8 (791a596a)
2020-11-04T12:02:22.1555556+04:00 80000033-0000-fa00-b63f-84710c7967bb [INF] Request starting HTTP/2.0 GET https://localhost:44317/api/Users/GetReportTemplate?UserName=kustar   (ca22a1cb)
2020-11-04T12:02:22.1598946+04:00 80000033-0000-fa00-b63f-84710c7967bb [INF] Executing endpoint '"KU.WebAPI.Controllers.UsersController.GetReportTemplate (KU.WebAPI)"' (500cc934)
2020-11-04T12:02:22.1641704+04:00 80000033-0000-fa00-b63f-84710c7967bb [INF] Route matched with "{action = \"GetReportTemplate\", controller = \"Users\"}". Executing controller action with signature "System.Threading.Tasks.Task`1[Microsoft.AspNetCore.Mvc.IActionResult] GetReportTemplate(System.String)" on controller "KU.WebAPI.Controllers.UsersController" ("KU.WebAPI"). (122b2fdf)
2020-11-04T12:02:22.1684351+04:00 80000033-0000-fa00-b63f-84710c7967bb [INF] Executing action method "KU.WebAPI.Controllers.UsersController.GetReportTemplate (KU.WebAPI)" - Validation state: Valid (dad538d7)
2020-11-04T12:02:35.7822734+04:00 80000033-0000-fa00-b63f-84710c7967bb [INF] Entity Framework Core "2.2.6-servicing-10079" initialized '"ApplicationDbContext"' using provider '"Microsoft.EntityFrameworkCore.SqlServer"' with options: "MigrationsAssembly=KU.WebAPI " (9958f5bb)
2020-11-04T12:02:50.9906625+04:00 80000033-0000-fa00-b63f-84710c7967bb [INF] Executed DbCommand ("282"ms) [Parameters=["@p0='?' (Size = 4000)"], CommandType='Text', CommandTimeout='30']"
""SP_Report_Templates @p0" (0723d8ff)
2020-11-04T12:02:50.9951071+04:00 80000033-0000-fa00-b63f-84710c7967bb [ERR] An exception occurred while iterating over the results of a query for context type '"KU.Repositories.ApplicationDbContext"'."
""System.InvalidOperationException: The required column 'Items' was not present in the results of a 'FromSql' operation.
   at Microsoft.EntityFrameworkCore.Query.Sql.Internal.FromSqlNonComposedQuerySqlGenerator.CreateValueBufferFactory(IRelationalValueBufferFactoryFactory relationalValueBufferFactoryFactory, DbDataReader dataReader)
   at Microsoft.EntityFrameworkCore.Query.Internal.ShaperCommandContext.<NotifyReaderCreated>b__14_0(FactoryAndReader s)
   at Microsoft.EntityFrameworkCore.Internal.NonCapturingLazyInitializer.EnsureInitialized[TParam,TValue](TValue& target, TParam param, Func`2 valueFactory)
   at Microsoft.EntityFrameworkCore.Query.Internal.ShaperCommandContext.NotifyReaderCreated(DbDataReader dataReader)
   at Microsoft.EntityFrameworkCore.Query.Internal.QueryingEnumerable`1.Enumerator.BufferlessMoveNext(DbContext _, Boolean buffer)
   at Microsoft.EntityFrameworkCore.SqlServer.Storage.Internal.SqlServerExecutionStrategy.Execute[TState,TResult](TState state, Func`3 operation, Func`3 verifySucceeded)
   at Microsoft.EntityFrameworkCore.Query.Internal.QueryingEnumerable`1.Enumerator.MoveNext()
   at Microsoft.EntityFrameworkCore.Query.Internal.LinqOperatorProvider._TrackEntities[TOut,TIn](IEnumerable`1 results, QueryContext queryContext, IList`1 entityTrackingInfos, IList`1 entityAccessors)+MoveNext()
   at Microsoft.EntityFrameworkCore.Query.Internal.LinqOperatorProvider.ExceptionInterceptor`1.EnumeratorExceptionInterceptor.MoveNext()" (f5c7ac34)
System.InvalidOperationException: The required column 'Items' was not present in the results of a 'FromSql' operation.
   at Microsoft.EntityFrameworkCore.Query.Sql.Internal.FromSqlNonComposedQuerySqlGenerator.CreateValueBufferFactory(IRelationalValueBufferFactoryFactory relationalValueBufferFactoryFactory, DbDataReader dataReader)
   at Microsoft.EntityFrameworkCore.Query.Internal.ShaperCommandContext.<NotifyReaderCreated>b__14_0(FactoryAndReader s)
   at Microsoft.EntityFrameworkCore.Internal.NonCapturingLazyInitializer.EnsureInitialized[TParam,TValue](TValue& target, TParam param, Func`2 valueFactory)
   at Microsoft.EntityFrameworkCore.Query.Internal.ShaperCommandContext.NotifyReaderCreated(DbDataReader dataReader)
   at Microsoft.EntityFrameworkCore.Query.Internal.QueryingEnumerable`1.Enumerator.BufferlessMoveNext(DbContext _, Boolean buffer)
   at Microsoft.EntityFrameworkCore.SqlServer.Storage.Internal.SqlServerExecutionStrategy.Execute[TState,TResult](TState state, Func`3 operation, Func`3 verifySucceeded)
   at Microsoft.EntityFrameworkCore.Query.Internal.QueryingEnumerable`1.Enumerator.MoveNext()
   at Microsoft.EntityFrameworkCore.Query.Internal.LinqOperatorProvider._TrackEntities[TOut,TIn](IEnumerable`1 results, QueryContext queryContext, IList`1 entityTrackingInfos, IList`1 entityAccessors)+MoveNext()
   at Microsoft.EntityFrameworkCore.Query.Internal.LinqOperatorProvider.ExceptionInterceptor`1.EnumeratorExceptionInterceptor.MoveNext()
2020-11-04T12:02:51.1008065+04:00 80000033-0000-fa00-b63f-84710c7967bb [INF] Executed action "KU.WebAPI.Controllers.UsersController.GetReportTemplate (KU.WebAPI)" in 28933.2863ms (afa2e885)
2020-11-04T12:02:51.1089753+04:00 80000033-0000-fa00-b63f-84710c7967bb [INF] Executed endpoint '"KU.WebAPI.Controllers.UsersController.GetReportTemplate (KU.WebAPI)"' (99874f2b)
2020-11-04T12:02:51.1324131+04:00 80000033-0000-fa00-b63f-84710c7967bb [ERR] An unhandled exception has occurred while executing the request. (48a46595)
System.InvalidOperationException: The required column 'Items' was not present in the results of a 'FromSql' operation.
   at Microsoft.EntityFrameworkCore.Query.Sql.Internal.FromSqlNonComposedQuerySqlGenerator.CreateValueBufferFactory(IRelationalValueBufferFactoryFactory relationalValueBufferFactoryFactory, DbDataReader dataReader)
   at Microsoft.EntityFrameworkCore.Query.Internal.ShaperCommandContext.<NotifyReaderCreated>b__14_0(FactoryAndReader s)
   at Microsoft.EntityFrameworkCore.Internal.NonCapturingLazyInitializer.EnsureInitialized[TParam,TValue](TValue& target, TParam param, Func`2 valueFactory)
   at Microsoft.EntityFrameworkCore.Query.Internal.ShaperCommandContext.NotifyReaderCreated(DbDataReader dataReader)
   at Microsoft.EntityFrameworkCore.Query.Internal.QueryingEnumerable`1.Enumerator.BufferlessMoveNext(DbContext _, Boolean buffer)
   at Microsoft.EntityFrameworkCore.SqlServer.Storage.Internal.SqlServerExecutionStrategy.Execute[TState,TResult](TState state, Func`3 operation, Func`3 verifySucceeded)
   at Microsoft.EntityFrameworkCore.Query.Internal.QueryingEnumerable`1.Enumerator.MoveNext()
   at Microsoft.EntityFrameworkCore.Query.Internal.LinqOperatorProvider._TrackEntities[TOut,TIn](IEnumerable`1 results, QueryContext queryContext, IList`1 entityTrackingInfos, IList`1 entityAccessors)+MoveNext()
   at Microsoft.EntityFrameworkCore.Query.Internal.LinqOperatorProvider.ExceptionInterceptor`1.EnumeratorExceptionInterceptor.MoveNext()
   at System.Collections.Generic.List`1.AddEnumerable(IEnumerable`1 enumerable)
   at System.Linq.Enumerable.ToList[TSource](IEnumerable`1 source)
   at KU.Repositories.Implementations.GenericResultRepository.GetReportTemplate(String UserName) in C:\TCIT\Khalifa University\Khalifa\KU.Repositories\Implementations\GenericResultRepository.cs:line 58
   at KU.Services.Implementations.UserService.GetReportTemplate(String UserName) in C:\TCIT\Khalifa University\Khalifa\KU.Services\Implementations\UserService.cs:line 53
   at KU.WebAPI.Controllers.UsersController.GetReportTemplate(String UserName) in C:\TCIT\Khalifa University\Khalifa\KU.WebAPI\Controllers\UsersController.cs:line 117
   at Microsoft.AspNetCore.Mvc.Internal.ActionMethodExecutor.TaskOfIActionResultExecutor.Execute(IActionResultTypeMapper mapper, ObjectMethodExecutor executor, Object controller, Object[] arguments)
   at System.Threading.Tasks.ValueTask`1.get_Result()
   at Microsoft.AspNetCore.Mvc.Internal.ControllerActionInvoker.InvokeActionMethodAsync()
   at Microsoft.AspNetCore.Mvc.Internal.ControllerActionInvoker.InvokeNextActionFilterAsync()
   at Microsoft.AspNetCore.Mvc.Internal.ControllerActionInvoker.Rethrow(ActionExecutedContext context)
   at Microsoft.AspNetCore.Mvc.Internal.ControllerActionInvoker.Next(State& next, Scope& scope, Object& state, Boolean& isCompleted)
   at Microsoft.AspNetCore.Mvc.Internal.ControllerActionInvoker.InvokeInnerFilterAsync()
   at Microsoft.AspNetCore.Mvc.Internal.ResourceInvoker.InvokeNextResourceFilter()
   at Microsoft.AspNetCore.Mvc.Internal.ResourceInvoker.Rethrow(ResourceExecutedContext context)
   at Microsoft.AspNetCore.Mvc.Internal.ResourceInvoker.Next(State& next, Scope& scope, Object& state, Boolean& isCompleted)
   at Microsoft.AspNetCore.Mvc.Internal.ResourceInvoker.InvokeFilterPipelineAsync()
   at Microsoft.AspNetCore.Mvc.Internal.ResourceInvoker.InvokeAsync()
   at Microsoft.AspNetCore.Routing.EndpointMiddleware.Invoke(HttpContext httpContext)
   at Microsoft.AspNetCore.Routing.EndpointRoutingMiddleware.Invoke(HttpContext httpContext)
   at Microsoft.AspNetCore.StaticFiles.StaticFileMiddleware.Invoke(HttpContext context)
   at Swashbuckle.AspNetCore.SwaggerUI.SwaggerUIMiddleware.Invoke(HttpContext httpContext)
   at Swashbuckle.AspNetCore.Swagger.SwaggerMiddleware.Invoke(HttpContext httpContext, ISwaggerProvider swaggerProvider)
   at Microsoft.AspNetCore.Authentication.AuthenticationMiddleware.Invoke(HttpContext context)
   at Microsoft.AspNetCore.StaticFiles.StaticFileMiddleware.Invoke(HttpContext context)
   at Microsoft.AspNetCore.Diagnostics.DeveloperExceptionPageMiddleware.Invoke(HttpContext context)
2020-11-04T12:02:51.1491068+04:00 80000033-0000-fa00-b63f-84710c7967bb [INF] Request finished in 28994.0288ms 500 text/html; charset=utf-8 (791a596a)
2020-11-04T12:25:20.6175207+04:00 80000035-0000-fa00-b63f-84710c7967bb [INF] Request starting HTTP/2.0 GET https://localhost:44317/api/Users/GetReportTemplate?UserName=kustar   (ca22a1cb)
2020-11-04T12:25:20.6216745+04:00 80000035-0000-fa00-b63f-84710c7967bb [INF] Executing endpoint '"KU.WebAPI.Controllers.UsersController.GetReportTemplate (KU.WebAPI)"' (500cc934)
2020-11-04T12:25:20.6252571+04:00 80000035-0000-fa00-b63f-84710c7967bb [INF] Route matched with "{action = \"GetReportTemplate\", controller = \"Users\"}". Executing controller action with signature "System.Threading.Tasks.Task`1[Microsoft.AspNetCore.Mvc.IActionResult] GetReportTemplate(System.String)" on controller "KU.WebAPI.Controllers.UsersController" ("KU.WebAPI"). (122b2fdf)
2020-11-04T12:25:20.6283858+04:00 80000035-0000-fa00-b63f-84710c7967bb [INF] Executing action method "KU.WebAPI.Controllers.UsersController.GetReportTemplate (KU.WebAPI)" - Validation state: Valid (dad538d7)
2020-11-04T12:25:22.5744489+04:00 80000035-0000-fa00-b63f-84710c7967bb [INF] Entity Framework Core "2.2.6-servicing-10079" initialized '"ApplicationDbContext"' using provider '"Microsoft.EntityFrameworkCore.SqlServer"' with options: "MigrationsAssembly=KU.WebAPI " (9958f5bb)
2020-11-04T12:25:23.0955850+04:00 80000035-0000-fa00-b63f-84710c7967bb [INF] Executed DbCommand ("152"ms) [Parameters=["@p0='?' (Size = 4000)"], CommandType='Text', CommandTimeout='30']"
""SP_Report_Templates @p0" (0723d8ff)
2020-11-04T12:25:26.1982682+04:00 80000035-0000-fa00-b63f-84710c7967bb [INF] Executed action method "KU.WebAPI.Controllers.UsersController.GetReportTemplate (KU.WebAPI)", returned result "Microsoft.AspNetCore.Mvc.OkObjectResult" in 5561.7158ms. (50a9e262)
2020-11-04T12:25:26.2087718+04:00 80000035-0000-fa00-b63f-84710c7967bb [INF] Executing ObjectResult, writing value of type '"Newtonsoft.Json.Linq.JArray"'. (8a1b66c8)
2020-11-04T12:25:26.2218775+04:00 80000035-0000-fa00-b63f-84710c7967bb [INF] Executed action "KU.WebAPI.Controllers.UsersController.GetReportTemplate (KU.WebAPI)" in 5592.7253ms (afa2e885)
2020-11-04T12:25:26.2249316+04:00 80000035-0000-fa00-b63f-84710c7967bb [INF] Executed endpoint '"KU.WebAPI.Controllers.UsersController.GetReportTemplate (KU.WebAPI)"' (99874f2b)
2020-11-04T12:25:26.2288996+04:00 80000035-0000-fa00-b63f-84710c7967bb [INF] Request finished in 5611.5505ms 200 application/json; charset=utf-8 (791a596a)
2020-11-04T12:31:15.6165206+04:00 80000006-0004-fd00-b63f-84710c7967bb [INF] Request starting HTTP/2.0 GET https://localhost:44317/index.html   (ca22a1cb)
2020-11-04T12:31:16.2278989+04:00 80000006-0004-fd00-b63f-84710c7967bb [INF] Request finished in 619.2762ms 200 text/html (791a596a)
2020-11-04T12:31:16.6265558+04:00 8000002d-0005-fb00-b63f-84710c7967bb [INF] Request starting HTTP/2.0 GET https://localhost:44317/swagger/v1/swagger.json   (ca22a1cb)
2020-11-04T12:31:16.8879894+04:00 8000002d-0005-fb00-b63f-84710c7967bb [INF] Request finished in 263.5996ms 200 application/json;charset=utf-8 (791a596a)
2020-11-04T12:31:24.6425236+04:00 80000018-0006-ff00-b63f-84710c7967bb [INF] Request starting HTTP/2.0 GET https://localhost:44317/api/Form/templates   (ca22a1cb)
2020-11-04T12:31:24.7080978+04:00 80000018-0006-ff00-b63f-84710c7967bb [INF] Executing endpoint '"KU.WebAPI.Controllers.FormController.GetTemplates (KU.WebAPI)"' (500cc934)
2020-11-04T12:31:24.7404657+04:00 80000018-0006-ff00-b63f-84710c7967bb [INF] Route matched with "{action = \"GetTemplates\", controller = \"Form\"}". Executing controller action with signature "Microsoft.AspNetCore.Mvc.IActionResult GetTemplates(System.String)" on controller "KU.WebAPI.Controllers.FormController" ("KU.WebAPI"). (122b2fdf)
2020-11-04T12:31:24.7735602+04:00 80000018-0006-ff00-b63f-84710c7967bb [INF] Executing action method "KU.WebAPI.Controllers.FormController.GetTemplates (KU.WebAPI)" - Validation state: Valid (dad538d7)
2020-11-04T12:31:31.2140884+04:00 80000018-0006-ff00-b63f-84710c7967bb [INF] Entity Framework Core "2.2.6-servicing-10079" initialized '"ApplicationDbContext"' using provider '"Microsoft.EntityFrameworkCore.SqlServer"' with options: "MigrationsAssembly=KU.WebAPI " (9958f5bb)
2020-11-04T12:31:32.0420420+04:00 80000018-0006-ff00-b63f-84710c7967bb [INF] Executed DbCommand ("94"ms) [Parameters=[""], CommandType='Text', CommandTimeout='30']"
""SELECT [c].[TemplateID], [c].[CSS], [c].[Link], [c].[Name], [c].[URL], [c].[bullet], [c].[icon], [c].[root]
FROM [Template] AS [c]
ORDER BY [c].[TemplateID]" (0723d8ff)
2020-11-04T12:31:32.1130881+04:00 80000018-0006-ff00-b63f-84710c7967bb [INF] Executed action method "KU.WebAPI.Controllers.FormController.GetTemplates (KU.WebAPI)", returned result "Microsoft.AspNetCore.Mvc.OkObjectResult" in 7331.5138ms. (50a9e262)
2020-11-04T12:31:32.1262609+04:00 80000018-0006-ff00-b63f-84710c7967bb [INF] Executing ObjectResult, writing value of type '"System.Collections.Generic.List`1[[KU.Repositories.Models.Template, KU.Repositories, Version=1.0.0.0, Culture=neutral, PublicKeyToken=null]]"'. (8a1b66c8)
2020-11-04T12:31:32.1443345+04:00 80000018-0006-ff00-b63f-84710c7967bb [INF] Executed action "KU.WebAPI.Controllers.FormController.GetTemplates (KU.WebAPI)" in 7394.3937ms (afa2e885)
2020-11-04T12:31:32.1498027+04:00 80000018-0006-ff00-b63f-84710c7967bb [INF] Executed endpoint '"KU.WebAPI.Controllers.FormController.GetTemplates (KU.WebAPI)"' (99874f2b)
2020-11-04T12:31:32.1549436+04:00 80000018-0006-ff00-b63f-84710c7967bb [INF] Request finished in 7512.9026ms 200 application/json; charset=utf-8 (791a596a)
2020-11-04T12:31:50.8458288+04:00 8000001a-0006-ff00-b63f-84710c7967bb [INF] Request starting HTTP/2.0 GET https://localhost:44317/api/Users/GetTemplate?UserName=kustar   (ca22a1cb)
2020-11-04T12:31:50.8514846+04:00 8000001a-0006-ff00-b63f-84710c7967bb [INF] Executing endpoint '"KU.WebAPI.Controllers.UsersController.GetTemplate (KU.WebAPI)"' (500cc934)
2020-11-04T12:31:50.8627784+04:00 8000001a-0006-ff00-b63f-84710c7967bb [INF] Route matched with "{action = \"GetTemplate\", controller = \"Users\"}". Executing controller action with signature "System.Threading.Tasks.Task`1[Microsoft.AspNetCore.Mvc.IActionResult] GetTemplate(System.String)" on controller "KU.WebAPI.Controllers.UsersController" ("KU.WebAPI"). (122b2fdf)
2020-11-04T12:31:50.8702349+04:00 8000001a-0006-ff00-b63f-84710c7967bb [INF] Executing action method "KU.WebAPI.Controllers.UsersController.GetTemplate (KU.WebAPI)" - Validation state: Valid (dad538d7)
2020-11-04T12:31:50.8850617+04:00 8000001a-0006-ff00-b63f-84710c7967bb [INF] Entity Framework Core "2.2.6-servicing-10079" initialized '"ApplicationDbContext"' using provider '"Microsoft.EntityFrameworkCore.SqlServer"' with options: "MigrationsAssembly=KU.WebAPI " (9958f5bb)
2020-11-04T12:31:51.0456951+04:00 8000001a-0006-ff00-b63f-84710c7967bb [INF] Executed DbCommand ("140"ms) [Parameters=["@p0='?' (Size = 4000)"], CommandType='Text', CommandTimeout='30']"
""SP_GetTemplate @p0" (0723d8ff)
2020-11-04T12:31:51.1241952+04:00 8000001a-0006-ff00-b63f-84710c7967bb [INF] Executed action method "KU.WebAPI.Controllers.UsersController.GetTemplate (KU.WebAPI)", returned result "Microsoft.AspNetCore.Mvc.OkObjectResult" in 249.5644ms. (50a9e262)
2020-11-04T12:31:51.1284951+04:00 8000001a-0006-ff00-b63f-84710c7967bb [INF] Executing ObjectResult, writing value of type '"Newtonsoft.Json.Linq.JArray"'. (8a1b66c8)
2020-11-04T12:31:51.1359267+04:00 8000001a-0006-ff00-b63f-84710c7967bb [INF] Executed action "KU.WebAPI.Controllers.UsersController.GetTemplate (KU.WebAPI)" in 268.4507ms (afa2e885)
2020-11-04T12:31:51.1402309+04:00 8000001a-0006-ff00-b63f-84710c7967bb [INF] Executed endpoint '"KU.WebAPI.Controllers.UsersController.GetTemplate (KU.WebAPI)"' (99874f2b)
2020-11-04T12:31:51.1443692+04:00 8000001a-0006-ff00-b63f-84710c7967bb [INF] Request finished in 298.2478ms 200 application/json; charset=utf-8 (791a596a)
2020-11-04T12:32:48.0462860+04:00 80000027-0000-fc00-b63f-84710c7967bb [INF] Request starting HTTP/2.0 GET https://localhost:44317/api/Users/GetTemplate?UserName=kustar   (ca22a1cb)
2020-11-04T12:32:48.0538417+04:00 80000027-0000-fc00-b63f-84710c7967bb [INF] Executing endpoint '"KU.WebAPI.Controllers.UsersController.GetTemplate (KU.WebAPI)"' (500cc934)
2020-11-04T12:32:48.0573239+04:00 80000027-0000-fc00-b63f-84710c7967bb [INF] Route matched with "{action = \"GetTemplate\", controller = \"Users\"}". Executing controller action with signature "System.Threading.Tasks.Task`1[Microsoft.AspNetCore.Mvc.IActionResult] GetTemplate(System.String)" on controller "KU.WebAPI.Controllers.UsersController" ("KU.WebAPI"). (122b2fdf)
2020-11-04T12:32:48.0613234+04:00 80000027-0000-fc00-b63f-84710c7967bb [INF] Executing action method "KU.WebAPI.Controllers.UsersController.GetTemplate (KU.WebAPI)" - Validation state: Valid (dad538d7)
2020-11-04T12:32:48.0656139+04:00 80000027-0000-fc00-b63f-84710c7967bb [INF] Entity Framework Core "2.2.6-servicing-10079" initialized '"ApplicationDbContext"' using provider '"Microsoft.EntityFrameworkCore.SqlServer"' with options: "MigrationsAssembly=KU.WebAPI " (9958f5bb)
2020-11-04T12:32:48.2191495+04:00 80000027-0000-fc00-b63f-84710c7967bb [INF] Executed DbCommand ("143"ms) [Parameters=["@p0='?' (Size = 4000)"], CommandType='Text', CommandTimeout='30']"
""SP_GetTemplate @p0" (0723d8ff)
2020-11-04T12:32:48.2302631+04:00 80000027-0000-fc00-b63f-84710c7967bb [INF] Executed action method "KU.WebAPI.Controllers.UsersController.GetTemplate (KU.WebAPI)", returned result "Microsoft.AspNetCore.Mvc.OkObjectResult" in 160.1923ms. (50a9e262)
2020-11-04T12:32:48.2400556+04:00 80000027-0000-fc00-b63f-84710c7967bb [INF] Executing ObjectResult, writing value of type '"Newtonsoft.Json.Linq.JArray"'. (8a1b66c8)
2020-11-04T12:32:48.2517659+04:00 80000027-0000-fc00-b63f-84710c7967bb [INF] Executed action "KU.WebAPI.Controllers.UsersController.GetTemplate (KU.WebAPI)" in 183.5379ms (afa2e885)
2020-11-04T12:32:48.2614243+04:00 80000027-0000-fc00-b63f-84710c7967bb [INF] Executed endpoint '"KU.WebAPI.Controllers.UsersController.GetTemplate (KU.WebAPI)"' (99874f2b)
2020-11-04T12:32:48.2706191+04:00 80000027-0000-fc00-b63f-84710c7967bb [INF] Request finished in 219.1635ms 200 application/json; charset=utf-8 (791a596a)
2020-11-04T12:33:08.8577058+04:00 80000014-0002-fc00-b63f-84710c7967bb [INF] Request starting HTTP/2.0 GET https://localhost:44317/api/Users/GetReportTemplate?UserName=kustar   (ca22a1cb)
2020-11-04T12:33:08.8615354+04:00 80000014-0002-fc00-b63f-84710c7967bb [INF] Executing endpoint '"KU.WebAPI.Controllers.UsersController.GetReportTemplate (KU.WebAPI)"' (500cc934)
2020-11-04T12:33:08.8686136+04:00 80000014-0002-fc00-b63f-84710c7967bb [INF] Route matched with "{action = \"GetReportTemplate\", controller = \"Users\"}". Executing controller action with signature "System.Threading.Tasks.Task`1[Microsoft.AspNetCore.Mvc.IActionResult] GetReportTemplate(System.String)" on controller "KU.WebAPI.Controllers.UsersController" ("KU.WebAPI"). (122b2fdf)
2020-11-04T12:33:08.8719197+04:00 80000014-0002-fc00-b63f-84710c7967bb [INF] Executing action method "KU.WebAPI.Controllers.UsersController.GetReportTemplate (KU.WebAPI)" - Validation state: Valid (dad538d7)
2020-11-04T12:33:10.3878952+04:00 80000014-0002-fc00-b63f-84710c7967bb [INF] Entity Framework Core "2.2.6-servicing-10079" initialized '"ApplicationDbContext"' using provider '"Microsoft.EntityFrameworkCore.SqlServer"' with options: "MigrationsAssembly=KU.WebAPI " (9958f5bb)
2020-11-04T12:33:10.5794618+04:00 80000014-0002-fc00-b63f-84710c7967bb [INF] Executed DbCommand ("183"ms) [Parameters=["@p0='?' (Size = 4000)"], CommandType='Text', CommandTimeout='30']"
""SP_Report_Templates @p0" (0723d8ff)
2020-11-04T12:33:10.5856155+04:00 80000014-0002-fc00-b63f-84710c7967bb [INF] Executed action method "KU.WebAPI.Controllers.UsersController.GetReportTemplate (KU.WebAPI)", returned result "Microsoft.AspNetCore.Mvc.OkObjectResult" in 1710.1526ms. (50a9e262)
2020-11-04T12:33:10.5887657+04:00 80000014-0002-fc00-b63f-84710c7967bb [INF] Executing ObjectResult, writing value of type '"Newtonsoft.Json.Linq.JArray"'. (8a1b66c8)
2020-11-04T12:33:10.5923010+04:00 80000014-0002-fc00-b63f-84710c7967bb [INF] Executed action "KU.WebAPI.Controllers.UsersController.GetReportTemplate (KU.WebAPI)" in 1720.3921ms (afa2e885)
2020-11-04T12:33:10.5954309+04:00 80000014-0002-fc00-b63f-84710c7967bb [INF] Executed endpoint '"KU.WebAPI.Controllers.UsersController.GetReportTemplate (KU.WebAPI)"' (99874f2b)
2020-11-04T12:33:10.5993994+04:00 80000014-0002-fc00-b63f-84710c7967bb [INF] Request finished in 1742.1929ms 200 application/json; charset=utf-8 (791a596a)
2020-11-04T14:44:56.6144230+04:00 8000002d-0003-fd00-b63f-84710c7967bb [INF] Request starting HTTP/2.0 GET https://localhost:44317/index.html   (ca22a1cb)
2020-11-04T14:44:57.0930359+04:00 8000002d-0003-fd00-b63f-84710c7967bb [INF] Request finished in 484.2704ms 200 text/html (791a596a)
2020-11-04T14:44:57.4260629+04:00 80000002-0006-fb00-b63f-84710c7967bb [INF] Request starting HTTP/2.0 GET https://localhost:44317/swagger/v1/swagger.json   (ca22a1cb)
2020-11-04T14:44:57.6295263+04:00 80000002-0006-fb00-b63f-84710c7967bb [INF] Request finished in 203.0821ms 200 application/json;charset=utf-8 (791a596a)
2020-11-04T14:45:13.5107329+04:00 80000015-0001-f900-b63f-84710c7967bb [INF] Request starting HTTP/2.0 GET https://localhost:44317/api/Report/ReportNew?TemplateID=11   (ca22a1cb)
2020-11-04T14:45:13.5781299+04:00 80000015-0001-f900-b63f-84710c7967bb [INF] Executing endpoint '"KU.WebAPI.Controllers.ReportController.GetReportNew (KU.WebAPI)"' (500cc934)
2020-11-04T14:45:13.6282191+04:00 80000015-0001-f900-b63f-84710c7967bb [INF] Route matched with "{action = \"GetReportNew\", controller = \"Report\"}". Executing controller action with signature "System.Threading.Tasks.Task`1[Microsoft.AspNetCore.Mvc.IActionResult] GetReportNew(Int64, Int64, System.String, System.String, System.String, System.String, System.String, System.String, System.String, System.String, System.String, Int32, Int32, Int32, Int32, System.String)" on controller "KU.WebAPI.Controllers.ReportController" ("KU.WebAPI"). (122b2fdf)
2020-11-04T14:45:13.6607574+04:00 80000015-0001-f900-b63f-84710c7967bb [INF] Executing action method "KU.WebAPI.Controllers.ReportController.GetReportNew (KU.WebAPI)" - Validation state: Valid (dad538d7)
2020-11-04T14:45:19.3119038+04:00 80000015-0001-f900-b63f-84710c7967bb [INF] Entity Framework Core "2.2.6-servicing-10079" initialized '"ApplicationDbContext"' using provider '"Microsoft.EntityFrameworkCore.SqlServer"' with options: "MigrationsAssembly=KU.WebAPI " (9958f5bb)
2020-11-04T14:46:10.4016761+04:00 80000015-0001-f900-b63f-84710c7967bb [INF] Executed DbCommand ("362"ms) [Parameters=["@p0='?' (DbType = Int32), @p1='?' (DbType = Int32), @p2='?' (DbType = Int32), @p3='?' (DbType = Int32), @p4='?' (DbType = Int64), @p5='?' (DbType = Int64), @p6='?', @p7='?' (Size = 4000), @p8='?' (Size = 4000), @p9='?' (Size = 4000), @p10='?' (Size = 4000), @p11='?', @p12='?' (Size = 4000), @p13='?' (Size = 4000), @p14='?' (Size = 4000), @p15='?' (Size = 4000)"], CommandType='Text', CommandTimeout='30']"
""SP_GETDATANew @p0,@p1,@p2,@p3,@p4,@p5,@p6,@p7,@p8,@p9,@p10,@p11,@p12,@p13,@p14,@p15" (0723d8ff)
2020-11-04T14:47:19.7540742+04:00 80000015-0001-f900-b63f-84710c7967bb [INF] Executed action method "KU.WebAPI.Controllers.ReportController.GetReportNew (KU.WebAPI)", returned result "Microsoft.AspNetCore.Mvc.OkObjectResult" in 126085.5142ms. (50a9e262)
2020-11-04T14:47:19.7656025+04:00 80000015-0001-f900-b63f-84710c7967bb [INF] Executing ObjectResult, writing value of type '"Newtonsoft.Json.Linq.JArray"'. (8a1b66c8)
2020-11-04T14:47:19.7832195+04:00 80000015-0001-f900-b63f-84710c7967bb [INF] Executed action "KU.WebAPI.Controllers.ReportController.GetReportNew (KU.WebAPI)" in 126147.2675ms (afa2e885)
2020-11-04T14:47:19.7874863+04:00 80000015-0001-f900-b63f-84710c7967bb [INF] Executed endpoint '"KU.WebAPI.Controllers.ReportController.GetReportNew (KU.WebAPI)"' (99874f2b)
2020-11-04T14:47:19.7913746+04:00 80000015-0001-f900-b63f-84710c7967bb [INF] Request finished in 126282.7471ms 200 application/json; charset=utf-8 (791a596a)
2020-11-04T14:47:51.5754329+04:00 80000018-0002-fc00-b63f-84710c7967bb [INF] Request starting HTTP/2.0 GET https://localhost:44317/api/Report/Reports?TemplateID=11   (ca22a1cb)
2020-11-04T14:47:51.5845969+04:00 80000018-0002-fc00-b63f-84710c7967bb [INF] Executing endpoint '"KU.WebAPI.Controllers.ReportController.GetReport (KU.WebAPI)"' (500cc934)
2020-11-04T14:47:51.5917126+04:00 80000018-0002-fc00-b63f-84710c7967bb [INF] Route matched with "{action = \"GetReport\", controller = \"Report\"}". Executing controller action with signature "Microsoft.AspNetCore.Mvc.IActionResult GetReport(Int64, Int64, System.String, System.String, System.String, System.String, System.String, System.String, System.String, System.String, System.String, Int32, Int32, Int32, Int32, System.String)" on controller "KU.WebAPI.Controllers.ReportController" ("KU.WebAPI"). (122b2fdf)
2020-11-04T14:47:51.5958773+04:00 80000018-0002-fc00-b63f-84710c7967bb [INF] Executing action method "KU.WebAPI.Controllers.ReportController.GetReport (KU.WebAPI)" - Validation state: Valid (dad538d7)
2020-11-04T14:47:51.6091363+04:00 80000018-0002-fc00-b63f-84710c7967bb [INF] Entity Framework Core "2.2.6-servicing-10079" initialized '"ApplicationDbContext"' using provider '"Microsoft.EntityFrameworkCore.SqlServer"' with options: "MigrationsAssembly=KU.WebAPI " (9958f5bb)
2020-11-04T14:47:54.0790959+04:00 80000018-0002-fc00-b63f-84710c7967bb [INF] Executed DbCommand ("2,391"ms) [Parameters=["@p0='?' (DbType = Int32), @p1='?' (DbType = Int32), @p2='?' (DbType = Int32), @p3='?' (DbType = Int32), @p4='?' (DbType = Int64), @p5='?' (DbType = Int64), @p6='?', @p7='?' (Size = 4000), @p8='?' (Size = 4000), @p9='?' (Size = 4000), @p10='?' (Size = 4000), @p11='?', @p12='?' (Size = 4000), @p13='?' (Size = 4000), @p14='?' (Size = 4000), @p15='?' (Size = 4000)"], CommandType='Text', CommandTimeout='30']"
""SP_GETDATA @p0,@p1,@p2,@p3,@p4,@p5,@p6,@p7,@p8,@p9,@p10,@p11,@p12,@p13,@p14,@p15" (0723d8ff)
2020-11-04T14:47:54.4084029+04:00 80000018-0002-fc00-b63f-84710c7967bb [INF] Executed action method "KU.WebAPI.Controllers.ReportController.GetReport (KU.WebAPI)", returned result "Microsoft.AspNetCore.Mvc.OkObjectResult" in 2801.3199ms. (50a9e262)
2020-11-04T14:47:54.4210102+04:00 80000018-0002-fc00-b63f-84710c7967bb [INF] Executing ObjectResult, writing value of type '"KU.Repositories.Models.QuestionnaireWrap10"'. (8a1b66c8)
2020-11-04T14:47:54.5689202+04:00 80000018-0002-fc00-b63f-84710c7967bb [INF] Executed action "KU.WebAPI.Controllers.ReportController.GetReport (KU.WebAPI)" in 2972.624ms (afa2e885)
2020-11-04T14:47:54.5721138+04:00 80000018-0002-fc00-b63f-84710c7967bb [INF] Executed endpoint '"KU.WebAPI.Controllers.ReportController.GetReport (KU.WebAPI)"' (99874f2b)
2020-11-04T14:47:54.5752941+04:00 80000018-0002-fc00-b63f-84710c7967bb [INF] Request finished in 3001.0585ms 200 application/json; charset=utf-8 (791a596a)
2020-11-04T15:01:03.2210336+04:00 8000001f-0006-ff00-b63f-84710c7967bb [INF] Request starting HTTP/2.0 GET https://localhost:44317/index.html   (ca22a1cb)
2020-11-04T15:01:03.6963552+04:00 8000001f-0006-ff00-b63f-84710c7967bb [INF] Request finished in 479.5367ms 200 text/html (791a596a)
2020-11-04T15:01:04.0411266+04:00 8000001a-0007-ff00-b63f-84710c7967bb [INF] Request starting HTTP/2.0 GET https://localhost:44317/swagger/v1/swagger.json   (ca22a1cb)
2020-11-04T15:01:04.2122164+04:00 8000001a-0007-ff00-b63f-84710c7967bb [INF] Request finished in 169.824ms 200 application/json;charset=utf-8 (791a596a)
2020-11-04T15:01:20.8201130+04:00 80000060-0004-ff00-b63f-84710c7967bb [INF] Request starting HTTP/2.0 GET https://localhost:44317/api/Report/ReportNew?TemplateID=11   (ca22a1cb)
2020-11-04T15:01:20.8879885+04:00 80000060-0004-ff00-b63f-84710c7967bb [INF] Executing endpoint '"KU.WebAPI.Controllers.ReportController.GetReportNew (KU.WebAPI)"' (500cc934)
2020-11-04T15:01:20.9417418+04:00 80000060-0004-ff00-b63f-84710c7967bb [INF] Route matched with "{action = \"GetReportNew\", controller = \"Report\"}". Executing controller action with signature "System.Threading.Tasks.Task`1[Microsoft.AspNetCore.Mvc.IActionResult] GetReportNew(Int64, Int64, System.String, System.String, System.String, System.String, System.String, System.String, System.String, System.String, System.String, Int32, Int32, Int32, Int32, System.String)" on controller "KU.WebAPI.Controllers.ReportController" ("KU.WebAPI"). (122b2fdf)
2020-11-04T15:01:20.9862890+04:00 80000060-0004-ff00-b63f-84710c7967bb [INF] Executing action method "KU.WebAPI.Controllers.ReportController.GetReportNew (KU.WebAPI)" - Validation state: Valid (dad538d7)
2020-11-04T15:01:26.7987801+04:00 80000060-0004-ff00-b63f-84710c7967bb [INF] Entity Framework Core "2.2.6-servicing-10079" initialized '"ApplicationDbContext"' using provider '"Microsoft.EntityFrameworkCore.SqlServer"' with options: "MigrationsAssembly=KU.WebAPI " (9958f5bb)
2020-11-04T15:01:33.0622746+04:00 80000060-0004-ff00-b63f-84710c7967bb [INF] Executed DbCommand ("233"ms) [Parameters=["@p0='?' (DbType = Int32), @p1='?' (DbType = Int32), @p2='?' (DbType = Int32), @p3='?' (DbType = Int32), @p4='?' (DbType = Int64), @p5='?' (DbType = Int64), @p6='?', @p7='?' (Size = 4000), @p8='?' (Size = 4000), @p9='?' (Size = 4000), @p10='?' (Size = 4000), @p11='?', @p12='?' (Size = 4000), @p13='?' (Size = 4000), @p14='?' (Size = 4000), @p15='?' (Size = 4000)"], CommandType='Text', CommandTimeout='30']"
""SP_GETDATANew @p0,@p1,@p2,@p3,@p4,@p5,@p6,@p7,@p8,@p9,@p10,@p11,@p12,@p13,@p14,@p15" (0723d8ff)
2020-11-04T15:01:50.5578619+04:00 80000060-0004-ff00-b63f-84710c7967bb [INF] Executed action method "KU.WebAPI.Controllers.ReportController.GetReportNew (KU.WebAPI)", returned result "Microsoft.AspNetCore.Mvc.OkObjectResult" in 29563.6279ms. (50a9e262)
2020-11-04T15:01:50.5704914+04:00 80000060-0004-ff00-b63f-84710c7967bb [INF] Executing ObjectResult, writing value of type '"Newtonsoft.Json.Linq.JObject"'. (8a1b66c8)
2020-11-04T15:01:50.5945953+04:00 80000060-0004-ff00-b63f-84710c7967bb [INF] Executed action "KU.WebAPI.Controllers.ReportController.GetReportNew (KU.WebAPI)" in 29645.6011ms (afa2e885)
2020-11-04T15:01:50.5983815+04:00 80000060-0004-ff00-b63f-84710c7967bb [INF] Executed endpoint '"KU.WebAPI.Controllers.ReportController.GetReportNew (KU.WebAPI)"' (99874f2b)
2020-11-04T15:01:50.6019374+04:00 80000060-0004-ff00-b63f-84710c7967bb [INF] Request finished in 29783.8405ms 200 application/json; charset=utf-8 (791a596a)
2020-11-04T15:02:09.2666148+04:00 80000021-0006-ff00-b63f-84710c7967bb [INF] Request starting HTTP/2.0 GET https://localhost:44317/api/Report/Reports?TemplateID=11   (ca22a1cb)
2020-11-04T15:02:09.2746482+04:00 80000021-0006-ff00-b63f-84710c7967bb [INF] Executing endpoint '"KU.WebAPI.Controllers.ReportController.GetReport (KU.WebAPI)"' (500cc934)
2020-11-04T15:02:09.2813467+04:00 80000021-0006-ff00-b63f-84710c7967bb [INF] Route matched with "{action = \"GetReport\", controller = \"Report\"}". Executing controller action with signature "Microsoft.AspNetCore.Mvc.IActionResult GetReport(Int64, Int64, System.String, System.String, System.String, System.String, System.String, System.String, System.String, System.String, System.String, Int32, Int32, Int32, Int32, System.String)" on controller "KU.WebAPI.Controllers.ReportController" ("KU.WebAPI"). (122b2fdf)
2020-11-04T15:02:09.2851867+04:00 80000021-0006-ff00-b63f-84710c7967bb [INF] Executing action method "KU.WebAPI.Controllers.ReportController.GetReport (KU.WebAPI)" - Validation state: Valid (dad538d7)
2020-11-04T15:02:09.2921836+04:00 80000021-0006-ff00-b63f-84710c7967bb [INF] Entity Framework Core "2.2.6-servicing-10079" initialized '"ApplicationDbContext"' using provider '"Microsoft.EntityFrameworkCore.SqlServer"' with options: "MigrationsAssembly=KU.WebAPI " (9958f5bb)
2020-11-04T15:02:11.4983456+04:00 80000021-0006-ff00-b63f-84710c7967bb [INF] Executed DbCommand ("2,128"ms) [Parameters=["@p0='?' (DbType = Int32), @p1='?' (DbType = Int32), @p2='?' (DbType = Int32), @p3='?' (DbType = Int32), @p4='?' (DbType = Int64), @p5='?' (DbType = Int64), @p6='?', @p7='?' (Size = 4000), @p8='?' (Size = 4000), @p9='?' (Size = 4000), @p10='?' (Size = 4000), @p11='?', @p12='?' (Size = 4000), @p13='?' (Size = 4000), @p14='?' (Size = 4000), @p15='?' (Size = 4000)"], CommandType='Text', CommandTimeout='30']"
""SP_GETDATA @p0,@p1,@p2,@p3,@p4,@p5,@p6,@p7,@p8,@p9,@p10,@p11,@p12,@p13,@p14,@p15" (0723d8ff)
2020-11-04T15:02:11.8156474+04:00 80000021-0006-ff00-b63f-84710c7967bb [INF] Executed action method "KU.WebAPI.Controllers.ReportController.GetReport (KU.WebAPI)", returned result "Microsoft.AspNetCore.Mvc.OkObjectResult" in 2517.2737ms. (50a9e262)
2020-11-04T15:02:11.8278008+04:00 80000021-0006-ff00-b63f-84710c7967bb [INF] Executing ObjectResult, writing value of type '"KU.Repositories.Models.QuestionnaireWrap10"'. (8a1b66c8)
2020-11-04T15:02:11.9628396+04:00 80000021-0006-ff00-b63f-84710c7967bb [INF] Executed action "KU.WebAPI.Controllers.ReportController.GetReport (KU.WebAPI)" in 2676.8413ms (afa2e885)
2020-11-04T15:02:11.9659196+04:00 80000021-0006-ff00-b63f-84710c7967bb [INF] Executed endpoint '"KU.WebAPI.Controllers.ReportController.GetReport (KU.WebAPI)"' (99874f2b)
2020-11-04T15:02:11.9690736+04:00 80000021-0006-ff00-b63f-84710c7967bb [INF] Request finished in 2703.8196ms 200 application/json; charset=utf-8 (791a596a)
