2020-10-28T13:04:54.7141712+04:00 80000002-0005-fb00-b63f-84710c7967bb [INF] Request starting HTTP/2.0 GET https://localhost:44317/index.html   (ca22a1cb)
2020-10-28T13:04:57.5599234+04:00 80000002-0005-fb00-b63f-84710c7967bb [INF] Request finished in 2828.8191ms 200 text/html (791a596a)
2020-10-28T13:04:58.4628617+04:00 80000004-0000-fb00-b63f-84710c7967bb [INF] Request starting HTTP/2.0 GET https://localhost:44317/swagger/v1/swagger.json   (ca22a1cb)
2020-10-28T13:04:58.8904962+04:00 80000004-0000-fb00-b63f-84710c7967bb [INF] Request finished in 427.35ms 200 application/json;charset=utf-8 (791a596a)
2020-10-28T13:05:24.5117762+04:00 80000003-0004-ff00-b63f-84710c7967bb [INF] Request starting HTTP/2.0 GET https://localhost:44317/api/Users/GetAllUser   (ca22a1cb)
2020-10-28T13:05:24.6329266+04:00 80000003-0004-ff00-b63f-84710c7967bb [INF] Executing endpoint '"KU.WebAPI.Controllers.UsersController.GetUser (KU.WebAPI)"' (500cc934)
2020-10-28T13:05:24.7060279+04:00 80000003-0004-ff00-b63f-84710c7967bb [INF] Route matched with "{action = \"GetUser\", controller = \"Users\"}". Executing controller action with signature "Microsoft.AspNetCore.Mvc.IActionResult GetUser(Int32, Int32, Int32, Int32, System.String)" on controller "KU.WebAPI.Controllers.UsersController" ("KU.WebAPI"). (122b2fdf)
2020-10-28T13:05:24.7339309+04:00 80000003-0004-ff00-b63f-84710c7967bb [INF] Executing action method "KU.WebAPI.Controllers.UsersController.GetUser (KU.WebAPI)" - Validation state: Valid (dad538d7)
2020-10-28T13:05:30.1943406+04:00 80000003-0004-ff00-b63f-84710c7967bb [INF] Entity Framework Core "2.2.6-servicing-10079" initialized '"ApplicationDbContext"' using provider '"Microsoft.EntityFrameworkCore.SqlServer"' with options: "MigrationsAssembly=KU.WebAPI " (9958f5bb)
2020-10-28T13:05:31.3149070+04:00 80000003-0004-ff00-b63f-84710c7967bb [INF] Executed DbCommand ("112"ms) [Parameters=["@p0='?' (DbType = Int32), @p1='?' (DbType = Int32), @p2='?' (DbType = Int32), @p3='?' (DbType = Int32), @p4='?' (Size = 4000)"], CommandType='Text', CommandTimeout='30']"
""sp_get_userID @p0,@p1,@p2,@p3,@p4" (0723d8ff)
2020-10-28T13:05:31.5910372+04:00 80000003-0004-ff00-b63f-84710c7967bb [ERR] An exception occurred while iterating over the results of a query for context type '"KU.Repositories.ApplicationDbContext"'."
""System.InvalidOperationException: The required column 'CompanyName' was not present in the results of a 'FromSql' operation.
   at Microsoft.EntityFrameworkCore.Query.Sql.Internal.FromSqlNonComposedQuerySqlGenerator.CreateValueBufferFactory(IRelationalValueBufferFactoryFactory relationalValueBufferFactoryFactory, DbDataReader dataReader)
   at Microsoft.EntityFrameworkCore.Query.Internal.ShaperCommandContext.<NotifyReaderCreated>b__14_0(FactoryAndReader s)
   at Microsoft.EntityFrameworkCore.Internal.NonCapturingLazyInitializer.EnsureInitialized[TParam,TValue](TValue& target, TParam param, Func`2 valueFactory)
   at Microsoft.EntityFrameworkCore.Query.Internal.ShaperCommandContext.NotifyReaderCreated(DbDataReader dataReader)
   at Microsoft.EntityFrameworkCore.Query.Internal.QueryingEnumerable`1.Enumerator.BufferlessMoveNext(DbContext _, Boolean buffer)
   at Microsoft.EntityFrameworkCore.SqlServer.Storage.Internal.SqlServerExecutionStrategy.Execute[TState,TResult](TState state, Func`3 operation, Func`3 verifySucceeded)
   at Microsoft.EntityFrameworkCore.Query.Internal.QueryingEnumerable`1.Enumerator.MoveNext()
   at Microsoft.EntityFrameworkCore.Query.Internal.LinqOperatorProvider._TrackEntities[TOut,TIn](IEnumerable`1 results, QueryContext queryContext, IList`1 entityTrackingInfos, IList`1 entityAccessors)+MoveNext()
   at Microsoft.EntityFrameworkCore.Query.Internal.LinqOperatorProvider.ExceptionInterceptor`1.EnumeratorExceptionInterceptor.MoveNext()" (f5c7ac34)
System.InvalidOperationException: The required column 'CompanyName' was not present in the results of a 'FromSql' operation.
   at Microsoft.EntityFrameworkCore.Query.Sql.Internal.FromSqlNonComposedQuerySqlGenerator.CreateValueBufferFactory(IRelationalValueBufferFactoryFactory relationalValueBufferFactoryFactory, DbDataReader dataReader)
   at Microsoft.EntityFrameworkCore.Query.Internal.ShaperCommandContext.<NotifyReaderCreated>b__14_0(FactoryAndReader s)
   at Microsoft.EntityFrameworkCore.Internal.NonCapturingLazyInitializer.EnsureInitialized[TParam,TValue](TValue& target, TParam param, Func`2 valueFactory)
   at Microsoft.EntityFrameworkCore.Query.Internal.ShaperCommandContext.NotifyReaderCreated(DbDataReader dataReader)
   at Microsoft.EntityFrameworkCore.Query.Internal.QueryingEnumerable`1.Enumerator.BufferlessMoveNext(DbContext _, Boolean buffer)
   at Microsoft.EntityFrameworkCore.SqlServer.Storage.Internal.SqlServerExecutionStrategy.Execute[TState,TResult](TState state, Func`3 operation, Func`3 verifySucceeded)
   at Microsoft.EntityFrameworkCore.Query.Internal.QueryingEnumerable`1.Enumerator.MoveNext()
   at Microsoft.EntityFrameworkCore.Query.Internal.LinqOperatorProvider._TrackEntities[TOut,TIn](IEnumerable`1 results, QueryContext queryContext, IList`1 entityTrackingInfos, IList`1 entityAccessors)+MoveNext()
   at Microsoft.EntityFrameworkCore.Query.Internal.LinqOperatorProvider.ExceptionInterceptor`1.EnumeratorExceptionInterceptor.MoveNext()
2020-10-28T13:08:41.8018121+04:00 80000003-0001-fa00-b63f-84710c7967bb [INF] Request starting HTTP/2.0 GET https://localhost:44317/index.html   (ca22a1cb)
2020-10-28T13:08:42.4461044+04:00 80000003-0001-fa00-b63f-84710c7967bb [INF] Request finished in 653.1995ms 200 text/html (791a596a)
2020-10-28T13:08:42.9601032+04:00 80000005-0004-ff00-b63f-84710c7967bb [INF] Request starting HTTP/2.0 GET https://localhost:44317/swagger/v1/swagger.json   (ca22a1cb)
2020-10-28T13:08:43.2140539+04:00 80000005-0004-ff00-b63f-84710c7967bb [INF] Request finished in 253.9142ms 200 application/json;charset=utf-8 (791a596a)
2020-10-28T13:08:52.5591881+04:00 80000002-0003-fd00-b63f-84710c7967bb [INF] Request starting HTTP/2.0 GET https://localhost:44317/api/Users/GetAllUser   (ca22a1cb)
2020-10-28T13:08:52.6416688+04:00 80000002-0003-fd00-b63f-84710c7967bb [INF] Executing endpoint '"KU.WebAPI.Controllers.UsersController.GetUser (KU.WebAPI)"' (500cc934)
2020-10-28T13:08:52.6828736+04:00 80000002-0003-fd00-b63f-84710c7967bb [INF] Route matched with "{action = \"GetUser\", controller = \"Users\"}". Executing controller action with signature "Microsoft.AspNetCore.Mvc.IActionResult GetUser(Int32, Int32, Int32, Int32, System.String)" on controller "KU.WebAPI.Controllers.UsersController" ("KU.WebAPI"). (122b2fdf)
2020-10-28T13:08:52.7267128+04:00 80000002-0003-fd00-b63f-84710c7967bb [INF] Executing action method "KU.WebAPI.Controllers.UsersController.GetUser (KU.WebAPI)" - Validation state: Valid (dad538d7)
2020-10-28T13:09:00.2411065+04:00 80000002-0003-fd00-b63f-84710c7967bb [INF] Entity Framework Core "2.2.6-servicing-10079" initialized '"ApplicationDbContext"' using provider '"Microsoft.EntityFrameworkCore.SqlServer"' with options: "MigrationsAssembly=KU.WebAPI " (9958f5bb)
2020-10-28T13:09:01.1466152+04:00 80000002-0003-fd00-b63f-84710c7967bb [INF] Executed DbCommand ("99"ms) [Parameters=["@p0='?' (DbType = Int32), @p1='?' (DbType = Int32), @p2='?' (DbType = Int32), @p3='?' (DbType = Int32), @p4='?' (Size = 4000)"], CommandType='Text', CommandTimeout='30']"
""sp_get_userID @p0,@p1,@p2,@p3,@p4" (0723d8ff)
2020-10-28T13:09:01.2199440+04:00 80000002-0003-fd00-b63f-84710c7967bb [ERR] An exception occurred while iterating over the results of a query for context type '"KU.Repositories.ApplicationDbContext"'."
""System.InvalidOperationException: The required column 'CompanyName' was not present in the results of a 'FromSql' operation.
   at Microsoft.EntityFrameworkCore.Query.Sql.Internal.FromSqlNonComposedQuerySqlGenerator.CreateValueBufferFactory(IRelationalValueBufferFactoryFactory relationalValueBufferFactoryFactory, DbDataReader dataReader)
   at Microsoft.EntityFrameworkCore.Query.Internal.ShaperCommandContext.<NotifyReaderCreated>b__14_0(FactoryAndReader s)
   at Microsoft.EntityFrameworkCore.Internal.NonCapturingLazyInitializer.EnsureInitialized[TParam,TValue](TValue& target, TParam param, Func`2 valueFactory)
   at Microsoft.EntityFrameworkCore.Query.Internal.ShaperCommandContext.NotifyReaderCreated(DbDataReader dataReader)
   at Microsoft.EntityFrameworkCore.Query.Internal.QueryingEnumerable`1.Enumerator.BufferlessMoveNext(DbContext _, Boolean buffer)
   at Microsoft.EntityFrameworkCore.SqlServer.Storage.Internal.SqlServerExecutionStrategy.Execute[TState,TResult](TState state, Func`3 operation, Func`3 verifySucceeded)
   at Microsoft.EntityFrameworkCore.Query.Internal.QueryingEnumerable`1.Enumerator.MoveNext()
   at Microsoft.EntityFrameworkCore.Query.Internal.LinqOperatorProvider._TrackEntities[TOut,TIn](IEnumerable`1 results, QueryContext queryContext, IList`1 entityTrackingInfos, IList`1 entityAccessors)+MoveNext()
   at Microsoft.EntityFrameworkCore.Query.Internal.LinqOperatorProvider.ExceptionInterceptor`1.EnumeratorExceptionInterceptor.MoveNext()" (f5c7ac34)
System.InvalidOperationException: The required column 'CompanyName' was not present in the results of a 'FromSql' operation.
   at Microsoft.EntityFrameworkCore.Query.Sql.Internal.FromSqlNonComposedQuerySqlGenerator.CreateValueBufferFactory(IRelationalValueBufferFactoryFactory relationalValueBufferFactoryFactory, DbDataReader dataReader)
   at Microsoft.EntityFrameworkCore.Query.Internal.ShaperCommandContext.<NotifyReaderCreated>b__14_0(FactoryAndReader s)
   at Microsoft.EntityFrameworkCore.Internal.NonCapturingLazyInitializer.EnsureInitialized[TParam,TValue](TValue& target, TParam param, Func`2 valueFactory)
   at Microsoft.EntityFrameworkCore.Query.Internal.ShaperCommandContext.NotifyReaderCreated(DbDataReader dataReader)
   at Microsoft.EntityFrameworkCore.Query.Internal.QueryingEnumerable`1.Enumerator.BufferlessMoveNext(DbContext _, Boolean buffer)
   at Microsoft.EntityFrameworkCore.SqlServer.Storage.Internal.SqlServerExecutionStrategy.Execute[TState,TResult](TState state, Func`3 operation, Func`3 verifySucceeded)
   at Microsoft.EntityFrameworkCore.Query.Internal.QueryingEnumerable`1.Enumerator.MoveNext()
   at Microsoft.EntityFrameworkCore.Query.Internal.LinqOperatorProvider._TrackEntities[TOut,TIn](IEnumerable`1 results, QueryContext queryContext, IList`1 entityTrackingInfos, IList`1 entityAccessors)+MoveNext()
   at Microsoft.EntityFrameworkCore.Query.Internal.LinqOperatorProvider.ExceptionInterceptor`1.EnumeratorExceptionInterceptor.MoveNext()
2020-10-28T13:09:38.0258976+04:00 80000003-0002-fc00-b63f-84710c7967bb [INF] Request starting HTTP/2.0 GET https://localhost:44317/index.html   (ca22a1cb)
2020-10-28T13:09:38.4871065+04:00 80000003-0002-fc00-b63f-84710c7967bb [INF] Request finished in 468.6979ms 200 text/html (791a596a)
2020-10-28T13:09:38.7387328+04:00 80000006-0000-fb00-b63f-84710c7967bb [INF] Request starting HTTP/2.0 GET https://localhost:44317/swagger/v1/swagger.json   (ca22a1cb)
2020-10-28T13:09:38.9494906+04:00 80000006-0000-fb00-b63f-84710c7967bb [INF] Request finished in 211.0232ms 200 application/json;charset=utf-8 (791a596a)
2020-10-28T13:09:46.3496190+04:00 80000008-0000-fb00-b63f-84710c7967bb [INF] Request starting HTTP/2.0 GET https://localhost:44317/api/Users/GetAllUser   (ca22a1cb)
2020-10-28T13:09:46.4093166+04:00 80000008-0000-fb00-b63f-84710c7967bb [INF] Executing endpoint '"KU.WebAPI.Controllers.UsersController.GetUser (KU.WebAPI)"' (500cc934)
2020-10-28T13:09:46.4414445+04:00 80000008-0000-fb00-b63f-84710c7967bb [INF] Route matched with "{action = \"GetUser\", controller = \"Users\"}". Executing controller action with signature "Microsoft.AspNetCore.Mvc.IActionResult GetUser(Int32, Int32, Int32, Int32, System.String)" on controller "KU.WebAPI.Controllers.UsersController" ("KU.WebAPI"). (122b2fdf)
2020-10-28T13:09:46.4693176+04:00 80000008-0000-fb00-b63f-84710c7967bb [INF] Executing action method "KU.WebAPI.Controllers.UsersController.GetUser (KU.WebAPI)" - Validation state: Valid (dad538d7)
2020-10-28T13:09:51.7662524+04:00 80000008-0000-fb00-b63f-84710c7967bb [INF] Entity Framework Core "2.2.6-servicing-10079" initialized '"ApplicationDbContext"' using provider '"Microsoft.EntityFrameworkCore.SqlServer"' with options: "MigrationsAssembly=KU.WebAPI " (9958f5bb)
2020-10-28T13:09:52.2187363+04:00 80000008-0000-fb00-b63f-84710c7967bb [INF] Executed DbCommand ("9"ms) [Parameters=["@p0='?' (DbType = Int32), @p1='?' (DbType = Int32), @p2='?' (DbType = Int32), @p3='?' (DbType = Int32), @p4='?' (Size = 4000)"], CommandType='Text', CommandTimeout='30']"
""sp_get_userID @p0,@p1,@p2,@p3,@p4" (0723d8ff)
2020-10-28T13:09:52.3039440+04:00 80000008-0000-fb00-b63f-84710c7967bb [INF] Executed action method "KU.WebAPI.Controllers.UsersController.GetUser (KU.WebAPI)", returned result "Microsoft.AspNetCore.Mvc.OkObjectResult" in 5826.0872ms. (50a9e262)
2020-10-28T13:09:52.3175003+04:00 80000008-0000-fb00-b63f-84710c7967bb [INF] Executing ObjectResult, writing value of type '"System.Collections.Generic.List`1[[KU.Repositories.Models.ApplicationUsers, KU.Repositories, Version=1.0.0.0, Culture=neutral, PublicKeyToken=null]]"'. (8a1b66c8)
2020-10-28T13:09:52.3336726+04:00 80000008-0000-fb00-b63f-84710c7967bb [INF] Executed action "KU.WebAPI.Controllers.UsersController.GetUser (KU.WebAPI)" in 5883.9624ms (afa2e885)
2020-10-28T13:09:52.3379707+04:00 80000008-0000-fb00-b63f-84710c7967bb [INF] Executed endpoint '"KU.WebAPI.Controllers.UsersController.GetUser (KU.WebAPI)"' (99874f2b)
2020-10-28T13:09:52.3428557+04:00 80000008-0000-fb00-b63f-84710c7967bb [INF] Request finished in 5994.7644ms 200 application/json; charset=utf-8 (791a596a)
2020-10-28T13:10:12.7386243+04:00 80000005-0002-fc00-b63f-84710c7967bb [INF] Request starting HTTP/2.0 GET https://localhost:44317/api/Users/ValidateUser?UserName=kushort&Password=kushort   (ca22a1cb)
2020-10-28T13:10:12.7471775+04:00 80000005-0002-fc00-b63f-84710c7967bb [INF] Executing endpoint '"KU.WebAPI.Controllers.UsersController.CheckUser (KU.WebAPI)"' (500cc934)
2020-10-28T13:10:12.7531401+04:00 80000005-0002-fc00-b63f-84710c7967bb [INF] Route matched with "{action = \"CheckUser\", controller = \"Users\"}". Executing controller action with signature "Microsoft.AspNetCore.Mvc.IActionResult CheckUser(System.String, System.String)" on controller "KU.WebAPI.Controllers.UsersController" ("KU.WebAPI"). (122b2fdf)
2020-10-28T13:10:12.7612482+04:00 80000005-0002-fc00-b63f-84710c7967bb [INF] Executing action method "KU.WebAPI.Controllers.UsersController.CheckUser (KU.WebAPI)" - Validation state: Valid (dad538d7)
2020-10-28T13:10:12.7669371+04:00 80000005-0002-fc00-b63f-84710c7967bb [INF] Entity Framework Core "2.2.6-servicing-10079" initialized '"ApplicationDbContext"' using provider '"Microsoft.EntityFrameworkCore.SqlServer"' with options: "MigrationsAssembly=KU.WebAPI " (9958f5bb)
2020-10-28T13:10:12.8110411+04:00 80000005-0002-fc00-b63f-84710c7967bb [WRN] The LINQ expression '"orderby [C].UserId asc"' could not be translated and will be evaluated locally. (011792c6)
2020-10-28T13:10:12.8432930+04:00 80000005-0002-fc00-b63f-84710c7967bb [INF] Executed DbCommand ("6"ms) [Parameters=["@p0='?' (Size = 4000), @p1='?' (Size = 4000)"], CommandType='Text', CommandTimeout='30']"
""sp_check_UserID @p0,@p1" (0723d8ff)
2020-10-28T13:10:12.8489892+04:00 80000005-0002-fc00-b63f-84710c7967bb [INF] Executed action method "KU.WebAPI.Controllers.UsersController.CheckUser (KU.WebAPI)", returned result "Microsoft.AspNetCore.Mvc.OkObjectResult" in 83.9937ms. (50a9e262)
2020-10-28T13:10:12.8527740+04:00 80000005-0002-fc00-b63f-84710c7967bb [INF] Executing ObjectResult, writing value of type '"System.Collections.Generic.List`1[[KU.Repositories.Models.ApplicationUsers, KU.Repositories, Version=1.0.0.0, Culture=neutral, PublicKeyToken=null]]"'. (8a1b66c8)
2020-10-28T13:10:12.8571048+04:00 80000005-0002-fc00-b63f-84710c7967bb [INF] Executed action "KU.WebAPI.Controllers.UsersController.CheckUser (KU.WebAPI)" in 100.0106ms (afa2e885)
2020-10-28T13:10:12.8606477+04:00 80000005-0002-fc00-b63f-84710c7967bb [INF] Executed endpoint '"KU.WebAPI.Controllers.UsersController.CheckUser (KU.WebAPI)"' (99874f2b)
2020-10-28T13:10:12.8644104+04:00 80000005-0002-fc00-b63f-84710c7967bb [INF] Request finished in 126.5857ms 200 application/json; charset=utf-8 (791a596a)
