2020-03-24T09:00:44.6375135+04:00 80000014-0000-ff00-b63f-84710c7967bb [INF] Request starting HTTP/2.0 GET https://localhost:44317/   (ca22a1cb)
2020-03-24T09:00:46.9473903+04:00 80000014-0000-ff00-b63f-84710c7967bb [INF] Request finished in 2325.4089ms 301  (791a596a)
2020-03-24T09:00:47.0611734+04:00 80000022-0002-ff00-b63f-84710c7967bb [INF] Request starting HTTP/2.0 GET https://localhost:44317/index.html   (ca22a1cb)
2020-03-24T09:00:47.6799554+04:00 80000022-0002-ff00-b63f-84710c7967bb [INF] Request finished in 618.3363ms 200 text/html (791a596a)
2020-03-24T09:00:47.8019007+04:00 80000013-0006-fc00-b63f-84710c7967bb [INF] Request starting HTTP/2.0 GET https://localhost:44317/swagger-ui.css   (ca22a1cb)
2020-03-24T09:00:47.8090359+04:00 80000006-0004-f900-b63f-84710c7967bb [INF] Request starting HTTP/2.0 GET https://localhost:44317/swagger-ui-bundle.js   (ca22a1cb)
2020-03-24T09:00:47.8119943+04:00 80000002-0004-f800-b63f-84710c7967bb [INF] Request starting HTTP/2.0 GET https://localhost:44317/swagger-ui-standalone-preset.js   (ca22a1cb)
2020-03-24T09:00:47.9709296+04:00 80000013-0006-fc00-b63f-84710c7967bb [INF] Sending file. Request path: '"/swagger-ui.css"'. Physical path: '"N/A"' (27b0a520)
2020-03-24T09:00:47.9713922+04:00 80000002-0004-f800-b63f-84710c7967bb [INF] Sending file. Request path: '"/swagger-ui-standalone-preset.js"'. Physical path: '"N/A"' (27b0a520)
2020-03-24T09:00:47.9801530+04:00 80000002-0004-f800-b63f-84710c7967bb [INF] Request finished in 165.0845ms 200 application/javascript (791a596a)
2020-03-24T09:00:47.9808944+04:00 80000013-0006-fc00-b63f-84710c7967bb [INF] Request finished in 176.636ms 200 text/css (791a596a)
2020-03-24T09:00:48.0586545+04:00 80000006-0004-f900-b63f-84710c7967bb [INF] Sending file. Request path: '"/swagger-ui-bundle.js"'. Physical path: '"N/A"' (27b0a520)
2020-03-24T09:00:48.0613208+04:00 80000006-0004-f900-b63f-84710c7967bb [INF] Request finished in 254.9705ms 200 application/javascript (791a596a)
2020-03-24T09:00:48.2829305+04:00 80000016-0000-ff00-b63f-84710c7967bb [INF] Request starting HTTP/2.0 GET https://localhost:44317/swagger/v1/swagger.json   (ca22a1cb)
2020-03-24T09:00:48.6828097+04:00 80000016-0000-ff00-b63f-84710c7967bb [INF] Request finished in 400.0142ms 200 application/json;charset=utf-8 (791a596a)
2020-03-24T09:00:48.6853401+04:00 8000000a-0000-fe00-b63f-84710c7967bb [INF] Request starting HTTP/2.0 GET https://localhost:44317/favicon-32x32.png   (ca22a1cb)
2020-03-24T09:00:48.7030870+04:00 8000000a-0000-fe00-b63f-84710c7967bb [INF] Sending file. Request path: '"/favicon-32x32.png"'. Physical path: '"N/A"' (27b0a520)
2020-03-24T09:00:48.7073435+04:00 8000000a-0000-fe00-b63f-84710c7967bb [INF] Request finished in 22.5321ms 200 image/png (791a596a)
2020-03-24T09:01:06.3739865+04:00 80000024-0002-ff00-b63f-84710c7967bb [INF] Request starting HTTP/2.0 GET https://localhost:44317/api/Form/formattribute?templateID=10   (ca22a1cb)
2020-03-24T09:01:06.5837460+04:00 80000024-0002-ff00-b63f-84710c7967bb [INF] Executing endpoint '"KU.WebAPI.Controllers.FormController.GetAttributeID (KU.WebAPI)"' (500cc934)
2020-03-24T09:01:07.5202863+04:00 80000024-0002-ff00-b63f-84710c7967bb [INF] Route matched with "{action = \"GetAttributeID\", controller = \"Form\"}". Executing controller action with signature "Microsoft.AspNetCore.Mvc.IActionResult GetAttributeID(System.String, System.String, System.String)" on controller "KU.WebAPI.Controllers.FormController" ("KU.WebAPI"). (122b2fdf)
2020-03-24T09:01:07.7089584+04:00 80000024-0002-ff00-b63f-84710c7967bb [INF] Executing action method "KU.WebAPI.Controllers.FormController.GetAttributeID (KU.WebAPI)" - Validation state: Valid (dad538d7)
2020-03-24T09:01:11.2952127+04:00 80000024-0002-ff00-b63f-84710c7967bb [INF] Entity Framework Core "2.2.6-servicing-10079" initialized '"ApplicationDbContext"' using provider '"Microsoft.EntityFrameworkCore.SqlServer"' with options: "MigrationsAssembly=KU.WebAPI " (9958f5bb)
2020-03-24T09:01:13.2015324+04:00 80000024-0002-ff00-b63f-84710c7967bb [INF] Executed DbCommand ("756"ms) [Parameters=["@p0='?' (Size = 4000), @p1='?' (Size = 4000)"], CommandType='Text', CommandTimeout='30']"
""sp_FormAttribute @p0,@p1" (0723d8ff)
2020-03-24T09:01:13.3454696+04:00 80000024-0002-ff00-b63f-84710c7967bb [INF] Executed action method "KU.WebAPI.Controllers.FormController.GetAttributeID (KU.WebAPI)", returned result "Microsoft.AspNetCore.Mvc.OkObjectResult" in 5608.6512ms. (50a9e262)
2020-03-24T09:01:13.3918812+04:00 80000024-0002-ff00-b63f-84710c7967bb [INF] Executing ObjectResult, writing value of type '"System.Collections.Generic.List`1[[KU.Repositories.Models.FormAttribute, KU.Repositories, Version=1.0.0.0, Culture=neutral, PublicKeyToken=null]]"'. (8a1b66c8)
2020-03-24T09:01:13.5081393+04:00 80000024-0002-ff00-b63f-84710c7967bb [INF] Executed action "KU.WebAPI.Controllers.FormController.GetAttributeID (KU.WebAPI)" in 5973.3821ms (afa2e885)
2020-03-24T09:01:13.5171411+04:00 80000024-0002-ff00-b63f-84710c7967bb [INF] Executed endpoint '"KU.WebAPI.Controllers.FormController.GetAttributeID (KU.WebAPI)"' (99874f2b)
2020-03-24T09:01:13.5251730+04:00 80000024-0002-ff00-b63f-84710c7967bb [INF] Request finished in 7148.6184ms 200 application/json; charset=utf-8 (791a596a)
2020-03-24T09:02:59.7842759+04:00 80000009-0003-ff00-b63f-84710c7967bb [INF] Request starting HTTP/2.0 POST https://localhost:44317/api/Form/AddForms application/json-patch+json 200 (ca22a1cb)
2020-03-24T09:02:59.7910184+04:00 80000009-0003-ff00-b63f-84710c7967bb [INF] CORS policy execution successful. (5409d6ef)
2020-03-24T09:02:59.8040037+04:00 80000009-0003-ff00-b63f-84710c7967bb [INF] Executing endpoint '"KU.WebAPI.Controllers.FormController.AddSavedForm (KU.WebAPI)"' (500cc934)
2020-03-24T09:02:59.8168587+04:00 80000009-0003-ff00-b63f-84710c7967bb [INF] Route matched with "{action = \"AddSavedForm\", controller = \"Form\"}". Executing controller action with signature "Microsoft.AspNetCore.Mvc.IActionResult AddSavedForm(KU.Services.Interfaces.SavedFormViewModel)" on controller "KU.WebAPI.Controllers.FormController" ("KU.WebAPI"). (122b2fdf)
2020-03-24T09:02:59.8201514+04:00 80000009-0003-ff00-b63f-84710c7967bb [WRN] The CORS protocol does not allow specifying a wildcard (any) origin and credentials at the same time. Configure the policy by listing individual origins if credentials needs to be supported. (6e5ffae2)
2020-03-24T09:02:59.8228246+04:00 80000009-0003-ff00-b63f-84710c7967bb [INF] CORS policy execution successful. (5409d6ef)
2020-03-24T09:03:00.3046157+04:00 80000009-0003-ff00-b63f-84710c7967bb [INF] Executing action method "KU.WebAPI.Controllers.FormController.AddSavedForm (KU.WebAPI)" - Validation state: Valid (dad538d7)
2020-03-24T09:03:00.4329374+04:00 80000009-0003-ff00-b63f-84710c7967bb [INF] Entity Framework Core "2.2.6-servicing-10079" initialized '"ApplicationDbContext"' using provider '"Microsoft.EntityFrameworkCore.SqlServer"' with options: "MigrationsAssembly=KU.WebAPI " (9958f5bb)
2020-03-24T09:03:01.6113935+04:00 80000009-0003-ff00-b63f-84710c7967bb [INF] Executed DbCommand ("145"ms) [Parameters=["@p0='?' (DbType = Int64), @p1='?' (DbType = DateTime2), @p2='?' (Size = 250), @p3='?' (DbType = Int64), @p4='?' (DbType = DateTime2), @p5='?' (DbType = Int64)"], CommandType='Text', CommandTimeout='30']"
""SET NOCOUNT ON;
INSERT INTO [SavedForm] ([CreatedBy], [CreatedDate], [SavedFormName], [TemplateID], [UpdateDate], [UpdatedBy])
VALUES (@p0, @p1, @p2, @p3, @p4, @p5);
SELECT [SavedFormID]
FROM [SavedForm]
WHERE @@ROWCOUNT = 1 AND [SavedFormID] = scope_identity();" (0723d8ff)
2020-03-24T09:03:01.6449034+04:00 80000009-0003-ff00-b63f-84710c7967bb [INF] Executed action method "KU.WebAPI.Controllers.FormController.AddSavedForm (KU.WebAPI)", returned result "Microsoft.AspNetCore.Mvc.OkObjectResult" in 1334.8578ms. (50a9e262)
2020-03-24T09:03:01.6522556+04:00 80000009-0003-ff00-b63f-84710c7967bb [INF] Executing ObjectResult, writing value of type '"System.Int64"'. (8a1b66c8)
2020-03-24T09:03:01.6725993+04:00 80000009-0003-ff00-b63f-84710c7967bb [INF] Executed action "KU.WebAPI.Controllers.FormController.AddSavedForm (KU.WebAPI)" in 1851.507ms (afa2e885)
2020-03-24T09:03:01.6770984+04:00 80000009-0003-ff00-b63f-84710c7967bb [INF] Executed endpoint '"KU.WebAPI.Controllers.FormController.AddSavedForm (KU.WebAPI)"' (99874f2b)
2020-03-24T09:03:01.6826269+04:00 80000009-0003-ff00-b63f-84710c7967bb [INF] Request finished in 1899.1091ms 200 application/json; charset=utf-8 (791a596a)
2020-03-24T09:05:24.6032529+04:00 80000026-0002-ff00-b63f-84710c7967bb [INF] Request starting HTTP/2.0 POST https://localhost:44317/api/Form/Addformattributevalue application/json-patch+json 513 (ca22a1cb)
2020-03-24T09:05:24.6085699+04:00 80000026-0002-ff00-b63f-84710c7967bb [INF] CORS policy execution successful. (5409d6ef)
2020-03-24T09:05:24.6166592+04:00 80000026-0002-ff00-b63f-84710c7967bb [INF] Executing endpoint '"KU.WebAPI.Controllers.FormController.AddFormAttributeValues (KU.WebAPI)"' (500cc934)
2020-03-24T09:05:24.6230029+04:00 80000026-0002-ff00-b63f-84710c7967bb [INF] Route matched with "{action = \"AddFormAttributeValues\", controller = \"Form\"}". Executing controller action with signature "Microsoft.AspNetCore.Mvc.IActionResult AddFormAttributeValues(System.Collections.Generic.List`1[KU.Services.Interfaces.FormAttributeValueViewModel])" on controller "KU.WebAPI.Controllers.FormController" ("KU.WebAPI"). (122b2fdf)
2020-03-24T09:05:24.6265838+04:00 80000026-0002-ff00-b63f-84710c7967bb [WRN] The CORS protocol does not allow specifying a wildcard (any) origin and credentials at the same time. Configure the policy by listing individual origins if credentials needs to be supported. (6e5ffae2)
2020-03-24T09:05:24.6288567+04:00 80000026-0002-ff00-b63f-84710c7967bb [INF] CORS policy execution successful. (5409d6ef)
2020-03-24T09:05:24.6341817+04:00 80000026-0002-ff00-b63f-84710c7967bb [INF] Executing action method "KU.WebAPI.Controllers.FormController.AddFormAttributeValues (KU.WebAPI)" - Validation state: Valid (dad538d7)
2020-03-24T09:05:33.6313073+04:00 80000026-0002-ff00-b63f-84710c7967bb [INF] Entity Framework Core "2.2.6-servicing-10079" initialized '"ApplicationDbContext"' using provider '"Microsoft.EntityFrameworkCore.SqlServer"' with options: "MigrationsAssembly=KU.WebAPI " (9958f5bb)
2020-03-24T09:05:40.8278727+04:00 80000026-0002-ff00-b63f-84710c7967bb [INF] Executed DbCommand ("7,178"ms) [Parameters=["@p0='?' (Size = 4000), @p1='?' (DbType = Int64), @p2='?' (DbType = Int64), @p3='?' (Size = 4000), @p4='?' (DbType = Int64), @p5='?' (DbType = Int64), @p6='?' (Size = 4000), @p7='?' (DbType = Int64), @p8='?' (DbType = Int64), @p9='?' (Size = 4000), @p10='?' (DbType = Int64), @p11='?' (DbType = Int64)"], CommandType='Text', CommandTimeout='30']"
""SET NOCOUNT ON;
DECLARE @inserted0 TABLE ([FormAttributeValueID] bigint, [_Position] [int]);
MERGE [FormAttributeValue] USING (
VALUES (@p0, @p1, @p2, 0),
(@p3, @p4, @p5, 1),
(@p6, @p7, @p8, 2),
(@p9, @p10, @p11, 3)) AS i ([AttributeValue], [FormAttributeID], [SavedFormID], _Position) ON 1=0
WHEN NOT MATCHED THEN
INSERT ([AttributeValue], [FormAttributeID], [SavedFormID])
VALUES (i.[AttributeValue], i.[FormAttributeID], i.[SavedFormID])
OUTPUT INSERTED.[FormAttributeValueID], i._Position
INTO @inserted0;

SELECT [t].[FormAttributeValueID] FROM [FormAttributeValue] t
INNER JOIN @inserted0 i ON ([t].[FormAttributeValueID] = [i].[FormAttributeValueID])
ORDER BY [i].[_Position];" (0723d8ff)
2020-03-24T09:05:40.8339287+04:00 80000026-0002-ff00-b63f-84710c7967bb [INF] Executed action method "KU.WebAPI.Controllers.FormController.AddFormAttributeValues (KU.WebAPI)", returned result "Microsoft.AspNetCore.Mvc.OkObjectResult" in 16196.296ms. (50a9e262)
2020-03-24T09:05:40.8380580+04:00 80000026-0002-ff00-b63f-84710c7967bb [INF] Executing ObjectResult, writing value of type '"System.Boolean"'. (8a1b66c8)
2020-03-24T09:05:40.8434394+04:00 80000026-0002-ff00-b63f-84710c7967bb [INF] Executed action "KU.WebAPI.Controllers.FormController.AddFormAttributeValues (KU.WebAPI)" in 16215.4786ms (afa2e885)
2020-03-24T09:05:40.8476671+04:00 80000026-0002-ff00-b63f-84710c7967bb [INF] Executed endpoint '"KU.WebAPI.Controllers.FormController.AddFormAttributeValues (KU.WebAPI)"' (99874f2b)
2020-03-24T09:05:40.8516296+04:00 80000026-0002-ff00-b63f-84710c7967bb [INF] Request finished in 16248.6176ms 200 application/json; charset=utf-8 (791a596a)
2020-03-24T09:06:03.7343237+04:00 80000007-0001-ff00-b63f-84710c7967bb [INF] Request starting HTTP/2.0 GET https://localhost:44317/api/Form/listforms?templateID=10   (ca22a1cb)
2020-03-24T09:06:03.7404585+04:00 80000007-0001-ff00-b63f-84710c7967bb [INF] Executing endpoint '"KU.WebAPI.Controllers.FormController.Get (KU.WebAPI)"' (500cc934)
2020-03-24T09:06:03.7469481+04:00 80000007-0001-ff00-b63f-84710c7967bb [INF] Route matched with "{action = \"Get\", controller = \"Form\"}". Executing controller action with signature "Microsoft.AspNetCore.Mvc.IActionResult Get(Int32, Int32, Int32, Int32, Int32, Int32, System.String)" on controller "KU.WebAPI.Controllers.FormController" ("KU.WebAPI"). (122b2fdf)
2020-03-24T09:06:03.7547137+04:00 80000007-0001-ff00-b63f-84710c7967bb [INF] Executing action method "KU.WebAPI.Controllers.FormController.Get (KU.WebAPI)" - Validation state: Valid (dad538d7)
2020-03-24T09:06:05.9727302+04:00 80000007-0001-ff00-b63f-84710c7967bb [INF] Entity Framework Core "2.2.6-servicing-10079" initialized '"ApplicationDbContext"' using provider '"Microsoft.EntityFrameworkCore.SqlServer"' with options: "MigrationsAssembly=KU.WebAPI " (9958f5bb)
2020-03-24T09:06:06.6578735+04:00 80000007-0001-ff00-b63f-84710c7967bb [INF] Executed DbCommand ("35"ms) [Parameters=["@p0='?' (DbType = Int32), @p1='?' (DbType = Int32), @p2='?' (DbType = Int32), @p3='?' (DbType = Int32), @p4='?' (DbType = Int32), @p5='?' (DbType = Int32), @p6='?' (Size = 4000)"], CommandType='Text', CommandTimeout='30']"
""exec sp_listform @p0,@p1,@p2,@p3,@p4,@p5,@p6" (0723d8ff)
2020-03-24T09:06:06.6723614+04:00 80000007-0001-ff00-b63f-84710c7967bb [INF] Executed action method "KU.WebAPI.Controllers.FormController.Get (KU.WebAPI)", returned result "Microsoft.AspNetCore.Mvc.OkObjectResult" in 2913.106ms. (50a9e262)
2020-03-24T09:06:06.6750793+04:00 80000007-0001-ff00-b63f-84710c7967bb [INF] Executing ObjectResult, writing value of type '"System.Collections.Generic.List`1[[KU.Services.Interfaces.SavedFormViewModel, KU.Services, Version=1.0.0.0, Culture=neutral, PublicKeyToken=null]]"'. (8a1b66c8)
2020-03-24T09:06:06.6930939+04:00 80000007-0001-ff00-b63f-84710c7967bb [INF] Executed action "KU.WebAPI.Controllers.FormController.Get (KU.WebAPI)" in 2941.7328ms (afa2e885)
2020-03-24T09:06:06.6956731+04:00 80000007-0001-ff00-b63f-84710c7967bb [INF] Executed endpoint '"KU.WebAPI.Controllers.FormController.Get (KU.WebAPI)"' (99874f2b)
2020-03-24T09:06:06.6985459+04:00 80000007-0001-ff00-b63f-84710c7967bb [INF] Request finished in 2965.64ms 200 application/json; charset=utf-8 (791a596a)
2020-03-24T09:06:47.7987915+04:00 80000009-0001-ff00-b63f-84710c7967bb [INF] Request starting HTTP/2.0 GET https://localhost:44317/api/Form/formattributevalues?SavedFormID=71139   (ca22a1cb)
2020-03-24T09:06:47.8076806+04:00 80000009-0001-ff00-b63f-84710c7967bb [INF] Executing endpoint '"KU.WebAPI.Controllers.FormController.Get (KU.WebAPI)"' (500cc934)
2020-03-24T09:06:47.8192705+04:00 80000009-0001-ff00-b63f-84710c7967bb [INF] Route matched with "{action = \"Get\", controller = \"Form\"}". Executing controller action with signature "Microsoft.AspNetCore.Mvc.IActionResult Get(Int32)" on controller "KU.WebAPI.Controllers.FormController" ("KU.WebAPI"). (122b2fdf)
2020-03-24T09:06:47.8259795+04:00 80000009-0001-ff00-b63f-84710c7967bb [INF] Executing action method "KU.WebAPI.Controllers.FormController.Get (KU.WebAPI)" - Validation state: Valid (dad538d7)
2020-03-24T09:06:51.5180883+04:00 80000009-0001-ff00-b63f-84710c7967bb [INF] Entity Framework Core "2.2.6-servicing-10079" initialized '"ApplicationDbContext"' using provider '"Microsoft.EntityFrameworkCore.SqlServer"' with options: "MigrationsAssembly=KU.WebAPI " (9958f5bb)
2020-03-24T09:06:51.9627338+04:00 80000009-0001-ff00-b63f-84710c7967bb [INF] Executed DbCommand ("4"ms) [Parameters=["@__SavedFormID_0='?' (DbType = Int64)"], CommandType='Text', CommandTimeout='30']"
""SELECT [R].[FormAttributeValueID], [R].[AttributeValue], [R].[FormAttributeID], [R].[SavedFormID]
FROM [FormAttributeValue] AS [R]
WHERE [R].[SavedFormID] = @__SavedFormID_0
ORDER BY [R].[SavedFormID]" (0723d8ff)
2020-03-24T09:06:51.9771984+04:00 80000009-0001-ff00-b63f-84710c7967bb [INF] Executed action method "KU.WebAPI.Controllers.FormController.Get (KU.WebAPI)", returned result "Microsoft.AspNetCore.Mvc.OkObjectResult" in 4146.0905ms. (50a9e262)
2020-03-24T09:06:51.9812217+04:00 80000009-0001-ff00-b63f-84710c7967bb [INF] Executing ObjectResult, writing value of type '"System.Collections.Generic.List`1[[KU.Repositories.Models.FormAttributeValue, KU.Repositories, Version=1.0.0.0, Culture=neutral, PublicKeyToken=null]]"'. (8a1b66c8)
2020-03-24T09:06:51.9898604+04:00 80000009-0001-ff00-b63f-84710c7967bb [INF] Executed action "KU.WebAPI.Controllers.FormController.Get (KU.WebAPI)" in 4166.2395ms (afa2e885)
2020-03-24T09:06:51.9935657+04:00 80000009-0001-ff00-b63f-84710c7967bb [INF] Executed endpoint '"KU.WebAPI.Controllers.FormController.Get (KU.WebAPI)"' (99874f2b)
2020-03-24T09:06:51.9975474+04:00 80000009-0001-ff00-b63f-84710c7967bb [INF] Request finished in 4220.7107ms 200 application/json; charset=utf-8 (791a596a)
2020-03-24T09:07:16.9877683+04:00 8000000b-0001-ff00-b63f-84710c7967bb [INF] Request starting HTTP/2.0 GET https://localhost:44317/api/Form/Questionnaire?SavedformID=71139&TemplateID=10   (ca22a1cb)
2020-03-24T09:07:16.9909379+04:00 8000000b-0001-ff00-b63f-84710c7967bb [INF] Executing endpoint '"KU.WebAPI.Controllers.FormController.GetSampleIDAll (KU.WebAPI)"' (500cc934)
2020-03-24T09:07:16.9959533+04:00 8000000b-0001-ff00-b63f-84710c7967bb [INF] Route matched with "{action = \"GetSampleIDAll\", controller = \"Form\"}". Executing controller action with signature "Microsoft.AspNetCore.Mvc.IActionResult GetSampleIDAll(Int32, Int32)" on controller "KU.WebAPI.Controllers.FormController" ("KU.WebAPI"). (122b2fdf)
2020-03-24T09:07:17.0014745+04:00 8000000b-0001-ff00-b63f-84710c7967bb [INF] Executing action method "KU.WebAPI.Controllers.FormController.GetSampleIDAll (KU.WebAPI)" - Validation state: Valid (dad538d7)
2020-03-24T09:07:28.7711277+04:00 8000000b-0001-ff00-b63f-84710c7967bb [INF] Entity Framework Core "2.2.6-servicing-10079" initialized '"ApplicationDbContext"' using provider '"Microsoft.EntityFrameworkCore.SqlServer"' with options: "MigrationsAssembly=KU.WebAPI " (9958f5bb)
2020-03-24T09:07:29.8776355+04:00 8000000b-0001-ff00-b63f-84710c7967bb [INF] Executed DbCommand ("38"ms) [Parameters=["@p0='?' (DbType = Int32), @p1='?' (DbType = Int32), @p2='?' (DbType = Int32)"], CommandType='Text', CommandTimeout='30']"
""sp_getrecords @p0,@p1,@p2" (0723d8ff)
2020-03-24T09:07:29.9228427+04:00 8000000b-0001-ff00-b63f-84710c7967bb [INF] Executed action method "KU.WebAPI.Controllers.FormController.GetSampleIDAll (KU.WebAPI)", returned result "Microsoft.AspNetCore.Mvc.OkObjectResult" in 12917.8101ms. (50a9e262)
2020-03-24T09:07:29.9266997+04:00 8000000b-0001-ff00-b63f-84710c7967bb [INF] Executing ObjectResult, writing value of type '"System.Collections.Generic.List`1[[KU.Repositories.Models.Questionnaire1, KU.Repositories, Version=1.0.0.0, Culture=neutral, PublicKeyToken=null]]"'. (8a1b66c8)
2020-03-24T09:07:29.9728578+04:00 8000000b-0001-ff00-b63f-84710c7967bb [INF] Executed action "KU.WebAPI.Controllers.FormController.GetSampleIDAll (KU.WebAPI)" in 12971.5862ms (afa2e885)
2020-03-24T09:07:29.9757396+04:00 8000000b-0001-ff00-b63f-84710c7967bb [INF] Executed endpoint '"KU.WebAPI.Controllers.FormController.GetSampleIDAll (KU.WebAPI)"' (99874f2b)
2020-03-24T09:07:29.9786801+04:00 8000000b-0001-ff00-b63f-84710c7967bb [INF] Request finished in 12991.7756ms 200 application/json; charset=utf-8 (791a596a)
2020-03-24T09:38:05.7698741+04:00 8000000c-0005-fe00-b63f-84710c7967bb [INF] Request starting HTTP/2.0 GET https://localhost:44317/index.html   (ca22a1cb)
2020-03-24T09:38:06.6306521+04:00 8000000c-0005-fe00-b63f-84710c7967bb [INF] Request finished in 872.8828ms 200 text/html (791a596a)
2020-03-24T09:38:07.0027539+04:00 80000005-0003-fd00-b63f-84710c7967bb [INF] Request starting HTTP/2.0 GET https://localhost:44317/swagger/v1/swagger.json   (ca22a1cb)
2020-03-24T09:38:07.3081068+04:00 80000005-0003-fd00-b63f-84710c7967bb [INF] Request finished in 304.5583ms 200 application/json;charset=utf-8 (791a596a)
2020-03-24T09:38:56.8876921+04:00 8000000c-0000-fe00-b63f-84710c7967bb [INF] Request starting HTTP/2.0 GET https://localhost:44317/api/Form/Questionnaire?TemplateID=10   (ca22a1cb)
2020-03-24T09:38:56.9886573+04:00 8000000c-0000-fe00-b63f-84710c7967bb [INF] Executing endpoint '"KU.WebAPI.Controllers.FormController.GetSampleIDAll (KU.WebAPI)"' (500cc934)
2020-03-24T09:38:57.0421893+04:00 8000000c-0000-fe00-b63f-84710c7967bb [INF] Route matched with "{action = \"GetSampleIDAll\", controller = \"Form\"}". Executing controller action with signature "Microsoft.AspNetCore.Mvc.IActionResult GetSampleIDAll(Int32, Int32)" on controller "KU.WebAPI.Controllers.FormController" ("KU.WebAPI"). (122b2fdf)
2020-03-24T09:38:57.0992382+04:00 8000000c-0000-fe00-b63f-84710c7967bb [INF] Executing action method "KU.WebAPI.Controllers.FormController.GetSampleIDAll (KU.WebAPI)" - Validation state: Valid (dad538d7)
2020-03-24T09:39:06.9848033+04:00 8000000c-0000-fe00-b63f-84710c7967bb [INF] Entity Framework Core "2.2.6-servicing-10079" initialized '"ApplicationDbContext"' using provider '"Microsoft.EntityFrameworkCore.SqlServer"' with options: "MigrationsAssembly=KU.WebAPI " (9958f5bb)
2020-03-24T09:39:08.5949133+04:00 8000000c-0000-fe00-b63f-84710c7967bb [INF] Executed DbCommand ("895"ms) [Parameters=["@p0='?' (DbType = Int32), @p1='?' (DbType = Int32)"], CommandType='Text', CommandTimeout='30']"
""sp_getrecords @p0,@p1" (0723d8ff)
2020-03-24T09:39:09.1966416+04:00 8000000c-0000-fe00-b63f-84710c7967bb [ERR] An exception occurred while iterating over the results of a query for context type '"KU.Repositories.ApplicationDbContext"'."
""System.InvalidOperationException: The required column 'Anti_Dyslipidemia_Fibrates_Fenofibrate' was not present in the results of a 'FromSql' operation.
   at Microsoft.EntityFrameworkCore.Query.Sql.Internal.FromSqlNonComposedQuerySqlGenerator.CreateValueBufferFactory(IRelationalValueBufferFactoryFactory relationalValueBufferFactoryFactory, DbDataReader dataReader)
   at Microsoft.EntityFrameworkCore.Query.Internal.ShaperCommandContext.<NotifyReaderCreated>b__14_0(FactoryAndReader s)
   at Microsoft.EntityFrameworkCore.Internal.NonCapturingLazyInitializer.EnsureInitialized[TParam,TValue](TValue& target, TParam param, Func`2 valueFactory)
   at Microsoft.EntityFrameworkCore.Query.Internal.ShaperCommandContext.NotifyReaderCreated(DbDataReader dataReader)
   at Microsoft.EntityFrameworkCore.Query.Internal.QueryingEnumerable`1.Enumerator.BufferlessMoveNext(DbContext _, Boolean buffer)
   at Microsoft.EntityFrameworkCore.SqlServer.Storage.Internal.SqlServerExecutionStrategy.Execute[TState,TResult](TState state, Func`3 operation, Func`3 verifySucceeded)
   at Microsoft.EntityFrameworkCore.Query.Internal.QueryingEnumerable`1.Enumerator.MoveNext()
   at Microsoft.EntityFrameworkCore.Query.Internal.LinqOperatorProvider._TrackEntities[TOut,TIn](IEnumerable`1 results, QueryContext queryContext, IList`1 entityTrackingInfos, IList`1 entityAccessors)+MoveNext()
   at Microsoft.EntityFrameworkCore.Query.Internal.LinqOperatorProvider.ExceptionInterceptor`1.EnumeratorExceptionInterceptor.MoveNext()" (f5c7ac34)
System.InvalidOperationException: The required column 'Anti_Dyslipidemia_Fibrates_Fenofibrate' was not present in the results of a 'FromSql' operation.
   at Microsoft.EntityFrameworkCore.Query.Sql.Internal.FromSqlNonComposedQuerySqlGenerator.CreateValueBufferFactory(IRelationalValueBufferFactoryFactory relationalValueBufferFactoryFactory, DbDataReader dataReader)
   at Microsoft.EntityFrameworkCore.Query.Internal.ShaperCommandContext.<NotifyReaderCreated>b__14_0(FactoryAndReader s)
   at Microsoft.EntityFrameworkCore.Internal.NonCapturingLazyInitializer.EnsureInitialized[TParam,TValue](TValue& target, TParam param, Func`2 valueFactory)
   at Microsoft.EntityFrameworkCore.Query.Internal.ShaperCommandContext.NotifyReaderCreated(DbDataReader dataReader)
   at Microsoft.EntityFrameworkCore.Query.Internal.QueryingEnumerable`1.Enumerator.BufferlessMoveNext(DbContext _, Boolean buffer)
   at Microsoft.EntityFrameworkCore.SqlServer.Storage.Internal.SqlServerExecutionStrategy.Execute[TState,TResult](TState state, Func`3 operation, Func`3 verifySucceeded)
   at Microsoft.EntityFrameworkCore.Query.Internal.QueryingEnumerable`1.Enumerator.MoveNext()
   at Microsoft.EntityFrameworkCore.Query.Internal.LinqOperatorProvider._TrackEntities[TOut,TIn](IEnumerable`1 results, QueryContext queryContext, IList`1 entityTrackingInfos, IList`1 entityAccessors)+MoveNext()
   at Microsoft.EntityFrameworkCore.Query.Internal.LinqOperatorProvider.ExceptionInterceptor`1.EnumeratorExceptionInterceptor.MoveNext()
2020-03-24T09:39:09.8351635+04:00 8000000c-0000-fe00-b63f-84710c7967bb [ERR] Something went wrong: System.InvalidOperationException: The required column 'Anti_Dyslipidemia_Fibrates_Fenofibrate' was not present in the results of a 'FromSql' operation.
   at Microsoft.EntityFrameworkCore.Query.Sql.Internal.FromSqlNonComposedQuerySqlGenerator.CreateValueBufferFactory(IRelationalValueBufferFactoryFactory relationalValueBufferFactoryFactory, DbDataReader dataReader)
   at Microsoft.EntityFrameworkCore.Query.Internal.ShaperCommandContext.<NotifyReaderCreated>b__14_0(FactoryAndReader s)
   at Microsoft.EntityFrameworkCore.Internal.NonCapturingLazyInitializer.EnsureInitialized[TParam,TValue](TValue& target, TParam param, Func`2 valueFactory)
   at Microsoft.EntityFrameworkCore.Query.Internal.ShaperCommandContext.NotifyReaderCreated(DbDataReader dataReader)
   at Microsoft.EntityFrameworkCore.Query.Internal.QueryingEnumerable`1.Enumerator.BufferlessMoveNext(DbContext _, Boolean buffer)
   at Microsoft.EntityFrameworkCore.SqlServer.Storage.Internal.SqlServerExecutionStrategy.Execute[TState,TResult](TState state, Func`3 operation, Func`3 verifySucceeded)
   at Microsoft.EntityFrameworkCore.Query.Internal.QueryingEnumerable`1.Enumerator.MoveNext()
   at Microsoft.EntityFrameworkCore.Query.Internal.LinqOperatorProvider._TrackEntities[TOut,TIn](IEnumerable`1 results, QueryContext queryContext, IList`1 entityTrackingInfos, IList`1 entityAccessors)+MoveNext()
   at Microsoft.EntityFrameworkCore.Query.Internal.LinqOperatorProvider.ExceptionInterceptor`1.EnumeratorExceptionInterceptor.MoveNext()
   at System.Collections.Generic.List`1.AddEnumerable(IEnumerable`1 enumerable)
   at System.Linq.Enumerable.ToList[TSource](IEnumerable`1 source)
   at KU.Repositories.Implementations.QuestionnaireRepository.GetSampleID9(Int32 SavedFormID) in C:\TCIT\Khalifa University\Khalifa\KU.Repositories\Implementations\QuestionnaireRepository.cs:line 148
   at KU.Services.Implementations.FormService.GetSampleID9(Int32 SampleID) in C:\TCIT\Khalifa University\Khalifa\KU.Services\Implementations\FormService.cs:line 263
   at KU.WebAPI.Controllers.FormController.GetSampleIDAll(Int32 SavedformID, Int32 TemplateID) in C:\TCIT\Khalifa University\Khalifa\KU.WebAPI\Controllers\FormController.cs:line 137 (2e9d5bfe)
2020-03-24T09:39:09.8532985+04:00 8000000c-0000-fe00-b63f-84710c7967bb [INF] Executed action method "KU.WebAPI.Controllers.FormController.GetSampleIDAll (KU.WebAPI)", returned result "Microsoft.AspNetCore.Mvc.ObjectResult" in 12736.34ms. (50a9e262)
2020-03-24T09:39:09.8819460+04:00 8000000c-0000-fe00-b63f-84710c7967bb [INF] Executing ObjectResult, writing value of type '"null"'. (8a1b66c8)
2020-03-24T09:39:09.9018964+04:00 8000000c-0000-fe00-b63f-84710c7967bb [INF] Executed action "KU.WebAPI.Controllers.FormController.GetSampleIDAll (KU.WebAPI)" in 12841.9613ms (afa2e885)
2020-03-24T09:39:09.9118265+04:00 8000000c-0000-fe00-b63f-84710c7967bb [INF] Executed endpoint '"KU.WebAPI.Controllers.FormController.GetSampleIDAll (KU.WebAPI)"' (99874f2b)
2020-03-24T09:39:09.9446768+04:00 8000000c-0000-fe00-b63f-84710c7967bb [INF] Request finished in 13053.8142ms 500  (791a596a)
2020-03-24T09:39:29.5114873+04:00 8000000e-0005-fe00-b63f-84710c7967bb [INF] Request starting HTTP/2.0 GET https://localhost:44317/api/Form/Questionnaire?SavedformID=71139&TemplateID=10   (ca22a1cb)
2020-03-24T09:39:29.5297629+04:00 8000000e-0005-fe00-b63f-84710c7967bb [INF] Executing endpoint '"KU.WebAPI.Controllers.FormController.GetSampleIDAll (KU.WebAPI)"' (500cc934)
2020-03-24T09:39:30.2380763+04:00 8000000e-0005-fe00-b63f-84710c7967bb [INF] Route matched with "{action = \"GetSampleIDAll\", controller = \"Form\"}". Executing controller action with signature "Microsoft.AspNetCore.Mvc.IActionResult GetSampleIDAll(Int32, Int32)" on controller "KU.WebAPI.Controllers.FormController" ("KU.WebAPI"). (122b2fdf)
2020-03-24T09:39:30.2465335+04:00 8000000e-0005-fe00-b63f-84710c7967bb [INF] Executing action method "KU.WebAPI.Controllers.FormController.GetSampleIDAll (KU.WebAPI)" - Validation state: Valid (dad538d7)
2020-03-24T09:39:32.6778703+04:00 8000000e-0005-fe00-b63f-84710c7967bb [INF] Entity Framework Core "2.2.6-servicing-10079" initialized '"ApplicationDbContext"' using provider '"Microsoft.EntityFrameworkCore.SqlServer"' with options: "MigrationsAssembly=KU.WebAPI " (9958f5bb)
2020-03-24T09:39:33.1643650+04:00 8000000e-0005-fe00-b63f-84710c7967bb [INF] Executed DbCommand ("128"ms) [Parameters=["@p0='?' (DbType = Int32), @p1='?' (DbType = Int32), @p2='?' (DbType = Int32)"], CommandType='Text', CommandTimeout='30']"
""sp_getrecords @p0,@p1,@p2" (0723d8ff)
2020-03-24T09:39:33.1736783+04:00 8000000e-0005-fe00-b63f-84710c7967bb [ERR] An exception occurred while iterating over the results of a query for context type '"KU.Repositories.ApplicationDbContext"'."
""System.InvalidOperationException: The required column 'Anti_Dyslipidemia_Fibrates_Fenofibrate' was not present in the results of a 'FromSql' operation.
   at Microsoft.EntityFrameworkCore.Query.Sql.Internal.FromSqlNonComposedQuerySqlGenerator.CreateValueBufferFactory(IRelationalValueBufferFactoryFactory relationalValueBufferFactoryFactory, DbDataReader dataReader)
   at Microsoft.EntityFrameworkCore.Query.Internal.ShaperCommandContext.<NotifyReaderCreated>b__14_0(FactoryAndReader s)
   at Microsoft.EntityFrameworkCore.Internal.NonCapturingLazyInitializer.EnsureInitialized[TParam,TValue](TValue& target, TParam param, Func`2 valueFactory)
   at Microsoft.EntityFrameworkCore.Query.Internal.ShaperCommandContext.NotifyReaderCreated(DbDataReader dataReader)
   at Microsoft.EntityFrameworkCore.Query.Internal.QueryingEnumerable`1.Enumerator.BufferlessMoveNext(DbContext _, Boolean buffer)
   at Microsoft.EntityFrameworkCore.SqlServer.Storage.Internal.SqlServerExecutionStrategy.Execute[TState,TResult](TState state, Func`3 operation, Func`3 verifySucceeded)
   at Microsoft.EntityFrameworkCore.Query.Internal.QueryingEnumerable`1.Enumerator.MoveNext()
   at Microsoft.EntityFrameworkCore.Query.Internal.LinqOperatorProvider._TrackEntities[TOut,TIn](IEnumerable`1 results, QueryContext queryContext, IList`1 entityTrackingInfos, IList`1 entityAccessors)+MoveNext()
   at Microsoft.EntityFrameworkCore.Query.Internal.LinqOperatorProvider.ExceptionInterceptor`1.EnumeratorExceptionInterceptor.MoveNext()" (f5c7ac34)
System.InvalidOperationException: The required column 'Anti_Dyslipidemia_Fibrates_Fenofibrate' was not present in the results of a 'FromSql' operation.
   at Microsoft.EntityFrameworkCore.Query.Sql.Internal.FromSqlNonComposedQuerySqlGenerator.CreateValueBufferFactory(IRelationalValueBufferFactoryFactory relationalValueBufferFactoryFactory, DbDataReader dataReader)
   at Microsoft.EntityFrameworkCore.Query.Internal.ShaperCommandContext.<NotifyReaderCreated>b__14_0(FactoryAndReader s)
   at Microsoft.EntityFrameworkCore.Internal.NonCapturingLazyInitializer.EnsureInitialized[TParam,TValue](TValue& target, TParam param, Func`2 valueFactory)
   at Microsoft.EntityFrameworkCore.Query.Internal.ShaperCommandContext.NotifyReaderCreated(DbDataReader dataReader)
   at Microsoft.EntityFrameworkCore.Query.Internal.QueryingEnumerable`1.Enumerator.BufferlessMoveNext(DbContext _, Boolean buffer)
   at Microsoft.EntityFrameworkCore.SqlServer.Storage.Internal.SqlServerExecutionStrategy.Execute[TState,TResult](TState state, Func`3 operation, Func`3 verifySucceeded)
   at Microsoft.EntityFrameworkCore.Query.Internal.QueryingEnumerable`1.Enumerator.MoveNext()
   at Microsoft.EntityFrameworkCore.Query.Internal.LinqOperatorProvider._TrackEntities[TOut,TIn](IEnumerable`1 results, QueryContext queryContext, IList`1 entityTrackingInfos, IList`1 entityAccessors)+MoveNext()
   at Microsoft.EntityFrameworkCore.Query.Internal.LinqOperatorProvider.ExceptionInterceptor`1.EnumeratorExceptionInterceptor.MoveNext()
2020-03-24T09:39:33.3128199+04:00 8000000e-0005-fe00-b63f-84710c7967bb [ERR] Something went wrong: System.InvalidOperationException: The required column 'Anti_Dyslipidemia_Fibrates_Fenofibrate' was not present in the results of a 'FromSql' operation.
   at Microsoft.EntityFrameworkCore.Query.Sql.Internal.FromSqlNonComposedQuerySqlGenerator.CreateValueBufferFactory(IRelationalValueBufferFactoryFactory relationalValueBufferFactoryFactory, DbDataReader dataReader)
   at Microsoft.EntityFrameworkCore.Query.Internal.ShaperCommandContext.<NotifyReaderCreated>b__14_0(FactoryAndReader s)
   at Microsoft.EntityFrameworkCore.Internal.NonCapturingLazyInitializer.EnsureInitialized[TParam,TValue](TValue& target, TParam param, Func`2 valueFactory)
   at Microsoft.EntityFrameworkCore.Query.Internal.ShaperCommandContext.NotifyReaderCreated(DbDataReader dataReader)
   at Microsoft.EntityFrameworkCore.Query.Internal.QueryingEnumerable`1.Enumerator.BufferlessMoveNext(DbContext _, Boolean buffer)
   at Microsoft.EntityFrameworkCore.SqlServer.Storage.Internal.SqlServerExecutionStrategy.Execute[TState,TResult](TState state, Func`3 operation, Func`3 verifySucceeded)
   at Microsoft.EntityFrameworkCore.Query.Internal.QueryingEnumerable`1.Enumerator.MoveNext()
   at Microsoft.EntityFrameworkCore.Query.Internal.LinqOperatorProvider._TrackEntities[TOut,TIn](IEnumerable`1 results, QueryContext queryContext, IList`1 entityTrackingInfos, IList`1 entityAccessors)+MoveNext()
   at Microsoft.EntityFrameworkCore.Query.Internal.LinqOperatorProvider.ExceptionInterceptor`1.EnumeratorExceptionInterceptor.MoveNext()
   at System.Collections.Generic.List`1.AddEnumerable(IEnumerable`1 enumerable)
   at System.Linq.Enumerable.ToList[TSource](IEnumerable`1 source)
   at KU.Repositories.Implementations.QuestionnaireRepository.GetSampleID9(Int32 SavedFormID) in C:\TCIT\Khalifa University\Khalifa\KU.Repositories\Implementations\QuestionnaireRepository.cs:line 152
   at KU.Services.Implementations.FormService.GetSampleID9(Int32 SampleID) in C:\TCIT\Khalifa University\Khalifa\KU.Services\Implementations\FormService.cs:line 263
   at KU.WebAPI.Controllers.FormController.GetSampleIDAll(Int32 SavedformID, Int32 TemplateID) in C:\TCIT\Khalifa University\Khalifa\KU.WebAPI\Controllers\FormController.cs:line 137 (d374786d)
2020-03-24T09:39:33.3301531+04:00 8000000e-0005-fe00-b63f-84710c7967bb [INF] Executed action method "KU.WebAPI.Controllers.FormController.GetSampleIDAll (KU.WebAPI)", returned result "Microsoft.AspNetCore.Mvc.ObjectResult" in 3066.4554ms. (50a9e262)
2020-03-24T09:39:33.3602243+04:00 8000000e-0005-fe00-b63f-84710c7967bb [INF] Executing ObjectResult, writing value of type '"null"'. (8a1b66c8)
2020-03-24T09:39:33.3772625+04:00 8000000e-0005-fe00-b63f-84710c7967bb [INF] Executed action "KU.WebAPI.Controllers.FormController.GetSampleIDAll (KU.WebAPI)" in 3122.6907ms (afa2e885)
2020-03-24T09:39:33.3932104+04:00 8000000e-0005-fe00-b63f-84710c7967bb [INF] Executed endpoint '"KU.WebAPI.Controllers.FormController.GetSampleIDAll (KU.WebAPI)"' (99874f2b)
2020-03-24T09:39:33.4113526+04:00 8000000e-0005-fe00-b63f-84710c7967bb [INF] Request finished in 3888.0953ms 500  (791a596a)
2020-03-24T09:39:50.6508873+04:00 8000000a-0007-ff00-b63f-84710c7967bb [INF] Request starting HTTP/2.0 GET https://localhost:44317/api/Form/Questionnaire?SavedformID=71139&TemplateID=10   (ca22a1cb)
2020-03-24T09:39:50.6601298+04:00 8000000a-0007-ff00-b63f-84710c7967bb [INF] Executing endpoint '"KU.WebAPI.Controllers.FormController.GetSampleIDAll (KU.WebAPI)"' (500cc934)
2020-03-24T09:39:50.6671383+04:00 8000000a-0007-ff00-b63f-84710c7967bb [INF] Route matched with "{action = \"GetSampleIDAll\", controller = \"Form\"}". Executing controller action with signature "Microsoft.AspNetCore.Mvc.IActionResult GetSampleIDAll(Int32, Int32)" on controller "KU.WebAPI.Controllers.FormController" ("KU.WebAPI"). (122b2fdf)
2020-03-24T09:39:50.6753905+04:00 8000000a-0007-ff00-b63f-84710c7967bb [INF] Executing action method "KU.WebAPI.Controllers.FormController.GetSampleIDAll (KU.WebAPI)" - Validation state: Valid (dad538d7)
2020-03-24T09:39:53.8910701+04:00 8000000a-0007-ff00-b63f-84710c7967bb [INF] Entity Framework Core "2.2.6-servicing-10079" initialized '"ApplicationDbContext"' using provider '"Microsoft.EntityFrameworkCore.SqlServer"' with options: "MigrationsAssembly=KU.WebAPI " (9958f5bb)
2020-03-24T09:39:53.9279827+04:00 8000000a-0007-ff00-b63f-84710c7967bb [INF] Executed DbCommand ("20"ms) [Parameters=["@p0='?' (DbType = Int32), @p1='?' (DbType = Int32), @p2='?' (DbType = Int32)"], CommandType='Text', CommandTimeout='30']"
""sp_getrecords @p0,@p1,@p2" (0723d8ff)
2020-03-24T09:39:53.9518694+04:00 8000000a-0007-ff00-b63f-84710c7967bb [ERR] An exception occurred while iterating over the results of a query for context type '"KU.Repositories.ApplicationDbContext"'."
""System.InvalidOperationException: The required column 'Anti_Dyslipidemia_Fibrates_Fenofibrate' was not present in the results of a 'FromSql' operation.
   at Microsoft.EntityFrameworkCore.Query.Sql.Internal.FromSqlNonComposedQuerySqlGenerator.CreateValueBufferFactory(IRelationalValueBufferFactoryFactory relationalValueBufferFactoryFactory, DbDataReader dataReader)
   at Microsoft.EntityFrameworkCore.Query.Internal.ShaperCommandContext.<NotifyReaderCreated>b__14_0(FactoryAndReader s)
   at Microsoft.EntityFrameworkCore.Internal.NonCapturingLazyInitializer.EnsureInitialized[TParam,TValue](TValue& target, TParam param, Func`2 valueFactory)
   at Microsoft.EntityFrameworkCore.Query.Internal.ShaperCommandContext.NotifyReaderCreated(DbDataReader dataReader)
   at Microsoft.EntityFrameworkCore.Query.Internal.QueryingEnumerable`1.Enumerator.BufferlessMoveNext(DbContext _, Boolean buffer)
   at Microsoft.EntityFrameworkCore.SqlServer.Storage.Internal.SqlServerExecutionStrategy.Execute[TState,TResult](TState state, Func`3 operation, Func`3 verifySucceeded)
   at Microsoft.EntityFrameworkCore.Query.Internal.QueryingEnumerable`1.Enumerator.MoveNext()
   at Microsoft.EntityFrameworkCore.Query.Internal.LinqOperatorProvider._TrackEntities[TOut,TIn](IEnumerable`1 results, QueryContext queryContext, IList`1 entityTrackingInfos, IList`1 entityAccessors)+MoveNext()
   at Microsoft.EntityFrameworkCore.Query.Internal.LinqOperatorProvider.ExceptionInterceptor`1.EnumeratorExceptionInterceptor.MoveNext()" (f5c7ac34)
System.InvalidOperationException: The required column 'Anti_Dyslipidemia_Fibrates_Fenofibrate' was not present in the results of a 'FromSql' operation.
   at Microsoft.EntityFrameworkCore.Query.Sql.Internal.FromSqlNonComposedQuerySqlGenerator.CreateValueBufferFactory(IRelationalValueBufferFactoryFactory relationalValueBufferFactoryFactory, DbDataReader dataReader)
   at Microsoft.EntityFrameworkCore.Query.Internal.ShaperCommandContext.<NotifyReaderCreated>b__14_0(FactoryAndReader s)
   at Microsoft.EntityFrameworkCore.Internal.NonCapturingLazyInitializer.EnsureInitialized[TParam,TValue](TValue& target, TParam param, Func`2 valueFactory)
   at Microsoft.EntityFrameworkCore.Query.Internal.ShaperCommandContext.NotifyReaderCreated(DbDataReader dataReader)
   at Microsoft.EntityFrameworkCore.Query.Internal.QueryingEnumerable`1.Enumerator.BufferlessMoveNext(DbContext _, Boolean buffer)
   at Microsoft.EntityFrameworkCore.SqlServer.Storage.Internal.SqlServerExecutionStrategy.Execute[TState,TResult](TState state, Func`3 operation, Func`3 verifySucceeded)
   at Microsoft.EntityFrameworkCore.Query.Internal.QueryingEnumerable`1.Enumerator.MoveNext()
   at Microsoft.EntityFrameworkCore.Query.Internal.LinqOperatorProvider._TrackEntities[TOut,TIn](IEnumerable`1 results, QueryContext queryContext, IList`1 entityTrackingInfos, IList`1 entityAccessors)+MoveNext()
   at Microsoft.EntityFrameworkCore.Query.Internal.LinqOperatorProvider.ExceptionInterceptor`1.EnumeratorExceptionInterceptor.MoveNext()
2020-03-24T09:39:54.0605121+04:00 8000000a-0007-ff00-b63f-84710c7967bb [ERR] Something went wrong: System.InvalidOperationException: The required column 'Anti_Dyslipidemia_Fibrates_Fenofibrate' was not present in the results of a 'FromSql' operation.
   at Microsoft.EntityFrameworkCore.Query.Sql.Internal.FromSqlNonComposedQuerySqlGenerator.CreateValueBufferFactory(IRelationalValueBufferFactoryFactory relationalValueBufferFactoryFactory, DbDataReader dataReader)
   at Microsoft.EntityFrameworkCore.Query.Internal.ShaperCommandContext.<NotifyReaderCreated>b__14_0(FactoryAndReader s)
   at Microsoft.EntityFrameworkCore.Internal.NonCapturingLazyInitializer.EnsureInitialized[TParam,TValue](TValue& target, TParam param, Func`2 valueFactory)
   at Microsoft.EntityFrameworkCore.Query.Internal.ShaperCommandContext.NotifyReaderCreated(DbDataReader dataReader)
   at Microsoft.EntityFrameworkCore.Query.Internal.QueryingEnumerable`1.Enumerator.BufferlessMoveNext(DbContext _, Boolean buffer)
   at Microsoft.EntityFrameworkCore.SqlServer.Storage.Internal.SqlServerExecutionStrategy.Execute[TState,TResult](TState state, Func`3 operation, Func`3 verifySucceeded)
   at Microsoft.EntityFrameworkCore.Query.Internal.QueryingEnumerable`1.Enumerator.MoveNext()
   at Microsoft.EntityFrameworkCore.Query.Internal.LinqOperatorProvider._TrackEntities[TOut,TIn](IEnumerable`1 results, QueryContext queryContext, IList`1 entityTrackingInfos, IList`1 entityAccessors)+MoveNext()
   at Microsoft.EntityFrameworkCore.Query.Internal.LinqOperatorProvider.ExceptionInterceptor`1.EnumeratorExceptionInterceptor.MoveNext()
   at System.Collections.Generic.List`1.AddEnumerable(IEnumerable`1 enumerable)
   at System.Linq.Enumerable.ToList[TSource](IEnumerable`1 source)
   at KU.Repositories.Implementations.QuestionnaireRepository.GetSampleID9(Int32 SavedFormID) in C:\TCIT\Khalifa University\Khalifa\KU.Repositories\Implementations\QuestionnaireRepository.cs:line 152
   at KU.Services.Implementations.FormService.GetSampleID9(Int32 SampleID) in C:\TCIT\Khalifa University\Khalifa\KU.Services\Implementations\FormService.cs:line 263
   at KU.WebAPI.Controllers.FormController.GetSampleIDAll(Int32 SavedformID, Int32 TemplateID) in C:\TCIT\Khalifa University\Khalifa\KU.WebAPI\Controllers\FormController.cs:line 137 (d374786d)
2020-03-24T09:39:54.0698530+04:00 8000000a-0007-ff00-b63f-84710c7967bb [INF] Executed action method "KU.WebAPI.Controllers.FormController.GetSampleIDAll (KU.WebAPI)", returned result "Microsoft.AspNetCore.Mvc.ObjectResult" in 3385.2521ms. (50a9e262)
2020-03-24T09:39:54.0772826+04:00 8000000a-0007-ff00-b63f-84710c7967bb [INF] Executing ObjectResult, writing value of type '"null"'. (8a1b66c8)
2020-03-24T09:39:54.0852011+04:00 8000000a-0007-ff00-b63f-84710c7967bb [INF] Executed action "KU.WebAPI.Controllers.FormController.GetSampleIDAll (KU.WebAPI)" in 3410.2082ms (afa2e885)
2020-03-24T09:39:54.0936998+04:00 8000000a-0007-ff00-b63f-84710c7967bb [INF] Executed endpoint '"KU.WebAPI.Controllers.FormController.GetSampleIDAll (KU.WebAPI)"' (99874f2b)
2020-03-24T09:39:54.1017197+04:00 8000000a-0007-ff00-b63f-84710c7967bb [INF] Request finished in 3451.2096ms 500  (791a596a)
2020-03-24T09:48:20.8485379+04:00 8000000c-0007-ff00-b63f-84710c7967bb [INF] Request starting HTTP/2.0 GET https://localhost:44317/index.html   (ca22a1cb)
2020-03-24T09:48:21.8042260+04:00 8000000c-0007-ff00-b63f-84710c7967bb [INF] Request finished in 965.7925ms 200 text/html (791a596a)
2020-03-24T09:48:22.0549815+04:00 8000001c-0004-fb00-b63f-84710c7967bb [INF] Request starting HTTP/2.0 GET https://localhost:44317/swagger/v1/swagger.json   (ca22a1cb)
2020-03-24T09:48:22.4241163+04:00 8000001c-0004-fb00-b63f-84710c7967bb [INF] Request finished in 369.3251ms 200 application/json;charset=utf-8 (791a596a)
2020-03-24T09:48:38.3435122+04:00 80000010-0005-fe00-b63f-84710c7967bb [INF] Request starting HTTP/2.0 GET https://localhost:44317/api/Form/Questionnaire?TemplateID=10   (ca22a1cb)
2020-03-24T09:48:38.4306798+04:00 80000010-0005-fe00-b63f-84710c7967bb [INF] Executing endpoint '"KU.WebAPI.Controllers.FormController.GetSampleIDAll (KU.WebAPI)"' (500cc934)
2020-03-24T09:48:38.4853390+04:00 80000010-0005-fe00-b63f-84710c7967bb [INF] Route matched with "{action = \"GetSampleIDAll\", controller = \"Form\"}". Executing controller action with signature "Microsoft.AspNetCore.Mvc.IActionResult GetSampleIDAll(Int32, Int32)" on controller "KU.WebAPI.Controllers.FormController" ("KU.WebAPI"). (122b2fdf)
2020-03-24T09:48:38.5455386+04:00 80000010-0005-fe00-b63f-84710c7967bb [INF] Executing action method "KU.WebAPI.Controllers.FormController.GetSampleIDAll (KU.WebAPI)" - Validation state: Valid (dad538d7)
2020-03-24T09:48:50.7877801+04:00 80000010-0005-fe00-b63f-84710c7967bb [INF] Entity Framework Core "2.2.6-servicing-10079" initialized '"ApplicationDbContext"' using provider '"Microsoft.EntityFrameworkCore.SqlServer"' with options: "MigrationsAssembly=KU.WebAPI " (9958f5bb)
2020-03-24T09:48:52.6631394+04:00 80000010-0005-fe00-b63f-84710c7967bb [INF] Executed DbCommand ("854"ms) [Parameters=["@p0='?' (DbType = Int32), @p1='?' (DbType = Int32)"], CommandType='Text', CommandTimeout='30']"
""sp_getrecords @p0,@p1" (0723d8ff)
2020-03-24T09:48:54.4624740+04:00 80000010-0005-fe00-b63f-84710c7967bb [INF] Executed action method "KU.WebAPI.Controllers.FormController.GetSampleIDAll (KU.WebAPI)", returned result "Microsoft.AspNetCore.Mvc.OkObjectResult" in 15901.0067ms. (50a9e262)
2020-03-24T09:48:54.4853705+04:00 80000010-0005-fe00-b63f-84710c7967bb [INF] Executing ObjectResult, writing value of type '"System.Collections.Generic.List`1[[KU.Repositories.Models.Questionnaire9, KU.Repositories, Version=1.0.0.0, Culture=neutral, PublicKeyToken=null]]"'. (8a1b66c8)
2020-03-24T09:48:56.5113504+04:00 80000010-0005-fe00-b63f-84710c7967bb [INF] Executed action "KU.WebAPI.Controllers.FormController.GetSampleIDAll (KU.WebAPI)" in 18013.2493ms (afa2e885)
2020-03-24T09:48:56.5183556+04:00 80000010-0005-fe00-b63f-84710c7967bb [INF] Executed endpoint '"KU.WebAPI.Controllers.FormController.GetSampleIDAll (KU.WebAPI)"' (99874f2b)
2020-03-24T09:48:56.5260090+04:00 80000010-0005-fe00-b63f-84710c7967bb [INF] Request finished in 18180.1194ms 200 application/json; charset=utf-8 (791a596a)
2020-03-24T09:49:41.0601919+04:00 80000015-0006-fc00-b63f-84710c7967bb [INF] Request starting HTTP/2.0 GET https://localhost:44317/api/Report/ReportTotal?TemplateID=10   (ca22a1cb)
2020-03-24T09:49:41.0712176+04:00 80000015-0006-fc00-b63f-84710c7967bb [INF] Executing endpoint '"KU.WebAPI.Controllers.ReportController.GetReportTotal (KU.WebAPI)"' (500cc934)
2020-03-24T09:49:41.0904176+04:00 80000015-0006-fc00-b63f-84710c7967bb [INF] Route matched with "{action = \"GetReportTotal\", controller = \"Report\"}". Executing controller action with signature "Microsoft.AspNetCore.Mvc.IActionResult GetReportTotal(Int64, System.String, System.String, System.String, System.String, System.String, System.String, System.String, System.String, System.String, System.String, Int32, Int32, Int32, Int32, System.String)" on controller "KU.WebAPI.Controllers.ReportController" ("KU.WebAPI"). (122b2fdf)
2020-03-24T09:49:41.1092834+04:00 80000015-0006-fc00-b63f-84710c7967bb [INF] Executing action method "KU.WebAPI.Controllers.ReportController.GetReportTotal (KU.WebAPI)" - Validation state: Valid (dad538d7)
2020-03-24T09:49:41.1323782+04:00 80000015-0006-fc00-b63f-84710c7967bb [INF] Entity Framework Core "2.2.6-servicing-10079" initialized '"ApplicationDbContext"' using provider '"Microsoft.EntityFrameworkCore.SqlServer"' with options: "MigrationsAssembly=KU.WebAPI " (9958f5bb)
2020-03-24T09:50:12.3818710+04:00 80000015-0006-fc00-b63f-84710c7967bb [ERR] Failed executing DbCommand ("30,890"ms) [Parameters=["@p0='?' (DbType = Int32), @p1='?' (DbType = Int32), @p2='?' (DbType = Int32), @p3='?' (DbType = Int32), @p4='?' (DbType = Int64), @p5='?' (Size = 4000), @p6='?', @p7='?' (Size = 4000), @p8='?' (Size = 4000), @p9='?' (Size = 4000), @p10='?' (Size = 4000), @p11='?', @p12='?' (Size = 4000), @p13='?' (Size = 4000), @p14='?' (Size = 4000), @p15='?' (Size = 4000)"], CommandType='Text', CommandTimeout='30']"
""SP_GETDATA_Total @p0,@p1,@p2,@p3,@p4,@p5,@p6,@p7,@p8,@p9,@p10,@p11,@p12,@p13,@p14,@p15" (627a98df)
System.Data.SqlClient.SqlException (0x80131904): Timeout expired.  The timeout period elapsed prior to completion of the operation or the server is not responding. ---> System.ComponentModel.Win32Exception (258): The wait operation timed out
   at System.Data.SqlClient.SqlConnection.OnError(SqlException exception, Boolean breakConnection, Action`1 wrapCloseInAction)
   at System.Data.SqlClient.SqlInternalConnection.OnError(SqlException exception, Boolean breakConnection, Action`1 wrapCloseInAction)
   at System.Data.SqlClient.TdsParser.ThrowExceptionAndWarning(TdsParserStateObject stateObj, Boolean callerHasConnectionLock, Boolean asyncClose)
   at System.Data.SqlClient.TdsParser.TryRun(RunBehavior runBehavior, SqlCommand cmdHandler, SqlDataReader dataStream, BulkCopySimpleResultSet bulkCopyHandler, TdsParserStateObject stateObj, Boolean& dataReady)
   at System.Data.SqlClient.SqlDataReader.TryConsumeMetaData()
   at System.Data.SqlClient.SqlDataReader.get_MetaData()
   at System.Data.SqlClient.SqlCommand.FinishExecuteReader(SqlDataReader ds, RunBehavior runBehavior, String resetOptionsString)
   at System.Data.SqlClient.SqlCommand.RunExecuteReaderTds(CommandBehavior cmdBehavior, RunBehavior runBehavior, Boolean returnStream, Boolean async, Int32 timeout, Task& task, Boolean asyncWrite, SqlDataReader ds)
   at System.Data.SqlClient.SqlCommand.RunExecuteReader(CommandBehavior cmdBehavior, RunBehavior runBehavior, Boolean returnStream, TaskCompletionSource`1 completion, Int32 timeout, Task& task, Boolean asyncWrite, String method)
   at System.Data.SqlClient.SqlCommand.ExecuteReader(CommandBehavior behavior)
   at System.Data.SqlClient.SqlCommand.ExecuteDbDataReader(CommandBehavior behavior)
   at System.Data.Common.DbCommand.ExecuteReader()
   at Microsoft.EntityFrameworkCore.Storage.Internal.RelationalCommand.Execute(IRelationalConnection connection, DbCommandMethod executeMethod, IReadOnlyDictionary`2 parameterValues)
   at Microsoft.EntityFrameworkCore.Storage.Internal.RelationalCommand.ExecuteReader(IRelationalConnection connection, IReadOnlyDictionary`2 parameterValues)
   at Microsoft.EntityFrameworkCore.Query.Internal.QueryingEnumerable`1.Enumerator.BufferlessMoveNext(DbContext _, Boolean buffer)
   at Microsoft.EntityFrameworkCore.SqlServer.Storage.Internal.SqlServerExecutionStrategy.Execute[TState,TResult](TState state, Func`3 operation, Func`3 verifySucceeded)
ClientConnectionId:dcf8cd2e-fa10-4466-8121-ba92144fc759
Error Number:-2,State:0,Class:11
2020-03-24T09:50:12.4144579+04:00 80000015-0006-fc00-b63f-84710c7967bb [ERR] An exception occurred while iterating over the results of a query for context type '"KU.Repositories.ApplicationDbContext"'."
""System.Data.SqlClient.SqlException (0x80131904): Timeout expired.  The timeout period elapsed prior to completion of the operation or the server is not responding. ---> System.ComponentModel.Win32Exception (258): The wait operation timed out
   at System.Data.SqlClient.SqlConnection.OnError(SqlException exception, Boolean breakConnection, Action`1 wrapCloseInAction)
   at System.Data.SqlClient.SqlInternalConnection.OnError(SqlException exception, Boolean breakConnection, Action`1 wrapCloseInAction)
   at System.Data.SqlClient.TdsParser.ThrowExceptionAndWarning(TdsParserStateObject stateObj, Boolean callerHasConnectionLock, Boolean asyncClose)
   at System.Data.SqlClient.TdsParser.TryRun(RunBehavior runBehavior, SqlCommand cmdHandler, SqlDataReader dataStream, BulkCopySimpleResultSet bulkCopyHandler, TdsParserStateObject stateObj, Boolean& dataReady)
   at System.Data.SqlClient.SqlDataReader.TryConsumeMetaData()
   at System.Data.SqlClient.SqlDataReader.get_MetaData()
   at System.Data.SqlClient.SqlCommand.FinishExecuteReader(SqlDataReader ds, RunBehavior runBehavior, String resetOptionsString)
   at System.Data.SqlClient.SqlCommand.RunExecuteReaderTds(CommandBehavior cmdBehavior, RunBehavior runBehavior, Boolean returnStream, Boolean async, Int32 timeout, Task& task, Boolean asyncWrite, SqlDataReader ds)
   at System.Data.SqlClient.SqlCommand.RunExecuteReader(CommandBehavior cmdBehavior, RunBehavior runBehavior, Boolean returnStream, TaskCompletionSource`1 completion, Int32 timeout, Task& task, Boolean asyncWrite, String method)
   at System.Data.SqlClient.SqlCommand.ExecuteReader(CommandBehavior behavior)
   at System.Data.SqlClient.SqlCommand.ExecuteDbDataReader(CommandBehavior behavior)
   at System.Data.Common.DbCommand.ExecuteReader()
   at Microsoft.EntityFrameworkCore.Storage.Internal.RelationalCommand.Execute(IRelationalConnection connection, DbCommandMethod executeMethod, IReadOnlyDictionary`2 parameterValues)
   at Microsoft.EntityFrameworkCore.Storage.Internal.RelationalCommand.ExecuteReader(IRelationalConnection connection, IReadOnlyDictionary`2 parameterValues)
   at Microsoft.EntityFrameworkCore.Query.Internal.QueryingEnumerable`1.Enumerator.BufferlessMoveNext(DbContext _, Boolean buffer)
   at Microsoft.EntityFrameworkCore.SqlServer.Storage.Internal.SqlServerExecutionStrategy.Execute[TState,TResult](TState state, Func`3 operation, Func`3 verifySucceeded)
   at Microsoft.EntityFrameworkCore.Query.Internal.QueryingEnumerable`1.Enumerator.MoveNext()
   at Microsoft.EntityFrameworkCore.Query.Internal.LinqOperatorProvider._TrackEntities[TOut,TIn](IEnumerable`1 results, QueryContext queryContext, IList`1 entityTrackingInfos, IList`1 entityAccessors)+MoveNext()
   at Microsoft.EntityFrameworkCore.Query.Internal.LinqOperatorProvider.ExceptionInterceptor`1.EnumeratorExceptionInterceptor.MoveNext()
ClientConnectionId:dcf8cd2e-fa10-4466-8121-ba92144fc759
Error Number:-2,State:0,Class:11" (f5c7ac34)
System.Data.SqlClient.SqlException (0x80131904): Timeout expired.  The timeout period elapsed prior to completion of the operation or the server is not responding. ---> System.ComponentModel.Win32Exception (258): The wait operation timed out
   at System.Data.SqlClient.SqlConnection.OnError(SqlException exception, Boolean breakConnection, Action`1 wrapCloseInAction)
   at System.Data.SqlClient.SqlInternalConnection.OnError(SqlException exception, Boolean breakConnection, Action`1 wrapCloseInAction)
   at System.Data.SqlClient.TdsParser.ThrowExceptionAndWarning(TdsParserStateObject stateObj, Boolean callerHasConnectionLock, Boolean asyncClose)
   at System.Data.SqlClient.TdsParser.TryRun(RunBehavior runBehavior, SqlCommand cmdHandler, SqlDataReader dataStream, BulkCopySimpleResultSet bulkCopyHandler, TdsParserStateObject stateObj, Boolean& dataReady)
   at System.Data.SqlClient.SqlDataReader.TryConsumeMetaData()
   at System.Data.SqlClient.SqlDataReader.get_MetaData()
   at System.Data.SqlClient.SqlCommand.FinishExecuteReader(SqlDataReader ds, RunBehavior runBehavior, String resetOptionsString)
   at System.Data.SqlClient.SqlCommand.RunExecuteReaderTds(CommandBehavior cmdBehavior, RunBehavior runBehavior, Boolean returnStream, Boolean async, Int32 timeout, Task& task, Boolean asyncWrite, SqlDataReader ds)
   at System.Data.SqlClient.SqlCommand.RunExecuteReader(CommandBehavior cmdBehavior, RunBehavior runBehavior, Boolean returnStream, TaskCompletionSource`1 completion, Int32 timeout, Task& task, Boolean asyncWrite, String method)
   at System.Data.SqlClient.SqlCommand.ExecuteReader(CommandBehavior behavior)
   at System.Data.SqlClient.SqlCommand.ExecuteDbDataReader(CommandBehavior behavior)
   at System.Data.Common.DbCommand.ExecuteReader()
   at Microsoft.EntityFrameworkCore.Storage.Internal.RelationalCommand.Execute(IRelationalConnection connection, DbCommandMethod executeMethod, IReadOnlyDictionary`2 parameterValues)
   at Microsoft.EntityFrameworkCore.Storage.Internal.RelationalCommand.ExecuteReader(IRelationalConnection connection, IReadOnlyDictionary`2 parameterValues)
   at Microsoft.EntityFrameworkCore.Query.Internal.QueryingEnumerable`1.Enumerator.BufferlessMoveNext(DbContext _, Boolean buffer)
   at Microsoft.EntityFrameworkCore.SqlServer.Storage.Internal.SqlServerExecutionStrategy.Execute[TState,TResult](TState state, Func`3 operation, Func`3 verifySucceeded)
   at Microsoft.EntityFrameworkCore.Query.Internal.QueryingEnumerable`1.Enumerator.MoveNext()
   at Microsoft.EntityFrameworkCore.Query.Internal.LinqOperatorProvider._TrackEntities[TOut,TIn](IEnumerable`1 results, QueryContext queryContext, IList`1 entityTrackingInfos, IList`1 entityAccessors)+MoveNext()
   at Microsoft.EntityFrameworkCore.Query.Internal.LinqOperatorProvider.ExceptionInterceptor`1.EnumeratorExceptionInterceptor.MoveNext()
   at lambda_method(Closure , EntityQueryable`1 , IEnumerable`1 , ResolutionContext )
ClientConnectionId:dcf8cd2e-fa10-4466-8121-ba92144fc759
Error Number:-2,State:0,Class:11
2020-03-24T09:50:12.7243170+04:00 80000015-0006-fc00-b63f-84710c7967bb [ERR] Something went wrong ex: Error mapping types.

Mapping types:
EntityQueryable`1 -> IEnumerable`1
Microsoft.EntityFrameworkCore.Query.Internal.EntityQueryable`1[[KU.Repositories.Models.TotalRecords, KU.Repositories, Version=1.0.0.0, Culture=neutral, PublicKeyToken=null]] -> System.Collections.Generic.IEnumerable`1[[KU.Repositories.Models.TotalRecords, KU.Repositories, Version=1.0.0.0, Culture=neutral, PublicKeyToken=null]] (c14c057f)
2020-03-24T09:50:12.7339174+04:00 80000015-0006-fc00-b63f-84710c7967bb [INF] Executed action method "KU.WebAPI.Controllers.ReportController.GetReportTotal (KU.WebAPI)", returned result "Microsoft.AspNetCore.Mvc.ObjectResult" in 31615.231ms. (50a9e262)
2020-03-24T09:50:12.7445487+04:00 80000015-0006-fc00-b63f-84710c7967bb [INF] Executing ObjectResult, writing value of type '"System.String"'. (8a1b66c8)
2020-03-24T09:50:12.7548646+04:00 80000015-0006-fc00-b63f-84710c7967bb [INF] Executed action "KU.WebAPI.Controllers.ReportController.GetReportTotal (KU.WebAPI)" in 31655.5728ms (afa2e885)
2020-03-24T09:50:12.7629765+04:00 80000015-0006-fc00-b63f-84710c7967bb [INF] Executed endpoint '"KU.WebAPI.Controllers.ReportController.GetReportTotal (KU.WebAPI)"' (99874f2b)
2020-03-24T09:50:12.7715233+04:00 80000015-0006-fc00-b63f-84710c7967bb [INF] Request finished in 31709.7534ms 500 application/json; charset=utf-8 (791a596a)
2020-03-24T14:59:50.8774457+04:00 8000000f-0000-fd00-b63f-84710c7967bb [INF] Request starting HTTP/2.0 GET https://localhost:44317/api/Report/ReportTotal?TemplateID=10   (ca22a1cb)
2020-03-24T14:59:52.5023819+04:00 8000000f-0000-fd00-b63f-84710c7967bb [INF] Executing endpoint '"KU.WebAPI.Controllers.ReportController.GetReportTotal (KU.WebAPI)"' (500cc934)
2020-03-24T15:00:06.8349875+04:00 8000000f-0000-fd00-b63f-84710c7967bb [INF] Route matched with "{action = \"GetReportTotal\", controller = \"Report\"}". Executing controller action with signature "Microsoft.AspNetCore.Mvc.IActionResult GetReportTotal(Int64, System.String, System.String, System.String, System.String, System.String, System.String, System.String, System.String, System.String, System.String, Int32, Int32, Int32, Int32, System.String)" on controller "KU.WebAPI.Controllers.ReportController" ("KU.WebAPI"). (122b2fdf)
2020-03-24T15:00:09.6148225+04:00 8000000f-0000-fd00-b63f-84710c7967bb [INF] Executing action method "KU.WebAPI.Controllers.ReportController.GetReportTotal (KU.WebAPI)" - Validation state: Valid (dad538d7)
2020-03-24T15:00:10.1468756+04:00 8000000f-0000-fd00-b63f-84710c7967bb [INF] Entity Framework Core "2.2.6-servicing-10079" initialized '"ApplicationDbContext"' using provider '"Microsoft.EntityFrameworkCore.SqlServer"' with options: "MigrationsAssembly=KU.WebAPI " (9958f5bb)
2020-03-24T15:00:11.3895493+04:00 8000000f-0000-fd00-b63f-84710c7967bb [INF] Executed DbCommand ("262"ms) [Parameters=["@p0='?' (DbType = Int32), @p1='?' (DbType = Int32), @p2='?' (DbType = Int32), @p3='?' (DbType = Int32), @p4='?' (DbType = Int64), @p5='?' (Size = 4000), @p6='?', @p7='?' (Size = 4000), @p8='?' (Size = 4000), @p9='?' (Size = 4000), @p10='?' (Size = 4000), @p11='?', @p12='?' (Size = 4000), @p13='?' (Size = 4000), @p14='?' (Size = 4000), @p15='?' (Size = 4000)"], CommandType='Text', CommandTimeout='30']"
""SP_GETDATA_Total @p0,@p1,@p2,@p3,@p4,@p5,@p6,@p7,@p8,@p9,@p10,@p11,@p12,@p13,@p14,@p15" (0723d8ff)
2020-03-24T15:00:12.2347662+04:00 8000000f-0000-fd00-b63f-84710c7967bb [INF] Executed action method "KU.WebAPI.Controllers.ReportController.GetReportTotal (KU.WebAPI)", returned result "Microsoft.AspNetCore.Mvc.OkObjectResult" in 2565.9252ms. (50a9e262)
2020-03-24T15:00:12.2956881+04:00 8000000f-0000-fd00-b63f-84710c7967bb [INF] Executing ObjectResult, writing value of type '"System.Collections.Generic.List`1[[KU.Repositories.Models.TotalRecords, KU.Repositories, Version=1.0.0.0, Culture=neutral, PublicKeyToken=null]]"'. (8a1b66c8)
2020-03-24T15:00:12.5176841+04:00 8000000f-0000-fd00-b63f-84710c7967bb [INF] Executed action "KU.WebAPI.Controllers.ReportController.GetReportTotal (KU.WebAPI)" in 5671.3423ms (afa2e885)
2020-03-24T15:00:12.5207348+04:00 8000000f-0000-fd00-b63f-84710c7967bb [INF] Executed endpoint '"KU.WebAPI.Controllers.ReportController.GetReportTotal (KU.WebAPI)"' (99874f2b)
2020-03-24T15:00:12.5234805+04:00 8000000f-0000-fd00-b63f-84710c7967bb [INF] Request finished in 22023.8052ms 200 application/json; charset=utf-8 (791a596a)
2020-03-24T15:00:29.0198527+04:00 8000000e-0007-ff00-b63f-84710c7967bb [INF] Request starting HTTP/2.0 GET https://localhost:44317/api/Report/Reports?TemplateID=10   (ca22a1cb)
2020-03-24T15:00:29.0250637+04:00 8000000e-0007-ff00-b63f-84710c7967bb [INF] Executing endpoint '"KU.WebAPI.Controllers.ReportController.GetReport (KU.WebAPI)"' (500cc934)
2020-03-24T15:00:29.7766475+04:00 8000000e-0007-ff00-b63f-84710c7967bb [INF] Route matched with "{action = \"GetReport\", controller = \"Report\"}". Executing controller action with signature "Microsoft.AspNetCore.Mvc.IActionResult GetReport(Int64, System.String, System.String, System.String, System.String, System.String, System.String, System.String, System.String, System.String, System.String, Int32, Int32, Int32, Int32, System.String)" on controller "KU.WebAPI.Controllers.ReportController" ("KU.WebAPI"). (122b2fdf)
2020-03-24T15:00:29.7868166+04:00 8000000e-0007-ff00-b63f-84710c7967bb [INF] Executing action method "KU.WebAPI.Controllers.ReportController.GetReport (KU.WebAPI)" - Validation state: Valid (dad538d7)
2020-03-24T15:00:29.8689833+04:00 8000000e-0007-ff00-b63f-84710c7967bb [INF] Entity Framework Core "2.2.6-servicing-10079" initialized '"ApplicationDbContext"' using provider '"Microsoft.EntityFrameworkCore.SqlServer"' with options: "MigrationsAssembly=KU.WebAPI " (9958f5bb)
2020-03-24T15:00:30.5524884+04:00 8000000e-0007-ff00-b63f-84710c7967bb [INF] Executed DbCommand ("195"ms) [Parameters=["@p0='?' (DbType = Int32), @p1='?' (DbType = Int32), @p2='?' (DbType = Int32), @p3='?' (DbType = Int32), @p4='?' (DbType = Int64), @p5='?' (Size = 4000), @p6='?', @p7='?' (Size = 4000), @p8='?' (Size = 4000), @p9='?' (Size = 4000), @p10='?' (Size = 4000), @p11='?', @p12='?' (Size = 4000), @p13='?' (Size = 4000), @p14='?' (Size = 4000), @p15='?' (Size = 4000)"], CommandType='Text', CommandTimeout='30']"
""SP_GETDATA @p0,@p1,@p2,@p3,@p4,@p5,@p6,@p7,@p8,@p9,@p10,@p11,@p12,@p13,@p14,@p15" (0723d8ff)
2020-03-24T15:00:30.7614281+04:00 8000000e-0007-ff00-b63f-84710c7967bb [INF] Executed action method "KU.WebAPI.Controllers.ReportController.GetReport (KU.WebAPI)", returned result "Microsoft.AspNetCore.Mvc.OkObjectResult" in 957.6462ms. (50a9e262)
2020-03-24T15:00:30.7783433+04:00 8000000e-0007-ff00-b63f-84710c7967bb [INF] Executing ObjectResult, writing value of type '"KU.Repositories.Models.QuestionnaireWrap9"'. (8a1b66c8)
2020-03-24T15:00:31.2103286+04:00 8000000e-0007-ff00-b63f-84710c7967bb [INF] Executed action "KU.WebAPI.Controllers.ReportController.GetReport (KU.WebAPI)" in 1429.4239ms (afa2e885)
2020-03-24T15:00:31.2145701+04:00 8000000e-0007-ff00-b63f-84710c7967bb [INF] Executed endpoint '"KU.WebAPI.Controllers.ReportController.GetReport (KU.WebAPI)"' (99874f2b)
2020-03-24T15:00:31.2196943+04:00 8000000e-0007-ff00-b63f-84710c7967bb [INF] Request finished in 2199.1943ms 200 application/json; charset=utf-8 (791a596a)
