2020-07-09T17:17:44.3470501+04:00 800000aa-0001-ff00-b63f-84710c7967bb [INF] Request starting HTTP/2.0 GET https://localhost:44317/   (ca22a1cb)
2020-07-09T17:17:48.6897370+04:00 800000aa-0001-ff00-b63f-84710c7967bb [INF] Request finished in 4390.9664ms 301  (791a596a)
2020-07-09T17:17:49.4335152+04:00 800000a4-0003-fb00-b63f-84710c7967bb [INF] Request starting HTTP/2.0 GET https://localhost:44317/index.html   (ca22a1cb)
2020-07-09T17:17:50.5856501+04:00 800000a4-0003-fb00-b63f-84710c7967bb [INF] Request finished in 1051.0717ms 200 text/html (791a596a)
2020-07-09T17:17:54.5696490+04:00 8000002d-0003-fc00-b63f-84710c7967bb [INF] Request starting HTTP/2.0 GET https://localhost:44317/swagger-ui-bundle.js   (ca22a1cb)
2020-07-09T17:17:54.6171039+04:00 800000a6-0003-fb00-b63f-84710c7967bb [INF] Request starting HTTP/2.0 GET https://localhost:44317/swagger-ui.css   (ca22a1cb)
2020-07-09T17:17:54.6401553+04:00 80000002-0003-fa00-b63f-84710c7967bb [INF] Request starting HTTP/2.0 GET https://localhost:44317/swagger-ui-standalone-preset.js   (ca22a1cb)
2020-07-09T17:17:55.1393635+04:00 800000a6-0003-fb00-b63f-84710c7967bb [INF] Sending file. Request path: '"/swagger-ui.css"'. Physical path: '"N/A"' (27b0a520)
2020-07-09T17:17:55.1405389+04:00 80000002-0003-fa00-b63f-84710c7967bb [INF] Sending file. Request path: '"/swagger-ui-standalone-preset.js"'. Physical path: '"N/A"' (27b0a520)
2020-07-09T17:17:55.3736977+04:00 800000a6-0003-fb00-b63f-84710c7967bb [INF] Request finished in 619.6238ms 200 text/css (791a596a)
2020-07-09T17:17:55.3827919+04:00 80000002-0003-fa00-b63f-84710c7967bb [INF] Request finished in 621.3419ms 200 application/javascript (791a596a)
2020-07-09T17:17:55.4300451+04:00 8000002d-0003-fc00-b63f-84710c7967bb [INF] Sending file. Request path: '"/swagger-ui-bundle.js"'. Physical path: '"N/A"' (27b0a520)
2020-07-09T17:17:55.4398192+04:00 8000002d-0003-fc00-b63f-84710c7967bb [INF] Request finished in 923.4024ms 200 application/javascript (791a596a)
2020-07-09T17:17:58.6424807+04:00 80000010-0006-fe00-b63f-84710c7967bb [INF] Request starting HTTP/1.1 GET https://localhost:44317/swagger-ui-bundle.js.map   (ca22a1cb)
2020-07-09T17:18:00.1223662+04:00 80000010-0006-fe00-b63f-84710c7967bb [INF] Sending file. Request path: '"/swagger-ui-bundle.js.map"'. Physical path: '"N/A"' (27b0a520)
2020-07-09T17:18:00.1503830+04:00 80000010-0006-fe00-b63f-84710c7967bb [INF] Request finished in 1490.3139ms 200 text/plain (791a596a)
2020-07-09T17:18:07.4128423+04:00 80000071-0005-f800-b63f-84710c7967bb [INF] Request starting HTTP/1.1 GET https://localhost:44317/swagger-ui-standalone-preset.js.map   (ca22a1cb)
2020-07-09T17:18:08.0941862+04:00 80000071-0005-f800-b63f-84710c7967bb [INF] Sending file. Request path: '"/swagger-ui-standalone-preset.js.map"'. Physical path: '"N/A"' (27b0a520)
2020-07-09T17:18:08.1577300+04:00 80000071-0005-f800-b63f-84710c7967bb [INF] Request finished in 691.1659ms 200 text/plain (791a596a)
2020-07-09T17:18:10.4862887+04:00 8000002f-0003-fc00-b63f-84710c7967bb [INF] Request starting HTTP/2.0 GET https://localhost:44317/swagger/v1/swagger.json   (ca22a1cb)
2020-07-09T17:18:12.8536084+04:00 8000002f-0003-fc00-b63f-84710c7967bb [INF] Request finished in 2355.6685ms 200 application/json;charset=utf-8 (791a596a)
2020-07-09T17:18:27.3866525+04:00 800000ac-0001-ff00-b63f-84710c7967bb [INF] Request starting HTTP/2.0 GET https://localhost:44317/api/Form/Questionnaire?TemplateID=11   (ca22a1cb)
2020-07-09T17:18:28.1961517+04:00 800000ac-0001-ff00-b63f-84710c7967bb [INF] Executing endpoint '"KU.WebAPI.Controllers.FormController.GetSampleIDAll (KU.WebAPI)"' (500cc934)
2020-07-09T17:18:28.8301377+04:00 800000ac-0001-ff00-b63f-84710c7967bb [INF] Route matched with "{action = \"GetSampleIDAll\", controller = \"Form\"}". Executing controller action with signature "Microsoft.AspNetCore.Mvc.IActionResult GetSampleIDAll(Int32, Int32)" on controller "KU.WebAPI.Controllers.FormController" ("KU.WebAPI"). (122b2fdf)
2020-07-09T17:18:29.3281552+04:00 800000ac-0001-ff00-b63f-84710c7967bb [INF] Executing action method "KU.WebAPI.Controllers.FormController.GetSampleIDAll (KU.WebAPI)" - Validation state: Valid (dad538d7)
2020-07-09T17:19:12.3493437+04:00 800000ac-0001-ff00-b63f-84710c7967bb [INF] Entity Framework Core "2.2.6-servicing-10079" initialized '"ApplicationDbContext"' using provider '"Microsoft.EntityFrameworkCore.SqlServer"' with options: "MigrationsAssembly=KU.WebAPI " (9958f5bb)
2020-07-09T17:19:57.3931882+04:00 800000ac-0001-ff00-b63f-84710c7967bb [ERR] Failed executing DbCommand ("37,975"ms) [Parameters=["@p0='?' (DbType = Int32), @p1='?' (DbType = Int32)"], CommandType='Text', CommandTimeout='30']"
""sp_getrecords @p0,@p1" (627a98df)
System.Data.SqlClient.SqlException (0x80131904): Timeout expired.  The timeout period elapsed prior to completion of the operation or the server is not responding. ---> System.ComponentModel.Win32Exception (258): The wait operation timed out
   at System.Data.SqlClient.SqlConnection.OnError(SqlException exception, Boolean breakConnection, Action`1 wrapCloseInAction)
   at System.Data.SqlClient.SqlInternalConnection.OnError(SqlException exception, Boolean breakConnection, Action`1 wrapCloseInAction)
   at System.Data.SqlClient.TdsParser.ThrowExceptionAndWarning(TdsParserStateObject stateObj, Boolean callerHasConnectionLock, Boolean asyncClose)
   at System.Data.SqlClient.TdsParser.TryRun(RunBehavior runBehavior, SqlCommand cmdHandler, SqlDataReader dataStream, BulkCopySimpleResultSet bulkCopyHandler, TdsParserStateObject stateObj, Boolean& dataReady)
   at System.Data.SqlClient.SqlDataReader.TryConsumeMetaData()
   at System.Data.SqlClient.SqlDataReader.get_MetaData()
   at System.Data.SqlClient.SqlCommand.FinishExecuteReader(SqlDataReader ds, RunBehavior runBehavior, String resetOptionsString)
   at System.Data.SqlClient.SqlCommand.RunExecuteReaderTds(CommandBehavior cmdBehavior, RunBehavior runBehavior, Boolean returnStream, Boolean async, Int32 timeout, Task& task, Boolean asyncWrite, SqlDataReader ds)
   at System.Data.SqlClient.SqlCommand.RunExecuteReader(CommandBehavior cmdBehavior, RunBehavior runBehavior, Boolean returnStream, TaskCompletionSource`1 completion, Int32 timeout, Task& task, Boolean asyncWrite, String method)
   at System.Data.SqlClient.SqlCommand.ExecuteReader(CommandBehavior behavior)
   at System.Data.SqlClient.SqlCommand.ExecuteDbDataReader(CommandBehavior behavior)
   at System.Data.Common.DbCommand.ExecuteReader()
   at Microsoft.EntityFrameworkCore.Storage.Internal.RelationalCommand.Execute(IRelationalConnection connection, DbCommandMethod executeMethod, IReadOnlyDictionary`2 parameterValues)
   at Microsoft.EntityFrameworkCore.Storage.Internal.RelationalCommand.ExecuteReader(IRelationalConnection connection, IReadOnlyDictionary`2 parameterValues)
   at Microsoft.EntityFrameworkCore.Query.Internal.QueryingEnumerable`1.Enumerator.BufferlessMoveNext(DbContext _, Boolean buffer)
ClientConnectionId:37c3c11a-1808-4135-a5cf-28bbd6f32d8e
Error Number:-2,State:0,Class:11
2020-07-09T17:19:57.5514204+04:00 800000ac-0001-ff00-b63f-84710c7967bb [ERR] An exception occurred while iterating over the results of a query for context type '"KU.Repositories.ApplicationDbContext"'."
""System.Data.SqlClient.SqlException (0x80131904): Timeout expired.  The timeout period elapsed prior to completion of the operation or the server is not responding. ---> System.ComponentModel.Win32Exception (258): The wait operation timed out
   at System.Data.SqlClient.SqlConnection.OnError(SqlException exception, Boolean breakConnection, Action`1 wrapCloseInAction)
   at System.Data.SqlClient.SqlInternalConnection.OnError(SqlException exception, Boolean breakConnection, Action`1 wrapCloseInAction)
   at System.Data.SqlClient.TdsParser.ThrowExceptionAndWarning(TdsParserStateObject stateObj, Boolean callerHasConnectionLock, Boolean asyncClose)
   at System.Data.SqlClient.TdsParser.TryRun(RunBehavior runBehavior, SqlCommand cmdHandler, SqlDataReader dataStream, BulkCopySimpleResultSet bulkCopyHandler, TdsParserStateObject stateObj, Boolean& dataReady)
   at System.Data.SqlClient.SqlDataReader.TryConsumeMetaData()
   at System.Data.SqlClient.SqlDataReader.get_MetaData()
   at System.Data.SqlClient.SqlCommand.FinishExecuteReader(SqlDataReader ds, RunBehavior runBehavior, String resetOptionsString)
   at System.Data.SqlClient.SqlCommand.RunExecuteReaderTds(CommandBehavior cmdBehavior, RunBehavior runBehavior, Boolean returnStream, Boolean async, Int32 timeout, Task& task, Boolean asyncWrite, SqlDataReader ds)
   at System.Data.SqlClient.SqlCommand.RunExecuteReader(CommandBehavior cmdBehavior, RunBehavior runBehavior, Boolean returnStream, TaskCompletionSource`1 completion, Int32 timeout, Task& task, Boolean asyncWrite, String method)
   at System.Data.SqlClient.SqlCommand.ExecuteReader(CommandBehavior behavior)
   at System.Data.SqlClient.SqlCommand.ExecuteDbDataReader(CommandBehavior behavior)
   at System.Data.Common.DbCommand.ExecuteReader()
   at Microsoft.EntityFrameworkCore.Storage.Internal.RelationalCommand.Execute(IRelationalConnection connection, DbCommandMethod executeMethod, IReadOnlyDictionary`2 parameterValues)
   at Microsoft.EntityFrameworkCore.Storage.Internal.RelationalCommand.ExecuteReader(IRelationalConnection connection, IReadOnlyDictionary`2 parameterValues)
   at Microsoft.EntityFrameworkCore.Query.Internal.QueryingEnumerable`1.Enumerator.BufferlessMoveNext(DbContext _, Boolean buffer)
   at Microsoft.EntityFrameworkCore.SqlServer.Storage.Internal.SqlServerExecutionStrategy.Execute[TState,TResult](TState state, Func`3 operation, Func`3 verifySucceeded)
   at Microsoft.EntityFrameworkCore.Query.Internal.QueryingEnumerable`1.Enumerator.MoveNext()
   at Microsoft.EntityFrameworkCore.Query.Internal.LinqOperatorProvider._TrackEntities[TOut,TIn](IEnumerable`1 results, QueryContext queryContext, IList`1 entityTrackingInfos, IList`1 entityAccessors)+MoveNext()
   at Microsoft.EntityFrameworkCore.Query.Internal.LinqOperatorProvider.ExceptionInterceptor`1.EnumeratorExceptionInterceptor.MoveNext()
ClientConnectionId:37c3c11a-1808-4135-a5cf-28bbd6f32d8e
Error Number:-2,State:0,Class:11" (f5c7ac34)
System.Data.SqlClient.SqlException (0x80131904): Timeout expired.  The timeout period elapsed prior to completion of the operation or the server is not responding. ---> System.ComponentModel.Win32Exception (258): The wait operation timed out
   at System.Data.SqlClient.SqlConnection.OnError(SqlException exception, Boolean breakConnection, Action`1 wrapCloseInAction)
   at System.Data.SqlClient.SqlInternalConnection.OnError(SqlException exception, Boolean breakConnection, Action`1 wrapCloseInAction)
   at System.Data.SqlClient.TdsParser.ThrowExceptionAndWarning(TdsParserStateObject stateObj, Boolean callerHasConnectionLock, Boolean asyncClose)
   at System.Data.SqlClient.TdsParser.TryRun(RunBehavior runBehavior, SqlCommand cmdHandler, SqlDataReader dataStream, BulkCopySimpleResultSet bulkCopyHandler, TdsParserStateObject stateObj, Boolean& dataReady)
   at System.Data.SqlClient.SqlDataReader.TryConsumeMetaData()
   at System.Data.SqlClient.SqlDataReader.get_MetaData()
   at System.Data.SqlClient.SqlCommand.FinishExecuteReader(SqlDataReader ds, RunBehavior runBehavior, String resetOptionsString)
   at System.Data.SqlClient.SqlCommand.RunExecuteReaderTds(CommandBehavior cmdBehavior, RunBehavior runBehavior, Boolean returnStream, Boolean async, Int32 timeout, Task& task, Boolean asyncWrite, SqlDataReader ds)
   at System.Data.SqlClient.SqlCommand.RunExecuteReader(CommandBehavior cmdBehavior, RunBehavior runBehavior, Boolean returnStream, TaskCompletionSource`1 completion, Int32 timeout, Task& task, Boolean asyncWrite, String method)
   at System.Data.SqlClient.SqlCommand.ExecuteReader(CommandBehavior behavior)
   at System.Data.SqlClient.SqlCommand.ExecuteDbDataReader(CommandBehavior behavior)
   at System.Data.Common.DbCommand.ExecuteReader()
   at Microsoft.EntityFrameworkCore.Storage.Internal.RelationalCommand.Execute(IRelationalConnection connection, DbCommandMethod executeMethod, IReadOnlyDictionary`2 parameterValues)
   at Microsoft.EntityFrameworkCore.Storage.Internal.RelationalCommand.ExecuteReader(IRelationalConnection connection, IReadOnlyDictionary`2 parameterValues)
   at Microsoft.EntityFrameworkCore.Query.Internal.QueryingEnumerable`1.Enumerator.BufferlessMoveNext(DbContext _, Boolean buffer)
   at Microsoft.EntityFrameworkCore.SqlServer.Storage.Internal.SqlServerExecutionStrategy.Execute[TState,TResult](TState state, Func`3 operation, Func`3 verifySucceeded)
   at Microsoft.EntityFrameworkCore.Query.Internal.QueryingEnumerable`1.Enumerator.MoveNext()
   at Microsoft.EntityFrameworkCore.Query.Internal.LinqOperatorProvider._TrackEntities[TOut,TIn](IEnumerable`1 results, QueryContext queryContext, IList`1 entityTrackingInfos, IList`1 entityAccessors)+MoveNext()
   at Microsoft.EntityFrameworkCore.Query.Internal.LinqOperatorProvider.ExceptionInterceptor`1.EnumeratorExceptionInterceptor.MoveNext()
   at System.Collections.Generic.List`1.AddEnumerable(IEnumerable`1 enumerable)
ClientConnectionId:37c3c11a-1808-4135-a5cf-28bbd6f32d8e
Error Number:-2,State:0,Class:11
2020-07-09T17:19:58.8087569+04:00 800000ac-0001-ff00-b63f-84710c7967bb [ERR] Something went wrong: System.Data.SqlClient.SqlException (0x80131904): Timeout expired.  The timeout period elapsed prior to completion of the operation or the server is not responding. ---> System.ComponentModel.Win32Exception (258): The wait operation timed out
   at System.Data.SqlClient.SqlConnection.OnError(SqlException exception, Boolean breakConnection, Action`1 wrapCloseInAction)
   at System.Data.SqlClient.SqlInternalConnection.OnError(SqlException exception, Boolean breakConnection, Action`1 wrapCloseInAction)
   at System.Data.SqlClient.TdsParser.ThrowExceptionAndWarning(TdsParserStateObject stateObj, Boolean callerHasConnectionLock, Boolean asyncClose)
   at System.Data.SqlClient.TdsParser.TryRun(RunBehavior runBehavior, SqlCommand cmdHandler, SqlDataReader dataStream, BulkCopySimpleResultSet bulkCopyHandler, TdsParserStateObject stateObj, Boolean& dataReady)
   at System.Data.SqlClient.SqlDataReader.TryConsumeMetaData()
   at System.Data.SqlClient.SqlDataReader.get_MetaData()
   at System.Data.SqlClient.SqlCommand.FinishExecuteReader(SqlDataReader ds, RunBehavior runBehavior, String resetOptionsString)
   at System.Data.SqlClient.SqlCommand.RunExecuteReaderTds(CommandBehavior cmdBehavior, RunBehavior runBehavior, Boolean returnStream, Boolean async, Int32 timeout, Task& task, Boolean asyncWrite, SqlDataReader ds)
   at System.Data.SqlClient.SqlCommand.RunExecuteReader(CommandBehavior cmdBehavior, RunBehavior runBehavior, Boolean returnStream, TaskCompletionSource`1 completion, Int32 timeout, Task& task, Boolean asyncWrite, String method)
   at System.Data.SqlClient.SqlCommand.ExecuteReader(CommandBehavior behavior)
   at System.Data.SqlClient.SqlCommand.ExecuteDbDataReader(CommandBehavior behavior)
   at System.Data.Common.DbCommand.ExecuteReader()
   at Microsoft.EntityFrameworkCore.Storage.Internal.RelationalCommand.Execute(IRelationalConnection connection, DbCommandMethod executeMethod, IReadOnlyDictionary`2 parameterValues)
   at Microsoft.EntityFrameworkCore.Storage.Internal.RelationalCommand.ExecuteReader(IRelationalConnection connection, IReadOnlyDictionary`2 parameterValues)
   at Microsoft.EntityFrameworkCore.Query.Internal.QueryingEnumerable`1.Enumerator.BufferlessMoveNext(DbContext _, Boolean buffer)
   at Microsoft.EntityFrameworkCore.SqlServer.Storage.Internal.SqlServerExecutionStrategy.Execute[TState,TResult](TState state, Func`3 operation, Func`3 verifySucceeded)
   at Microsoft.EntityFrameworkCore.Query.Internal.QueryingEnumerable`1.Enumerator.MoveNext()
   at Microsoft.EntityFrameworkCore.Query.Internal.LinqOperatorProvider._TrackEntities[TOut,TIn](IEnumerable`1 results, QueryContext queryContext, IList`1 entityTrackingInfos, IList`1 entityAccessors)+MoveNext()
   at Microsoft.EntityFrameworkCore.Query.Internal.LinqOperatorProvider.ExceptionInterceptor`1.EnumeratorExceptionInterceptor.MoveNext()
   at System.Collections.Generic.List`1.AddEnumerable(IEnumerable`1 enumerable)
   at System.Linq.Enumerable.ToList[TSource](IEnumerable`1 source)
   at KU.Repositories.Implementations.QuestionnaireRepository.GetSampleID10(Int32 SavedFormID) in C:\TCIT\Khalifa University\Khalifa\KU.Repositories\Implementations\QuestionnaireRepository.cs:line 173
   at KU.Services.Implementations.FormService.GetSampleID10(Int32 SampleID) in C:\TCIT\Khalifa University\Khalifa\KU.Services\Implementations\FormService.cs:line 285
   at KU.WebAPI.Controllers.FormController.GetSampleIDAll(Int32 SavedformID, Int32 TemplateID) in C:\TCIT\Khalifa University\Khalifa\KU.WebAPI\Controllers\FormController.cs:line 141
ClientConnectionId:37c3c11a-1808-4135-a5cf-28bbd6f32d8e
Error Number:-2,State:0,Class:11 (3c2d4510)
2020-07-09T17:19:58.8668425+04:00 800000ac-0001-ff00-b63f-84710c7967bb [INF] Executed action method "KU.WebAPI.Controllers.FormController.GetSampleIDAll (KU.WebAPI)", returned result "Microsoft.AspNetCore.Mvc.ObjectResult" in 89481.7577ms. (50a9e262)
2020-07-09T17:19:59.0900409+04:00 800000ac-0001-ff00-b63f-84710c7967bb [INF] Executing ObjectResult, writing value of type '"System.ComponentModel.Win32Exception"'. (8a1b66c8)
2020-07-09T17:19:59.2648360+04:00 800000ac-0001-ff00-b63f-84710c7967bb [INF] Executed action "KU.WebAPI.Controllers.FormController.GetSampleIDAll (KU.WebAPI)" in 90424.0518ms (afa2e885)
2020-07-09T17:19:59.2704193+04:00 800000ac-0001-ff00-b63f-84710c7967bb [INF] Executed endpoint '"KU.WebAPI.Controllers.FormController.GetSampleIDAll (KU.WebAPI)"' (99874f2b)
2020-07-09T17:19:59.3137067+04:00 800000ac-0001-ff00-b63f-84710c7967bb [INF] Request finished in 91929.1707ms 500 application/json; charset=utf-8 (791a596a)
2020-07-09T17:20:18.1417216+04:00 80000012-0006-fe00-b63f-84710c7967bb [INF] Request starting HTTP/2.0 GET https://localhost:44317/api/Form/listforms?templateID=11   (ca22a1cb)
2020-07-09T17:20:18.1905627+04:00 80000012-0006-fe00-b63f-84710c7967bb [INF] Executing endpoint '"KU.WebAPI.Controllers.FormController.Get (KU.WebAPI)"' (500cc934)
2020-07-09T17:20:18.2262369+04:00 80000012-0006-fe00-b63f-84710c7967bb [INF] Route matched with "{action = \"Get\", controller = \"Form\"}". Executing controller action with signature "Microsoft.AspNetCore.Mvc.IActionResult Get(Int32, Int32, Int32, Int32, Int32, Int32, System.String)" on controller "KU.WebAPI.Controllers.FormController" ("KU.WebAPI"). (122b2fdf)
2020-07-09T17:20:18.2594545+04:00 80000012-0006-fe00-b63f-84710c7967bb [INF] Executing action method "KU.WebAPI.Controllers.FormController.Get (KU.WebAPI)" - Validation state: Valid (dad538d7)
2020-07-09T17:20:22.7421927+04:00 80000012-0006-fe00-b63f-84710c7967bb [INF] Entity Framework Core "2.2.6-servicing-10079" initialized '"ApplicationDbContext"' using provider '"Microsoft.EntityFrameworkCore.SqlServer"' with options: "MigrationsAssembly=KU.WebAPI " (9958f5bb)
2020-07-09T17:20:23.9661824+04:00 80000012-0006-fe00-b63f-84710c7967bb [INF] Executed DbCommand ("1,057"ms) [Parameters=["@p0='?' (DbType = Int32), @p1='?' (DbType = Int32), @p2='?' (DbType = Int32), @p3='?' (DbType = Int32), @p4='?' (DbType = Int32), @p5='?' (DbType = Int32), @p6='?' (Size = 4000)"], CommandType='Text', CommandTimeout='30']"
""exec sp_listform @p0,@p1,@p2,@p3,@p4,@p5,@p6" (0723d8ff)
2020-07-09T17:20:24.5844234+04:00 80000012-0006-fe00-b63f-84710c7967bb [INF] Executed action method "KU.WebAPI.Controllers.FormController.Get (KU.WebAPI)", returned result "Microsoft.AspNetCore.Mvc.OkObjectResult" in 6315.9092ms. (50a9e262)
2020-07-09T17:20:24.5929018+04:00 80000012-0006-fe00-b63f-84710c7967bb [INF] Executing ObjectResult, writing value of type '"System.Collections.Generic.List`1[[KU.Services.Interfaces.SavedFormViewModel, KU.Services, Version=1.0.0.0, Culture=neutral, PublicKeyToken=null]]"'. (8a1b66c8)
2020-07-09T17:20:24.6347546+04:00 80000012-0006-fe00-b63f-84710c7967bb [INF] Executed action "KU.WebAPI.Controllers.FormController.Get (KU.WebAPI)" in 6394.4738ms (afa2e885)
2020-07-09T17:20:24.6430437+04:00 80000012-0006-fe00-b63f-84710c7967bb [INF] Executed endpoint '"KU.WebAPI.Controllers.FormController.Get (KU.WebAPI)"' (99874f2b)
2020-07-09T17:20:24.6522132+04:00 80000012-0006-fe00-b63f-84710c7967bb [INF] Request finished in 6507.5279ms 200 application/json; charset=utf-8 (791a596a)
2020-07-09T17:20:35.1052200+04:00 800000d7-0000-ff00-b63f-84710c7967bb [INF] Request starting HTTP/2.0 GET https://localhost:44317/api/Form/Questionnaire?SavedformID=4676&TemplateID=11   (ca22a1cb)
2020-07-09T17:20:35.1228189+04:00 800000d7-0000-ff00-b63f-84710c7967bb [INF] Executing endpoint '"KU.WebAPI.Controllers.FormController.GetSampleIDAll (KU.WebAPI)"' (500cc934)
2020-07-09T17:20:35.1353048+04:00 800000d7-0000-ff00-b63f-84710c7967bb [INF] Route matched with "{action = \"GetSampleIDAll\", controller = \"Form\"}". Executing controller action with signature "Microsoft.AspNetCore.Mvc.IActionResult GetSampleIDAll(Int32, Int32)" on controller "KU.WebAPI.Controllers.FormController" ("KU.WebAPI"). (122b2fdf)
2020-07-09T17:20:35.1511995+04:00 800000d7-0000-ff00-b63f-84710c7967bb [INF] Executing action method "KU.WebAPI.Controllers.FormController.GetSampleIDAll (KU.WebAPI)" - Validation state: Valid (dad538d7)
2020-07-09T17:20:39.5998052+04:00 800000d7-0000-ff00-b63f-84710c7967bb [INF] Entity Framework Core "2.2.6-servicing-10079" initialized '"ApplicationDbContext"' using provider '"Microsoft.EntityFrameworkCore.SqlServer"' with options: "MigrationsAssembly=KU.WebAPI " (9958f5bb)
2020-07-09T17:21:09.8700404+04:00 800000d7-0000-ff00-b63f-84710c7967bb [ERR] Failed executing DbCommand ("30,112"ms) [Parameters=["@p0='?' (DbType = Int32), @p1='?' (DbType = Int32), @p2='?' (DbType = Int32)"], CommandType='Text', CommandTimeout='30']"
""sp_getrecords @p0,@p1,@p2" (627a98df)
System.Data.SqlClient.SqlException (0x80131904): Timeout expired.  The timeout period elapsed prior to completion of the operation or the server is not responding. ---> System.ComponentModel.Win32Exception (258): The wait operation timed out
   at System.Data.SqlClient.SqlConnection.OnError(SqlException exception, Boolean breakConnection, Action`1 wrapCloseInAction)
   at System.Data.SqlClient.SqlInternalConnection.OnError(SqlException exception, Boolean breakConnection, Action`1 wrapCloseInAction)
   at System.Data.SqlClient.TdsParser.ThrowExceptionAndWarning(TdsParserStateObject stateObj, Boolean callerHasConnectionLock, Boolean asyncClose)
   at System.Data.SqlClient.TdsParser.TryRun(RunBehavior runBehavior, SqlCommand cmdHandler, SqlDataReader dataStream, BulkCopySimpleResultSet bulkCopyHandler, TdsParserStateObject stateObj, Boolean& dataReady)
   at System.Data.SqlClient.SqlDataReader.TryConsumeMetaData()
   at System.Data.SqlClient.SqlDataReader.get_MetaData()
   at System.Data.SqlClient.SqlCommand.FinishExecuteReader(SqlDataReader ds, RunBehavior runBehavior, String resetOptionsString)
   at System.Data.SqlClient.SqlCommand.RunExecuteReaderTds(CommandBehavior cmdBehavior, RunBehavior runBehavior, Boolean returnStream, Boolean async, Int32 timeout, Task& task, Boolean asyncWrite, SqlDataReader ds)
   at System.Data.SqlClient.SqlCommand.RunExecuteReader(CommandBehavior cmdBehavior, RunBehavior runBehavior, Boolean returnStream, TaskCompletionSource`1 completion, Int32 timeout, Task& task, Boolean asyncWrite, String method)
   at System.Data.SqlClient.SqlCommand.ExecuteReader(CommandBehavior behavior)
   at System.Data.SqlClient.SqlCommand.ExecuteDbDataReader(CommandBehavior behavior)
   at System.Data.Common.DbCommand.ExecuteReader()
   at Microsoft.EntityFrameworkCore.Storage.Internal.RelationalCommand.Execute(IRelationalConnection connection, DbCommandMethod executeMethod, IReadOnlyDictionary`2 parameterValues)
   at Microsoft.EntityFrameworkCore.Storage.Internal.RelationalCommand.ExecuteReader(IRelationalConnection connection, IReadOnlyDictionary`2 parameterValues)
   at Microsoft.EntityFrameworkCore.Query.Internal.QueryingEnumerable`1.Enumerator.BufferlessMoveNext(DbContext _, Boolean buffer)
ClientConnectionId:37c3c11a-1808-4135-a5cf-28bbd6f32d8e
Error Number:-2,State:0,Class:11
2020-07-09T17:21:09.9510118+04:00 800000d7-0000-ff00-b63f-84710c7967bb [ERR] An exception occurred while iterating over the results of a query for context type '"KU.Repositories.ApplicationDbContext"'."
""System.Data.SqlClient.SqlException (0x80131904): Timeout expired.  The timeout period elapsed prior to completion of the operation or the server is not responding. ---> System.ComponentModel.Win32Exception (258): The wait operation timed out
   at System.Data.SqlClient.SqlConnection.OnError(SqlException exception, Boolean breakConnection, Action`1 wrapCloseInAction)
   at System.Data.SqlClient.SqlInternalConnection.OnError(SqlException exception, Boolean breakConnection, Action`1 wrapCloseInAction)
   at System.Data.SqlClient.TdsParser.ThrowExceptionAndWarning(TdsParserStateObject stateObj, Boolean callerHasConnectionLock, Boolean asyncClose)
   at System.Data.SqlClient.TdsParser.TryRun(RunBehavior runBehavior, SqlCommand cmdHandler, SqlDataReader dataStream, BulkCopySimpleResultSet bulkCopyHandler, TdsParserStateObject stateObj, Boolean& dataReady)
   at System.Data.SqlClient.SqlDataReader.TryConsumeMetaData()
   at System.Data.SqlClient.SqlDataReader.get_MetaData()
   at System.Data.SqlClient.SqlCommand.FinishExecuteReader(SqlDataReader ds, RunBehavior runBehavior, String resetOptionsString)
   at System.Data.SqlClient.SqlCommand.RunExecuteReaderTds(CommandBehavior cmdBehavior, RunBehavior runBehavior, Boolean returnStream, Boolean async, Int32 timeout, Task& task, Boolean asyncWrite, SqlDataReader ds)
   at System.Data.SqlClient.SqlCommand.RunExecuteReader(CommandBehavior cmdBehavior, RunBehavior runBehavior, Boolean returnStream, TaskCompletionSource`1 completion, Int32 timeout, Task& task, Boolean asyncWrite, String method)
   at System.Data.SqlClient.SqlCommand.ExecuteReader(CommandBehavior behavior)
   at System.Data.SqlClient.SqlCommand.ExecuteDbDataReader(CommandBehavior behavior)
   at System.Data.Common.DbCommand.ExecuteReader()
   at Microsoft.EntityFrameworkCore.Storage.Internal.RelationalCommand.Execute(IRelationalConnection connection, DbCommandMethod executeMethod, IReadOnlyDictionary`2 parameterValues)
   at Microsoft.EntityFrameworkCore.Storage.Internal.RelationalCommand.ExecuteReader(IRelationalConnection connection, IReadOnlyDictionary`2 parameterValues)
   at Microsoft.EntityFrameworkCore.Query.Internal.QueryingEnumerable`1.Enumerator.BufferlessMoveNext(DbContext _, Boolean buffer)
   at Microsoft.EntityFrameworkCore.SqlServer.Storage.Internal.SqlServerExecutionStrategy.Execute[TState,TResult](TState state, Func`3 operation, Func`3 verifySucceeded)
   at Microsoft.EntityFrameworkCore.Query.Internal.QueryingEnumerable`1.Enumerator.MoveNext()
   at Microsoft.EntityFrameworkCore.Query.Internal.LinqOperatorProvider._TrackEntities[TOut,TIn](IEnumerable`1 results, QueryContext queryContext, IList`1 entityTrackingInfos, IList`1 entityAccessors)+MoveNext()
   at Microsoft.EntityFrameworkCore.Query.Internal.LinqOperatorProvider.ExceptionInterceptor`1.EnumeratorExceptionInterceptor.MoveNext()
ClientConnectionId:37c3c11a-1808-4135-a5cf-28bbd6f32d8e
Error Number:-2,State:0,Class:11" (f5c7ac34)
System.Data.SqlClient.SqlException (0x80131904): Timeout expired.  The timeout period elapsed prior to completion of the operation or the server is not responding. ---> System.ComponentModel.Win32Exception (258): The wait operation timed out
   at System.Data.SqlClient.SqlConnection.OnError(SqlException exception, Boolean breakConnection, Action`1 wrapCloseInAction)
   at System.Data.SqlClient.SqlInternalConnection.OnError(SqlException exception, Boolean breakConnection, Action`1 wrapCloseInAction)
   at System.Data.SqlClient.TdsParser.ThrowExceptionAndWarning(TdsParserStateObject stateObj, Boolean callerHasConnectionLock, Boolean asyncClose)
   at System.Data.SqlClient.TdsParser.TryRun(RunBehavior runBehavior, SqlCommand cmdHandler, SqlDataReader dataStream, BulkCopySimpleResultSet bulkCopyHandler, TdsParserStateObject stateObj, Boolean& dataReady)
   at System.Data.SqlClient.SqlDataReader.TryConsumeMetaData()
   at System.Data.SqlClient.SqlDataReader.get_MetaData()
   at System.Data.SqlClient.SqlCommand.FinishExecuteReader(SqlDataReader ds, RunBehavior runBehavior, String resetOptionsString)
   at System.Data.SqlClient.SqlCommand.RunExecuteReaderTds(CommandBehavior cmdBehavior, RunBehavior runBehavior, Boolean returnStream, Boolean async, Int32 timeout, Task& task, Boolean asyncWrite, SqlDataReader ds)
   at System.Data.SqlClient.SqlCommand.RunExecuteReader(CommandBehavior cmdBehavior, RunBehavior runBehavior, Boolean returnStream, TaskCompletionSource`1 completion, Int32 timeout, Task& task, Boolean asyncWrite, String method)
   at System.Data.SqlClient.SqlCommand.ExecuteReader(CommandBehavior behavior)
   at System.Data.SqlClient.SqlCommand.ExecuteDbDataReader(CommandBehavior behavior)
   at System.Data.Common.DbCommand.ExecuteReader()
   at Microsoft.EntityFrameworkCore.Storage.Internal.RelationalCommand.Execute(IRelationalConnection connection, DbCommandMethod executeMethod, IReadOnlyDictionary`2 parameterValues)
   at Microsoft.EntityFrameworkCore.Storage.Internal.RelationalCommand.ExecuteReader(IRelationalConnection connection, IReadOnlyDictionary`2 parameterValues)
   at Microsoft.EntityFrameworkCore.Query.Internal.QueryingEnumerable`1.Enumerator.BufferlessMoveNext(DbContext _, Boolean buffer)
   at Microsoft.EntityFrameworkCore.SqlServer.Storage.Internal.SqlServerExecutionStrategy.Execute[TState,TResult](TState state, Func`3 operation, Func`3 verifySucceeded)
   at Microsoft.EntityFrameworkCore.Query.Internal.QueryingEnumerable`1.Enumerator.MoveNext()
   at Microsoft.EntityFrameworkCore.Query.Internal.LinqOperatorProvider._TrackEntities[TOut,TIn](IEnumerable`1 results, QueryContext queryContext, IList`1 entityTrackingInfos, IList`1 entityAccessors)+MoveNext()
   at Microsoft.EntityFrameworkCore.Query.Internal.LinqOperatorProvider.ExceptionInterceptor`1.EnumeratorExceptionInterceptor.MoveNext()
   at System.Collections.Generic.List`1.AddEnumerable(IEnumerable`1 enumerable)
   at System.Linq.Enumerable.ToList[TSource](IEnumerable`1 source)
   at KU.Repositories.Implementations.QuestionnaireRepository.GetSampleID10(Int32 SavedFormID) in C:\TCIT\Khalifa University\Khalifa\KU.Repositories\Implementations\QuestionnaireRepository.cs:line 177
   at KU.Services.Implementations.FormService.GetSampleID10(Int32 SampleID) in C:\TCIT\Khalifa University\Khalifa\KU.Services\Implementations\FormService.cs:line 285
   at KU.WebAPI.Controllers.FormController.GetSampleIDAll(Int32 SavedformID, Int32 TemplateID) in C:\TCIT\Khalifa University\Khalifa\KU.WebAPI\Controllers\FormController.cs:line 141
ClientConnectionId:37c3c11a-1808-4135-a5cf-28bbd6f32d8e
Error Number:-2,State:0,Class:11
2020-07-09T17:21:10.0351886+04:00 800000d7-0000-ff00-b63f-84710c7967bb [ERR] Something went wrong: System.Data.SqlClient.SqlException (0x80131904): Timeout expired.  The timeout period elapsed prior to completion of the operation or the server is not responding. ---> System.ComponentModel.Win32Exception (258): The wait operation timed out
   at System.Data.SqlClient.SqlConnection.OnError(SqlException exception, Boolean breakConnection, Action`1 wrapCloseInAction)
   at System.Data.SqlClient.SqlInternalConnection.OnError(SqlException exception, Boolean breakConnection, Action`1 wrapCloseInAction)
   at System.Data.SqlClient.TdsParser.ThrowExceptionAndWarning(TdsParserStateObject stateObj, Boolean callerHasConnectionLock, Boolean asyncClose)
   at System.Data.SqlClient.TdsParser.TryRun(RunBehavior runBehavior, SqlCommand cmdHandler, SqlDataReader dataStream, BulkCopySimpleResultSet bulkCopyHandler, TdsParserStateObject stateObj, Boolean& dataReady)
   at System.Data.SqlClient.SqlDataReader.TryConsumeMetaData()
   at System.Data.SqlClient.SqlDataReader.get_MetaData()
   at System.Data.SqlClient.SqlCommand.FinishExecuteReader(SqlDataReader ds, RunBehavior runBehavior, String resetOptionsString)
   at System.Data.SqlClient.SqlCommand.RunExecuteReaderTds(CommandBehavior cmdBehavior, RunBehavior runBehavior, Boolean returnStream, Boolean async, Int32 timeout, Task& task, Boolean asyncWrite, SqlDataReader ds)
   at System.Data.SqlClient.SqlCommand.RunExecuteReader(CommandBehavior cmdBehavior, RunBehavior runBehavior, Boolean returnStream, TaskCompletionSource`1 completion, Int32 timeout, Task& task, Boolean asyncWrite, String method)
   at System.Data.SqlClient.SqlCommand.ExecuteReader(CommandBehavior behavior)
   at System.Data.SqlClient.SqlCommand.ExecuteDbDataReader(CommandBehavior behavior)
   at System.Data.Common.DbCommand.ExecuteReader()
   at Microsoft.EntityFrameworkCore.Storage.Internal.RelationalCommand.Execute(IRelationalConnection connection, DbCommandMethod executeMethod, IReadOnlyDictionary`2 parameterValues)
   at Microsoft.EntityFrameworkCore.Storage.Internal.RelationalCommand.ExecuteReader(IRelationalConnection connection, IReadOnlyDictionary`2 parameterValues)
   at Microsoft.EntityFrameworkCore.Query.Internal.QueryingEnumerable`1.Enumerator.BufferlessMoveNext(DbContext _, Boolean buffer)
   at Microsoft.EntityFrameworkCore.SqlServer.Storage.Internal.SqlServerExecutionStrategy.Execute[TState,TResult](TState state, Func`3 operation, Func`3 verifySucceeded)
   at Microsoft.EntityFrameworkCore.Query.Internal.QueryingEnumerable`1.Enumerator.MoveNext()
   at Microsoft.EntityFrameworkCore.Query.Internal.LinqOperatorProvider._TrackEntities[TOut,TIn](IEnumerable`1 results, QueryContext queryContext, IList`1 entityTrackingInfos, IList`1 entityAccessors)+MoveNext()
   at Microsoft.EntityFrameworkCore.Query.Internal.LinqOperatorProvider.ExceptionInterceptor`1.EnumeratorExceptionInterceptor.MoveNext()
   at System.Collections.Generic.List`1.AddEnumerable(IEnumerable`1 enumerable)
   at System.Linq.Enumerable.ToList[TSource](IEnumerable`1 source)
   at KU.Repositories.Implementations.QuestionnaireRepository.GetSampleID10(Int32 SavedFormID) in C:\TCIT\Khalifa University\Khalifa\KU.Repositories\Implementations\QuestionnaireRepository.cs:line 177
   at KU.Services.Implementations.FormService.GetSampleID10(Int32 SampleID) in C:\TCIT\Khalifa University\Khalifa\KU.Services\Implementations\FormService.cs:line 285
   at KU.WebAPI.Controllers.FormController.GetSampleIDAll(Int32 SavedformID, Int32 TemplateID) in C:\TCIT\Khalifa University\Khalifa\KU.WebAPI\Controllers\FormController.cs:line 141
ClientConnectionId:37c3c11a-1808-4135-a5cf-28bbd6f32d8e
Error Number:-2,State:0,Class:11 (1d829931)
2020-07-09T17:21:10.0393879+04:00 800000d7-0000-ff00-b63f-84710c7967bb [INF] Executed action method "KU.WebAPI.Controllers.FormController.GetSampleIDAll (KU.WebAPI)", returned result "Microsoft.AspNetCore.Mvc.ObjectResult" in 34883.9869ms. (50a9e262)
2020-07-09T17:21:10.0451399+04:00 800000d7-0000-ff00-b63f-84710c7967bb [INF] Executing ObjectResult, writing value of type '"System.ComponentModel.Win32Exception"'. (8a1b66c8)
2020-07-09T17:21:10.0513823+04:00 800000d7-0000-ff00-b63f-84710c7967bb [INF] Executed action "KU.WebAPI.Controllers.FormController.GetSampleIDAll (KU.WebAPI)" in 34910.3189ms (afa2e885)
2020-07-09T17:21:10.0576559+04:00 800000d7-0000-ff00-b63f-84710c7967bb [INF] Executed endpoint '"KU.WebAPI.Controllers.FormController.GetSampleIDAll (KU.WebAPI)"' (99874f2b)
2020-07-09T17:21:10.0647426+04:00 800000d7-0000-ff00-b63f-84710c7967bb [INF] Request finished in 34959.9372ms 500 application/json; charset=utf-8 (791a596a)
2020-07-09T17:31:38.8900351+04:00 8000002b-0007-fe00-b63f-84710c7967bb [INF] Request starting HTTP/2.0 GET https://localhost:44317/api/Form/Questionnaire?SavedformID=4676&TemplateID=11   (ca22a1cb)
2020-07-09T17:31:38.8987152+04:00 8000002b-0007-fe00-b63f-84710c7967bb [INF] Executing endpoint '"KU.WebAPI.Controllers.FormController.GetSampleIDAll (KU.WebAPI)"' (500cc934)
2020-07-09T17:31:38.9053082+04:00 8000002b-0007-fe00-b63f-84710c7967bb [INF] Route matched with "{action = \"GetSampleIDAll\", controller = \"Form\"}". Executing controller action with signature "Microsoft.AspNetCore.Mvc.IActionResult GetSampleIDAll(Int32, Int32)" on controller "KU.WebAPI.Controllers.FormController" ("KU.WebAPI"). (122b2fdf)
2020-07-09T17:31:38.9242783+04:00 8000002b-0007-fe00-b63f-84710c7967bb [INF] Executing action method "KU.WebAPI.Controllers.FormController.GetSampleIDAll (KU.WebAPI)" - Validation state: Valid (dad538d7)
2020-07-09T17:31:41.1860536+04:00 8000002b-0007-fe00-b63f-84710c7967bb [INF] Entity Framework Core "2.2.6-servicing-10079" initialized '"ApplicationDbContext"' using provider '"Microsoft.EntityFrameworkCore.SqlServer"' with options: "MigrationsAssembly=KU.WebAPI " (9958f5bb)
2020-07-09T17:31:58.2334577+04:00 8000002b-0007-fe00-b63f-84710c7967bb [INF] Executed DbCommand ("16,927"ms) [Parameters=["@p0='?' (DbType = Int32), @p1='?' (DbType = Int32), @p2='?' (DbType = Int32)"], CommandType='Text', CommandTimeout='30']"
""sp_getrecords @p0,@p1,@p2" (0723d8ff)
2020-07-09T17:31:59.2016605+04:00 8000002b-0007-fe00-b63f-84710c7967bb [INF] Executed action method "KU.WebAPI.Controllers.FormController.GetSampleIDAll (KU.WebAPI)", returned result "Microsoft.AspNetCore.Mvc.OkObjectResult" in 20240.4899ms. (50a9e262)
2020-07-09T17:31:59.2086067+04:00 8000002b-0007-fe00-b63f-84710c7967bb [INF] Executing ObjectResult, writing value of type '"System.Collections.Generic.List`1[[KU.Repositories.Models.Questionnaire10, KU.Repositories, Version=1.0.0.0, Culture=neutral, PublicKeyToken=null]]"'. (8a1b66c8)
2020-07-09T17:31:59.8209052+04:00 8000002b-0007-fe00-b63f-84710c7967bb [INF] Executed action "KU.WebAPI.Controllers.FormController.GetSampleIDAll (KU.WebAPI)" in 20910.5894ms (afa2e885)
2020-07-09T17:31:59.8245259+04:00 8000002b-0007-fe00-b63f-84710c7967bb [INF] Executed endpoint '"KU.WebAPI.Controllers.FormController.GetSampleIDAll (KU.WebAPI)"' (99874f2b)
2020-07-09T17:31:59.8293426+04:00 8000002b-0007-fe00-b63f-84710c7967bb [INF] Request finished in 20958.6212ms 200 application/json; charset=utf-8 (791a596a)
