2020-11-03T11:59:44.3153946+04:00 80000004-0000-f900-b63f-84710c7967bb [INF] Request starting HTTP/2.0 GET https://localhost:44317/index.html   (ca22a1cb)
2020-11-03T11:59:45.1706776+04:00 80000004-0000-f900-b63f-84710c7967bb [INF] Request finished in 862.4726ms 200 text/html (791a596a)
2020-11-03T11:59:45.6873727+04:00 8000003e-0002-fe00-b63f-84710c7967bb [INF] Request starting HTTP/2.0 GET https://localhost:44317/swagger/v1/swagger.json   (ca22a1cb)
2020-11-03T11:59:46.0094597+04:00 8000003e-0002-fe00-b63f-84710c7967bb [INF] Request finished in 321.3898ms 200 application/json;charset=utf-8 (791a596a)
2020-11-03T12:00:16.7176333+04:00 80000006-0006-fc00-b63f-84710c7967bb [INF] Request starting HTTP/2.0 GET https://localhost:44317/api/Form/QuestionnaireNew?TemplateID=11&SavedformID=4676&SectionID=0   (ca22a1cb)
2020-11-03T12:00:16.7899781+04:00 80000006-0006-fc00-b63f-84710c7967bb [INF] Executing endpoint '"KU.WebAPI.Controllers.FormController.GetRecords (KU.WebAPI)"' (500cc934)
2020-11-03T12:00:16.8299966+04:00 80000006-0006-fc00-b63f-84710c7967bb [INF] Route matched with "{action = \"GetRecords\", controller = \"Form\"}". Executing controller action with signature "Microsoft.AspNetCore.Mvc.IActionResult GetRecords(Int32, Int32, Int32)" on controller "KU.WebAPI.Controllers.FormController" ("KU.WebAPI"). (122b2fdf)
2020-11-03T12:00:16.8717457+04:00 80000006-0006-fc00-b63f-84710c7967bb [INF] Executing action method "KU.WebAPI.Controllers.FormController.GetRecords (KU.WebAPI)" - Validation state: Valid (dad538d7)
2020-11-03T12:00:24.2316118+04:00 80000006-0006-fc00-b63f-84710c7967bb [INF] Entity Framework Core "2.2.6-servicing-10079" initialized '"ApplicationDbContext"' using provider '"Microsoft.EntityFrameworkCore.SqlServer"' with options: "MigrationsAssembly=KU.WebAPI " (9958f5bb)
2020-11-03T12:00:25.1650846+04:00 80000006-0006-fc00-b63f-84710c7967bb [INF] Executed DbCommand ("192"ms) [Parameters=["@p0='?' (DbType = Int32), @p1='?' (DbType = Int32)"], CommandType='Text', CommandTimeout='30']"
""sp_getrecordsNew @p0,@p1" (0723d8ff)
2020-11-03T12:00:37.2722474+04:00 80000006-0006-fc00-b63f-84710c7967bb [ERR] An exception occurred while iterating over the results of a query for context type '"KU.Repositories.ApplicationDbContext"'."
""System.InvalidOperationException: The required column 'Items' was not present in the results of a 'FromSql' operation.
   at Microsoft.EntityFrameworkCore.Query.Sql.Internal.FromSqlNonComposedQuerySqlGenerator.CreateValueBufferFactory(IRelationalValueBufferFactoryFactory relationalValueBufferFactoryFactory, DbDataReader dataReader)
   at Microsoft.EntityFrameworkCore.Query.Internal.ShaperCommandContext.<NotifyReaderCreated>b__14_0(FactoryAndReader s)
   at Microsoft.EntityFrameworkCore.Internal.NonCapturingLazyInitializer.EnsureInitialized[TParam,TValue](TValue& target, TParam param, Func`2 valueFactory)
   at Microsoft.EntityFrameworkCore.Query.Internal.ShaperCommandContext.NotifyReaderCreated(DbDataReader dataReader)
   at Microsoft.EntityFrameworkCore.Query.Internal.QueryingEnumerable`1.Enumerator.BufferlessMoveNext(DbContext _, Boolean buffer)
   at Microsoft.EntityFrameworkCore.SqlServer.Storage.Internal.SqlServerExecutionStrategy.Execute[TState,TResult](TState state, Func`3 operation, Func`3 verifySucceeded)
   at Microsoft.EntityFrameworkCore.Query.Internal.QueryingEnumerable`1.Enumerator.MoveNext()
   at Microsoft.EntityFrameworkCore.Query.Internal.LinqOperatorProvider._TrackEntities[TOut,TIn](IEnumerable`1 results, QueryContext queryContext, IList`1 entityTrackingInfos, IList`1 entityAccessors)+MoveNext()
   at Microsoft.EntityFrameworkCore.Query.Internal.LinqOperatorProvider.ExceptionInterceptor`1.EnumeratorExceptionInterceptor.MoveNext()" (f5c7ac34)
System.InvalidOperationException: The required column 'Items' was not present in the results of a 'FromSql' operation.
   at Microsoft.EntityFrameworkCore.Query.Sql.Internal.FromSqlNonComposedQuerySqlGenerator.CreateValueBufferFactory(IRelationalValueBufferFactoryFactory relationalValueBufferFactoryFactory, DbDataReader dataReader)
   at Microsoft.EntityFrameworkCore.Query.Internal.ShaperCommandContext.<NotifyReaderCreated>b__14_0(FactoryAndReader s)
   at Microsoft.EntityFrameworkCore.Internal.NonCapturingLazyInitializer.EnsureInitialized[TParam,TValue](TValue& target, TParam param, Func`2 valueFactory)
   at Microsoft.EntityFrameworkCore.Query.Internal.ShaperCommandContext.NotifyReaderCreated(DbDataReader dataReader)
   at Microsoft.EntityFrameworkCore.Query.Internal.QueryingEnumerable`1.Enumerator.BufferlessMoveNext(DbContext _, Boolean buffer)
   at Microsoft.EntityFrameworkCore.SqlServer.Storage.Internal.SqlServerExecutionStrategy.Execute[TState,TResult](TState state, Func`3 operation, Func`3 verifySucceeded)
   at Microsoft.EntityFrameworkCore.Query.Internal.QueryingEnumerable`1.Enumerator.MoveNext()
   at Microsoft.EntityFrameworkCore.Query.Internal.LinqOperatorProvider._TrackEntities[TOut,TIn](IEnumerable`1 results, QueryContext queryContext, IList`1 entityTrackingInfos, IList`1 entityAccessors)+MoveNext()
   at Microsoft.EntityFrameworkCore.Query.Internal.LinqOperatorProvider.ExceptionInterceptor`1.EnumeratorExceptionInterceptor.MoveNext()
2020-11-03T12:00:46.9918862+04:00 80000006-0006-fc00-b63f-84710c7967bb [ERR] Something went wrong: System.InvalidOperationException: The required column 'Items' was not present in the results of a 'FromSql' operation.
   at Microsoft.EntityFrameworkCore.Query.Sql.Internal.FromSqlNonComposedQuerySqlGenerator.CreateValueBufferFactory(IRelationalValueBufferFactoryFactory relationalValueBufferFactoryFactory, DbDataReader dataReader)
   at Microsoft.EntityFrameworkCore.Query.Internal.ShaperCommandContext.<NotifyReaderCreated>b__14_0(FactoryAndReader s)
   at Microsoft.EntityFrameworkCore.Internal.NonCapturingLazyInitializer.EnsureInitialized[TParam,TValue](TValue& target, TParam param, Func`2 valueFactory)
   at Microsoft.EntityFrameworkCore.Query.Internal.ShaperCommandContext.NotifyReaderCreated(DbDataReader dataReader)
   at Microsoft.EntityFrameworkCore.Query.Internal.QueryingEnumerable`1.Enumerator.BufferlessMoveNext(DbContext _, Boolean buffer)
   at Microsoft.EntityFrameworkCore.SqlServer.Storage.Internal.SqlServerExecutionStrategy.Execute[TState,TResult](TState state, Func`3 operation, Func`3 verifySucceeded)
   at Microsoft.EntityFrameworkCore.Query.Internal.QueryingEnumerable`1.Enumerator.MoveNext()
   at Microsoft.EntityFrameworkCore.Query.Internal.LinqOperatorProvider._TrackEntities[TOut,TIn](IEnumerable`1 results, QueryContext queryContext, IList`1 entityTrackingInfos, IList`1 entityAccessors)+MoveNext()
   at Microsoft.EntityFrameworkCore.Query.Internal.LinqOperatorProvider.ExceptionInterceptor`1.EnumeratorExceptionInterceptor.MoveNext()
   at System.Collections.Generic.List`1.AddEnumerable(IEnumerable`1 enumerable)
   at System.Linq.Enumerable.ToList[TSource](IEnumerable`1 source)
   at KU.Repositories.Implementations.GenericResultRepository.GetRecords(Int32 TemplateID, Int32 SectionID, Int32 SavedFormID) in C:\TCIT\Khalifa University\Khalifa\KU.Repositories\Implementations\GenericResultRepository.cs:line 61
   at KU.Services.Implementations.FormService.GetRecords(Int32 TemplateID, Int32 SampleID, Int32 SectionID) in C:\TCIT\Khalifa University\Khalifa\KU.Services\Implementations\FormService.cs:line 151
   at KU.WebAPI.Controllers.FormController.GetRecords(Int32 TemplateID, Int32 SavedformID, Int32 SectionID) in C:\TCIT\Khalifa University\Khalifa\KU.WebAPI\Controllers\FormController.cs:line 163 (fa8d511a)
2020-11-03T12:17:18.3123560+04:00 80000023-0003-fd00-b63f-84710c7967bb [INF] Request starting HTTP/2.0 GET https://localhost:44317/index.html   (ca22a1cb)
2020-11-03T12:17:19.2811319+04:00 80000023-0003-fd00-b63f-84710c7967bb [INF] Request finished in 978.4682ms 200 text/html (791a596a)
2020-11-03T12:17:19.6975541+04:00 80000014-0000-fc00-b63f-84710c7967bb [INF] Request starting HTTP/2.0 GET https://localhost:44317/swagger/v1/swagger.json   (ca22a1cb)
2020-11-03T12:17:20.1249529+04:00 80000014-0000-fc00-b63f-84710c7967bb [INF] Request finished in 425.5496ms 200 application/json;charset=utf-8 (791a596a)
2020-11-03T12:17:37.4467445+04:00 8000000d-0002-fc00-b63f-84710c7967bb [INF] Request starting HTTP/2.0 GET https://localhost:44317/api/Form/QuestionnaireNew?TemplateID=11&SavedformID=4676   (ca22a1cb)
2020-11-03T12:17:37.5201060+04:00 8000000d-0002-fc00-b63f-84710c7967bb [INF] Executing endpoint '"KU.WebAPI.Controllers.FormController.GetRecords (KU.WebAPI)"' (500cc934)
2020-11-03T12:17:37.5662702+04:00 8000000d-0002-fc00-b63f-84710c7967bb [INF] Route matched with "{action = \"GetRecords\", controller = \"Form\"}". Executing controller action with signature "Microsoft.AspNetCore.Mvc.IActionResult GetRecords(Int32, Int32, Int32)" on controller "KU.WebAPI.Controllers.FormController" ("KU.WebAPI"). (122b2fdf)
2020-11-03T12:17:37.6087014+04:00 8000000d-0002-fc00-b63f-84710c7967bb [INF] Executing action method "KU.WebAPI.Controllers.FormController.GetRecords (KU.WebAPI)" - Validation state: Valid (dad538d7)
2020-11-03T12:17:48.3753561+04:00 8000000d-0002-fc00-b63f-84710c7967bb [INF] Entity Framework Core "2.2.6-servicing-10079" initialized '"ApplicationDbContext"' using provider '"Microsoft.EntityFrameworkCore.SqlServer"' with options: "MigrationsAssembly=KU.WebAPI " (9958f5bb)
2020-11-03T12:17:49.3530168+04:00 8000000d-0002-fc00-b63f-84710c7967bb [INF] Executed DbCommand ("204"ms) [Parameters=["@p0='?' (DbType = Int32), @p1='?' (DbType = Int32)"], CommandType='Text', CommandTimeout='30']"
""sp_getrecordsNew @p0,@p1" (0723d8ff)
2020-11-03T12:18:13.2678391+04:00 8000000d-0002-fc00-b63f-84710c7967bb [INF] Executed action method "KU.WebAPI.Controllers.FormController.GetRecords (KU.WebAPI)", returned result "Microsoft.AspNetCore.Mvc.OkObjectResult" in 35651.5683ms. (50a9e262)
2020-11-03T12:18:13.2801602+04:00 8000000d-0002-fc00-b63f-84710c7967bb [INF] Executing ObjectResult, writing value of type '"Newtonsoft.Json.Linq.JArray"'. (8a1b66c8)
2020-11-03T12:18:13.4306750+04:00 8000000d-0002-fc00-b63f-84710c7967bb [INF] Executed action "KU.WebAPI.Controllers.FormController.GetRecords (KU.WebAPI)" in 35855.6085ms (afa2e885)
2020-11-03T12:18:13.4349304+04:00 8000000d-0002-fc00-b63f-84710c7967bb [INF] Executed endpoint '"KU.WebAPI.Controllers.FormController.GetRecords (KU.WebAPI)"' (99874f2b)
2020-11-03T12:18:13.4389568+04:00 8000000d-0002-fc00-b63f-84710c7967bb [INF] Request finished in 35994.3362ms 200 application/json; charset=utf-8 (791a596a)
2020-11-03T12:21:18.9357746+04:00 8000003b-0006-fd00-b63f-84710c7967bb [INF] Request starting HTTP/2.0 GET https://localhost:44317/api/Form/QuestionnaireNew?TemplateID=11&SavedformID=4676   (ca22a1cb)
2020-11-03T12:21:18.9535194+04:00 8000003b-0006-fd00-b63f-84710c7967bb [INF] Executing endpoint '"KU.WebAPI.Controllers.FormController.GetRecords (KU.WebAPI)"' (500cc934)
2020-11-03T12:21:18.9591054+04:00 8000003b-0006-fd00-b63f-84710c7967bb [INF] Route matched with "{action = \"GetRecords\", controller = \"Form\"}". Executing controller action with signature "Microsoft.AspNetCore.Mvc.IActionResult GetRecords(Int32, Int32, Int32)" on controller "KU.WebAPI.Controllers.FormController" ("KU.WebAPI"). (122b2fdf)
2020-11-03T12:21:18.9637954+04:00 8000003b-0006-fd00-b63f-84710c7967bb [INF] Executing action method "KU.WebAPI.Controllers.FormController.GetRecords (KU.WebAPI)" - Validation state: Valid (dad538d7)
2020-11-03T12:21:30.8672748+04:00 8000003b-0006-fd00-b63f-84710c7967bb [INF] Entity Framework Core "2.2.6-servicing-10079" initialized '"ApplicationDbContext"' using provider '"Microsoft.EntityFrameworkCore.SqlServer"' with options: "MigrationsAssembly=KU.WebAPI " (9958f5bb)
2020-11-03T12:22:24.7509924+04:00 8000003b-0006-fd00-b63f-84710c7967bb [INF] Executed DbCommand ("191"ms) [Parameters=["@p0='?' (DbType = Int32), @p1='?' (DbType = Int32)"], CommandType='Text', CommandTimeout='30']"
""sp_getrecordsNew @p0,@p1" (0723d8ff)
2020-11-03T12:22:36.9152334+04:00 8000003b-0006-fd00-b63f-84710c7967bb [INF] Executed action method "KU.WebAPI.Controllers.FormController.GetRecords (KU.WebAPI)", returned result "Microsoft.AspNetCore.Mvc.OkObjectResult" in 77946.0511ms. (50a9e262)
2020-11-03T12:22:36.9221470+04:00 8000003b-0006-fd00-b63f-84710c7967bb [INF] Executing ObjectResult, writing value of type '"Newtonsoft.Json.Linq.JArray"'. (8a1b66c8)
2020-11-03T12:22:36.9637795+04:00 8000003b-0006-fd00-b63f-84710c7967bb [INF] Executed action "KU.WebAPI.Controllers.FormController.GetRecords (KU.WebAPI)" in 77998.6627ms (afa2e885)
2020-11-03T12:22:36.9745688+04:00 8000003b-0006-fd00-b63f-84710c7967bb [INF] Executed endpoint '"KU.WebAPI.Controllers.FormController.GetRecords (KU.WebAPI)"' (99874f2b)
2020-11-03T12:22:36.9851610+04:00 8000003b-0006-fd00-b63f-84710c7967bb [INF] Request finished in 78043.6327ms 200 application/json; charset=utf-8 (791a596a)
2020-11-03T12:25:54.2799934+04:00 80000041-0002-fe00-b63f-84710c7967bb [INF] Request starting HTTP/2.0 GET https://localhost:44317/index.html   (ca22a1cb)
2020-11-03T12:25:55.0311213+04:00 80000041-0002-fe00-b63f-84710c7967bb [INF] Request finished in 754.6404ms 200 text/html (791a596a)
2020-11-03T12:25:55.4716478+04:00 80000004-0007-fb00-b63f-84710c7967bb [INF] Request starting HTTP/2.0 GET https://localhost:44317/swagger/v1/swagger.json   (ca22a1cb)
2020-11-03T12:25:55.7812761+04:00 80000004-0007-fb00-b63f-84710c7967bb [INF] Request finished in 308.3735ms 200 application/json;charset=utf-8 (791a596a)
2020-11-03T12:26:14.3592960+04:00 80000023-0000-fa00-b63f-84710c7967bb [INF] Request starting HTTP/2.0 GET https://localhost:44317/api/Form/QuestionnaireNew?TemplateID=11&SavedformID=4676   (ca22a1cb)
2020-11-03T12:26:14.4358767+04:00 80000023-0000-fa00-b63f-84710c7967bb [INF] Executing endpoint '"KU.WebAPI.Controllers.FormController.GetRecords (KU.WebAPI)"' (500cc934)
2020-11-03T12:26:14.4821117+04:00 80000023-0000-fa00-b63f-84710c7967bb [INF] Route matched with "{action = \"GetRecords\", controller = \"Form\"}". Executing controller action with signature "Microsoft.AspNetCore.Mvc.IActionResult GetRecords(Int32, Int32, Int32)" on controller "KU.WebAPI.Controllers.FormController" ("KU.WebAPI"). (122b2fdf)
2020-11-03T12:26:14.5295783+04:00 80000023-0000-fa00-b63f-84710c7967bb [INF] Executing action method "KU.WebAPI.Controllers.FormController.GetRecords (KU.WebAPI)" - Validation state: Valid (dad538d7)
2020-11-03T12:26:23.6657465+04:00 80000023-0000-fa00-b63f-84710c7967bb [INF] Entity Framework Core "2.2.6-servicing-10079" initialized '"ApplicationDbContext"' using provider '"Microsoft.EntityFrameworkCore.SqlServer"' with options: "MigrationsAssembly=KU.WebAPI " (9958f5bb)
2020-11-03T12:26:24.5976187+04:00 80000023-0000-fa00-b63f-84710c7967bb [INF] Executed DbCommand ("194"ms) [Parameters=["@p0='?' (DbType = Int32), @p1='?' (DbType = Int32)"], CommandType='Text', CommandTimeout='30']"
""sp_getrecordsNew @p0,@p1" (0723d8ff)
2020-11-03T12:26:36.7353790+04:00 80000023-0000-fa00-b63f-84710c7967bb [INF] Executed action method "KU.WebAPI.Controllers.FormController.GetRecords (KU.WebAPI)", returned result "Microsoft.AspNetCore.Mvc.OkObjectResult" in 22198.4654ms. (50a9e262)
2020-11-03T12:26:36.7477924+04:00 80000023-0000-fa00-b63f-84710c7967bb [INF] Executing ObjectResult, writing value of type '"Newtonsoft.Json.Linq.JArray"'. (8a1b66c8)
2020-11-03T12:26:36.7959235+04:00 80000023-0000-fa00-b63f-84710c7967bb [INF] Executed action "KU.WebAPI.Controllers.FormController.GetRecords (KU.WebAPI)" in 22304.7959ms (afa2e885)
2020-11-03T12:26:36.8002361+04:00 80000023-0000-fa00-b63f-84710c7967bb [INF] Executed endpoint '"KU.WebAPI.Controllers.FormController.GetRecords (KU.WebAPI)"' (99874f2b)
2020-11-03T12:26:36.8049268+04:00 80000023-0000-fa00-b63f-84710c7967bb [INF] Request finished in 22448.4523ms 200 application/json; charset=utf-8 (791a596a)
2020-11-03T12:26:52.0827096+04:00 80000043-0002-fe00-b63f-84710c7967bb [INF] Request starting HTTP/2.0 GET https://localhost:44317/api/Form/QuestionnaireNew?TemplateID=11&SavedformID=4676   (ca22a1cb)
2020-11-03T12:26:52.0993129+04:00 80000043-0002-fe00-b63f-84710c7967bb [INF] Executing endpoint '"KU.WebAPI.Controllers.FormController.GetRecords (KU.WebAPI)"' (500cc934)
2020-11-03T12:26:52.1034949+04:00 80000043-0002-fe00-b63f-84710c7967bb [INF] Route matched with "{action = \"GetRecords\", controller = \"Form\"}". Executing controller action with signature "Microsoft.AspNetCore.Mvc.IActionResult GetRecords(Int32, Int32, Int32)" on controller "KU.WebAPI.Controllers.FormController" ("KU.WebAPI"). (122b2fdf)
2020-11-03T12:26:52.1084954+04:00 80000043-0002-fe00-b63f-84710c7967bb [INF] Executing action method "KU.WebAPI.Controllers.FormController.GetRecords (KU.WebAPI)" - Validation state: Valid (dad538d7)
2020-11-03T12:27:14.4771348+04:00 80000043-0002-fe00-b63f-84710c7967bb [INF] Entity Framework Core "2.2.6-servicing-10079" initialized '"ApplicationDbContext"' using provider '"Microsoft.EntityFrameworkCore.SqlServer"' with options: "MigrationsAssembly=KU.WebAPI " (9958f5bb)
2020-11-03T12:28:43.7636332+04:00 80000025-0003-fd00-b63f-84710c7967bb [INF] Request starting HTTP/2.0 GET https://localhost:44317/index.html   (ca22a1cb)
2020-11-03T12:28:44.4793656+04:00 80000025-0003-fd00-b63f-84710c7967bb [INF] Request finished in 724.3996ms 200 text/html (791a596a)
2020-11-03T12:28:44.9460077+04:00 8000000d-0001-f900-b63f-84710c7967bb [INF] Request starting HTTP/2.0 GET https://localhost:44317/swagger/v1/swagger.json   (ca22a1cb)
2020-11-03T12:28:45.2209804+04:00 8000000d-0001-f900-b63f-84710c7967bb [INF] Request finished in 274.4148ms 200 application/json;charset=utf-8 (791a596a)
2020-11-03T12:28:59.3484452+04:00 8000000f-0001-f900-b63f-84710c7967bb [INF] Request starting HTTP/2.0 GET https://localhost:44317/api/Form/QuestionnaireNew?TemplateID=11&SavedformID=4676   (ca22a1cb)
2020-11-03T12:28:59.4358354+04:00 8000000f-0001-f900-b63f-84710c7967bb [INF] Executing endpoint '"KU.WebAPI.Controllers.FormController.GetRecords (KU.WebAPI)"' (500cc934)
2020-11-03T12:28:59.4797661+04:00 8000000f-0001-f900-b63f-84710c7967bb [INF] Route matched with "{action = \"GetRecords\", controller = \"Form\"}". Executing controller action with signature "Microsoft.AspNetCore.Mvc.IActionResult GetRecords(Int32, Int32, Int32)" on controller "KU.WebAPI.Controllers.FormController" ("KU.WebAPI"). (122b2fdf)
2020-11-03T12:28:59.5210223+04:00 8000000f-0001-f900-b63f-84710c7967bb [INF] Executing action method "KU.WebAPI.Controllers.FormController.GetRecords (KU.WebAPI)" - Validation state: Valid (dad538d7)
2020-11-03T12:29:10.0978134+04:00 8000000f-0001-f900-b63f-84710c7967bb [INF] Entity Framework Core "2.2.6-servicing-10079" initialized '"ApplicationDbContext"' using provider '"Microsoft.EntityFrameworkCore.SqlServer"' with options: "MigrationsAssembly=KU.WebAPI " (9958f5bb)
2020-11-03T12:29:10.9515329+04:00 8000000f-0001-f900-b63f-84710c7967bb [INF] Executed DbCommand ("110"ms) [Parameters=["@p0='?' (DbType = Int32), @p1='?' (DbType = Int32), @p2='?' (DbType = Int32)"], CommandType='Text', CommandTimeout='30']"
""sp_getrecordsNew @p0,@p1,@p2" (0723d8ff)
2020-11-03T12:29:11.1151983+04:00 8000000f-0001-f900-b63f-84710c7967bb [INF] Executed action method "KU.WebAPI.Controllers.FormController.GetRecords (KU.WebAPI)", returned result "Microsoft.AspNetCore.Mvc.OkObjectResult" in 11583.6368ms. (50a9e262)
2020-11-03T12:29:11.1299014+04:00 8000000f-0001-f900-b63f-84710c7967bb [INF] Executing ObjectResult, writing value of type '"Newtonsoft.Json.Linq.JArray"'. (8a1b66c8)
2020-11-03T12:29:11.1489495+04:00 8000000f-0001-f900-b63f-84710c7967bb [INF] Executed action "KU.WebAPI.Controllers.FormController.GetRecords (KU.WebAPI)" in 11658.1692ms (afa2e885)
2020-11-03T12:29:11.1550171+04:00 8000000f-0001-f900-b63f-84710c7967bb [INF] Executed endpoint '"KU.WebAPI.Controllers.FormController.GetRecords (KU.WebAPI)"' (99874f2b)
2020-11-03T12:29:11.1606335+04:00 8000000f-0001-f900-b63f-84710c7967bb [INF] Request finished in 11813.3282ms 200 application/json; charset=utf-8 (791a596a)
2020-11-03T12:29:44.3459939+04:00 8000003d-0006-fd00-b63f-84710c7967bb [INF] Request starting HTTP/2.0 GET https://localhost:44317/api/Form/QuestionnaireNew?TemplateID=1&SavedformID=4676   (ca22a1cb)
2020-11-03T12:29:44.3620118+04:00 8000003d-0006-fd00-b63f-84710c7967bb [INF] Executing endpoint '"KU.WebAPI.Controllers.FormController.GetRecords (KU.WebAPI)"' (500cc934)
2020-11-03T12:29:44.3675820+04:00 8000003d-0006-fd00-b63f-84710c7967bb [INF] Route matched with "{action = \"GetRecords\", controller = \"Form\"}". Executing controller action with signature "Microsoft.AspNetCore.Mvc.IActionResult GetRecords(Int32, Int32, Int32)" on controller "KU.WebAPI.Controllers.FormController" ("KU.WebAPI"). (122b2fdf)
2020-11-03T12:29:44.3739664+04:00 8000003d-0006-fd00-b63f-84710c7967bb [INF] Executing action method "KU.WebAPI.Controllers.FormController.GetRecords (KU.WebAPI)" - Validation state: Valid (dad538d7)
2020-11-03T12:29:45.6410273+04:00 8000003d-0006-fd00-b63f-84710c7967bb [INF] Entity Framework Core "2.2.6-servicing-10079" initialized '"ApplicationDbContext"' using provider '"Microsoft.EntityFrameworkCore.SqlServer"' with options: "MigrationsAssembly=KU.WebAPI " (9958f5bb)
2020-11-03T12:29:45.8400302+04:00 8000003d-0006-fd00-b63f-84710c7967bb [INF] Executed DbCommand ("194"ms) [Parameters=["@p0='?' (DbType = Int32), @p1='?' (DbType = Int32), @p2='?' (DbType = Int32)"], CommandType='Text', CommandTimeout='30']"
""sp_getrecordsNew @p0,@p1,@p2" (0723d8ff)
2020-11-03T12:29:45.9497976+04:00 8000003d-0006-fd00-b63f-84710c7967bb [ERR] An exception occurred while iterating over the results of a query for context type '"KU.Repositories.ApplicationDbContext"'."
""System.Data.SqlTypes.SqlNullValueException: Data is Null. This method or property cannot be called on Null values.
   at System.Data.SqlClient.SqlBuffer.get_String()
   at System.Data.SqlClient.SqlDataReader.GetString(Int32 i)
   at lambda_method(Closure , DbDataReader )
   at Microsoft.EntityFrameworkCore.Storage.Internal.TypedRelationalValueBufferFactory.Create(DbDataReader dataReader)
   at Microsoft.EntityFrameworkCore.Query.Internal.QueryingEnumerable`1.Enumerator.BufferlessMoveNext(DbContext _, Boolean buffer)
   at Microsoft.EntityFrameworkCore.SqlServer.Storage.Internal.SqlServerExecutionStrategy.Execute[TState,TResult](TState state, Func`3 operation, Func`3 verifySucceeded)
   at Microsoft.EntityFrameworkCore.Query.Internal.QueryingEnumerable`1.Enumerator.MoveNext()
   at Microsoft.EntityFrameworkCore.Query.Internal.LinqOperatorProvider._TrackEntities[TOut,TIn](IEnumerable`1 results, QueryContext queryContext, IList`1 entityTrackingInfos, IList`1 entityAccessors)+MoveNext()
   at Microsoft.EntityFrameworkCore.Query.Internal.LinqOperatorProvider.ExceptionInterceptor`1.EnumeratorExceptionInterceptor.MoveNext()" (f5c7ac34)
System.Data.SqlTypes.SqlNullValueException: Data is Null. This method or property cannot be called on Null values.
   at System.Data.SqlClient.SqlBuffer.get_String()
   at System.Data.SqlClient.SqlDataReader.GetString(Int32 i)
   at lambda_method(Closure , DbDataReader )
   at Microsoft.EntityFrameworkCore.Storage.Internal.TypedRelationalValueBufferFactory.Create(DbDataReader dataReader)
   at Microsoft.EntityFrameworkCore.Query.Internal.QueryingEnumerable`1.Enumerator.BufferlessMoveNext(DbContext _, Boolean buffer)
   at Microsoft.EntityFrameworkCore.SqlServer.Storage.Internal.SqlServerExecutionStrategy.Execute[TState,TResult](TState state, Func`3 operation, Func`3 verifySucceeded)
   at Microsoft.EntityFrameworkCore.Query.Internal.QueryingEnumerable`1.Enumerator.MoveNext()
   at Microsoft.EntityFrameworkCore.Query.Internal.LinqOperatorProvider._TrackEntities[TOut,TIn](IEnumerable`1 results, QueryContext queryContext, IList`1 entityTrackingInfos, IList`1 entityAccessors)+MoveNext()
   at Microsoft.EntityFrameworkCore.Query.Internal.LinqOperatorProvider.ExceptionInterceptor`1.EnumeratorExceptionInterceptor.MoveNext()
2020-11-03T12:29:46.0873564+04:00 8000003d-0006-fd00-b63f-84710c7967bb [ERR] Something went wrong: System.Data.SqlTypes.SqlNullValueException: Data is Null. This method or property cannot be called on Null values.
   at System.Data.SqlClient.SqlBuffer.get_String()
   at System.Data.SqlClient.SqlDataReader.GetString(Int32 i)
   at lambda_method(Closure , DbDataReader )
   at Microsoft.EntityFrameworkCore.Storage.Internal.TypedRelationalValueBufferFactory.Create(DbDataReader dataReader)
   at Microsoft.EntityFrameworkCore.Query.Internal.QueryingEnumerable`1.Enumerator.BufferlessMoveNext(DbContext _, Boolean buffer)
   at Microsoft.EntityFrameworkCore.SqlServer.Storage.Internal.SqlServerExecutionStrategy.Execute[TState,TResult](TState state, Func`3 operation, Func`3 verifySucceeded)
   at Microsoft.EntityFrameworkCore.Query.Internal.QueryingEnumerable`1.Enumerator.MoveNext()
   at Microsoft.EntityFrameworkCore.Query.Internal.LinqOperatorProvider._TrackEntities[TOut,TIn](IEnumerable`1 results, QueryContext queryContext, IList`1 entityTrackingInfos, IList`1 entityAccessors)+MoveNext()
   at Microsoft.EntityFrameworkCore.Query.Internal.LinqOperatorProvider.ExceptionInterceptor`1.EnumeratorExceptionInterceptor.MoveNext()
   at System.Collections.Generic.List`1.AddEnumerable(IEnumerable`1 enumerable)
   at System.Linq.Enumerable.ToList[TSource](IEnumerable`1 source)
   at KU.Repositories.Implementations.GenericResultRepository.GetRecords(Int32 TemplateID, Int32 SavedFormID, Int32 SectionID) in C:\TCIT\Khalifa University\Khalifa\KU.Repositories\Implementations\GenericResultRepository.cs:line 65
   at KU.Services.Implementations.FormService.GetRecords(Int32 TemplateID, Int32 SavedFormID, Int32 SectionID) in C:\TCIT\Khalifa University\Khalifa\KU.Services\Implementations\FormService.cs:line 151
   at KU.WebAPI.Controllers.FormController.GetRecords(Int32 TemplateID, Int32 SavedformID, Int32 SectionID) in C:\TCIT\Khalifa University\Khalifa\KU.WebAPI\Controllers\FormController.cs:line 163 (0d44c659)
2020-11-03T12:29:46.0907679+04:00 8000003d-0006-fd00-b63f-84710c7967bb [INF] Executed action method "KU.WebAPI.Controllers.FormController.GetRecords (KU.WebAPI)", returned result "Microsoft.AspNetCore.Mvc.ObjectResult" in 1713.4669ms. (50a9e262)
2020-11-03T12:29:46.0942970+04:00 8000003d-0006-fd00-b63f-84710c7967bb [INF] Executing ObjectResult, writing value of type '"null"'. (8a1b66c8)
2020-11-03T12:29:46.0980032+04:00 8000003d-0006-fd00-b63f-84710c7967bb [INF] Executed action "KU.WebAPI.Controllers.FormController.GetRecords (KU.WebAPI)" in 1727.0479ms (afa2e885)
2020-11-03T12:29:46.1015490+04:00 8000003d-0006-fd00-b63f-84710c7967bb [INF] Executed endpoint '"KU.WebAPI.Controllers.FormController.GetRecords (KU.WebAPI)"' (99874f2b)
2020-11-03T12:29:46.1072475+04:00 8000003d-0006-fd00-b63f-84710c7967bb [INF] Request finished in 1761.9606ms 500  (791a596a)
2020-11-03T12:35:16.3492109+04:00 8000003f-0006-fd00-b63f-84710c7967bb [INF] Request starting HTTP/2.0 GET https://localhost:44317/api/Form/QuestionnaireNew?TemplateID=10&SavedformID=5485   (ca22a1cb)
2020-11-03T12:35:16.3541788+04:00 8000003f-0006-fd00-b63f-84710c7967bb [INF] Executing endpoint '"KU.WebAPI.Controllers.FormController.GetRecords (KU.WebAPI)"' (500cc934)
2020-11-03T12:35:16.3579734+04:00 8000003f-0006-fd00-b63f-84710c7967bb [INF] Route matched with "{action = \"GetRecords\", controller = \"Form\"}". Executing controller action with signature "Microsoft.AspNetCore.Mvc.IActionResult GetRecords(Int32, Int32, Int32)" on controller "KU.WebAPI.Controllers.FormController" ("KU.WebAPI"). (122b2fdf)
2020-11-03T12:35:16.3610394+04:00 8000003f-0006-fd00-b63f-84710c7967bb [INF] Executing action method "KU.WebAPI.Controllers.FormController.GetRecords (KU.WebAPI)" - Validation state: Valid (dad538d7)
2020-11-03T12:35:17.7279164+04:00 8000003f-0006-fd00-b63f-84710c7967bb [INF] Entity Framework Core "2.2.6-servicing-10079" initialized '"ApplicationDbContext"' using provider '"Microsoft.EntityFrameworkCore.SqlServer"' with options: "MigrationsAssembly=KU.WebAPI " (9958f5bb)
2020-11-03T12:35:17.8539241+04:00 8000003f-0006-fd00-b63f-84710c7967bb [INF] Executed DbCommand ("121"ms) [Parameters=["@p0='?' (DbType = Int32), @p1='?' (DbType = Int32), @p2='?' (DbType = Int32)"], CommandType='Text', CommandTimeout='30']"
""sp_getrecordsNew @p0,@p1,@p2" (0723d8ff)
2020-11-03T12:35:17.9670442+04:00 8000003f-0006-fd00-b63f-84710c7967bb [ERR] Something went wrong: Newtonsoft.Json.JsonReaderException: Unexpected character encountered while parsing value: s. Path '', line 1, position 1.
   at Newtonsoft.Json.JsonTextReader.ParseValue()
   at Newtonsoft.Json.JsonTextReader.Read()
   at Newtonsoft.Json.JsonReader.ReadForType(JsonContract contract, Boolean hasConverter)
   at Newtonsoft.Json.Serialization.JsonSerializerInternalReader.Deserialize(JsonReader reader, Type objectType, Boolean checkAdditionalContent)
   at Newtonsoft.Json.JsonSerializer.DeserializeInternal(JsonReader reader, Type objectType)
   at Newtonsoft.Json.JsonConvert.DeserializeObject(String value, Type type, JsonSerializerSettings settings)
   at Newtonsoft.Json.JsonConvert.DeserializeObject(String value)
   at KU.WebAPI.Controllers.FormController.GetRecords(Int32 TemplateID, Int32 SavedformID, Int32 SectionID) in C:\TCIT\Khalifa University\Khalifa\KU.WebAPI\Controllers\FormController.cs:line 168 (992fe7f5)
2020-11-03T12:35:17.9714516+04:00 8000003f-0006-fd00-b63f-84710c7967bb [INF] Executed action method "KU.WebAPI.Controllers.FormController.GetRecords (KU.WebAPI)", returned result "Microsoft.AspNetCore.Mvc.ObjectResult" in 1606.0684ms. (50a9e262)
2020-11-03T12:35:17.9762492+04:00 8000003f-0006-fd00-b63f-84710c7967bb [INF] Executing ObjectResult, writing value of type '"null"'. (8a1b66c8)
2020-11-03T12:35:17.9804018+04:00 8000003f-0006-fd00-b63f-84710c7967bb [INF] Executed action "KU.WebAPI.Controllers.FormController.GetRecords (KU.WebAPI)" in 1618.4395ms (afa2e885)
2020-11-03T12:35:17.9847342+04:00 8000003f-0006-fd00-b63f-84710c7967bb [INF] Executed endpoint '"KU.WebAPI.Controllers.FormController.GetRecords (KU.WebAPI)"' (99874f2b)
2020-11-03T12:35:17.9891969+04:00 8000003f-0006-fd00-b63f-84710c7967bb [INF] Request finished in 1640.0744ms 500  (791a596a)
2020-11-03T12:35:22.8234225+04:00 80000017-0000-fc00-b63f-84710c7967bb [INF] Request starting HTTP/2.0 GET https://localhost:44317/api/Form/QuestionnaireNew?TemplateID=10&SavedformID=5485   (ca22a1cb)
2020-11-03T12:35:22.8285519+04:00 80000017-0000-fc00-b63f-84710c7967bb [INF] Executing endpoint '"KU.WebAPI.Controllers.FormController.GetRecords (KU.WebAPI)"' (500cc934)
2020-11-03T12:35:22.8332847+04:00 80000017-0000-fc00-b63f-84710c7967bb [INF] Route matched with "{action = \"GetRecords\", controller = \"Form\"}". Executing controller action with signature "Microsoft.AspNetCore.Mvc.IActionResult GetRecords(Int32, Int32, Int32)" on controller "KU.WebAPI.Controllers.FormController" ("KU.WebAPI"). (122b2fdf)
2020-11-03T12:35:22.8367892+04:00 80000017-0000-fc00-b63f-84710c7967bb [INF] Executing action method "KU.WebAPI.Controllers.FormController.GetRecords (KU.WebAPI)" - Validation state: Valid (dad538d7)
2020-11-03T12:35:34.0737922+04:00 80000017-0000-fc00-b63f-84710c7967bb [INF] Entity Framework Core "2.2.6-servicing-10079" initialized '"ApplicationDbContext"' using provider '"Microsoft.EntityFrameworkCore.SqlServer"' with options: "MigrationsAssembly=KU.WebAPI " (9958f5bb)
2020-11-03T12:35:34.1661864+04:00 80000017-0000-fc00-b63f-84710c7967bb [INF] Executed DbCommand ("88"ms) [Parameters=["@p0='?' (DbType = Int32), @p1='?' (DbType = Int32), @p2='?' (DbType = Int32)"], CommandType='Text', CommandTimeout='30']"
""sp_getrecordsNew @p0,@p1,@p2" (0723d8ff)
2020-11-03T12:35:34.1695254+04:00 80000017-0000-fc00-b63f-84710c7967bb [INF] Executed action method "KU.WebAPI.Controllers.FormController.GetRecords (KU.WebAPI)", returned result "Microsoft.AspNetCore.Mvc.OkObjectResult" in 11329.6693ms. (50a9e262)
2020-11-03T12:35:34.1729320+04:00 80000017-0000-fc00-b63f-84710c7967bb [INF] Executing ObjectResult, writing value of type '"Newtonsoft.Json.Linq.JArray"'. (8a1b66c8)
2020-11-03T12:35:34.1773299+04:00 80000017-0000-fc00-b63f-84710c7967bb [INF] Executed action "KU.WebAPI.Controllers.FormController.GetRecords (KU.WebAPI)" in 11340.0489ms (afa2e885)
2020-11-03T12:35:34.1836036+04:00 80000006-0007-fb00-b63f-84710c7967bb [INF] Request starting HTTP/2.0 GET https://localhost:44317/api/Form/QuestionnaireNew?TemplateID=10&SavedformID=5485   (ca22a1cb)
2020-11-03T12:35:34.1845506+04:00 80000017-0000-fc00-b63f-84710c7967bb [INF] Executed endpoint '"KU.WebAPI.Controllers.FormController.GetRecords (KU.WebAPI)"' (99874f2b)
2020-11-03T12:35:34.1893174+04:00 80000017-0000-fc00-b63f-84710c7967bb [INF] Request finished in 11365.7834ms 200 application/json; charset=utf-8 (791a596a)
2020-11-03T12:35:34.1913330+04:00 80000006-0007-fb00-b63f-84710c7967bb [INF] Executing endpoint '"KU.WebAPI.Controllers.FormController.GetRecords (KU.WebAPI)"' (500cc934)
2020-11-03T12:35:34.1967282+04:00 80000006-0007-fb00-b63f-84710c7967bb [INF] Route matched with "{action = \"GetRecords\", controller = \"Form\"}". Executing controller action with signature "Microsoft.AspNetCore.Mvc.IActionResult GetRecords(Int32, Int32, Int32)" on controller "KU.WebAPI.Controllers.FormController" ("KU.WebAPI"). (122b2fdf)
2020-11-03T12:35:34.2006068+04:00 80000006-0007-fb00-b63f-84710c7967bb [INF] Executing action method "KU.WebAPI.Controllers.FormController.GetRecords (KU.WebAPI)" - Validation state: Valid (dad538d7)
2020-11-03T12:35:35.3310037+04:00 80000006-0007-fb00-b63f-84710c7967bb [INF] Entity Framework Core "2.2.6-servicing-10079" initialized '"ApplicationDbContext"' using provider '"Microsoft.EntityFrameworkCore.SqlServer"' with options: "MigrationsAssembly=KU.WebAPI " (9958f5bb)
2020-11-03T12:35:35.4220627+04:00 80000006-0007-fb00-b63f-84710c7967bb [INF] Executed DbCommand ("87"ms) [Parameters=["@p0='?' (DbType = Int32), @p1='?' (DbType = Int32), @p2='?' (DbType = Int32)"], CommandType='Text', CommandTimeout='30']"
""sp_getrecordsNew @p0,@p1,@p2" (0723d8ff)
2020-11-03T12:35:35.4253336+04:00 80000006-0007-fb00-b63f-84710c7967bb [INF] Executed action method "KU.WebAPI.Controllers.FormController.GetRecords (KU.WebAPI)", returned result "Microsoft.AspNetCore.Mvc.OkObjectResult" in 1221.6268ms. (50a9e262)
2020-11-03T12:35:35.4284644+04:00 80000006-0007-fb00-b63f-84710c7967bb [INF] Executing ObjectResult, writing value of type '"Newtonsoft.Json.Linq.JArray"'. (8a1b66c8)
2020-11-03T12:35:35.4321752+04:00 80000006-0007-fb00-b63f-84710c7967bb [INF] Executed action "KU.WebAPI.Controllers.FormController.GetRecords (KU.WebAPI)" in 1232.0321ms (afa2e885)
2020-11-03T12:35:35.4352562+04:00 80000006-0007-fb00-b63f-84710c7967bb [INF] Executed endpoint '"KU.WebAPI.Controllers.FormController.GetRecords (KU.WebAPI)"' (99874f2b)
2020-11-03T12:35:35.4384351+04:00 80000006-0007-fb00-b63f-84710c7967bb [INF] Request finished in 1259.0712ms 200 application/json; charset=utf-8 (791a596a)
2020-11-03T12:35:55.8878199+04:00 80000041-0006-fd00-b63f-84710c7967bb [INF] Request starting HTTP/2.0 GET https://localhost:44317/api/Form/QuestionnaireNew?TemplateID=10&SavedformID=5485   (ca22a1cb)
2020-11-03T12:35:55.9017829+04:00 80000041-0006-fd00-b63f-84710c7967bb [INF] Executing endpoint '"KU.WebAPI.Controllers.FormController.GetRecords (KU.WebAPI)"' (500cc934)
2020-11-03T12:35:55.9072391+04:00 80000041-0006-fd00-b63f-84710c7967bb [INF] Route matched with "{action = \"GetRecords\", controller = \"Form\"}". Executing controller action with signature "Microsoft.AspNetCore.Mvc.IActionResult GetRecords(Int32, Int32, Int32)" on controller "KU.WebAPI.Controllers.FormController" ("KU.WebAPI"). (122b2fdf)
2020-11-03T12:35:55.9140972+04:00 80000041-0006-fd00-b63f-84710c7967bb [INF] Executing action method "KU.WebAPI.Controllers.FormController.GetRecords (KU.WebAPI)" - Validation state: Valid (dad538d7)
2020-11-03T12:35:57.2634873+04:00 80000041-0006-fd00-b63f-84710c7967bb [INF] Entity Framework Core "2.2.6-servicing-10079" initialized '"ApplicationDbContext"' using provider '"Microsoft.EntityFrameworkCore.SqlServer"' with options: "MigrationsAssembly=KU.WebAPI " (9958f5bb)
2020-11-03T12:35:57.3596319+04:00 80000041-0006-fd00-b63f-84710c7967bb [INF] Executed DbCommand ("89"ms) [Parameters=["@p0='?' (DbType = Int32), @p1='?' (DbType = Int32), @p2='?' (DbType = Int32)"], CommandType='Text', CommandTimeout='30']"
""sp_getrecordsNew @p0,@p1,@p2" (0723d8ff)
2020-11-03T12:35:57.3635910+04:00 80000041-0006-fd00-b63f-84710c7967bb [INF] Executed action method "KU.WebAPI.Controllers.FormController.GetRecords (KU.WebAPI)", returned result "Microsoft.AspNetCore.Mvc.OkObjectResult" in 1445.7005ms. (50a9e262)
2020-11-03T12:35:57.3674552+04:00 80000041-0006-fd00-b63f-84710c7967bb [INF] Executing ObjectResult, writing value of type '"Newtonsoft.Json.Linq.JArray"'. (8a1b66c8)
2020-11-03T12:35:57.3714323+04:00 80000041-0006-fd00-b63f-84710c7967bb [INF] Executed action "KU.WebAPI.Controllers.FormController.GetRecords (KU.WebAPI)" in 1460.2435ms (afa2e885)
2020-11-03T12:35:57.3746944+04:00 80000041-0006-fd00-b63f-84710c7967bb [INF] Executed endpoint '"KU.WebAPI.Controllers.FormController.GetRecords (KU.WebAPI)"' (99874f2b)
2020-11-03T12:35:57.3779335+04:00 80000041-0006-fd00-b63f-84710c7967bb [INF] Request finished in 1492.0116ms 200 application/json; charset=utf-8 (791a596a)
2020-11-03T12:36:09.6426798+04:00 80000019-0000-fc00-b63f-84710c7967bb [INF] Request starting HTTP/2.0 GET https://localhost:44317/api/Form/QuestionnaireNew?TemplateID=10&SavedformID=5485&SectionID=9   (ca22a1cb)
2020-11-03T12:36:09.6501880+04:00 80000019-0000-fc00-b63f-84710c7967bb [INF] Executing endpoint '"KU.WebAPI.Controllers.FormController.GetRecords (KU.WebAPI)"' (500cc934)
2020-11-03T12:36:09.6554451+04:00 80000019-0000-fc00-b63f-84710c7967bb [INF] Route matched with "{action = \"GetRecords\", controller = \"Form\"}". Executing controller action with signature "Microsoft.AspNetCore.Mvc.IActionResult GetRecords(Int32, Int32, Int32)" on controller "KU.WebAPI.Controllers.FormController" ("KU.WebAPI"). (122b2fdf)
2020-11-03T12:36:09.6603796+04:00 80000019-0000-fc00-b63f-84710c7967bb [INF] Executing action method "KU.WebAPI.Controllers.FormController.GetRecords (KU.WebAPI)" - Validation state: Valid (dad538d7)
2020-11-03T12:36:10.9957491+04:00 80000019-0000-fc00-b63f-84710c7967bb [INF] Entity Framework Core "2.2.6-servicing-10079" initialized '"ApplicationDbContext"' using provider '"Microsoft.EntityFrameworkCore.SqlServer"' with options: "MigrationsAssembly=KU.WebAPI " (9958f5bb)
2020-11-03T12:36:11.1387032+04:00 80000019-0000-fc00-b63f-84710c7967bb [INF] Executed DbCommand ("139"ms) [Parameters=["@p0='?' (DbType = Int32), @p1='?' (DbType = Int32), @p2='?' (DbType = Int32)"], CommandType='Text', CommandTimeout='30']"
""sp_getrecordsNew @p0,@p1,@p2" (0723d8ff)
2020-11-03T12:36:11.1422766+04:00 80000019-0000-fc00-b63f-84710c7967bb [INF] Executed action method "KU.WebAPI.Controllers.FormController.GetRecords (KU.WebAPI)", returned result "Microsoft.AspNetCore.Mvc.OkObjectResult" in 1478.4684ms. (50a9e262)
2020-11-03T12:36:11.1460857+04:00 80000019-0000-fc00-b63f-84710c7967bb [INF] Executing ObjectResult, writing value of type '"Newtonsoft.Json.Linq.JArray"'. (8a1b66c8)
2020-11-03T12:36:11.1499978+04:00 80000019-0000-fc00-b63f-84710c7967bb [INF] Executed action "KU.WebAPI.Controllers.FormController.GetRecords (KU.WebAPI)" in 1490.8569ms (afa2e885)
2020-11-03T12:36:11.1534726+04:00 80000019-0000-fc00-b63f-84710c7967bb [INF] Executed endpoint '"KU.WebAPI.Controllers.FormController.GetRecords (KU.WebAPI)"' (99874f2b)
2020-11-03T12:36:11.1569363+04:00 80000019-0000-fc00-b63f-84710c7967bb [INF] Request finished in 1522.3973ms 200 application/json; charset=utf-8 (791a596a)
2020-11-03T12:36:34.3001523+04:00 80000045-0002-fe00-b63f-84710c7967bb [INF] Request starting HTTP/2.0 GET https://localhost:44317/api/Form/QuestionnaireNew?TemplateID=1&SavedformID=1145   (ca22a1cb)
2020-11-03T12:36:34.3058418+04:00 80000045-0002-fe00-b63f-84710c7967bb [INF] Executing endpoint '"KU.WebAPI.Controllers.FormController.GetRecords (KU.WebAPI)"' (500cc934)
2020-11-03T12:36:34.3114798+04:00 80000045-0002-fe00-b63f-84710c7967bb [INF] Route matched with "{action = \"GetRecords\", controller = \"Form\"}". Executing controller action with signature "Microsoft.AspNetCore.Mvc.IActionResult GetRecords(Int32, Int32, Int32)" on controller "KU.WebAPI.Controllers.FormController" ("KU.WebAPI"). (122b2fdf)
2020-11-03T12:36:34.3156870+04:00 80000045-0002-fe00-b63f-84710c7967bb [INF] Executing action method "KU.WebAPI.Controllers.FormController.GetRecords (KU.WebAPI)" - Validation state: Valid (dad538d7)
2020-11-03T12:36:35.5207857+04:00 80000045-0002-fe00-b63f-84710c7967bb [INF] Entity Framework Core "2.2.6-servicing-10079" initialized '"ApplicationDbContext"' using provider '"Microsoft.EntityFrameworkCore.SqlServer"' with options: "MigrationsAssembly=KU.WebAPI " (9958f5bb)
2020-11-03T12:36:35.7009876+04:00 80000045-0002-fe00-b63f-84710c7967bb [INF] Executed DbCommand ("171"ms) [Parameters=["@p0='?' (DbType = Int32), @p1='?' (DbType = Int32), @p2='?' (DbType = Int32)"], CommandType='Text', CommandTimeout='30']"
""sp_getrecordsNew @p0,@p1,@p2" (0723d8ff)
2020-11-03T12:36:35.7127570+04:00 80000045-0002-fe00-b63f-84710c7967bb [INF] Executed action method "KU.WebAPI.Controllers.FormController.GetRecords (KU.WebAPI)", returned result "Microsoft.AspNetCore.Mvc.OkObjectResult" in 1387.0402ms. (50a9e262)
2020-11-03T12:36:35.7233764+04:00 80000045-0002-fe00-b63f-84710c7967bb [INF] Executing ObjectResult, writing value of type '"Newtonsoft.Json.Linq.JArray"'. (8a1b66c8)
2020-11-03T12:36:35.7326505+04:00 80000045-0002-fe00-b63f-84710c7967bb [INF] Executed action "KU.WebAPI.Controllers.FormController.GetRecords (KU.WebAPI)" in 1412.7792ms (afa2e885)
2020-11-03T12:36:35.7381665+04:00 80000045-0002-fe00-b63f-84710c7967bb [INF] Executed endpoint '"KU.WebAPI.Controllers.FormController.GetRecords (KU.WebAPI)"' (99874f2b)
2020-11-03T12:36:35.7433502+04:00 80000045-0002-fe00-b63f-84710c7967bb [INF] Request finished in 1443.2452ms 200 application/json; charset=utf-8 (791a596a)
2020-11-03T12:38:20.2265212+04:00 80000011-0001-f900-b63f-84710c7967bb [INF] Request starting HTTP/2.0 GET https://localhost:44317/index.html   (ca22a1cb)
2020-11-03T12:38:21.1249626+04:00 80000011-0001-f900-b63f-84710c7967bb [INF] Request finished in 908.4808ms 200 text/html (791a596a)
2020-11-03T12:38:21.4930915+04:00 8000001b-0000-fc00-b63f-84710c7967bb [INF] Request starting HTTP/2.0 GET https://localhost:44317/swagger/v1/swagger.json   (ca22a1cb)
2020-11-03T12:38:21.7471110+04:00 8000001b-0000-fc00-b63f-84710c7967bb [INF] Request finished in 254.5355ms 200 application/json;charset=utf-8 (791a596a)
2020-11-03T12:38:35.2850712+04:00 8000001d-0000-fc00-b63f-84710c7967bb [INF] Request starting HTTP/2.0 GET https://localhost:44317/api/Form/Questionnaire?TemplateID=9   (ca22a1cb)
2020-11-03T12:38:35.3587163+04:00 8000001d-0000-fc00-b63f-84710c7967bb [INF] Executing endpoint '"KU.WebAPI.Controllers.FormController.GetRecords (KU.WebAPI)"' (500cc934)
2020-11-03T12:38:35.4016499+04:00 8000001d-0000-fc00-b63f-84710c7967bb [INF] Route matched with "{action = \"GetRecords\", controller = \"Form\"}". Executing controller action with signature "Microsoft.AspNetCore.Mvc.IActionResult GetRecords(Int32, Int32, Int32)" on controller "KU.WebAPI.Controllers.FormController" ("KU.WebAPI"). (122b2fdf)
2020-11-03T12:38:35.4434343+04:00 8000001d-0000-fc00-b63f-84710c7967bb [INF] Executing action method "KU.WebAPI.Controllers.FormController.GetRecords (KU.WebAPI)" - Validation state: Valid (dad538d7)
2020-11-03T12:38:47.0656406+04:00 8000001d-0000-fc00-b63f-84710c7967bb [INF] Entity Framework Core "2.2.6-servicing-10079" initialized '"ApplicationDbContext"' using provider '"Microsoft.EntityFrameworkCore.SqlServer"' with options: "MigrationsAssembly=KU.WebAPI " (9958f5bb)
2020-11-03T12:38:47.9371043+04:00 8000001d-0000-fc00-b63f-84710c7967bb [INF] Executed DbCommand ("130"ms) [Parameters=["@p0='?' (DbType = Int32), @p1='?' (DbType = Int32)"], CommandType='Text', CommandTimeout='30']"
""sp_getrecordsNew @p0,@p1" (0723d8ff)
2020-11-03T12:38:48.4909499+04:00 8000001d-0000-fc00-b63f-84710c7967bb [INF] Executed action method "KU.WebAPI.Controllers.FormController.GetRecords (KU.WebAPI)", returned result "Microsoft.AspNetCore.Mvc.OkObjectResult" in 13038.2663ms. (50a9e262)
2020-11-03T12:38:48.5048455+04:00 8000001d-0000-fc00-b63f-84710c7967bb [INF] Executing ObjectResult, writing value of type '"Newtonsoft.Json.Linq.JArray"'. (8a1b66c8)
2020-11-03T12:38:48.5253220+04:00 8000001d-0000-fc00-b63f-84710c7967bb [INF] Executed action "KU.WebAPI.Controllers.FormController.GetRecords (KU.WebAPI)" in 13112.4989ms (afa2e885)
2020-11-03T12:38:48.5311373+04:00 8000001d-0000-fc00-b63f-84710c7967bb [INF] Executed endpoint '"KU.WebAPI.Controllers.FormController.GetRecords (KU.WebAPI)"' (99874f2b)
2020-11-03T12:38:48.5377105+04:00 8000001d-0000-fc00-b63f-84710c7967bb [INF] Request finished in 13252.9579ms 200 application/json; charset=utf-8 (791a596a)
2020-11-03T12:39:23.7483038+04:00 80000047-0002-fe00-b63f-84710c7967bb [INF] Request starting HTTP/2.0 GET https://localhost:44317/api/Form/Questionnaire?TemplateID=10   (ca22a1cb)
2020-11-03T12:39:23.7643223+04:00 80000047-0002-fe00-b63f-84710c7967bb [INF] Executing endpoint '"KU.WebAPI.Controllers.FormController.GetRecords (KU.WebAPI)"' (500cc934)
2020-11-03T12:39:23.7707710+04:00 80000047-0002-fe00-b63f-84710c7967bb [INF] Route matched with "{action = \"GetRecords\", controller = \"Form\"}". Executing controller action with signature "Microsoft.AspNetCore.Mvc.IActionResult GetRecords(Int32, Int32, Int32)" on controller "KU.WebAPI.Controllers.FormController" ("KU.WebAPI"). (122b2fdf)
2020-11-03T12:39:23.7764873+04:00 80000047-0002-fe00-b63f-84710c7967bb [INF] Executing action method "KU.WebAPI.Controllers.FormController.GetRecords (KU.WebAPI)" - Validation state: Valid (dad538d7)
2020-11-03T12:39:26.0457875+04:00 80000047-0002-fe00-b63f-84710c7967bb [INF] Entity Framework Core "2.2.6-servicing-10079" initialized '"ApplicationDbContext"' using provider '"Microsoft.EntityFrameworkCore.SqlServer"' with options: "MigrationsAssembly=KU.WebAPI " (9958f5bb)
2020-11-03T12:39:26.1577355+04:00 80000047-0002-fe00-b63f-84710c7967bb [INF] Executed DbCommand ("106"ms) [Parameters=["@p0='?' (DbType = Int32), @p1='?' (DbType = Int32)"], CommandType='Text', CommandTimeout='30']"
""sp_getrecordsNew @p0,@p1" (0723d8ff)
2020-11-03T12:39:26.1624934+04:00 80000047-0002-fe00-b63f-84710c7967bb [INF] Executed action method "KU.WebAPI.Controllers.FormController.GetRecords (KU.WebAPI)", returned result "Microsoft.AspNetCore.Mvc.OkObjectResult" in 2382.5129ms. (50a9e262)
2020-11-03T12:39:26.1662733+04:00 80000047-0002-fe00-b63f-84710c7967bb [INF] Executing ObjectResult, writing value of type '"Newtonsoft.Json.Linq.JArray"'. (8a1b66c8)
2020-11-03T12:39:26.1702711+04:00 80000047-0002-fe00-b63f-84710c7967bb [INF] Executed action "KU.WebAPI.Controllers.FormController.GetRecords (KU.WebAPI)" in 2395.9088ms (afa2e885)
2020-11-03T12:39:26.1735978+04:00 80000047-0002-fe00-b63f-84710c7967bb [INF] Executed endpoint '"KU.WebAPI.Controllers.FormController.GetRecords (KU.WebAPI)"' (99874f2b)
2020-11-03T12:39:26.1769950+04:00 80000047-0002-fe00-b63f-84710c7967bb [INF] Request finished in 2429.7907ms 200 application/json; charset=utf-8 (791a596a)
2020-11-03T12:44:28.6869078+04:00 8000001f-0000-fc00-b63f-84710c7967bb [INF] Request starting HTTP/2.0 GET https://localhost:44317/index.html   (ca22a1cb)
2020-11-03T12:44:30.1887886+04:00 8000001f-0000-fc00-b63f-84710c7967bb [INF] Request finished in 1528.453ms 200 text/html (791a596a)
2020-11-03T12:44:30.9819181+04:00 80000021-0000-fc00-b63f-84710c7967bb [INF] Request starting HTTP/2.0 GET https://localhost:44317/swagger/v1/swagger.json   (ca22a1cb)
2020-11-03T12:44:31.5230273+04:00 80000021-0000-fc00-b63f-84710c7967bb [INF] Request finished in 531.2787ms 200 application/json;charset=utf-8 (791a596a)
2020-11-03T12:44:47.2780881+04:00 80000049-0002-fe00-b63f-84710c7967bb [INF] Request starting HTTP/2.0 GET https://localhost:44317/api/Form/Questionnaire?TemplateID=1&SavedformID=52   (ca22a1cb)
2020-11-03T12:44:47.3942901+04:00 80000049-0002-fe00-b63f-84710c7967bb [INF] Executing endpoint '"KU.WebAPI.Controllers.FormController.GetRecords (KU.WebAPI)"' (500cc934)
2020-11-03T12:44:47.4929532+04:00 80000049-0002-fe00-b63f-84710c7967bb [INF] Route matched with "{action = \"GetRecords\", controller = \"Form\"}". Executing controller action with signature "Microsoft.AspNetCore.Mvc.IActionResult GetRecords(Int32, Int32, Int32)" on controller "KU.WebAPI.Controllers.FormController" ("KU.WebAPI"). (122b2fdf)
2020-11-03T12:44:47.5974807+04:00 80000049-0002-fe00-b63f-84710c7967bb [INF] Executing action method "KU.WebAPI.Controllers.FormController.GetRecords (KU.WebAPI)" - Validation state: Valid (dad538d7)
2020-11-03T12:45:07.1756027+04:00 80000049-0002-fe00-b63f-84710c7967bb [INF] Entity Framework Core "2.2.6-servicing-10079" initialized '"ApplicationDbContext"' using provider '"Microsoft.EntityFrameworkCore.SqlServer"' with options: "MigrationsAssembly=KU.WebAPI " (9958f5bb)
2020-11-03T12:45:08.2291898+04:00 80000049-0002-fe00-b63f-84710c7967bb [INF] Executed DbCommand ("203"ms) [Parameters=["@p0='?' (DbType = Int32), @p1='?' (DbType = Int32), @p2='?' (DbType = Int32)"], CommandType='Text', CommandTimeout='30']"
""sp_getrecordsNew @p0,@p1,@p2" (0723d8ff)
2020-11-03T12:45:08.7024453+04:00 80000049-0002-fe00-b63f-84710c7967bb [ERR] An exception occurred while iterating over the results of a query for context type '"KU.Repositories.ApplicationDbContext"'."
""System.Data.SqlTypes.SqlNullValueException: Data is Null. This method or property cannot be called on Null values.
   at System.Data.SqlClient.SqlBuffer.get_String()
   at System.Data.SqlClient.SqlDataReader.GetString(Int32 i)
   at lambda_method(Closure , DbDataReader )
   at Microsoft.EntityFrameworkCore.Storage.Internal.TypedRelationalValueBufferFactory.Create(DbDataReader dataReader)
   at Microsoft.EntityFrameworkCore.Query.Internal.QueryingEnumerable`1.Enumerator.BufferlessMoveNext(DbContext _, Boolean buffer)
   at Microsoft.EntityFrameworkCore.SqlServer.Storage.Internal.SqlServerExecutionStrategy.Execute[TState,TResult](TState state, Func`3 operation, Func`3 verifySucceeded)
   at Microsoft.EntityFrameworkCore.Query.Internal.QueryingEnumerable`1.Enumerator.MoveNext()
   at Microsoft.EntityFrameworkCore.Query.Internal.LinqOperatorProvider._TrackEntities[TOut,TIn](IEnumerable`1 results, QueryContext queryContext, IList`1 entityTrackingInfos, IList`1 entityAccessors)+MoveNext()
   at Microsoft.EntityFrameworkCore.Query.Internal.LinqOperatorProvider.ExceptionInterceptor`1.EnumeratorExceptionInterceptor.MoveNext()" (f5c7ac34)
System.Data.SqlTypes.SqlNullValueException: Data is Null. This method or property cannot be called on Null values.
   at System.Data.SqlClient.SqlBuffer.get_String()
   at System.Data.SqlClient.SqlDataReader.GetString(Int32 i)
   at lambda_method(Closure , DbDataReader )
   at Microsoft.EntityFrameworkCore.Storage.Internal.TypedRelationalValueBufferFactory.Create(DbDataReader dataReader)
   at Microsoft.EntityFrameworkCore.Query.Internal.QueryingEnumerable`1.Enumerator.BufferlessMoveNext(DbContext _, Boolean buffer)
   at Microsoft.EntityFrameworkCore.SqlServer.Storage.Internal.SqlServerExecutionStrategy.Execute[TState,TResult](TState state, Func`3 operation, Func`3 verifySucceeded)
   at Microsoft.EntityFrameworkCore.Query.Internal.QueryingEnumerable`1.Enumerator.MoveNext()
   at Microsoft.EntityFrameworkCore.Query.Internal.LinqOperatorProvider._TrackEntities[TOut,TIn](IEnumerable`1 results, QueryContext queryContext, IList`1 entityTrackingInfos, IList`1 entityAccessors)+MoveNext()
   at Microsoft.EntityFrameworkCore.Query.Internal.LinqOperatorProvider.ExceptionInterceptor`1.EnumeratorExceptionInterceptor.MoveNext()
   at System.Collections.Generic.List`1.AddEnumerable(IEnumerable`1 enumerable)
   at System.Linq.Enumerable.ToList[TSource](IEnumerable`1 source)
   at KU.Repositories.Implementations.GenericResultRepository.GetRecords(Int32 TemplateID, Int32 SavedFormID, Int32 SectionID) in C:\TCIT\Khalifa University\Khalifa\KU.Repositories\Implementations\GenericResultRepository.cs:line 65
   at KU.Services.Implementations.FormService.GetRecords(Int32 TemplateID, Int32 SavedFormID, Int32 SectionID) in C:\TCIT\Khalifa University\Khalifa\KU.Services\Implementations\FormService.cs:line 151
   at KU.WebAPI.Controllers.FormController.GetRecords(Int32 TemplateID, Int32 SavedformID, Int32 SectionID) in C:\TCIT\Khalifa University\Khalifa\KU.WebAPI\Controllers\FormController.cs:line 163
2020-11-03T12:45:08.9943788+04:00 80000049-0002-fe00-b63f-84710c7967bb [ERR] Something went wrong: System.Data.SqlTypes.SqlNullValueException: Data is Null. This method or property cannot be called on Null values.
   at System.Data.SqlClient.SqlBuffer.get_String()
   at System.Data.SqlClient.SqlDataReader.GetString(Int32 i)
   at lambda_method(Closure , DbDataReader )
   at Microsoft.EntityFrameworkCore.Storage.Internal.TypedRelationalValueBufferFactory.Create(DbDataReader dataReader)
   at Microsoft.EntityFrameworkCore.Query.Internal.QueryingEnumerable`1.Enumerator.BufferlessMoveNext(DbContext _, Boolean buffer)
   at Microsoft.EntityFrameworkCore.SqlServer.Storage.Internal.SqlServerExecutionStrategy.Execute[TState,TResult](TState state, Func`3 operation, Func`3 verifySucceeded)
   at Microsoft.EntityFrameworkCore.Query.Internal.QueryingEnumerable`1.Enumerator.MoveNext()
   at Microsoft.EntityFrameworkCore.Query.Internal.LinqOperatorProvider._TrackEntities[TOut,TIn](IEnumerable`1 results, QueryContext queryContext, IList`1 entityTrackingInfos, IList`1 entityAccessors)+MoveNext()
   at Microsoft.EntityFrameworkCore.Query.Internal.LinqOperatorProvider.ExceptionInterceptor`1.EnumeratorExceptionInterceptor.MoveNext()
   at System.Collections.Generic.List`1.AddEnumerable(IEnumerable`1 enumerable)
   at System.Linq.Enumerable.ToList[TSource](IEnumerable`1 source)
   at KU.Repositories.Implementations.GenericResultRepository.GetRecords(Int32 TemplateID, Int32 SavedFormID, Int32 SectionID) in C:\TCIT\Khalifa University\Khalifa\KU.Repositories\Implementations\GenericResultRepository.cs:line 65
   at KU.Services.Implementations.FormService.GetRecords(Int32 TemplateID, Int32 SavedFormID, Int32 SectionID) in C:\TCIT\Khalifa University\Khalifa\KU.Services\Implementations\FormService.cs:line 151
   at KU.WebAPI.Controllers.FormController.GetRecords(Int32 TemplateID, Int32 SavedformID, Int32 SectionID) in C:\TCIT\Khalifa University\Khalifa\KU.WebAPI\Controllers\FormController.cs:line 163 (0d44c659)
2020-11-03T12:45:09.0269282+04:00 80000049-0002-fe00-b63f-84710c7967bb [INF] Executed action method "KU.WebAPI.Controllers.FormController.GetRecords (KU.WebAPI)", returned result "Microsoft.AspNetCore.Mvc.ObjectResult" in 21397.3576ms. (50a9e262)
2020-11-03T12:45:09.0737984+04:00 80000049-0002-fe00-b63f-84710c7967bb [INF] Executing ObjectResult, writing value of type '"null"'. (8a1b66c8)
2020-11-03T12:45:09.0938830+04:00 80000049-0002-fe00-b63f-84710c7967bb [INF] Executed action "KU.WebAPI.Controllers.FormController.GetRecords (KU.WebAPI)" in 21581.5132ms (afa2e885)
2020-11-03T12:45:09.1061143+04:00 80000049-0002-fe00-b63f-84710c7967bb [INF] Executed endpoint '"KU.WebAPI.Controllers.FormController.GetRecords (KU.WebAPI)"' (99874f2b)
2020-11-03T12:45:09.1231969+04:00 80000049-0002-fe00-b63f-84710c7967bb [INF] Request finished in 21847.4668ms 500  (791a596a)
2020-11-03T12:53:26.1976392+04:00 8000001d-0005-fb00-b63f-84710c7967bb [INF] Request starting HTTP/2.0 GET https://localhost:44317/api/Form/Questionnaire?TemplateID=1&SavedformID=742   (ca22a1cb)
2020-11-03T12:53:26.2534730+04:00 8000001d-0005-fb00-b63f-84710c7967bb [INF] Executing endpoint '"KU.WebAPI.Controllers.FormController.GetRecords (KU.WebAPI)"' (500cc934)
2020-11-03T12:53:26.2678848+04:00 8000001d-0005-fb00-b63f-84710c7967bb [INF] Route matched with "{action = \"GetRecords\", controller = \"Form\"}". Executing controller action with signature "Microsoft.AspNetCore.Mvc.IActionResult GetRecords(Int32, Int32, Int32)" on controller "KU.WebAPI.Controllers.FormController" ("KU.WebAPI"). (122b2fdf)
2020-11-03T12:53:26.3065359+04:00 8000001d-0005-fb00-b63f-84710c7967bb [INF] Executing action method "KU.WebAPI.Controllers.FormController.GetRecords (KU.WebAPI)" - Validation state: Valid (dad538d7)
2020-11-03T12:53:28.8862720+04:00 8000001d-0005-fb00-b63f-84710c7967bb [INF] Entity Framework Core "2.2.6-servicing-10079" initialized '"ApplicationDbContext"' using provider '"Microsoft.EntityFrameworkCore.SqlServer"' with options: "MigrationsAssembly=KU.WebAPI " (9958f5bb)
2020-11-03T12:53:29.3946762+04:00 8000001d-0005-fb00-b63f-84710c7967bb [INF] Executed DbCommand ("147"ms) [Parameters=["@p0='?' (DbType = Int32), @p1='?' (DbType = Int32), @p2='?' (DbType = Int32)"], CommandType='Text', CommandTimeout='30']"
""sp_getrecordsNew @p0,@p1,@p2" (0723d8ff)
2020-11-03T12:53:29.5842174+04:00 8000001d-0005-fb00-b63f-84710c7967bb [INF] Executed action method "KU.WebAPI.Controllers.FormController.GetRecords (KU.WebAPI)", returned result "Microsoft.AspNetCore.Mvc.OkObjectResult" in 3263.9343ms. (50a9e262)
2020-11-03T12:53:29.5981636+04:00 8000001d-0005-fb00-b63f-84710c7967bb [INF] Executing ObjectResult, writing value of type '"Newtonsoft.Json.Linq.JArray"'. (8a1b66c8)
2020-11-03T12:53:29.6223440+04:00 8000001d-0005-fb00-b63f-84710c7967bb [INF] Executed action "KU.WebAPI.Controllers.FormController.GetRecords (KU.WebAPI)" in 3340.044ms (afa2e885)
2020-11-03T12:53:29.6362140+04:00 8000001d-0005-fb00-b63f-84710c7967bb [INF] Executed endpoint '"KU.WebAPI.Controllers.FormController.GetRecords (KU.WebAPI)"' (99874f2b)
2020-11-03T12:53:29.6505470+04:00 8000001d-0005-fb00-b63f-84710c7967bb [INF] Request finished in 3453.6901ms 200 application/json; charset=utf-8 (791a596a)
2020-11-03T12:53:56.5108841+04:00 8000001f-0005-fb00-b63f-84710c7967bb [INF] Request starting HTTP/2.0 GET https://localhost:44317/api/Form/Questionnaire?TemplateID=2   (ca22a1cb)
2020-11-03T12:53:56.5256738+04:00 8000001f-0005-fb00-b63f-84710c7967bb [INF] Executing endpoint '"KU.WebAPI.Controllers.FormController.GetRecords (KU.WebAPI)"' (500cc934)
2020-11-03T12:53:56.5385473+04:00 8000001f-0005-fb00-b63f-84710c7967bb [INF] Route matched with "{action = \"GetRecords\", controller = \"Form\"}". Executing controller action with signature "Microsoft.AspNetCore.Mvc.IActionResult GetRecords(Int32, Int32, Int32)" on controller "KU.WebAPI.Controllers.FormController" ("KU.WebAPI"). (122b2fdf)
2020-11-03T12:53:56.5527127+04:00 8000001f-0005-fb00-b63f-84710c7967bb [INF] Executing action method "KU.WebAPI.Controllers.FormController.GetRecords (KU.WebAPI)" - Validation state: Valid (dad538d7)
2020-11-03T12:54:00.4048725+04:00 8000001f-0005-fb00-b63f-84710c7967bb [INF] Entity Framework Core "2.2.6-servicing-10079" initialized '"ApplicationDbContext"' using provider '"Microsoft.EntityFrameworkCore.SqlServer"' with options: "MigrationsAssembly=KU.WebAPI " (9958f5bb)
2020-11-03T12:54:00.7122351+04:00 8000001f-0005-fb00-b63f-84710c7967bb [INF] Executed DbCommand ("284"ms) [Parameters=["@p0='?' (DbType = Int32), @p1='?' (DbType = Int32)"], CommandType='Text', CommandTimeout='30']"
""sp_getrecordsNew @p0,@p1" (0723d8ff)
2020-11-03T12:54:28.9353647+04:00 8000001f-0005-fb00-b63f-84710c7967bb [INF] Executed action method "KU.WebAPI.Controllers.FormController.GetRecords (KU.WebAPI)", returned result "Microsoft.AspNetCore.Mvc.OkObjectResult" in 32376.9878ms. (50a9e262)
2020-11-03T12:54:28.9401824+04:00 8000001f-0005-fb00-b63f-84710c7967bb [INF] Executing ObjectResult, writing value of type '"Newtonsoft.Json.Linq.JArray"'. (8a1b66c8)
2020-11-03T12:54:29.0406893+04:00 8000001f-0005-fb00-b63f-84710c7967bb [INF] Executed action "KU.WebAPI.Controllers.FormController.GetRecords (KU.WebAPI)" in 32495.9463ms (afa2e885)
2020-11-03T12:54:29.0464955+04:00 8000001f-0005-fb00-b63f-84710c7967bb [INF] Executed endpoint '"KU.WebAPI.Controllers.FormController.GetRecords (KU.WebAPI)"' (99874f2b)
2020-11-03T12:54:29.0528355+04:00 8000001f-0005-fb00-b63f-84710c7967bb [INF] Request finished in 32548.5079ms 200 application/json; charset=utf-8 (791a596a)
2020-11-03T12:58:30.8013648+04:00 8000004b-0002-fe00-b63f-84710c7967bb [INF] Request starting HTTP/2.0 GET https://localhost:44317/api/Form/Questionnaire?SavedformID=4676   (ca22a1cb)
2020-11-03T12:58:30.8059245+04:00 8000004b-0002-fe00-b63f-84710c7967bb [INF] Executing endpoint '"KU.WebAPI.Controllers.FormController.GetRecords (KU.WebAPI)"' (500cc934)
2020-11-03T12:58:30.8103313+04:00 8000004b-0002-fe00-b63f-84710c7967bb [INF] Route matched with "{action = \"GetRecords\", controller = \"Form\"}". Executing controller action with signature "Microsoft.AspNetCore.Mvc.IActionResult GetRecords(Int32, Int32, Int32)" on controller "KU.WebAPI.Controllers.FormController" ("KU.WebAPI"). (122b2fdf)
2020-11-03T12:58:30.8156296+04:00 8000004b-0002-fe00-b63f-84710c7967bb [INF] Executing action method "KU.WebAPI.Controllers.FormController.GetRecords (KU.WebAPI)" - Validation state: Valid (dad538d7)
2020-11-03T12:58:33.3052920+04:00 8000004b-0002-fe00-b63f-84710c7967bb [INF] Entity Framework Core "2.2.6-servicing-10079" initialized '"ApplicationDbContext"' using provider '"Microsoft.EntityFrameworkCore.SqlServer"' with options: "MigrationsAssembly=KU.WebAPI " (9958f5bb)
2020-11-03T12:58:33.4148866+04:00 8000004b-0002-fe00-b63f-84710c7967bb [INF] Executed DbCommand ("98"ms) [Parameters=["@p0='?' (DbType = Int32), @p1='?' (DbType = Int32), @p2='?' (DbType = Int32)"], CommandType='Text', CommandTimeout='30']"
""sp_getrecordsNew @p0,@p1,@p2" (0723d8ff)
2020-11-03T12:58:33.4260913+04:00 8000004b-0002-fe00-b63f-84710c7967bb [INF] Executed action method "KU.WebAPI.Controllers.FormController.GetRecords (KU.WebAPI)", returned result "Microsoft.AspNetCore.Mvc.OkObjectResult" in 2601.3ms. (50a9e262)
2020-11-03T12:58:33.4361703+04:00 8000004b-0002-fe00-b63f-84710c7967bb [INF] Executing ObjectResult, writing value of type '"Newtonsoft.Json.Linq.JArray"'. (8a1b66c8)
2020-11-03T12:58:33.4526643+04:00 8000004b-0002-fe00-b63f-84710c7967bb [INF] Executed action "KU.WebAPI.Controllers.FormController.GetRecords (KU.WebAPI)" in 2626.7935ms (afa2e885)
2020-11-03T12:58:33.4625685+04:00 8000004b-0002-fe00-b63f-84710c7967bb [INF] Executed endpoint '"KU.WebAPI.Controllers.FormController.GetRecords (KU.WebAPI)"' (99874f2b)
2020-11-03T12:58:33.4722750+04:00 8000004b-0002-fe00-b63f-84710c7967bb [INF] Request finished in 2665.6121ms 200 application/json; charset=utf-8 (791a596a)
2020-11-03T12:58:44.3756267+04:00 80000023-0000-fc00-b63f-84710c7967bb [INF] Request starting HTTP/2.0 GET https://localhost:44317/api/Form/Questionnaire?SavedformID=472   (ca22a1cb)
2020-11-03T12:58:44.3808184+04:00 80000023-0000-fc00-b63f-84710c7967bb [INF] Executing endpoint '"KU.WebAPI.Controllers.FormController.GetRecords (KU.WebAPI)"' (500cc934)
2020-11-03T12:58:44.3863572+04:00 80000023-0000-fc00-b63f-84710c7967bb [INF] Route matched with "{action = \"GetRecords\", controller = \"Form\"}". Executing controller action with signature "Microsoft.AspNetCore.Mvc.IActionResult GetRecords(Int32, Int32, Int32)" on controller "KU.WebAPI.Controllers.FormController" ("KU.WebAPI"). (122b2fdf)
2020-11-03T12:58:44.3912074+04:00 80000023-0000-fc00-b63f-84710c7967bb [INF] Executing action method "KU.WebAPI.Controllers.FormController.GetRecords (KU.WebAPI)" - Validation state: Valid (dad538d7)
2020-11-03T12:58:46.4874015+04:00 80000023-0000-fc00-b63f-84710c7967bb [INF] Entity Framework Core "2.2.6-servicing-10079" initialized '"ApplicationDbContext"' using provider '"Microsoft.EntityFrameworkCore.SqlServer"' with options: "MigrationsAssembly=KU.WebAPI " (9958f5bb)
2020-11-03T12:58:46.6070088+04:00 80000023-0000-fc00-b63f-84710c7967bb [INF] Executed DbCommand ("116"ms) [Parameters=["@p0='?' (DbType = Int32), @p1='?' (DbType = Int32), @p2='?' (DbType = Int32)"], CommandType='Text', CommandTimeout='30']"
""sp_getrecordsNew @p0,@p1,@p2" (0723d8ff)
2020-11-03T12:58:46.7101111+04:00 80000023-0000-fc00-b63f-84710c7967bb [INF] Executed action method "KU.WebAPI.Controllers.FormController.GetRecords (KU.WebAPI)", returned result "Microsoft.AspNetCore.Mvc.OkObjectResult" in 2305.9345ms. (50a9e262)
2020-11-03T12:58:46.7231635+04:00 80000023-0000-fc00-b63f-84710c7967bb [INF] Executing ObjectResult, writing value of type '"Newtonsoft.Json.Linq.JArray"'. (8a1b66c8)
2020-11-03T12:58:46.7385313+04:00 80000023-0000-fc00-b63f-84710c7967bb [INF] Executed action "KU.WebAPI.Controllers.FormController.GetRecords (KU.WebAPI)" in 2338.4051ms (afa2e885)
2020-11-03T12:58:46.7470694+04:00 80000023-0000-fc00-b63f-84710c7967bb [INF] Executed endpoint '"KU.WebAPI.Controllers.FormController.GetRecords (KU.WebAPI)"' (99874f2b)
2020-11-03T12:58:46.7516373+04:00 80000023-0000-fc00-b63f-84710c7967bb [INF] Request finished in 2376.4091ms 200 application/json; charset=utf-8 (791a596a)
2020-11-03T13:00:06.8263227+04:00 8000004d-0002-fe00-b63f-84710c7967bb [INF] Request starting HTTP/2.0 GET https://localhost:44317/api/Report/Reports?TemplateID=1   (ca22a1cb)
2020-11-03T13:00:06.8413331+04:00 8000004d-0002-fe00-b63f-84710c7967bb [INF] Executing endpoint '"KU.WebAPI.Controllers.ReportController.GetReport (KU.WebAPI)"' (500cc934)
2020-11-03T13:00:06.8589643+04:00 8000004d-0002-fe00-b63f-84710c7967bb [INF] Route matched with "{action = \"GetReport\", controller = \"Report\"}". Executing controller action with signature "Microsoft.AspNetCore.Mvc.IActionResult GetReport(Int64, Int64, System.String, System.String, System.String, System.String, System.String, System.String, System.String, System.String, System.String, Int32, Int32, Int32, Int32, System.String)" on controller "KU.WebAPI.Controllers.ReportController" ("KU.WebAPI"). (122b2fdf)
2020-11-03T13:00:06.8646433+04:00 8000004d-0002-fe00-b63f-84710c7967bb [INF] Executing action method "KU.WebAPI.Controllers.ReportController.GetReport (KU.WebAPI)" - Validation state: Valid (dad538d7)
2020-11-03T13:00:06.8724884+04:00 8000004d-0002-fe00-b63f-84710c7967bb [INF] Entity Framework Core "2.2.6-servicing-10079" initialized '"ApplicationDbContext"' using provider '"Microsoft.EntityFrameworkCore.SqlServer"' with options: "MigrationsAssembly=KU.WebAPI " (9958f5bb)
2020-11-03T13:00:07.5789229+04:00 8000004d-0002-fe00-b63f-84710c7967bb [INF] Executed DbCommand ("584"ms) [Parameters=["@p0='?' (DbType = Int32), @p1='?' (DbType = Int32), @p2='?' (DbType = Int32), @p3='?' (DbType = Int32), @p4='?' (DbType = Int64), @p5='?' (DbType = Int64), @p6='?', @p7='?' (Size = 4000), @p8='?' (Size = 4000), @p9='?' (Size = 4000), @p10='?' (Size = 4000), @p11='?', @p12='?' (Size = 4000), @p13='?' (Size = 4000), @p14='?' (Size = 4000), @p15='?' (Size = 4000)"], CommandType='Text', CommandTimeout='30']"
""SP_GETDATA @p0,@p1,@p2,@p3,@p4,@p5,@p6,@p7,@p8,@p9,@p10,@p11,@p12,@p13,@p14,@p15" (0723d8ff)
2020-11-03T13:00:07.7833983+04:00 8000004d-0002-fe00-b63f-84710c7967bb [INF] Executed action method "KU.WebAPI.Controllers.ReportController.GetReport (KU.WebAPI)", returned result "Microsoft.AspNetCore.Mvc.OkObjectResult" in 913.2649ms. (50a9e262)
2020-11-03T13:00:07.7878021+04:00 8000004d-0002-fe00-b63f-84710c7967bb [INF] Executing ObjectResult, writing value of type '"KU.Repositories.Models.QuestionnaireWrap"'. (8a1b66c8)
2020-11-03T13:00:07.9506343+04:00 8000004d-0002-fe00-b63f-84710c7967bb [INF] Executed action "KU.WebAPI.Controllers.ReportController.GetReport (KU.WebAPI)" in 1086.3768ms (afa2e885)
2020-11-03T13:00:07.9552231+04:00 8000004d-0002-fe00-b63f-84710c7967bb [INF] Executed endpoint '"KU.WebAPI.Controllers.ReportController.GetReport (KU.WebAPI)"' (99874f2b)
2020-11-03T13:00:07.9604922+04:00 8000004d-0002-fe00-b63f-84710c7967bb [INF] Request finished in 1134.407ms 200 application/json; charset=utf-8 (791a596a)
2020-11-03T13:06:26.7856895+04:00 8000004f-0002-fe00-b63f-84710c7967bb [INF] Request starting HTTP/2.0 GET https://localhost:44317/index.html   (ca22a1cb)
2020-11-03T13:06:27.9614145+04:00 8000004f-0002-fe00-b63f-84710c7967bb [INF] Request finished in 1185.9421ms 200 text/html (791a596a)
2020-11-03T13:06:29.6107882+04:00 80000027-0003-fd00-b63f-84710c7967bb [INF] Request starting HTTP/2.0 GET https://localhost:44317/swagger/v1/swagger.json   (ca22a1cb)
2020-11-03T13:06:29.8373915+04:00 80000027-0003-fd00-b63f-84710c7967bb [INF] Request finished in 227.3915ms 200 application/json;charset=utf-8 (791a596a)
2020-11-03T13:06:47.4242517+04:00 80000054-0004-ff00-b63f-84710c7967bb [INF] Request starting HTTP/2.0 GET https://localhost:44317/api/Form/Questionnaire?SavedformID=452   (ca22a1cb)
2020-11-03T13:06:47.6473325+04:00 80000054-0004-ff00-b63f-84710c7967bb [INF] Executing endpoint '"KU.WebAPI.Controllers.FormController.GetRecords (KU.WebAPI)"' (500cc934)
2020-11-03T13:06:47.6803502+04:00 80000054-0004-ff00-b63f-84710c7967bb [INF] Route matched with "{action = \"GetRecords\", controller = \"Form\"}". Executing controller action with signature "Microsoft.AspNetCore.Mvc.IActionResult GetRecords(Int32, Int32, Int32)" on controller "KU.WebAPI.Controllers.FormController" ("KU.WebAPI"). (122b2fdf)
2020-11-03T13:06:47.7176289+04:00 80000054-0004-ff00-b63f-84710c7967bb [INF] Executing action method "KU.WebAPI.Controllers.FormController.GetRecords (KU.WebAPI)" - Validation state: Valid (dad538d7)
2020-11-03T13:07:00.4239394+04:00 80000054-0004-ff00-b63f-84710c7967bb [INF] Entity Framework Core "2.2.6-servicing-10079" initialized '"ApplicationDbContext"' using provider '"Microsoft.EntityFrameworkCore.SqlServer"' with options: "MigrationsAssembly=KU.WebAPI " (9958f5bb)
2020-11-03T13:07:02.5713122+04:00 80000054-0004-ff00-b63f-84710c7967bb [INF] Executed DbCommand ("127"ms) [Parameters=["@p0='?' (DbType = Int32), @p1='?' (DbType = Int32), @p2='?' (DbType = Int32)"], CommandType='Text', CommandTimeout='30']"
""sp_getrecordsNew @p0,@p1,@p2" (0723d8ff)
2020-11-03T13:07:03.1494938+04:00 80000054-0004-ff00-b63f-84710c7967bb [INF] Executed action method "KU.WebAPI.Controllers.FormController.GetRecords (KU.WebAPI)", returned result "Microsoft.AspNetCore.Mvc.OkObjectResult" in 15410.2138ms. (50a9e262)
2020-11-03T13:07:03.1596430+04:00 80000054-0004-ff00-b63f-84710c7967bb [INF] Executing ObjectResult, writing value of type '"Newtonsoft.Json.Linq.JArray"'. (8a1b66c8)
2020-11-03T13:07:03.1726204+04:00 80000054-0004-ff00-b63f-84710c7967bb [INF] Executed action "KU.WebAPI.Controllers.FormController.GetRecords (KU.WebAPI)" in 15485.0597ms (afa2e885)
2020-11-03T13:07:03.1762306+04:00 80000054-0004-ff00-b63f-84710c7967bb [INF] Executed endpoint '"KU.WebAPI.Controllers.FormController.GetRecords (KU.WebAPI)"' (99874f2b)
2020-11-03T13:07:03.1797444+04:00 80000054-0004-ff00-b63f-84710c7967bb [INF] Request finished in 15755.9073ms 200 application/json; charset=utf-8 (791a596a)
