2020-05-05T14:21:30.2082671+04:00 8000002d-0001-ff00-b63f-84710c7967bb [INF] Request starting HTTP/2.0 GET https://localhost:44317/   (ca22a1cb)
2020-05-05T14:21:33.7526403+04:00 80000029-0007-ff00-b63f-84710c7967bb [INF] Request starting HTTP/2.0 GET https://localhost:44317/index.html   (ca22a1cb)
2020-05-05T14:21:33.7525822+04:00 8000002d-0001-ff00-b63f-84710c7967bb [INF] Request finished in 3439.9782ms 301  (791a596a)
2020-05-05T14:21:34.6198353+04:00 80000029-0007-ff00-b63f-84710c7967bb [INF] Request finished in 868.9352ms 200 text/html (791a596a)
2020-05-05T14:21:35.0089026+04:00 80000011-0001-fe00-b63f-84710c7967bb [INF] Request starting HTTP/2.0 GET https://localhost:44317/swagger-ui-bundle.js   (ca22a1cb)
2020-05-05T14:21:35.0137168+04:00 80000004-0001-fd00-b63f-84710c7967bb [INF] Request starting HTTP/2.0 GET https://localhost:44317/swagger-ui-standalone-preset.js   (ca22a1cb)
2020-05-05T14:21:35.0160139+04:00 8000002f-0001-ff00-b63f-84710c7967bb [INF] Request starting HTTP/2.0 GET https://localhost:44317/swagger-ui.css   (ca22a1cb)
2020-05-05T14:21:36.1929231+04:00 8000002f-0001-ff00-b63f-84710c7967bb [INF] Sending file. Request path: '"/swagger-ui.css"'. Physical path: '"N/A"' (27b0a520)
2020-05-05T14:21:36.2053949+04:00 8000002f-0001-ff00-b63f-84710c7967bb [INF] Request finished in 1214.3964ms 200 text/css (791a596a)
2020-05-05T14:21:36.3515478+04:00 80000004-0001-fd00-b63f-84710c7967bb [INF] Sending file. Request path: '"/swagger-ui-standalone-preset.js"'. Physical path: '"N/A"' (27b0a520)
2020-05-05T14:21:36.3576950+04:00 80000004-0001-fd00-b63f-84710c7967bb [INF] Request finished in 1356.7053ms 200 application/javascript (791a596a)
2020-05-05T14:21:36.4472662+04:00 80000011-0001-fe00-b63f-84710c7967bb [INF] Sending file. Request path: '"/swagger-ui-bundle.js"'. Physical path: '"N/A"' (27b0a520)
2020-05-05T14:21:36.4536029+04:00 80000011-0001-fe00-b63f-84710c7967bb [INF] Request finished in 1460.1508ms 200 application/javascript (791a596a)
2020-05-05T14:21:38.9701851+04:00 80000008-0005-fd00-b63f-84710c7967bb [INF] Request starting HTTP/2.0 GET https://localhost:44317/swagger/v1/swagger.json   (ca22a1cb)
2020-05-05T14:21:39.6891551+04:00 80000075-0004-ff00-b63f-84710c7967bb [INF] Request starting HTTP/2.0 GET https://localhost:44317/favicon-32x32.png   (ca22a1cb)
2020-05-05T14:21:39.7197004+04:00 80000075-0004-ff00-b63f-84710c7967bb [INF] Sending file. Request path: '"/favicon-32x32.png"'. Physical path: '"N/A"' (27b0a520)
2020-05-05T14:21:39.7263231+04:00 80000075-0004-ff00-b63f-84710c7967bb [INF] Request finished in 38.9123ms 200 image/png (791a596a)
2020-05-05T14:21:40.7075571+04:00 80000008-0005-fd00-b63f-84710c7967bb [INF] Request finished in 1740.9054ms 200 application/json;charset=utf-8 (791a596a)
2020-05-05T14:24:44.6044659+04:00 80000004-0003-fb00-b63f-84710c7967bb [INF] Request starting HTTP/2.0 GET https://localhost:44317/api/Form/Questionnaire?SavedformID=71139&TemplateID=10   (ca22a1cb)
2020-05-05T14:24:45.6892918+04:00 80000004-0003-fb00-b63f-84710c7967bb [INF] Executing endpoint '"KU.WebAPI.Controllers.FormController.GetSampleIDAll (KU.WebAPI)"' (500cc934)
2020-05-05T14:24:46.3687800+04:00 80000004-0003-fb00-b63f-84710c7967bb [INF] Route matched with "{action = \"GetSampleIDAll\", controller = \"Form\"}". Executing controller action with signature "Microsoft.AspNetCore.Mvc.IActionResult GetSampleIDAll(Int32, Int32)" on controller "KU.WebAPI.Controllers.FormController" ("KU.WebAPI"). (122b2fdf)
2020-05-05T14:24:46.5868341+04:00 80000004-0003-fb00-b63f-84710c7967bb [INF] Executing action method "KU.WebAPI.Controllers.FormController.GetSampleIDAll (KU.WebAPI)" - Validation state: Valid (dad538d7)
2020-05-05T14:25:46.9687499+04:00 80000004-0003-fb00-b63f-84710c7967bb [INF] Entity Framework Core "2.2.6-servicing-10079" initialized '"ApplicationDbContext"' using provider '"Microsoft.EntityFrameworkCore.SqlServer"' with options: "MigrationsAssembly=KU.WebAPI " (9958f5bb)
2020-05-05T14:26:01.8598521+04:00 80000004-0003-fb00-b63f-84710c7967bb [INF] Executed DbCommand ("2,893"ms) [Parameters=["@p0='?' (DbType = Int32), @p1='?' (DbType = Int32), @p2='?' (DbType = Int32)"], CommandType='Text', CommandTimeout='30']"
""sp_getrecords @p0,@p1,@p2" (0723d8ff)
2020-05-05T14:26:04.0793502+04:00 80000004-0003-fb00-b63f-84710c7967bb [INF] Executed action method "KU.WebAPI.Controllers.FormController.GetSampleIDAll (KU.WebAPI)", returned result "Microsoft.AspNetCore.Mvc.OkObjectResult" in 77318.948ms. (50a9e262)
2020-05-05T14:26:04.1320223+04:00 80000004-0003-fb00-b63f-84710c7967bb [INF] Executing ObjectResult, writing value of type '"System.Collections.Generic.List`1[[KU.Repositories.Models.Questionnaire9, KU.Repositories, Version=1.0.0.0, Culture=neutral, PublicKeyToken=null]]"'. (8a1b66c8)
2020-05-05T14:26:05.6690289+04:00 80000004-0003-fb00-b63f-84710c7967bb [INF] Executed action "KU.WebAPI.Controllers.FormController.GetSampleIDAll (KU.WebAPI)" in 79287.7105ms (afa2e885)
2020-05-05T14:26:05.6748097+04:00 80000004-0003-fb00-b63f-84710c7967bb [INF] Executed endpoint '"KU.WebAPI.Controllers.FormController.GetSampleIDAll (KU.WebAPI)"' (99874f2b)
2020-05-05T14:26:05.6828955+04:00 80000004-0003-fb00-b63f-84710c7967bb [INF] Request finished in 81087.0491ms 200 application/json; charset=utf-8 (791a596a)
2020-05-05T14:26:36.7497694+04:00 8000002c-0002-fa00-b63f-84710c7967bb [INF] Request starting HTTP/2.0 GET https://localhost:44317/api/Report/Reports?TemplateID=10   (ca22a1cb)
2020-05-05T14:26:36.7610330+04:00 8000002c-0002-fa00-b63f-84710c7967bb [INF] Executing endpoint '"KU.WebAPI.Controllers.ReportController.GetReport (KU.WebAPI)"' (500cc934)
2020-05-05T14:26:36.8086134+04:00 8000002c-0002-fa00-b63f-84710c7967bb [INF] Route matched with "{action = \"GetReport\", controller = \"Report\"}". Executing controller action with signature "Microsoft.AspNetCore.Mvc.IActionResult GetReport(Int64, System.String, System.String, System.String, System.String, System.String, System.String, System.String, System.String, System.String, System.String, Int32, Int32, Int32, Int32, System.String)" on controller "KU.WebAPI.Controllers.ReportController" ("KU.WebAPI"). (122b2fdf)
2020-05-05T14:26:36.8177425+04:00 8000002c-0002-fa00-b63f-84710c7967bb [INF] Executing action method "KU.WebAPI.Controllers.ReportController.GetReport (KU.WebAPI)" - Validation state: Valid (dad538d7)
2020-05-05T14:26:36.8436310+04:00 8000002c-0002-fa00-b63f-84710c7967bb [INF] Entity Framework Core "2.2.6-servicing-10079" initialized '"ApplicationDbContext"' using provider '"Microsoft.EntityFrameworkCore.SqlServer"' with options: "MigrationsAssembly=KU.WebAPI " (9958f5bb)
2020-05-05T14:26:41.2910838+04:00 8000002c-0002-fa00-b63f-84710c7967bb [INF] Executed DbCommand ("3,808"ms) [Parameters=["@p0='?' (DbType = Int32), @p1='?' (DbType = Int32), @p2='?' (DbType = Int32), @p3='?' (DbType = Int32), @p4='?' (DbType = Int64), @p5='?' (Size = 4000), @p6='?', @p7='?' (Size = 4000), @p8='?' (Size = 4000), @p9='?' (Size = 4000), @p10='?' (Size = 4000), @p11='?', @p12='?' (Size = 4000), @p13='?' (Size = 4000), @p14='?' (Size = 4000), @p15='?' (Size = 4000)"], CommandType='Text', CommandTimeout='30']"
""SP_GETDATA @p0,@p1,@p2,@p3,@p4,@p5,@p6,@p7,@p8,@p9,@p10,@p11,@p12,@p13,@p14,@p15" (0723d8ff)
2020-05-05T14:26:41.5612862+04:00 8000002c-0002-fa00-b63f-84710c7967bb [INF] Executed action method "KU.WebAPI.Controllers.ReportController.GetReport (KU.WebAPI)", returned result "Microsoft.AspNetCore.Mvc.OkObjectResult" in 4736.5074ms. (50a9e262)
2020-05-05T14:26:41.5701931+04:00 8000002c-0002-fa00-b63f-84710c7967bb [INF] Executing ObjectResult, writing value of type '"KU.Repositories.Models.QuestionnaireWrap9"'. (8a1b66c8)
2020-05-05T14:26:42.5507582+04:00 8000002c-0002-fa00-b63f-84710c7967bb [INF] Executed action "KU.WebAPI.Controllers.ReportController.GetReport (KU.WebAPI)" in 5735.3464ms (afa2e885)
2020-05-05T14:26:42.5571724+04:00 8000002c-0002-fa00-b63f-84710c7967bb [INF] Executed endpoint '"KU.WebAPI.Controllers.ReportController.GetReport (KU.WebAPI)"' (99874f2b)
2020-05-05T14:26:42.5647145+04:00 8000002c-0002-fa00-b63f-84710c7967bb [INF] Request finished in 5814.5685ms 200 application/json; charset=utf-8 (791a596a)
