2020-10-26T17:28:51.9472344+04:00 80000006-0003-ff00-b63f-84710c7967bb [INF] Request starting HTTP/2.0 GET https://localhost:44317/index.html   (ca22a1cb)
2020-10-26T17:28:53.6440548+04:00 80000006-0003-ff00-b63f-84710c7967bb [INF] Request finished in 1703.3541ms 200 text/html (791a596a)
2020-10-26T17:28:54.3275054+04:00 80000006-0002-ff00-b63f-84710c7967bb [INF] Request starting HTTP/2.0 GET https://localhost:44317/swagger/v1/swagger.json   (ca22a1cb)
2020-10-26T17:28:54.6519796+04:00 80000006-0002-ff00-b63f-84710c7967bb [INF] Request finished in 327.1586ms 200 application/json;charset=utf-8 (791a596a)
2020-10-26T17:29:21.5419803+04:00 80000007-0007-ff00-b63f-84710c7967bb [INF] Request starting HTTP/2.0 POST https://localhost:44317/api/Form/AddForms application/json-patch+json 216 (ca22a1cb)
2020-10-26T17:29:21.5469402+04:00 80000007-0007-ff00-b63f-84710c7967bb [INF] CORS policy execution successful. (5409d6ef)
2020-10-26T17:29:21.5991435+04:00 80000007-0007-ff00-b63f-84710c7967bb [INF] Executing endpoint '"KU.WebAPI.Controllers.FormController.AddSavedForm (KU.WebAPI)"' (500cc934)
2020-10-26T17:29:21.6594792+04:00 80000007-0007-ff00-b63f-84710c7967bb [INF] Route matched with "{action = \"AddSavedForm\", controller = \"Form\"}". Executing controller action with signature "Microsoft.AspNetCore.Mvc.IActionResult AddSavedForm(KU.Services.Interfaces.SavedFormViewModel)" on controller "KU.WebAPI.Controllers.FormController" ("KU.WebAPI"). (122b2fdf)
2020-10-26T17:29:21.6658234+04:00 80000007-0007-ff00-b63f-84710c7967bb [WRN] The CORS protocol does not allow specifying a wildcard (any) origin and credentials at the same time. Configure the policy by listing individual origins if credentials needs to be supported. (6e5ffae2)
2020-10-26T17:29:21.6691146+04:00 80000007-0007-ff00-b63f-84710c7967bb [INF] CORS policy execution successful. (5409d6ef)
2020-10-26T17:29:21.7347597+04:00 80000007-0007-ff00-b63f-84710c7967bb [INF] Executing action method "KU.WebAPI.Controllers.FormController.AddSavedForm (KU.WebAPI)" - Validation state: Valid (dad538d7)
2020-10-26T17:29:30.9432627+04:00 80000007-0007-ff00-b63f-84710c7967bb [INF] Entity Framework Core "2.2.6-servicing-10079" initialized '"ApplicationDbContext"' using provider '"Microsoft.EntityFrameworkCore.SqlServer"' with options: "MigrationsAssembly=KU.WebAPI " (9958f5bb)
2020-10-26T17:29:32.3435388+04:00 80000007-0007-ff00-b63f-84710c7967bb [INF] Executed DbCommand ("365"ms) [Parameters=["@p0='?' (Size = 4000), @p1='?' (DbType = DateTime2), @p2='?' (Size = 250), @p3='?' (DbType = Int64), @p4='?' (DbType = DateTime2), @p5='?' (Size = 4000)"], CommandType='Text', CommandTimeout='30']"
""SET NOCOUNT ON;
INSERT INTO [SavedForm] ([CreatedBy], [CreatedDate], [SavedFormName], [TemplateID], [UpdateDate], [UpdatedBy])
VALUES (@p0, @p1, @p2, @p3, @p4, @p5);
SELECT [SavedFormID]
FROM [SavedForm]
WHERE @@ROWCOUNT = 1 AND [SavedFormID] = scope_identity();" (0723d8ff)
2020-10-26T17:29:32.6603769+04:00 80000007-0007-ff00-b63f-84710c7967bb [INF] Executed action method "KU.WebAPI.Controllers.FormController.AddSavedForm (KU.WebAPI)", returned result "Microsoft.AspNetCore.Mvc.OkObjectResult" in 10917.4017ms. (50a9e262)
2020-10-26T17:29:32.6727296+04:00 80000007-0007-ff00-b63f-84710c7967bb [INF] Executing ObjectResult, writing value of type '"System.Int64"'. (8a1b66c8)
2020-10-26T17:29:32.6867889+04:00 80000007-0007-ff00-b63f-84710c7967bb [INF] Executed action "KU.WebAPI.Controllers.FormController.AddSavedForm (KU.WebAPI)" in 11018.7071ms (afa2e885)
2020-10-26T17:29:32.6916582+04:00 80000007-0007-ff00-b63f-84710c7967bb [INF] Executed endpoint '"KU.WebAPI.Controllers.FormController.AddSavedForm (KU.WebAPI)"' (99874f2b)
2020-10-26T17:29:32.6979296+04:00 80000007-0007-ff00-b63f-84710c7967bb [INF] Request finished in 11153.3308ms 200 application/json; charset=utf-8 (791a596a)
2020-10-26T17:30:10.7583711+04:00 80000013-0004-fd00-b63f-84710c7967bb [INF] Request starting HTTP/2.0 POST https://localhost:44317/api/Form/Addformattributevalue application/json-patch+json 130 (ca22a1cb)
2020-10-26T17:30:10.7629695+04:00 80000013-0004-fd00-b63f-84710c7967bb [INF] CORS policy execution successful. (5409d6ef)
2020-10-26T17:30:10.7740972+04:00 80000013-0004-fd00-b63f-84710c7967bb [INF] Executing endpoint '"KU.WebAPI.Controllers.FormController.AddFormAttributeValues (KU.WebAPI)"' (500cc934)
2020-10-26T17:30:10.7811667+04:00 80000013-0004-fd00-b63f-84710c7967bb [INF] Route matched with "{action = \"AddFormAttributeValues\", controller = \"Form\"}". Executing controller action with signature "Microsoft.AspNetCore.Mvc.IActionResult AddFormAttributeValues(System.Collections.Generic.List`1[KU.Services.Interfaces.FormAttributeValueViewModel])" on controller "KU.WebAPI.Controllers.FormController" ("KU.WebAPI"). (122b2fdf)
2020-10-26T17:30:10.7844100+04:00 80000013-0004-fd00-b63f-84710c7967bb [WRN] The CORS protocol does not allow specifying a wildcard (any) origin and credentials at the same time. Configure the policy by listing individual origins if credentials needs to be supported. (6e5ffae2)
2020-10-26T17:30:10.7873956+04:00 80000013-0004-fd00-b63f-84710c7967bb [INF] CORS policy execution successful. (5409d6ef)
2020-10-26T17:30:10.7985114+04:00 80000013-0004-fd00-b63f-84710c7967bb [INF] Executing action method "KU.WebAPI.Controllers.FormController.AddFormAttributeValues (KU.WebAPI)" - Validation state: Valid (dad538d7)
2020-10-26T17:30:12.7020137+04:00 80000013-0004-fd00-b63f-84710c7967bb [INF] Entity Framework Core "2.2.6-servicing-10079" initialized '"ApplicationDbContext"' using provider '"Microsoft.EntityFrameworkCore.SqlServer"' with options: "MigrationsAssembly=KU.WebAPI " (9958f5bb)
2020-10-26T17:30:13.5630541+04:00 80000013-0004-fd00-b63f-84710c7967bb [ERR] Failed executing DbCommand ("542"ms) [Parameters=["@p0='?' (Size = 4000), @p1='?' (DbType = Int64), @p2='?' (DbType = Int64)"], CommandType='Text', CommandTimeout='30']"
""SET NOCOUNT ON;
INSERT INTO [FormAttributeValue] ([AttributeValue], [FormAttributeID], [SavedFormID])
VALUES (@p0, @p1, @p2);
SELECT [FormAttributeValueID]
FROM [FormAttributeValue]
WHERE @@ROWCOUNT = 1 AND [FormAttributeValueID] = scope_identity();" (627a98df)
System.Data.SqlClient.SqlException (0x80131904): Column name or number of supplied values does not match table definition.
   at System.Data.SqlClient.SqlConnection.OnError(SqlException exception, Boolean breakConnection, Action`1 wrapCloseInAction)
   at System.Data.SqlClient.SqlInternalConnection.OnError(SqlException exception, Boolean breakConnection, Action`1 wrapCloseInAction)
   at System.Data.SqlClient.TdsParser.ThrowExceptionAndWarning(TdsParserStateObject stateObj, Boolean callerHasConnectionLock, Boolean asyncClose)
   at System.Data.SqlClient.TdsParser.TryRun(RunBehavior runBehavior, SqlCommand cmdHandler, SqlDataReader dataStream, BulkCopySimpleResultSet bulkCopyHandler, TdsParserStateObject stateObj, Boolean& dataReady)
   at System.Data.SqlClient.SqlDataReader.TryConsumeMetaData()
   at System.Data.SqlClient.SqlDataReader.get_MetaData()
   at System.Data.SqlClient.SqlCommand.FinishExecuteReader(SqlDataReader ds, RunBehavior runBehavior, String resetOptionsString)
   at System.Data.SqlClient.SqlCommand.RunExecuteReaderTds(CommandBehavior cmdBehavior, RunBehavior runBehavior, Boolean returnStream, Boolean async, Int32 timeout, Task& task, Boolean asyncWrite, SqlDataReader ds)
   at System.Data.SqlClient.SqlCommand.RunExecuteReader(CommandBehavior cmdBehavior, RunBehavior runBehavior, Boolean returnStream, TaskCompletionSource`1 completion, Int32 timeout, Task& task, Boolean asyncWrite, String method)
   at System.Data.SqlClient.SqlCommand.ExecuteReader(CommandBehavior behavior)
   at System.Data.SqlClient.SqlCommand.ExecuteDbDataReader(CommandBehavior behavior)
   at System.Data.Common.DbCommand.ExecuteReader()
   at Microsoft.EntityFrameworkCore.Storage.Internal.RelationalCommand.Execute(IRelationalConnection connection, DbCommandMethod executeMethod, IReadOnlyDictionary`2 parameterValues)
   at Microsoft.EntityFrameworkCore.Storage.Internal.RelationalCommand.ExecuteReader(IRelationalConnection connection, IReadOnlyDictionary`2 parameterValues)
   at Microsoft.EntityFrameworkCore.Update.ReaderModificationCommandBatch.Execute(IRelationalConnection connection)
ClientConnectionId:3dd4b462-b76a-427f-91ef-c848a7044082
Error Number:213,State:1,Class:16
2020-10-26T17:30:13.6181393+04:00 80000013-0004-fd00-b63f-84710c7967bb [ERR] An exception occurred in the database while saving changes for context type '"KU.Repositories.ApplicationDbContext"'."
""Microsoft.EntityFrameworkCore.DbUpdateException: An error occurred while updating the entries. See the inner exception for details. ---> System.Data.SqlClient.SqlException: Column name or number of supplied values does not match table definition.
   at System.Data.SqlClient.SqlConnection.OnError(SqlException exception, Boolean breakConnection, Action`1 wrapCloseInAction)
   at System.Data.SqlClient.SqlInternalConnection.OnError(SqlException exception, Boolean breakConnection, Action`1 wrapCloseInAction)
   at System.Data.SqlClient.TdsParser.ThrowExceptionAndWarning(TdsParserStateObject stateObj, Boolean callerHasConnectionLock, Boolean asyncClose)
   at System.Data.SqlClient.TdsParser.TryRun(RunBehavior runBehavior, SqlCommand cmdHandler, SqlDataReader dataStream, BulkCopySimpleResultSet bulkCopyHandler, TdsParserStateObject stateObj, Boolean& dataReady)
   at System.Data.SqlClient.SqlDataReader.TryConsumeMetaData()
   at System.Data.SqlClient.SqlDataReader.get_MetaData()
   at System.Data.SqlClient.SqlCommand.FinishExecuteReader(SqlDataReader ds, RunBehavior runBehavior, String resetOptionsString)
   at System.Data.SqlClient.SqlCommand.RunExecuteReaderTds(CommandBehavior cmdBehavior, RunBehavior runBehavior, Boolean returnStream, Boolean async, Int32 timeout, Task& task, Boolean asyncWrite, SqlDataReader ds)
   at System.Data.SqlClient.SqlCommand.RunExecuteReader(CommandBehavior cmdBehavior, RunBehavior runBehavior, Boolean returnStream, TaskCompletionSource`1 completion, Int32 timeout, Task& task, Boolean asyncWrite, String method)
   at System.Data.SqlClient.SqlCommand.ExecuteReader(CommandBehavior behavior)
   at System.Data.SqlClient.SqlCommand.ExecuteDbDataReader(CommandBehavior behavior)
   at System.Data.Common.DbCommand.ExecuteReader()
   at Microsoft.EntityFrameworkCore.Storage.Internal.RelationalCommand.Execute(IRelationalConnection connection, DbCommandMethod executeMethod, IReadOnlyDictionary`2 parameterValues)
   at Microsoft.EntityFrameworkCore.Storage.Internal.RelationalCommand.ExecuteReader(IRelationalConnection connection, IReadOnlyDictionary`2 parameterValues)
   at Microsoft.EntityFrameworkCore.Update.ReaderModificationCommandBatch.Execute(IRelationalConnection connection)
   --- End of inner exception stack trace ---
   at Microsoft.EntityFrameworkCore.Update.ReaderModificationCommandBatch.Execute(IRelationalConnection connection)
   at Microsoft.EntityFrameworkCore.Update.Internal.BatchExecutor.Execute(DbContext _, ValueTuple`2 parameters)
   at Microsoft.EntityFrameworkCore.SqlServer.Storage.Internal.SqlServerExecutionStrategy.Execute[TState,TResult](TState state, Func`3 operation, Func`3 verifySucceeded)
   at Microsoft.EntityFrameworkCore.Update.Internal.BatchExecutor.Execute(IEnumerable`1 commandBatches, IRelationalConnection connection)
   at Microsoft.EntityFrameworkCore.Storage.RelationalDatabase.SaveChanges(IReadOnlyList`1 entries)
   at Microsoft.EntityFrameworkCore.ChangeTracking.Internal.StateManager.SaveChanges(IReadOnlyList`1 entriesToSave)
   at Microsoft.EntityFrameworkCore.ChangeTracking.Internal.StateManager.SaveChanges(Boolean acceptAllChangesOnSuccess)
   at Microsoft.EntityFrameworkCore.DbContext.SaveChanges(Boolean acceptAllChangesOnSuccess)" (170f029e)
Microsoft.EntityFrameworkCore.DbUpdateException: An error occurred while updating the entries. See the inner exception for details. ---> System.Data.SqlClient.SqlException: Column name or number of supplied values does not match table definition.
   at System.Data.SqlClient.SqlConnection.OnError(SqlException exception, Boolean breakConnection, Action`1 wrapCloseInAction)
   at System.Data.SqlClient.SqlInternalConnection.OnError(SqlException exception, Boolean breakConnection, Action`1 wrapCloseInAction)
   at System.Data.SqlClient.TdsParser.ThrowExceptionAndWarning(TdsParserStateObject stateObj, Boolean callerHasConnectionLock, Boolean asyncClose)
   at System.Data.SqlClient.TdsParser.TryRun(RunBehavior runBehavior, SqlCommand cmdHandler, SqlDataReader dataStream, BulkCopySimpleResultSet bulkCopyHandler, TdsParserStateObject stateObj, Boolean& dataReady)
   at System.Data.SqlClient.SqlDataReader.TryConsumeMetaData()
   at System.Data.SqlClient.SqlDataReader.get_MetaData()
   at System.Data.SqlClient.SqlCommand.FinishExecuteReader(SqlDataReader ds, RunBehavior runBehavior, String resetOptionsString)
   at System.Data.SqlClient.SqlCommand.RunExecuteReaderTds(CommandBehavior cmdBehavior, RunBehavior runBehavior, Boolean returnStream, Boolean async, Int32 timeout, Task& task, Boolean asyncWrite, SqlDataReader ds)
   at System.Data.SqlClient.SqlCommand.RunExecuteReader(CommandBehavior cmdBehavior, RunBehavior runBehavior, Boolean returnStream, TaskCompletionSource`1 completion, Int32 timeout, Task& task, Boolean asyncWrite, String method)
   at System.Data.SqlClient.SqlCommand.ExecuteReader(CommandBehavior behavior)
   at System.Data.SqlClient.SqlCommand.ExecuteDbDataReader(CommandBehavior behavior)
   at System.Data.Common.DbCommand.ExecuteReader()
   at Microsoft.EntityFrameworkCore.Storage.Internal.RelationalCommand.Execute(IRelationalConnection connection, DbCommandMethod executeMethod, IReadOnlyDictionary`2 parameterValues)
   at Microsoft.EntityFrameworkCore.Storage.Internal.RelationalCommand.ExecuteReader(IRelationalConnection connection, IReadOnlyDictionary`2 parameterValues)
   at Microsoft.EntityFrameworkCore.Update.ReaderModificationCommandBatch.Execute(IRelationalConnection connection)
   --- End of inner exception stack trace ---
   at Microsoft.EntityFrameworkCore.Update.ReaderModificationCommandBatch.Execute(IRelationalConnection connection)
   at Microsoft.EntityFrameworkCore.Update.Internal.BatchExecutor.Execute(DbContext _, ValueTuple`2 parameters)
   at Microsoft.EntityFrameworkCore.SqlServer.Storage.Internal.SqlServerExecutionStrategy.Execute[TState,TResult](TState state, Func`3 operation, Func`3 verifySucceeded)
   at Microsoft.EntityFrameworkCore.Update.Internal.BatchExecutor.Execute(IEnumerable`1 commandBatches, IRelationalConnection connection)
   at Microsoft.EntityFrameworkCore.Storage.RelationalDatabase.SaveChanges(IReadOnlyList`1 entries)
   at Microsoft.EntityFrameworkCore.ChangeTracking.Internal.StateManager.SaveChanges(IReadOnlyList`1 entriesToSave)
   at Microsoft.EntityFrameworkCore.ChangeTracking.Internal.StateManager.SaveChanges(Boolean acceptAllChangesOnSuccess)
   at Microsoft.EntityFrameworkCore.DbContext.SaveChanges(Boolean acceptAllChangesOnSuccess)
   at Microsoft.EntityFrameworkCore.DbContext.SaveChanges()
   at KU.Repositories.UnitOfWork.SaveChanges() in C:\TCIT\Khalifa University\Khalifa\KU.Repositories\UnitOfWork.cs:line 272
   at KU.Services.Implementations.FormService.InsertFormAttributeValues(List`1 model) in C:\TCIT\Khalifa University\Khalifa\KU.Services\Implementations\FormService.cs:line 333
   at KU.WebAPI.Controllers.FormController.AddFormAttributeValues(List`1 model) in C:\TCIT\Khalifa University\Khalifa\KU.WebAPI\Controllers\FormController.cs:line 325
2020-10-26T17:30:13.9008725+04:00 80000013-0004-fd00-b63f-84710c7967bb [ERR] Something went wrong: Microsoft.EntityFrameworkCore.DbUpdateException: An error occurred while updating the entries. See the inner exception for details. ---> System.Data.SqlClient.SqlException: Column name or number of supplied values does not match table definition.
   at System.Data.SqlClient.SqlConnection.OnError(SqlException exception, Boolean breakConnection, Action`1 wrapCloseInAction)
   at System.Data.SqlClient.SqlInternalConnection.OnError(SqlException exception, Boolean breakConnection, Action`1 wrapCloseInAction)
   at System.Data.SqlClient.TdsParser.ThrowExceptionAndWarning(TdsParserStateObject stateObj, Boolean callerHasConnectionLock, Boolean asyncClose)
   at System.Data.SqlClient.TdsParser.TryRun(RunBehavior runBehavior, SqlCommand cmdHandler, SqlDataReader dataStream, BulkCopySimpleResultSet bulkCopyHandler, TdsParserStateObject stateObj, Boolean& dataReady)
   at System.Data.SqlClient.SqlDataReader.TryConsumeMetaData()
   at System.Data.SqlClient.SqlDataReader.get_MetaData()
   at System.Data.SqlClient.SqlCommand.FinishExecuteReader(SqlDataReader ds, RunBehavior runBehavior, String resetOptionsString)
   at System.Data.SqlClient.SqlCommand.RunExecuteReaderTds(CommandBehavior cmdBehavior, RunBehavior runBehavior, Boolean returnStream, Boolean async, Int32 timeout, Task& task, Boolean asyncWrite, SqlDataReader ds)
   at System.Data.SqlClient.SqlCommand.RunExecuteReader(CommandBehavior cmdBehavior, RunBehavior runBehavior, Boolean returnStream, TaskCompletionSource`1 completion, Int32 timeout, Task& task, Boolean asyncWrite, String method)
   at System.Data.SqlClient.SqlCommand.ExecuteReader(CommandBehavior behavior)
   at System.Data.SqlClient.SqlCommand.ExecuteDbDataReader(CommandBehavior behavior)
   at System.Data.Common.DbCommand.ExecuteReader()
   at Microsoft.EntityFrameworkCore.Storage.Internal.RelationalCommand.Execute(IRelationalConnection connection, DbCommandMethod executeMethod, IReadOnlyDictionary`2 parameterValues)
   at Microsoft.EntityFrameworkCore.Storage.Internal.RelationalCommand.ExecuteReader(IRelationalConnection connection, IReadOnlyDictionary`2 parameterValues)
   at Microsoft.EntityFrameworkCore.Update.ReaderModificationCommandBatch.Execute(IRelationalConnection connection)
   --- End of inner exception stack trace ---
   at Microsoft.EntityFrameworkCore.Update.ReaderModificationCommandBatch.Execute(IRelationalConnection connection)
   at Microsoft.EntityFrameworkCore.Update.Internal.BatchExecutor.Execute(DbContext _, ValueTuple`2 parameters)
   at Microsoft.EntityFrameworkCore.SqlServer.Storage.Internal.SqlServerExecutionStrategy.Execute[TState,TResult](TState state, Func`3 operation, Func`3 verifySucceeded)
   at Microsoft.EntityFrameworkCore.Update.Internal.BatchExecutor.Execute(IEnumerable`1 commandBatches, IRelationalConnection connection)
   at Microsoft.EntityFrameworkCore.Storage.RelationalDatabase.SaveChanges(IReadOnlyList`1 entries)
   at Microsoft.EntityFrameworkCore.ChangeTracking.Internal.StateManager.SaveChanges(IReadOnlyList`1 entriesToSave)
   at Microsoft.EntityFrameworkCore.ChangeTracking.Internal.StateManager.SaveChanges(Boolean acceptAllChangesOnSuccess)
   at Microsoft.EntityFrameworkCore.DbContext.SaveChanges(Boolean acceptAllChangesOnSuccess)
   at Microsoft.EntityFrameworkCore.DbContext.SaveChanges()
   at KU.Repositories.UnitOfWork.SaveChanges() in C:\TCIT\Khalifa University\Khalifa\KU.Repositories\UnitOfWork.cs:line 272
   at KU.Services.Implementations.FormService.InsertFormAttributeValues(List`1 model) in C:\TCIT\Khalifa University\Khalifa\KU.Services\Implementations\FormService.cs:line 333
   at KU.WebAPI.Controllers.FormController.AddFormAttributeValues(List`1 model) in C:\TCIT\Khalifa University\Khalifa\KU.WebAPI\Controllers\FormController.cs:line 325 (cba1236d)
2020-10-26T17:30:13.9047948+04:00 80000013-0004-fd00-b63f-84710c7967bb [INF] Executed action method "KU.WebAPI.Controllers.FormController.AddFormAttributeValues (KU.WebAPI)", returned result "Microsoft.AspNetCore.Mvc.ObjectResult" in 3102.4479ms. (50a9e262)
2020-10-26T17:30:13.9088030+04:00 80000013-0004-fd00-b63f-84710c7967bb [INF] Executing ObjectResult, writing value of type '"System.Data.SqlClient.SqlException"'. (8a1b66c8)
2020-10-26T17:30:13.9174840+04:00 80000013-0004-fd00-b63f-84710c7967bb [INF] Executed action "KU.WebAPI.Controllers.FormController.AddFormAttributeValues (KU.WebAPI)" in 3132.224ms (afa2e885)
2020-10-26T17:30:13.9224617+04:00 80000013-0004-fd00-b63f-84710c7967bb [INF] Executed endpoint '"KU.WebAPI.Controllers.FormController.AddFormAttributeValues (KU.WebAPI)"' (99874f2b)
2020-10-26T17:30:13.9376652+04:00 80000013-0004-fd00-b63f-84710c7967bb [INF] Request finished in 3179.0036ms 500 application/json; charset=utf-8 (791a596a)
2020-10-26T17:31:17.6281929+04:00 80000002-0006-f900-b63f-84710c7967bb [INF] Request starting HTTP/2.0 GET https://localhost:44317/index.html   (ca22a1cb)
2020-10-26T17:31:18.4205512+04:00 80000002-0006-f900-b63f-84710c7967bb [INF] Request finished in 805.1208ms 200 text/html (791a596a)
2020-10-26T17:31:18.8356069+04:00 80000008-0002-ff00-b63f-84710c7967bb [INF] Request starting HTTP/2.0 GET https://localhost:44317/swagger/v1/swagger.json   (ca22a1cb)
2020-10-26T17:31:19.1438849+04:00 80000008-0002-ff00-b63f-84710c7967bb [INF] Request finished in 307.3626ms 200 application/json;charset=utf-8 (791a596a)
2020-10-26T17:32:08.9918523+04:00 80000005-0005-fe00-b63f-84710c7967bb [INF] Request starting HTTP/2.0 POST https://localhost:44317/api/Form/Addformattributevalue application/json-patch+json 130 (ca22a1cb)
2020-10-26T17:32:08.9988239+04:00 80000005-0005-fe00-b63f-84710c7967bb [INF] CORS policy execution successful. (5409d6ef)
2020-10-26T17:32:09.0542444+04:00 80000005-0005-fe00-b63f-84710c7967bb [INF] Executing endpoint '"KU.WebAPI.Controllers.FormController.AddFormAttributeValues (KU.WebAPI)"' (500cc934)
2020-10-26T17:32:09.0797597+04:00 80000005-0005-fe00-b63f-84710c7967bb [INF] Route matched with "{action = \"AddFormAttributeValues\", controller = \"Form\"}". Executing controller action with signature "Microsoft.AspNetCore.Mvc.IActionResult AddFormAttributeValues(System.Collections.Generic.List`1[KU.Services.Interfaces.FormAttributeValueViewModel])" on controller "KU.WebAPI.Controllers.FormController" ("KU.WebAPI"). (122b2fdf)
2020-10-26T17:32:09.0854692+04:00 80000005-0005-fe00-b63f-84710c7967bb [WRN] The CORS protocol does not allow specifying a wildcard (any) origin and credentials at the same time. Configure the policy by listing individual origins if credentials needs to be supported. (6e5ffae2)
2020-10-26T17:32:09.0889851+04:00 80000005-0005-fe00-b63f-84710c7967bb [INF] CORS policy execution successful. (5409d6ef)
2020-10-26T17:32:09.1247134+04:00 80000005-0005-fe00-b63f-84710c7967bb [INF] Executing action method "KU.WebAPI.Controllers.FormController.AddFormAttributeValues (KU.WebAPI)" - Validation state: Valid (dad538d7)
2020-10-26T17:32:15.7137587+04:00 80000005-0005-fe00-b63f-84710c7967bb [INF] Entity Framework Core "2.2.6-servicing-10079" initialized '"ApplicationDbContext"' using provider '"Microsoft.EntityFrameworkCore.SqlServer"' with options: "MigrationsAssembly=KU.WebAPI " (9958f5bb)
2020-10-26T17:32:16.8381205+04:00 80000005-0005-fe00-b63f-84710c7967bb [ERR] Failed executing DbCommand ("291"ms) [Parameters=["@p0='?' (Size = 4000), @p1='?' (DbType = Int64), @p2='?' (DbType = Int64)"], CommandType='Text', CommandTimeout='30']"
""SET NOCOUNT ON;
INSERT INTO [FormAttributeValue] ([AttributeValue], [FormAttributeID], [SavedFormID])
VALUES (@p0, @p1, @p2);
SELECT [FormAttributeValueID]
FROM [FormAttributeValue]
WHERE @@ROWCOUNT = 1 AND [FormAttributeValueID] = scope_identity();" (627a98df)
System.Data.SqlClient.SqlException (0x80131904): Column name or number of supplied values does not match table definition.
   at System.Data.SqlClient.SqlConnection.OnError(SqlException exception, Boolean breakConnection, Action`1 wrapCloseInAction)
   at System.Data.SqlClient.SqlInternalConnection.OnError(SqlException exception, Boolean breakConnection, Action`1 wrapCloseInAction)
   at System.Data.SqlClient.TdsParser.ThrowExceptionAndWarning(TdsParserStateObject stateObj, Boolean callerHasConnectionLock, Boolean asyncClose)
   at System.Data.SqlClient.TdsParser.TryRun(RunBehavior runBehavior, SqlCommand cmdHandler, SqlDataReader dataStream, BulkCopySimpleResultSet bulkCopyHandler, TdsParserStateObject stateObj, Boolean& dataReady)
   at System.Data.SqlClient.SqlDataReader.TryConsumeMetaData()
   at System.Data.SqlClient.SqlDataReader.get_MetaData()
   at System.Data.SqlClient.SqlCommand.FinishExecuteReader(SqlDataReader ds, RunBehavior runBehavior, String resetOptionsString)
   at System.Data.SqlClient.SqlCommand.RunExecuteReaderTds(CommandBehavior cmdBehavior, RunBehavior runBehavior, Boolean returnStream, Boolean async, Int32 timeout, Task& task, Boolean asyncWrite, SqlDataReader ds)
   at System.Data.SqlClient.SqlCommand.RunExecuteReader(CommandBehavior cmdBehavior, RunBehavior runBehavior, Boolean returnStream, TaskCompletionSource`1 completion, Int32 timeout, Task& task, Boolean asyncWrite, String method)
   at System.Data.SqlClient.SqlCommand.ExecuteReader(CommandBehavior behavior)
   at System.Data.SqlClient.SqlCommand.ExecuteDbDataReader(CommandBehavior behavior)
   at System.Data.Common.DbCommand.ExecuteReader()
   at Microsoft.EntityFrameworkCore.Storage.Internal.RelationalCommand.Execute(IRelationalConnection connection, DbCommandMethod executeMethod, IReadOnlyDictionary`2 parameterValues)
   at Microsoft.EntityFrameworkCore.Storage.Internal.RelationalCommand.ExecuteReader(IRelationalConnection connection, IReadOnlyDictionary`2 parameterValues)
   at Microsoft.EntityFrameworkCore.Update.ReaderModificationCommandBatch.Execute(IRelationalConnection connection)
ClientConnectionId:d06fb77d-170b-48a6-95d2-15b457b16614
Error Number:213,State:1,Class:16
2020-10-26T17:32:16.8527008+04:00 80000005-0005-fe00-b63f-84710c7967bb [ERR] An exception occurred in the database while saving changes for context type '"KU.Repositories.ApplicationDbContext"'."
""Microsoft.EntityFrameworkCore.DbUpdateException: An error occurred while updating the entries. See the inner exception for details. ---> System.Data.SqlClient.SqlException: Column name or number of supplied values does not match table definition.
   at System.Data.SqlClient.SqlConnection.OnError(SqlException exception, Boolean breakConnection, Action`1 wrapCloseInAction)
   at System.Data.SqlClient.SqlInternalConnection.OnError(SqlException exception, Boolean breakConnection, Action`1 wrapCloseInAction)
   at System.Data.SqlClient.TdsParser.ThrowExceptionAndWarning(TdsParserStateObject stateObj, Boolean callerHasConnectionLock, Boolean asyncClose)
   at System.Data.SqlClient.TdsParser.TryRun(RunBehavior runBehavior, SqlCommand cmdHandler, SqlDataReader dataStream, BulkCopySimpleResultSet bulkCopyHandler, TdsParserStateObject stateObj, Boolean& dataReady)
   at System.Data.SqlClient.SqlDataReader.TryConsumeMetaData()
   at System.Data.SqlClient.SqlDataReader.get_MetaData()
   at System.Data.SqlClient.SqlCommand.FinishExecuteReader(SqlDataReader ds, RunBehavior runBehavior, String resetOptionsString)
   at System.Data.SqlClient.SqlCommand.RunExecuteReaderTds(CommandBehavior cmdBehavior, RunBehavior runBehavior, Boolean returnStream, Boolean async, Int32 timeout, Task& task, Boolean asyncWrite, SqlDataReader ds)
   at System.Data.SqlClient.SqlCommand.RunExecuteReader(CommandBehavior cmdBehavior, RunBehavior runBehavior, Boolean returnStream, TaskCompletionSource`1 completion, Int32 timeout, Task& task, Boolean asyncWrite, String method)
   at System.Data.SqlClient.SqlCommand.ExecuteReader(CommandBehavior behavior)
   at System.Data.SqlClient.SqlCommand.ExecuteDbDataReader(CommandBehavior behavior)
   at System.Data.Common.DbCommand.ExecuteReader()
   at Microsoft.EntityFrameworkCore.Storage.Internal.RelationalCommand.Execute(IRelationalConnection connection, DbCommandMethod executeMethod, IReadOnlyDictionary`2 parameterValues)
   at Microsoft.EntityFrameworkCore.Storage.Internal.RelationalCommand.ExecuteReader(IRelationalConnection connection, IReadOnlyDictionary`2 parameterValues)
   at Microsoft.EntityFrameworkCore.Update.ReaderModificationCommandBatch.Execute(IRelationalConnection connection)
   --- End of inner exception stack trace ---
   at Microsoft.EntityFrameworkCore.Update.ReaderModificationCommandBatch.Execute(IRelationalConnection connection)
   at Microsoft.EntityFrameworkCore.Update.Internal.BatchExecutor.Execute(DbContext _, ValueTuple`2 parameters)
   at Microsoft.EntityFrameworkCore.SqlServer.Storage.Internal.SqlServerExecutionStrategy.Execute[TState,TResult](TState state, Func`3 operation, Func`3 verifySucceeded)
   at Microsoft.EntityFrameworkCore.Update.Internal.BatchExecutor.Execute(IEnumerable`1 commandBatches, IRelationalConnection connection)
   at Microsoft.EntityFrameworkCore.Storage.RelationalDatabase.SaveChanges(IReadOnlyList`1 entries)
   at Microsoft.EntityFrameworkCore.ChangeTracking.Internal.StateManager.SaveChanges(IReadOnlyList`1 entriesToSave)
   at Microsoft.EntityFrameworkCore.ChangeTracking.Internal.StateManager.SaveChanges(Boolean acceptAllChangesOnSuccess)
   at Microsoft.EntityFrameworkCore.DbContext.SaveChanges(Boolean acceptAllChangesOnSuccess)" (170f029e)
Microsoft.EntityFrameworkCore.DbUpdateException: An error occurred while updating the entries. See the inner exception for details. ---> System.Data.SqlClient.SqlException: Column name or number of supplied values does not match table definition.
   at System.Data.SqlClient.SqlConnection.OnError(SqlException exception, Boolean breakConnection, Action`1 wrapCloseInAction)
   at System.Data.SqlClient.SqlInternalConnection.OnError(SqlException exception, Boolean breakConnection, Action`1 wrapCloseInAction)
   at System.Data.SqlClient.TdsParser.ThrowExceptionAndWarning(TdsParserStateObject stateObj, Boolean callerHasConnectionLock, Boolean asyncClose)
   at System.Data.SqlClient.TdsParser.TryRun(RunBehavior runBehavior, SqlCommand cmdHandler, SqlDataReader dataStream, BulkCopySimpleResultSet bulkCopyHandler, TdsParserStateObject stateObj, Boolean& dataReady)
   at System.Data.SqlClient.SqlDataReader.TryConsumeMetaData()
   at System.Data.SqlClient.SqlDataReader.get_MetaData()
   at System.Data.SqlClient.SqlCommand.FinishExecuteReader(SqlDataReader ds, RunBehavior runBehavior, String resetOptionsString)
   at System.Data.SqlClient.SqlCommand.RunExecuteReaderTds(CommandBehavior cmdBehavior, RunBehavior runBehavior, Boolean returnStream, Boolean async, Int32 timeout, Task& task, Boolean asyncWrite, SqlDataReader ds)
   at System.Data.SqlClient.SqlCommand.RunExecuteReader(CommandBehavior cmdBehavior, RunBehavior runBehavior, Boolean returnStream, TaskCompletionSource`1 completion, Int32 timeout, Task& task, Boolean asyncWrite, String method)
   at System.Data.SqlClient.SqlCommand.ExecuteReader(CommandBehavior behavior)
   at System.Data.SqlClient.SqlCommand.ExecuteDbDataReader(CommandBehavior behavior)
   at System.Data.Common.DbCommand.ExecuteReader()
   at Microsoft.EntityFrameworkCore.Storage.Internal.RelationalCommand.Execute(IRelationalConnection connection, DbCommandMethod executeMethod, IReadOnlyDictionary`2 parameterValues)
   at Microsoft.EntityFrameworkCore.Storage.Internal.RelationalCommand.ExecuteReader(IRelationalConnection connection, IReadOnlyDictionary`2 parameterValues)
   at Microsoft.EntityFrameworkCore.Update.ReaderModificationCommandBatch.Execute(IRelationalConnection connection)
   --- End of inner exception stack trace ---
   at Microsoft.EntityFrameworkCore.Update.ReaderModificationCommandBatch.Execute(IRelationalConnection connection)
   at Microsoft.EntityFrameworkCore.Update.Internal.BatchExecutor.Execute(DbContext _, ValueTuple`2 parameters)
   at Microsoft.EntityFrameworkCore.SqlServer.Storage.Internal.SqlServerExecutionStrategy.Execute[TState,TResult](TState state, Func`3 operation, Func`3 verifySucceeded)
   at Microsoft.EntityFrameworkCore.Update.Internal.BatchExecutor.Execute(IEnumerable`1 commandBatches, IRelationalConnection connection)
   at Microsoft.EntityFrameworkCore.Storage.RelationalDatabase.SaveChanges(IReadOnlyList`1 entries)
   at Microsoft.EntityFrameworkCore.ChangeTracking.Internal.StateManager.SaveChanges(IReadOnlyList`1 entriesToSave)
   at Microsoft.EntityFrameworkCore.ChangeTracking.Internal.StateManager.SaveChanges(Boolean acceptAllChangesOnSuccess)
   at Microsoft.EntityFrameworkCore.DbContext.SaveChanges(Boolean acceptAllChangesOnSuccess)
   at Microsoft.EntityFrameworkCore.DbContext.SaveChanges()
   at KU.Repositories.UnitOfWork.SaveChanges() in C:\TCIT\Khalifa University\Khalifa\KU.Repositories\UnitOfWork.cs:line 272
   at KU.Services.Implementations.FormService.InsertFormAttributeValues(List`1 model) in C:\TCIT\Khalifa University\Khalifa\KU.Services\Implementations\FormService.cs:line 333
   at KU.WebAPI.Controllers.FormController.AddFormAttributeValues(List`1 model) in C:\TCIT\Khalifa University\Khalifa\KU.WebAPI\Controllers\FormController.cs:line 325
2020-10-26T17:32:16.9331546+04:00 80000005-0005-fe00-b63f-84710c7967bb [ERR] Something went wrong: Microsoft.EntityFrameworkCore.DbUpdateException: An error occurred while updating the entries. See the inner exception for details. ---> System.Data.SqlClient.SqlException: Column name or number of supplied values does not match table definition.
   at System.Data.SqlClient.SqlConnection.OnError(SqlException exception, Boolean breakConnection, Action`1 wrapCloseInAction)
   at System.Data.SqlClient.SqlInternalConnection.OnError(SqlException exception, Boolean breakConnection, Action`1 wrapCloseInAction)
   at System.Data.SqlClient.TdsParser.ThrowExceptionAndWarning(TdsParserStateObject stateObj, Boolean callerHasConnectionLock, Boolean asyncClose)
   at System.Data.SqlClient.TdsParser.TryRun(RunBehavior runBehavior, SqlCommand cmdHandler, SqlDataReader dataStream, BulkCopySimpleResultSet bulkCopyHandler, TdsParserStateObject stateObj, Boolean& dataReady)
   at System.Data.SqlClient.SqlDataReader.TryConsumeMetaData()
   at System.Data.SqlClient.SqlDataReader.get_MetaData()
   at System.Data.SqlClient.SqlCommand.FinishExecuteReader(SqlDataReader ds, RunBehavior runBehavior, String resetOptionsString)
   at System.Data.SqlClient.SqlCommand.RunExecuteReaderTds(CommandBehavior cmdBehavior, RunBehavior runBehavior, Boolean returnStream, Boolean async, Int32 timeout, Task& task, Boolean asyncWrite, SqlDataReader ds)
   at System.Data.SqlClient.SqlCommand.RunExecuteReader(CommandBehavior cmdBehavior, RunBehavior runBehavior, Boolean returnStream, TaskCompletionSource`1 completion, Int32 timeout, Task& task, Boolean asyncWrite, String method)
   at System.Data.SqlClient.SqlCommand.ExecuteReader(CommandBehavior behavior)
   at System.Data.SqlClient.SqlCommand.ExecuteDbDataReader(CommandBehavior behavior)
   at System.Data.Common.DbCommand.ExecuteReader()
   at Microsoft.EntityFrameworkCore.Storage.Internal.RelationalCommand.Execute(IRelationalConnection connection, DbCommandMethod executeMethod, IReadOnlyDictionary`2 parameterValues)
   at Microsoft.EntityFrameworkCore.Storage.Internal.RelationalCommand.ExecuteReader(IRelationalConnection connection, IReadOnlyDictionary`2 parameterValues)
   at Microsoft.EntityFrameworkCore.Update.ReaderModificationCommandBatch.Execute(IRelationalConnection connection)
   --- End of inner exception stack trace ---
   at Microsoft.EntityFrameworkCore.Update.ReaderModificationCommandBatch.Execute(IRelationalConnection connection)
   at Microsoft.EntityFrameworkCore.Update.Internal.BatchExecutor.Execute(DbContext _, ValueTuple`2 parameters)
   at Microsoft.EntityFrameworkCore.SqlServer.Storage.Internal.SqlServerExecutionStrategy.Execute[TState,TResult](TState state, Func`3 operation, Func`3 verifySucceeded)
   at Microsoft.EntityFrameworkCore.Update.Internal.BatchExecutor.Execute(IEnumerable`1 commandBatches, IRelationalConnection connection)
   at Microsoft.EntityFrameworkCore.Storage.RelationalDatabase.SaveChanges(IReadOnlyList`1 entries)
   at Microsoft.EntityFrameworkCore.ChangeTracking.Internal.StateManager.SaveChanges(IReadOnlyList`1 entriesToSave)
   at Microsoft.EntityFrameworkCore.ChangeTracking.Internal.StateManager.SaveChanges(Boolean acceptAllChangesOnSuccess)
   at Microsoft.EntityFrameworkCore.DbContext.SaveChanges(Boolean acceptAllChangesOnSuccess)
   at Microsoft.EntityFrameworkCore.DbContext.SaveChanges()
   at KU.Repositories.UnitOfWork.SaveChanges() in C:\TCIT\Khalifa University\Khalifa\KU.Repositories\UnitOfWork.cs:line 272
   at KU.Services.Implementations.FormService.InsertFormAttributeValues(List`1 model) in C:\TCIT\Khalifa University\Khalifa\KU.Services\Implementations\FormService.cs:line 333
   at KU.WebAPI.Controllers.FormController.AddFormAttributeValues(List`1 model) in C:\TCIT\Khalifa University\Khalifa\KU.WebAPI\Controllers\FormController.cs:line 325 (cba1236d)
2020-10-26T17:32:16.9404819+04:00 80000005-0005-fe00-b63f-84710c7967bb [INF] Executed action method "KU.WebAPI.Controllers.FormController.AddFormAttributeValues (KU.WebAPI)", returned result "Microsoft.AspNetCore.Mvc.ObjectResult" in 7808.5797ms. (50a9e262)
2020-10-26T17:32:16.9548175+04:00 80000005-0005-fe00-b63f-84710c7967bb [INF] Executing ObjectResult, writing value of type '"System.Data.SqlClient.SqlException"'. (8a1b66c8)
2020-10-26T17:32:16.9705941+04:00 80000005-0005-fe00-b63f-84710c7967bb [INF] Executed action "KU.WebAPI.Controllers.FormController.AddFormAttributeValues (KU.WebAPI)" in 7882.3403ms (afa2e885)
2020-10-26T17:32:16.9744406+04:00 80000005-0005-fe00-b63f-84710c7967bb [INF] Executed endpoint '"KU.WebAPI.Controllers.FormController.AddFormAttributeValues (KU.WebAPI)"' (99874f2b)
2020-10-26T17:32:16.9781896+04:00 80000005-0005-fe00-b63f-84710c7967bb [INF] Request finished in 7987.8218ms 500 application/json; charset=utf-8 (791a596a)
2020-10-26T17:42:42.3338709+04:00 80000007-0005-fe00-b63f-84710c7967bb [INF] Request starting HTTP/2.0 POST https://localhost:44317/api/Form/Addformattributevalue application/json-patch+json 130 (ca22a1cb)
2020-10-26T17:42:42.3387028+04:00 80000007-0005-fe00-b63f-84710c7967bb [INF] CORS policy execution successful. (5409d6ef)
2020-10-26T17:42:42.3527832+04:00 80000007-0005-fe00-b63f-84710c7967bb [INF] Executing endpoint '"KU.WebAPI.Controllers.FormController.AddFormAttributeValues (KU.WebAPI)"' (500cc934)
2020-10-26T17:42:42.3573828+04:00 80000007-0005-fe00-b63f-84710c7967bb [INF] Route matched with "{action = \"AddFormAttributeValues\", controller = \"Form\"}". Executing controller action with signature "Microsoft.AspNetCore.Mvc.IActionResult AddFormAttributeValues(System.Collections.Generic.List`1[KU.Services.Interfaces.FormAttributeValueViewModel])" on controller "KU.WebAPI.Controllers.FormController" ("KU.WebAPI"). (122b2fdf)
2020-10-26T17:42:42.3607016+04:00 80000007-0005-fe00-b63f-84710c7967bb [WRN] The CORS protocol does not allow specifying a wildcard (any) origin and credentials at the same time. Configure the policy by listing individual origins if credentials needs to be supported. (6e5ffae2)
2020-10-26T17:42:42.3637350+04:00 80000007-0005-fe00-b63f-84710c7967bb [INF] CORS policy execution successful. (5409d6ef)
2020-10-26T17:42:42.3762615+04:00 80000007-0005-fe00-b63f-84710c7967bb [INF] Executing action method "KU.WebAPI.Controllers.FormController.AddFormAttributeValues (KU.WebAPI)" - Validation state: Valid (dad538d7)
2020-10-26T17:42:48.4498400+04:00 80000007-0005-fe00-b63f-84710c7967bb [INF] Entity Framework Core "2.2.6-servicing-10079" initialized '"ApplicationDbContext"' using provider '"Microsoft.EntityFrameworkCore.SqlServer"' with options: "MigrationsAssembly=KU.WebAPI " (9958f5bb)
2020-10-26T17:42:49.5606227+04:00 80000007-0005-fe00-b63f-84710c7967bb [INF] Executed DbCommand ("579"ms) [Parameters=["@p0='?' (Size = 4000), @p1='?' (DbType = Int64), @p2='?' (DbType = Int64)"], CommandType='Text', CommandTimeout='30']"
""SET NOCOUNT ON;
INSERT INTO [FormAttributeValue] ([AttributeValue], [FormAttributeID], [SavedFormID])
VALUES (@p0, @p1, @p2);
SELECT [FormAttributeValueID]
FROM [FormAttributeValue]
WHERE @@ROWCOUNT = 1 AND [FormAttributeValueID] = scope_identity();" (0723d8ff)
2020-10-26T17:42:49.7012561+04:00 80000007-0005-fe00-b63f-84710c7967bb [INF] Executed action method "KU.WebAPI.Controllers.FormController.AddFormAttributeValues (KU.WebAPI)", returned result "Microsoft.AspNetCore.Mvc.OkObjectResult" in 7321.2608ms. (50a9e262)
2020-10-26T17:42:49.7052786+04:00 80000007-0005-fe00-b63f-84710c7967bb [INF] Executing ObjectResult, writing value of type '"System.Boolean"'. (8a1b66c8)
2020-10-26T17:42:49.7139105+04:00 80000007-0005-fe00-b63f-84710c7967bb [INF] Executed action "KU.WebAPI.Controllers.FormController.AddFormAttributeValues (KU.WebAPI)" in 7348.8701ms (afa2e885)
2020-10-26T17:42:49.7182678+04:00 80000007-0005-fe00-b63f-84710c7967bb [INF] Executed endpoint '"KU.WebAPI.Controllers.FormController.AddFormAttributeValues (KU.WebAPI)"' (99874f2b)
2020-10-26T17:42:49.7225848+04:00 80000007-0005-fe00-b63f-84710c7967bb [INF] Request finished in 7388.0944ms 200 application/json; charset=utf-8 (791a596a)
2020-10-26T17:44:01.1105540+04:00 80000015-0004-fd00-b63f-84710c7967bb [INF] Request starting HTTP/2.0 GET https://localhost:44317/api/Form/Questionnaire?SavedformID=5485&TemplateID=10   (ca22a1cb)
2020-10-26T17:44:01.1139335+04:00 80000015-0004-fd00-b63f-84710c7967bb [INF] Executing endpoint '"KU.WebAPI.Controllers.FormController.GetSampleIDAll (KU.WebAPI)"' (500cc934)
2020-10-26T17:44:01.1216315+04:00 80000015-0004-fd00-b63f-84710c7967bb [INF] Route matched with "{action = \"GetSampleIDAll\", controller = \"Form\"}". Executing controller action with signature "Microsoft.AspNetCore.Mvc.IActionResult GetSampleIDAll(Int32, Int32)" on controller "KU.WebAPI.Controllers.FormController" ("KU.WebAPI"). (122b2fdf)
2020-10-26T17:44:01.1275197+04:00 80000015-0004-fd00-b63f-84710c7967bb [INF] Executing action method "KU.WebAPI.Controllers.FormController.GetSampleIDAll (KU.WebAPI)" - Validation state: Valid (dad538d7)
2020-10-26T17:44:09.7116466+04:00 80000015-0004-fd00-b63f-84710c7967bb [INF] Entity Framework Core "2.2.6-servicing-10079" initialized '"ApplicationDbContext"' using provider '"Microsoft.EntityFrameworkCore.SqlServer"' with options: "MigrationsAssembly=KU.WebAPI " (9958f5bb)
2020-10-26T17:44:14.1868308+04:00 80000015-0004-fd00-b63f-84710c7967bb [INF] Executed DbCommand ("810"ms) [Parameters=["@p0='?' (DbType = Int32), @p1='?' (DbType = Int32), @p2='?' (DbType = Int32)"], CommandType='Text', CommandTimeout='30']"
""sp_getrecords @p0,@p1,@p2" (0723d8ff)
2020-10-26T17:44:14.5417864+04:00 80000015-0004-fd00-b63f-84710c7967bb [INF] Executed action method "KU.WebAPI.Controllers.FormController.GetSampleIDAll (KU.WebAPI)", returned result "Microsoft.AspNetCore.Mvc.OkObjectResult" in 13410.3739ms. (50a9e262)
2020-10-26T17:44:14.5450416+04:00 80000015-0004-fd00-b63f-84710c7967bb [INF] Executing ObjectResult, writing value of type '"System.Collections.Generic.List`1[[KU.Repositories.Models.Questionnaire9, KU.Repositories, Version=1.0.0.0, Culture=neutral, PublicKeyToken=null]]"'. (8a1b66c8)
2020-10-26T17:44:14.7842832+04:00 80000015-0004-fd00-b63f-84710c7967bb [INF] Executed action "KU.WebAPI.Controllers.FormController.GetSampleIDAll (KU.WebAPI)" in 13658.468ms (afa2e885)
2020-10-26T17:44:14.7878969+04:00 80000015-0004-fd00-b63f-84710c7967bb [INF] Executed endpoint '"KU.WebAPI.Controllers.FormController.GetSampleIDAll (KU.WebAPI)"' (99874f2b)
2020-10-26T17:44:14.7922981+04:00 80000015-0004-fd00-b63f-84710c7967bb [INF] Request finished in 13680.3957ms 200 application/json; charset=utf-8 (791a596a)
2020-10-26T17:44:29.2160303+04:00 80000017-0004-fd00-b63f-84710c7967bb [INF] Request starting HTTP/2.0 GET https://localhost:44317/api/Report/Reports?TemplateID=10   (ca22a1cb)
2020-10-26T17:44:29.2216273+04:00 80000017-0004-fd00-b63f-84710c7967bb [INF] Executing endpoint '"KU.WebAPI.Controllers.ReportController.GetReport (KU.WebAPI)"' (500cc934)
2020-10-26T17:44:29.2304758+04:00 80000017-0004-fd00-b63f-84710c7967bb [INF] Route matched with "{action = \"GetReport\", controller = \"Report\"}". Executing controller action with signature "Microsoft.AspNetCore.Mvc.IActionResult GetReport(Int64, Int64, System.String, System.String, System.String, System.String, System.String, System.String, System.String, System.String, System.String, Int32, Int32, Int32, Int32, System.String)" on controller "KU.WebAPI.Controllers.ReportController" ("KU.WebAPI"). (122b2fdf)
2020-10-26T17:44:29.2350445+04:00 80000017-0004-fd00-b63f-84710c7967bb [INF] Executing action method "KU.WebAPI.Controllers.ReportController.GetReport (KU.WebAPI)" - Validation state: Valid (dad538d7)
2020-10-26T17:44:29.2403662+04:00 80000017-0004-fd00-b63f-84710c7967bb [INF] Entity Framework Core "2.2.6-servicing-10079" initialized '"ApplicationDbContext"' using provider '"Microsoft.EntityFrameworkCore.SqlServer"' with options: "MigrationsAssembly=KU.WebAPI " (9958f5bb)
2020-10-26T17:44:29.7731366+04:00 80000017-0004-fd00-b63f-84710c7967bb [INF] Executed DbCommand ("429"ms) [Parameters=["@p0='?' (DbType = Int32), @p1='?' (DbType = Int32), @p2='?' (DbType = Int32), @p3='?' (DbType = Int32), @p4='?' (DbType = Int64), @p5='?' (DbType = Int64), @p6='?', @p7='?' (Size = 4000), @p8='?' (Size = 4000), @p9='?' (Size = 4000), @p10='?' (Size = 4000), @p11='?', @p12='?' (Size = 4000), @p13='?' (Size = 4000), @p14='?' (Size = 4000), @p15='?' (Size = 4000)"], CommandType='Text', CommandTimeout='30']"
""SP_GETDATA @p0,@p1,@p2,@p3,@p4,@p5,@p6,@p7,@p8,@p9,@p10,@p11,@p12,@p13,@p14,@p15" (0723d8ff)
2020-10-26T17:44:30.0965922+04:00 80000017-0004-fd00-b63f-84710c7967bb [INF] Executed action method "KU.WebAPI.Controllers.ReportController.GetReport (KU.WebAPI)", returned result "Microsoft.AspNetCore.Mvc.OkObjectResult" in 857.8344ms. (50a9e262)
2020-10-26T17:44:30.1003419+04:00 80000017-0004-fd00-b63f-84710c7967bb [INF] Executing ObjectResult, writing value of type '"KU.Repositories.Models.QuestionnaireWrap9"'. (8a1b66c8)
2020-10-26T17:44:30.3450444+04:00 80000017-0004-fd00-b63f-84710c7967bb [INF] Executed action "KU.WebAPI.Controllers.ReportController.GetReport (KU.WebAPI)" in 1111.1997ms (afa2e885)
2020-10-26T17:44:30.3481652+04:00 80000017-0004-fd00-b63f-84710c7967bb [INF] Executed endpoint '"KU.WebAPI.Controllers.ReportController.GetReport (KU.WebAPI)"' (99874f2b)
2020-10-26T17:44:30.3519642+04:00 80000017-0004-fd00-b63f-84710c7967bb [INF] Request finished in 1136.4639ms 200 application/json; charset=utf-8 (791a596a)
2020-10-26T17:44:38.7807188+04:00 80000019-0004-fd00-b63f-84710c7967bb [INF] Request starting HTTP/2.0 GET https://localhost:44317/api/Report/Reports?TemplateID=10&SectionID=9   (ca22a1cb)
2020-10-26T17:44:38.7867279+04:00 80000019-0004-fd00-b63f-84710c7967bb [INF] Executing endpoint '"KU.WebAPI.Controllers.ReportController.GetReport (KU.WebAPI)"' (500cc934)
2020-10-26T17:44:38.7913633+04:00 80000019-0004-fd00-b63f-84710c7967bb [INF] Route matched with "{action = \"GetReport\", controller = \"Report\"}". Executing controller action with signature "Microsoft.AspNetCore.Mvc.IActionResult GetReport(Int64, Int64, System.String, System.String, System.String, System.String, System.String, System.String, System.String, System.String, System.String, Int32, Int32, Int32, Int32, System.String)" on controller "KU.WebAPI.Controllers.ReportController" ("KU.WebAPI"). (122b2fdf)
2020-10-26T17:44:38.7963792+04:00 80000019-0004-fd00-b63f-84710c7967bb [INF] Executing action method "KU.WebAPI.Controllers.ReportController.GetReport (KU.WebAPI)" - Validation state: Valid (dad538d7)
2020-10-26T17:44:38.8013590+04:00 80000019-0004-fd00-b63f-84710c7967bb [INF] Entity Framework Core "2.2.6-servicing-10079" initialized '"ApplicationDbContext"' using provider '"Microsoft.EntityFrameworkCore.SqlServer"' with options: "MigrationsAssembly=KU.WebAPI " (9958f5bb)
2020-10-26T17:44:39.9029525+04:00 80000019-0004-fd00-b63f-84710c7967bb [INF] Executed DbCommand ("937"ms) [Parameters=["@p0='?' (DbType = Int32), @p1='?' (DbType = Int32), @p2='?' (DbType = Int32), @p3='?' (DbType = Int32), @p4='?' (DbType = Int64), @p5='?' (DbType = Int64), @p6='?', @p7='?' (Size = 4000), @p8='?' (Size = 4000), @p9='?' (Size = 4000), @p10='?' (Size = 4000), @p11='?', @p12='?' (Size = 4000), @p13='?' (Size = 4000), @p14='?' (Size = 4000), @p15='?' (Size = 4000)"], CommandType='Text', CommandTimeout='30']"
""SP_GETDATA @p0,@p1,@p2,@p3,@p4,@p5,@p6,@p7,@p8,@p9,@p10,@p11,@p12,@p13,@p14,@p15" (0723d8ff)
2020-10-26T17:44:40.2311719+04:00 80000019-0004-fd00-b63f-84710c7967bb [INF] Executed action method "KU.WebAPI.Controllers.ReportController.GetReport (KU.WebAPI)", returned result "Microsoft.AspNetCore.Mvc.OkObjectResult" in 1431.112ms. (50a9e262)
2020-10-26T17:44:40.2355470+04:00 80000019-0004-fd00-b63f-84710c7967bb [INF] Executing ObjectResult, writing value of type '"KU.Repositories.Models.QuestionnaireWrap9_9"'. (8a1b66c8)
2020-10-26T17:44:40.6540385+04:00 80000019-0004-fd00-b63f-84710c7967bb [INF] Executed action "KU.WebAPI.Controllers.ReportController.GetReport (KU.WebAPI)" in 1858.7804ms (afa2e885)
2020-10-26T17:44:40.6572245+04:00 80000019-0004-fd00-b63f-84710c7967bb [INF] Executed endpoint '"KU.WebAPI.Controllers.ReportController.GetReport (KU.WebAPI)"' (99874f2b)
2020-10-26T17:44:40.6604951+04:00 80000019-0004-fd00-b63f-84710c7967bb [INF] Request finished in 1880.4559ms 200 application/json; charset=utf-8 (791a596a)
