2021-03-10T11:05:25.2449796+04:00 800000bf-0004-fe00-b63f-84710c7967bb [INF] Request starting HTTP/2.0 GET https://localhost:44317/index.html   (ca22a1cb)
2021-03-10T11:05:26.4912396+04:00 800000bf-0004-fe00-b63f-84710c7967bb [INF] Request finished in 1261.121ms 200 text/html (791a596a)
2021-03-10T11:05:28.2770587+04:00 8000001a-0005-f600-b63f-84710c7967bb [INF] Request starting HTTP/2.0 GET https://localhost:44317/swagger/v1/swagger.json   (ca22a1cb)
2021-03-10T11:05:29.0054471+04:00 8000001a-0005-f600-b63f-84710c7967bb [INF] Request finished in 732.6712ms 200 application/json;charset=utf-8 (791a596a)
2021-03-10T11:07:28.2648939+04:00 800000c1-0004-fe00-b63f-84710c7967bb [INF] Request starting HTTP/2.0 POST https://localhost:44317/api/Mail/Sendmail application/json-patch+json 66 (ca22a1cb)
2021-03-10T11:07:28.2712297+04:00 800000c1-0004-fe00-b63f-84710c7967bb [INF] CORS policy execution successful. (5409d6ef)
2021-03-10T11:07:28.3270902+04:00 800000c1-0004-fe00-b63f-84710c7967bb [INF] Executing endpoint '"KU.WebAPI.Controllers.MailController.Contact (KU.WebAPI)"' (500cc934)
2021-03-10T11:07:28.3541424+04:00 800000c1-0004-fe00-b63f-84710c7967bb [INF] Route matched with "{action = \"Contact\", controller = \"Mail\"}". Executing controller action with signature "Microsoft.AspNetCore.Mvc.IActionResult Contact(KU.Services.ViewModels.ContactViewModel)" on controller "KU.WebAPI.Controllers.MailController" ("KU.WebAPI"). (122b2fdf)
2021-03-10T11:07:28.3606260+04:00 800000c1-0004-fe00-b63f-84710c7967bb [WRN] The CORS protocol does not allow specifying a wildcard (any) origin and credentials at the same time. Configure the policy by listing individual origins if credentials needs to be supported. (6e5ffae2)
2021-03-10T11:07:28.3633204+04:00 800000c1-0004-fe00-b63f-84710c7967bb [INF] CORS policy execution successful. (5409d6ef)
2021-03-10T11:07:28.4085521+04:00 800000c1-0004-fe00-b63f-84710c7967bb [INF] Executing action method "KU.WebAPI.Controllers.MailController.Contact (KU.WebAPI)" - Validation state: Valid (dad538d7)
2021-03-10T11:08:40.7885059+04:00 800000c1-0004-fe00-b63f-84710c7967bb [INF] Executed action "KU.WebAPI.Controllers.MailController.Contact (KU.WebAPI)" in 72410.1038ms (afa2e885)
2021-03-10T11:08:40.8039620+04:00 800000c1-0004-fe00-b63f-84710c7967bb [INF] Executed endpoint '"KU.WebAPI.Controllers.MailController.Contact (KU.WebAPI)"' (99874f2b)
2021-03-10T11:08:41.7378174+04:00 800000c1-0004-fe00-b63f-84710c7967bb [ERR] An unhandled exception has occurred while executing the request. (48a46595)
Newtonsoft.Json.JsonReaderException: Unexpected character encountered while parsing value: a. Path '', line 0, position 0.
   at Newtonsoft.Json.JsonTextReader.ParseValue()
   at Newtonsoft.Json.JsonTextReader.Read()
   at Newtonsoft.Json.JsonReader.ReadForType(JsonContract contract, Boolean hasConverter)
   at Newtonsoft.Json.Serialization.JsonSerializerInternalReader.Deserialize(JsonReader reader, Type objectType, Boolean checkAdditionalContent)
   at Newtonsoft.Json.JsonSerializer.DeserializeInternal(JsonReader reader, Type objectType)
   at Newtonsoft.Json.JsonConvert.DeserializeObject(String value, Type type, JsonSerializerSettings settings)
   at Newtonsoft.Json.JsonConvert.DeserializeObject(String value)
   at KU.WebAPI.Controllers.MailController.Contact(ContactViewModel contactViewModel) in C:\TCIT\Khalifa University\Khalifa\KU.WebAPI\Controllers\MailController.cs:line 105
   at lambda_method(Closure , Object , Object[] )
   at Microsoft.Extensions.Internal.ObjectMethodExecutor.Execute(Object target, Object[] parameters)
   at Microsoft.AspNetCore.Mvc.Internal.ActionMethodExecutor.SyncActionResultExecutor.Execute(IActionResultTypeMapper mapper, ObjectMethodExecutor executor, Object controller, Object[] arguments)
   at Microsoft.AspNetCore.Mvc.Internal.ControllerActionInvoker.InvokeActionMethodAsync()
   at Microsoft.AspNetCore.Mvc.Internal.ControllerActionInvoker.InvokeNextActionFilterAsync()
   at Microsoft.AspNetCore.Mvc.Internal.ControllerActionInvoker.Rethrow(ActionExecutedContext context)
   at Microsoft.AspNetCore.Mvc.Internal.ControllerActionInvoker.Next(State& next, Scope& scope, Object& state, Boolean& isCompleted)
   at Microsoft.AspNetCore.Mvc.Internal.ControllerActionInvoker.InvokeInnerFilterAsync()
   at Microsoft.AspNetCore.Mvc.Internal.ResourceInvoker.InvokeNextResourceFilter()
   at Microsoft.AspNetCore.Mvc.Internal.ResourceInvoker.Rethrow(ResourceExecutedContext context)
   at Microsoft.AspNetCore.Mvc.Internal.ResourceInvoker.Next(State& next, Scope& scope, Object& state, Boolean& isCompleted)
   at Microsoft.AspNetCore.Mvc.Internal.ResourceInvoker.InvokeFilterPipelineAsync()
   at Microsoft.AspNetCore.Mvc.Internal.ResourceInvoker.InvokeAsync()
   at Microsoft.AspNetCore.Routing.EndpointMiddleware.Invoke(HttpContext httpContext)
   at Microsoft.AspNetCore.Routing.EndpointRoutingMiddleware.Invoke(HttpContext httpContext)
   at Microsoft.AspNetCore.StaticFiles.StaticFileMiddleware.Invoke(HttpContext context)
   at Swashbuckle.AspNetCore.SwaggerUI.SwaggerUIMiddleware.Invoke(HttpContext httpContext)
   at Swashbuckle.AspNetCore.Swagger.SwaggerMiddleware.Invoke(HttpContext httpContext, ISwaggerProvider swaggerProvider)
   at Microsoft.AspNetCore.Authentication.AuthenticationMiddleware.Invoke(HttpContext context)
   at Microsoft.AspNetCore.StaticFiles.StaticFileMiddleware.Invoke(HttpContext context)
   at Microsoft.AspNetCore.Cors.Infrastructure.CorsMiddleware.InvokeCore(HttpContext context)
   at Microsoft.AspNetCore.Diagnostics.DeveloperExceptionPageMiddleware.Invoke(HttpContext context)
2021-03-10T11:08:41.8306651+04:00 800000c1-0004-fe00-b63f-84710c7967bb [INF] Request finished in 73562.5203ms 500 text/html; charset=utf-8 (791a596a)
2021-03-10T11:08:45.5225940+04:00 8000000d-0003-fa00-b63f-84710c7967bb [INF] Request starting HTTP/2.0 POST https://localhost:44317/api/Mail/Sendmail application/json-patch+json 66 (ca22a1cb)
2021-03-10T11:08:45.5275957+04:00 8000000d-0003-fa00-b63f-84710c7967bb [INF] CORS policy execution successful. (5409d6ef)
2021-03-10T11:08:45.5333721+04:00 8000000d-0003-fa00-b63f-84710c7967bb [INF] Executing endpoint '"KU.WebAPI.Controllers.MailController.Contact (KU.WebAPI)"' (500cc934)
2021-03-10T11:08:45.5374515+04:00 8000000d-0003-fa00-b63f-84710c7967bb [INF] Route matched with "{action = \"Contact\", controller = \"Mail\"}". Executing controller action with signature "Microsoft.AspNetCore.Mvc.IActionResult Contact(KU.Services.ViewModels.ContactViewModel)" on controller "KU.WebAPI.Controllers.MailController" ("KU.WebAPI"). (122b2fdf)
2021-03-10T11:08:45.5405629+04:00 8000000d-0003-fa00-b63f-84710c7967bb [WRN] The CORS protocol does not allow specifying a wildcard (any) origin and credentials at the same time. Configure the policy by listing individual origins if credentials needs to be supported. (6e5ffae2)
2021-03-10T11:08:45.5435477+04:00 8000000d-0003-fa00-b63f-84710c7967bb [INF] CORS policy execution successful. (5409d6ef)
2021-03-10T11:08:45.5479944+04:00 8000000d-0003-fa00-b63f-84710c7967bb [INF] Executing action method "KU.WebAPI.Controllers.MailController.Contact (KU.WebAPI)" - Validation state: Valid (dad538d7)
2021-03-10T11:13:11.6620973+04:00 8000009b-0006-fd00-b63f-84710c7967bb [INF] Request starting HTTP/2.0 GET https://localhost:44317/index.html   (ca22a1cb)
2021-03-10T11:13:12.2906034+04:00 8000009b-0006-fd00-b63f-84710c7967bb [INF] Request finished in 636.0585ms 200 text/html (791a596a)
2021-03-10T11:13:12.6907131+04:00 8000000f-0003-fa00-b63f-84710c7967bb [INF] Request starting HTTP/2.0 GET https://localhost:44317/swagger/v1/swagger.json   (ca22a1cb)
2021-03-10T11:13:12.8794308+04:00 8000000f-0003-fa00-b63f-84710c7967bb [INF] Request finished in 188.1782ms 200 application/json;charset=utf-8 (791a596a)
2021-03-10T11:13:37.2599693+04:00 8000009d-0006-fd00-b63f-84710c7967bb [INF] Request starting HTTP/2.0 POST https://localhost:44317/api/Mail/Sendmail application/json-patch+json 63 (ca22a1cb)
2021-03-10T11:13:37.2673555+04:00 8000009d-0006-fd00-b63f-84710c7967bb [INF] CORS policy execution successful. (5409d6ef)
2021-03-10T11:13:37.3151470+04:00 8000009d-0006-fd00-b63f-84710c7967bb [INF] Executing endpoint '"KU.WebAPI.Controllers.MailController.Contact (KU.WebAPI)"' (500cc934)
2021-03-10T11:13:37.3430680+04:00 8000009d-0006-fd00-b63f-84710c7967bb [INF] Route matched with "{action = \"Contact\", controller = \"Mail\"}". Executing controller action with signature "Microsoft.AspNetCore.Mvc.IActionResult Contact(KU.Services.ViewModels.ContactViewModel)" on controller "KU.WebAPI.Controllers.MailController" ("KU.WebAPI"). (122b2fdf)
2021-03-10T11:13:37.3502922+04:00 8000009d-0006-fd00-b63f-84710c7967bb [WRN] The CORS protocol does not allow specifying a wildcard (any) origin and credentials at the same time. Configure the policy by listing individual origins if credentials needs to be supported. (6e5ffae2)
2021-03-10T11:13:37.3538047+04:00 8000009d-0006-fd00-b63f-84710c7967bb [INF] CORS policy execution successful. (5409d6ef)
2021-03-10T11:13:37.4032075+04:00 8000009d-0006-fd00-b63f-84710c7967bb [INF] Executing action method "KU.WebAPI.Controllers.MailController.Contact (KU.WebAPI)" - Validation state: Valid (dad538d7)
2021-03-10T11:15:54.1795590+04:00 8000009d-0006-fd00-b63f-84710c7967bb [INF] Executed action "KU.WebAPI.Controllers.MailController.Contact (KU.WebAPI)" in 136827.1697ms (afa2e885)
2021-03-10T11:15:54.1878597+04:00 8000009d-0006-fd00-b63f-84710c7967bb [INF] Executed endpoint '"KU.WebAPI.Controllers.MailController.Contact (KU.WebAPI)"' (99874f2b)
2021-03-10T11:15:54.2668029+04:00 8000009d-0006-fd00-b63f-84710c7967bb [ERR] An unhandled exception has occurred while executing the request. (48a46595)
Newtonsoft.Json.JsonReaderException: Unexpected character encountered while parsing value: a. Path '', line 0, position 0.
   at Newtonsoft.Json.JsonTextReader.ParseValue()
   at Newtonsoft.Json.JsonTextReader.Read()
   at Newtonsoft.Json.JsonReader.ReadForType(JsonContract contract, Boolean hasConverter)
   at Newtonsoft.Json.Serialization.JsonSerializerInternalReader.Deserialize(JsonReader reader, Type objectType, Boolean checkAdditionalContent)
   at Newtonsoft.Json.JsonSerializer.DeserializeInternal(JsonReader reader, Type objectType)
   at Newtonsoft.Json.JsonConvert.DeserializeObject(String value, Type type, JsonSerializerSettings settings)
   at Newtonsoft.Json.JsonConvert.DeserializeObject(String value)
   at KU.WebAPI.Controllers.MailController.Contact(ContactViewModel contactViewModel) in C:\TCIT\Khalifa University\Khalifa\KU.WebAPI\Controllers\MailController.cs:line 105
   at lambda_method(Closure , Object , Object[] )
   at Microsoft.Extensions.Internal.ObjectMethodExecutor.Execute(Object target, Object[] parameters)
   at Microsoft.AspNetCore.Mvc.Internal.ActionMethodExecutor.SyncActionResultExecutor.Execute(IActionResultTypeMapper mapper, ObjectMethodExecutor executor, Object controller, Object[] arguments)
   at Microsoft.AspNetCore.Mvc.Internal.ControllerActionInvoker.InvokeActionMethodAsync()
   at Microsoft.AspNetCore.Mvc.Internal.ControllerActionInvoker.InvokeNextActionFilterAsync()
   at Microsoft.AspNetCore.Mvc.Internal.ControllerActionInvoker.Rethrow(ActionExecutedContext context)
   at Microsoft.AspNetCore.Mvc.Internal.ControllerActionInvoker.Next(State& next, Scope& scope, Object& state, Boolean& isCompleted)
   at Microsoft.AspNetCore.Mvc.Internal.ControllerActionInvoker.InvokeInnerFilterAsync()
   at Microsoft.AspNetCore.Mvc.Internal.ResourceInvoker.InvokeNextResourceFilter()
   at Microsoft.AspNetCore.Mvc.Internal.ResourceInvoker.Rethrow(ResourceExecutedContext context)
   at Microsoft.AspNetCore.Mvc.Internal.ResourceInvoker.Next(State& next, Scope& scope, Object& state, Boolean& isCompleted)
   at Microsoft.AspNetCore.Mvc.Internal.ResourceInvoker.InvokeFilterPipelineAsync()
   at Microsoft.AspNetCore.Mvc.Internal.ResourceInvoker.InvokeAsync()
   at Microsoft.AspNetCore.Routing.EndpointMiddleware.Invoke(HttpContext httpContext)
   at Microsoft.AspNetCore.Routing.EndpointRoutingMiddleware.Invoke(HttpContext httpContext)
   at Microsoft.AspNetCore.StaticFiles.StaticFileMiddleware.Invoke(HttpContext context)
   at Swashbuckle.AspNetCore.SwaggerUI.SwaggerUIMiddleware.Invoke(HttpContext httpContext)
   at Swashbuckle.AspNetCore.Swagger.SwaggerMiddleware.Invoke(HttpContext httpContext, ISwaggerProvider swaggerProvider)
   at Microsoft.AspNetCore.Authentication.AuthenticationMiddleware.Invoke(HttpContext context)
   at Microsoft.AspNetCore.StaticFiles.StaticFileMiddleware.Invoke(HttpContext context)
   at Microsoft.AspNetCore.Cors.Infrastructure.CorsMiddleware.InvokeCore(HttpContext context)
   at Microsoft.AspNetCore.Diagnostics.DeveloperExceptionPageMiddleware.Invoke(HttpContext context)
2021-03-10T11:15:54.3209983+04:00 8000009d-0006-fd00-b63f-84710c7967bb [INF] Request finished in 137061.5833ms 500 text/html; charset=utf-8 (791a596a)
2021-03-10T11:36:33.9911813+04:00 80000011-0003-fa00-b63f-84710c7967bb [INF] Request starting HTTP/2.0 GET https://localhost:44317/index.html   (ca22a1cb)
2021-03-10T11:36:34.9047616+04:00 80000011-0003-fa00-b63f-84710c7967bb [INF] Request finished in 917.3107ms 200 text/html (791a596a)
2021-03-10T11:36:35.4083934+04:00 8000001c-0005-f600-b63f-84710c7967bb [INF] Request starting HTTP/2.0 GET https://localhost:44317/swagger/v1/swagger.json   (ca22a1cb)
2021-03-10T11:36:35.8226819+04:00 8000001c-0005-f600-b63f-84710c7967bb [INF] Request finished in 415.5301ms 200 application/json;charset=utf-8 (791a596a)
2021-03-10T11:38:18.0864410+04:00 80000273-0004-ff00-b63f-84710c7967bb [INF] Request starting HTTP/2.0 POST https://localhost:44317/api/Mail/Sendmail application/json-patch+json 62 (ca22a1cb)
2021-03-10T11:38:18.0937460+04:00 80000273-0004-ff00-b63f-84710c7967bb [INF] CORS policy execution successful. (5409d6ef)
2021-03-10T11:38:18.1427379+04:00 80000273-0004-ff00-b63f-84710c7967bb [INF] Executing endpoint '"KU.WebAPI.Controllers.MailController.Contact (KU.WebAPI)"' (500cc934)
2021-03-10T11:38:18.1710405+04:00 80000273-0004-ff00-b63f-84710c7967bb [INF] Route matched with "{action = \"Contact\", controller = \"Mail\"}". Executing controller action with signature "Microsoft.AspNetCore.Mvc.IActionResult Contact(KU.Services.ViewModels.ContactViewModel)" on controller "KU.WebAPI.Controllers.MailController" ("KU.WebAPI"). (122b2fdf)
2021-03-10T11:38:18.1782686+04:00 80000273-0004-ff00-b63f-84710c7967bb [WRN] The CORS protocol does not allow specifying a wildcard (any) origin and credentials at the same time. Configure the policy by listing individual origins if credentials needs to be supported. (6e5ffae2)
2021-03-10T11:38:18.1817037+04:00 80000273-0004-ff00-b63f-84710c7967bb [INF] CORS policy execution successful. (5409d6ef)
2021-03-10T11:38:18.2276787+04:00 80000273-0004-ff00-b63f-84710c7967bb [INF] Executing action method "KU.WebAPI.Controllers.MailController.Contact (KU.WebAPI)" - Validation state: Valid (dad538d7)
2021-03-10T11:47:48.5988485+04:00 8000001e-0005-f600-b63f-84710c7967bb [INF] Request starting HTTP/2.0 GET https://localhost:44317/index.html   (ca22a1cb)
2021-03-10T11:47:49.1324350+04:00 8000001e-0005-f600-b63f-84710c7967bb [INF] Request finished in 541.3ms 200 text/html (791a596a)
2021-03-10T11:47:49.3942627+04:00 80000275-0004-ff00-b63f-84710c7967bb [INF] Request starting HTTP/2.0 GET https://localhost:44317/swagger/v1/swagger.json   (ca22a1cb)
2021-03-10T11:47:49.5932750+04:00 80000275-0004-ff00-b63f-84710c7967bb [INF] Request finished in 198.4752ms 200 application/json;charset=utf-8 (791a596a)
2021-03-10T11:48:14.1753953+04:00 8000009f-0006-fd00-b63f-84710c7967bb [INF] Request starting HTTP/2.0 POST https://localhost:44317/api/Mail/Sendmail application/json-patch+json 61 (ca22a1cb)
2021-03-10T11:48:14.1827781+04:00 8000009f-0006-fd00-b63f-84710c7967bb [INF] CORS policy execution successful. (5409d6ef)
2021-03-10T11:48:14.2353440+04:00 8000009f-0006-fd00-b63f-84710c7967bb [INF] Executing endpoint '"KU.WebAPI.Controllers.MailController.Contact (KU.WebAPI)"' (500cc934)
2021-03-10T11:48:14.2614981+04:00 8000009f-0006-fd00-b63f-84710c7967bb [INF] Route matched with "{action = \"Contact\", controller = \"Mail\"}". Executing controller action with signature "Microsoft.AspNetCore.Mvc.IActionResult Contact(KU.Services.ViewModels.ContactViewModel)" on controller "KU.WebAPI.Controllers.MailController" ("KU.WebAPI"). (122b2fdf)
2021-03-10T11:48:14.2689990+04:00 8000009f-0006-fd00-b63f-84710c7967bb [WRN] The CORS protocol does not allow specifying a wildcard (any) origin and credentials at the same time. Configure the policy by listing individual origins if credentials needs to be supported. (6e5ffae2)
2021-03-10T11:48:14.2730123+04:00 8000009f-0006-fd00-b63f-84710c7967bb [INF] CORS policy execution successful. (5409d6ef)
2021-03-10T11:48:14.3220975+04:00 8000009f-0006-fd00-b63f-84710c7967bb [INF] Executing action method "KU.WebAPI.Controllers.MailController.Contact (KU.WebAPI)" - Validation state: Valid (dad538d7)
2021-03-10T11:51:32.4933811+04:00 80000020-0005-f600-b63f-84710c7967bb [INF] Request starting HTTP/2.0 GET https://localhost:44317/index.html   (ca22a1cb)
2021-03-10T11:51:33.0834079+04:00 80000020-0005-f600-b63f-84710c7967bb [INF] Request finished in 598.359ms 200 text/html (791a596a)
2021-03-10T11:51:33.4498964+04:00 80000025-0001-f900-b63f-84710c7967bb [INF] Request starting HTTP/2.0 GET https://localhost:44317/swagger/v1/swagger.json   (ca22a1cb)
2021-03-10T11:51:33.7173348+04:00 80000025-0001-f900-b63f-84710c7967bb [INF] Request finished in 268.1192ms 200 application/json;charset=utf-8 (791a596a)
2021-03-10T11:52:01.8944077+04:00 80000277-0004-ff00-b63f-84710c7967bb [INF] Request starting HTTP/2.0 POST https://localhost:44317/api/Mail/Sendmail application/json-patch+json 62 (ca22a1cb)
2021-03-10T11:52:01.9005690+04:00 80000277-0004-ff00-b63f-84710c7967bb [INF] CORS policy execution successful. (5409d6ef)
2021-03-10T11:52:01.9491732+04:00 80000277-0004-ff00-b63f-84710c7967bb [INF] Executing endpoint '"KU.WebAPI.Controllers.MailController.Contact (KU.WebAPI)"' (500cc934)
2021-03-10T11:52:01.9790301+04:00 80000277-0004-ff00-b63f-84710c7967bb [INF] Route matched with "{action = \"Contact\", controller = \"Mail\"}". Executing controller action with signature "Microsoft.AspNetCore.Mvc.IActionResult Contact(KU.Services.ViewModels.ContactViewModel)" on controller "KU.WebAPI.Controllers.MailController" ("KU.WebAPI"). (122b2fdf)
2021-03-10T11:52:01.9861459+04:00 80000277-0004-ff00-b63f-84710c7967bb [WRN] The CORS protocol does not allow specifying a wildcard (any) origin and credentials at the same time. Configure the policy by listing individual origins if credentials needs to be supported. (6e5ffae2)
2021-03-10T11:52:01.9897426+04:00 80000277-0004-ff00-b63f-84710c7967bb [INF] CORS policy execution successful. (5409d6ef)
2021-03-10T11:52:02.0435941+04:00 80000277-0004-ff00-b63f-84710c7967bb [INF] Executing action method "KU.WebAPI.Controllers.MailController.Contact (KU.WebAPI)" - Validation state: Valid (dad538d7)
2021-03-10T11:58:01.2061369+04:00 80000022-0005-f600-b63f-84710c7967bb [INF] Request starting HTTP/2.0 GET https://localhost:44317/index.html   (ca22a1cb)
2021-03-10T11:58:01.8707288+04:00 80000022-0005-f600-b63f-84710c7967bb [INF] Request finished in 670.7519ms 200 text/html (791a596a)
2021-03-10T11:58:02.2239091+04:00 80000024-0005-f600-b63f-84710c7967bb [INF] Request starting HTTP/2.0 GET https://localhost:44317/swagger/v1/swagger.json   (ca22a1cb)
2021-03-10T11:58:02.4405817+04:00 80000024-0005-f600-b63f-84710c7967bb [INF] Request finished in 215.4353ms 200 application/json;charset=utf-8 (791a596a)
2021-03-10T11:58:29.9653138+04:00 80000027-0007-fd00-b63f-84710c7967bb [INF] Request starting HTTP/2.0 POST https://localhost:44317/api/Mail/Sendmail application/json-patch+json 63 (ca22a1cb)
2021-03-10T11:58:29.9738309+04:00 80000027-0007-fd00-b63f-84710c7967bb [INF] CORS policy execution successful. (5409d6ef)
2021-03-10T11:58:30.0269110+04:00 80000027-0007-fd00-b63f-84710c7967bb [INF] Executing endpoint '"KU.WebAPI.Controllers.MailController.Contact (KU.WebAPI)"' (500cc934)
2021-03-10T11:58:30.0562439+04:00 80000027-0007-fd00-b63f-84710c7967bb [INF] Route matched with "{action = \"Contact\", controller = \"Mail\"}". Executing controller action with signature "Microsoft.AspNetCore.Mvc.IActionResult Contact(KU.Services.ViewModels.ContactViewModel)" on controller "KU.WebAPI.Controllers.MailController" ("KU.WebAPI"). (122b2fdf)
2021-03-10T11:58:30.0636456+04:00 80000027-0007-fd00-b63f-84710c7967bb [WRN] The CORS protocol does not allow specifying a wildcard (any) origin and credentials at the same time. Configure the policy by listing individual origins if credentials needs to be supported. (6e5ffae2)
2021-03-10T11:58:30.0674313+04:00 80000027-0007-fd00-b63f-84710c7967bb [INF] CORS policy execution successful. (5409d6ef)
2021-03-10T11:58:30.1157493+04:00 80000027-0007-fd00-b63f-84710c7967bb [INF] Executing action method "KU.WebAPI.Controllers.MailController.Contact (KU.WebAPI)" - Validation state: Valid (dad538d7)
2021-03-10T11:59:00.6384567+04:00 80000027-0007-fd00-b63f-84710c7967bb [INF] Executed action method "KU.WebAPI.Controllers.MailController.Contact (KU.WebAPI)", returned result "Microsoft.AspNetCore.Mvc.OkObjectResult" in 30511.7174ms. (50a9e262)
2021-03-10T11:59:00.6498264+04:00 80000027-0007-fd00-b63f-84710c7967bb [INF] Executing ObjectResult, writing value of type '"System.String"'. (8a1b66c8)
2021-03-10T11:59:00.6607213+04:00 80000027-0007-fd00-b63f-84710c7967bb [INF] Executed action "KU.WebAPI.Controllers.MailController.Contact (KU.WebAPI)" in 30597.2984ms (afa2e885)
2021-03-10T11:59:00.6649087+04:00 80000027-0007-fd00-b63f-84710c7967bb [INF] Executed endpoint '"KU.WebAPI.Controllers.MailController.Contact (KU.WebAPI)"' (99874f2b)
2021-03-10T11:59:00.6682316+04:00 80000027-0007-fd00-b63f-84710c7967bb [INF] Request finished in 30705.0583ms 200 application/json; charset=utf-8 (791a596a)
2021-03-10T12:00:15.5505445+04:00 80000026-0005-f600-b63f-84710c7967bb [INF] Request starting HTTP/2.0 GET https://localhost:44317/index.html   (ca22a1cb)
2021-03-10T12:00:16.1627417+04:00 80000026-0005-f600-b63f-84710c7967bb [INF] Request finished in 617.2978ms 200 text/html (791a596a)
2021-03-10T12:00:16.5160798+04:00 80000279-0004-ff00-b63f-84710c7967bb [INF] Request starting HTTP/2.0 GET https://localhost:44317/swagger/v1/swagger.json   (ca22a1cb)
2021-03-10T12:00:16.7828381+04:00 80000279-0004-ff00-b63f-84710c7967bb [INF] Request finished in 269.6089ms 200 application/json;charset=utf-8 (791a596a)
2021-03-10T12:00:39.2906499+04:00 8000027b-0004-ff00-b63f-84710c7967bb [INF] Request starting HTTP/2.0 POST https://localhost:44317/api/Mail/Sendmail application/json-patch+json 63 (ca22a1cb)
2021-03-10T12:00:39.2966460+04:00 8000027b-0004-ff00-b63f-84710c7967bb [INF] CORS policy execution successful. (5409d6ef)
2021-03-10T12:00:39.3556333+04:00 8000027b-0004-ff00-b63f-84710c7967bb [INF] Executing endpoint '"KU.WebAPI.Controllers.MailController.Contact (KU.WebAPI)"' (500cc934)
2021-03-10T12:00:39.3859551+04:00 8000027b-0004-ff00-b63f-84710c7967bb [INF] Route matched with "{action = \"Contact\", controller = \"Mail\"}". Executing controller action with signature "Microsoft.AspNetCore.Mvc.IActionResult Contact(KU.Services.ViewModels.ContactViewModel)" on controller "KU.WebAPI.Controllers.MailController" ("KU.WebAPI"). (122b2fdf)
2021-03-10T12:00:39.3934400+04:00 8000027b-0004-ff00-b63f-84710c7967bb [WRN] The CORS protocol does not allow specifying a wildcard (any) origin and credentials at the same time. Configure the policy by listing individual origins if credentials needs to be supported. (6e5ffae2)
2021-03-10T12:00:39.3969049+04:00 8000027b-0004-ff00-b63f-84710c7967bb [INF] CORS policy execution successful. (5409d6ef)
2021-03-10T12:00:39.4467176+04:00 8000027b-0004-ff00-b63f-84710c7967bb [INF] Executing action method "KU.WebAPI.Controllers.MailController.Contact (KU.WebAPI)" - Validation state: Valid (dad538d7)
2021-03-10T12:00:57.6416805+04:00 8000027b-0004-ff00-b63f-84710c7967bb [INF] Executed action method "KU.WebAPI.Controllers.MailController.Contact (KU.WebAPI)", returned result "Microsoft.AspNetCore.Mvc.OkObjectResult" in 18184.3981ms. (50a9e262)
2021-03-10T12:00:57.6544516+04:00 8000027b-0004-ff00-b63f-84710c7967bb [INF] Executing ObjectResult, writing value of type '"System.String"'. (8a1b66c8)
2021-03-10T12:00:57.6674189+04:00 8000027b-0004-ff00-b63f-84710c7967bb [INF] Executed action "KU.WebAPI.Controllers.MailController.Contact (KU.WebAPI)" in 18272.7786ms (afa2e885)
2021-03-10T12:00:57.6720892+04:00 8000027b-0004-ff00-b63f-84710c7967bb [INF] Executed endpoint '"KU.WebAPI.Controllers.MailController.Contact (KU.WebAPI)"' (99874f2b)
2021-03-10T12:00:57.6761203+04:00 8000027b-0004-ff00-b63f-84710c7967bb [INF] Request finished in 18385.5184ms 200 application/json; charset=utf-8 (791a596a)
2021-03-10T12:07:30.2934085+04:00 800000a1-0006-fd00-b63f-84710c7967bb [INF] Request starting HTTP/2.0 GET https://localhost:44317/index.html   (ca22a1cb)
2021-03-10T12:07:30.8372002+04:00 800000a1-0006-fd00-b63f-84710c7967bb [INF] Request finished in 550.7299ms 200 text/html (791a596a)
2021-03-10T12:07:31.1869673+04:00 800001d3-0002-f800-b63f-84710c7967bb [INF] Request starting HTTP/2.0 GET https://localhost:44317/swagger/v1/swagger.json   (ca22a1cb)
2021-03-10T12:07:31.4362782+04:00 800001d3-0002-f800-b63f-84710c7967bb [INF] Request finished in 249.466ms 200 application/json;charset=utf-8 (791a596a)
2021-03-10T12:07:52.2451249+04:00 8000027d-0004-ff00-b63f-84710c7967bb [INF] Request starting HTTP/2.0 POST https://localhost:44317/api/Mail/Sendmail application/json-patch+json 61 (ca22a1cb)
2021-03-10T12:07:52.2514630+04:00 8000027d-0004-ff00-b63f-84710c7967bb [INF] CORS policy execution successful. (5409d6ef)
2021-03-10T12:07:52.3133891+04:00 8000027d-0004-ff00-b63f-84710c7967bb [INF] Executing endpoint '"KU.WebAPI.Controllers.MailController.Contact (KU.WebAPI)"' (500cc934)
2021-03-10T12:07:52.3469033+04:00 8000027d-0004-ff00-b63f-84710c7967bb [INF] Route matched with "{action = \"Contact\", controller = \"Mail\"}". Executing controller action with signature "Microsoft.AspNetCore.Mvc.IActionResult Contact(KU.Services.ViewModels.ContactViewModel)" on controller "KU.WebAPI.Controllers.MailController" ("KU.WebAPI"). (122b2fdf)
2021-03-10T12:07:52.3536717+04:00 8000027d-0004-ff00-b63f-84710c7967bb [WRN] The CORS protocol does not allow specifying a wildcard (any) origin and credentials at the same time. Configure the policy by listing individual origins if credentials needs to be supported. (6e5ffae2)
2021-03-10T12:07:52.3572665+04:00 8000027d-0004-ff00-b63f-84710c7967bb [INF] CORS policy execution successful. (5409d6ef)
2021-03-10T12:07:52.4091187+04:00 8000027d-0004-ff00-b63f-84710c7967bb [INF] Executing action method "KU.WebAPI.Controllers.MailController.Contact (KU.WebAPI)" - Validation state: Valid (dad538d7)
2021-03-10T12:08:21.4984787+04:00 8000027d-0004-ff00-b63f-84710c7967bb [INF] Executed action method "KU.WebAPI.Controllers.MailController.Contact (KU.WebAPI)", returned result "Microsoft.AspNetCore.Mvc.OkObjectResult" in 29078.0107ms. (50a9e262)
2021-03-10T12:08:21.5091643+04:00 8000027d-0004-ff00-b63f-84710c7967bb [INF] Executing ObjectResult, writing value of type '"System.String"'. (8a1b66c8)
2021-03-10T12:08:21.5196299+04:00 8000027d-0004-ff00-b63f-84710c7967bb [INF] Executed action "KU.WebAPI.Controllers.MailController.Contact (KU.WebAPI)" in 29166.0282ms (afa2e885)
2021-03-10T12:08:21.5231775+04:00 8000027d-0004-ff00-b63f-84710c7967bb [INF] Executed endpoint '"KU.WebAPI.Controllers.MailController.Contact (KU.WebAPI)"' (99874f2b)
2021-03-10T12:08:21.5265025+04:00 8000027d-0004-ff00-b63f-84710c7967bb [INF] Request finished in 29283.079ms 200 application/json; charset=utf-8 (791a596a)
2021-03-10T12:08:56.3540411+04:00 800001d5-0002-f800-b63f-84710c7967bb [INF] Request starting HTTP/2.0 POST https://localhost:44317/api/Form/AddForms application/json-patch+json 208 (ca22a1cb)
2021-03-10T12:08:56.3600786+04:00 800001d5-0002-f800-b63f-84710c7967bb [INF] CORS policy execution successful. (5409d6ef)
2021-03-10T12:08:56.3703504+04:00 800001d5-0002-f800-b63f-84710c7967bb [INF] Executing endpoint '"KU.WebAPI.Controllers.FormController.AddSavedForm (KU.WebAPI)"' (500cc934)
2021-03-10T12:08:56.3813188+04:00 800001d5-0002-f800-b63f-84710c7967bb [INF] Route matched with "{action = \"AddSavedForm\", controller = \"Form\"}". Executing controller action with signature "Microsoft.AspNetCore.Mvc.IActionResult AddSavedForm(KU.Services.Interfaces.SavedFormViewModel)" on controller "KU.WebAPI.Controllers.FormController" ("KU.WebAPI"). (122b2fdf)
2021-03-10T12:08:56.3879795+04:00 800001d5-0002-f800-b63f-84710c7967bb [WRN] The CORS protocol does not allow specifying a wildcard (any) origin and credentials at the same time. Configure the policy by listing individual origins if credentials needs to be supported. (6e5ffae2)
2021-03-10T12:08:56.3939130+04:00 800001d5-0002-f800-b63f-84710c7967bb [INF] CORS policy execution successful. (5409d6ef)
2021-03-10T12:08:56.5965454+04:00 800001d5-0002-f800-b63f-84710c7967bb [INF] Executing action method "KU.WebAPI.Controllers.FormController.AddSavedForm (KU.WebAPI)" - Validation state: Valid (dad538d7)
2021-03-10T12:09:06.2086724+04:00 800001d5-0002-f800-b63f-84710c7967bb [INF] Entity Framework Core "2.2.6-servicing-10079" initialized '"ApplicationDbContext"' using provider '"Microsoft.EntityFrameworkCore.SqlServer"' with options: "MigrationsAssembly=KU.WebAPI " (9958f5bb)
2021-03-10T12:09:07.5714534+04:00 800001d5-0002-f800-b63f-84710c7967bb [INF] Executed DbCommand ("124"ms) [Parameters=["@p0='?' (Size = 4000), @p1='?' (DbType = DateTime2), @p2='?' (Size = 250), @p3='?' (DbType = Int64), @p4='?' (DbType = DateTime2), @p5='?' (Size = 4000)"], CommandType='Text', CommandTimeout='30']"
""SET NOCOUNT ON;
INSERT INTO [SavedForm] ([CreatedBy], [CreatedDate], [SavedFormName], [TemplateID], [UpdateDate], [UpdatedBy])
VALUES (@p0, @p1, @p2, @p3, @p4, @p5);
SELECT [SavedFormID]
FROM [SavedForm]
WHERE @@ROWCOUNT = 1 AND [SavedFormID] = scope_identity();" (0723d8ff)
2021-03-10T12:09:07.7718558+04:00 800001d5-0002-f800-b63f-84710c7967bb [INF] Executed action method "KU.WebAPI.Controllers.FormController.AddSavedForm (KU.WebAPI)", returned result "Microsoft.AspNetCore.Mvc.OkObjectResult" in 11161.8762ms. (50a9e262)
2021-03-10T12:09:07.7871129+04:00 800001d5-0002-f800-b63f-84710c7967bb [INF] Executing ObjectResult, writing value of type '"System.Int64"'. (8a1b66c8)
2021-03-10T12:09:07.7990102+04:00 800001d5-0002-f800-b63f-84710c7967bb [INF] Executed action "KU.WebAPI.Controllers.FormController.AddSavedForm (KU.WebAPI)" in 11407.2601ms (afa2e885)
2021-03-10T12:09:07.8030872+04:00 800001d5-0002-f800-b63f-84710c7967bb [INF] Executed endpoint '"KU.WebAPI.Controllers.FormController.AddSavedForm (KU.WebAPI)"' (99874f2b)
2021-03-10T12:09:07.8066316+04:00 800001d5-0002-f800-b63f-84710c7967bb [INF] Request finished in 11454.8305ms 200 application/json; charset=utf-8 (791a596a)
2021-03-10T12:17:04.8864022+04:00 800000a3-0006-fd00-b63f-84710c7967bb [INF] Request starting HTTP/2.0 GET https://localhost:44317/index.html   (ca22a1cb)
2021-03-10T12:17:05.4023087+04:00 800000a3-0006-fd00-b63f-84710c7967bb [INF] Request finished in 526.027ms 200 text/html (791a596a)
2021-03-10T12:17:05.7442704+04:00 80000028-0005-f600-b63f-84710c7967bb [INF] Request starting HTTP/2.0 GET https://localhost:44317/swagger/v1/swagger.json   (ca22a1cb)
2021-03-10T12:17:05.9790426+04:00 80000028-0005-f600-b63f-84710c7967bb [INF] Request finished in 234.7541ms 200 application/json;charset=utf-8 (791a596a)
2021-03-10T12:17:28.8522872+04:00 80000027-0001-f900-b63f-84710c7967bb [INF] Request starting HTTP/2.0 POST https://localhost:44317/api/Mail/Sendmail application/json-patch+json 58 (ca22a1cb)
2021-03-10T12:17:28.8582929+04:00 80000027-0001-f900-b63f-84710c7967bb [INF] CORS policy execution successful. (5409d6ef)
2021-03-10T12:17:28.9194323+04:00 80000027-0001-f900-b63f-84710c7967bb [INF] Executing endpoint '"KU.WebAPI.Controllers.MailController.Contact (KU.WebAPI)"' (500cc934)
2021-03-10T12:17:28.9509207+04:00 80000027-0001-f900-b63f-84710c7967bb [INF] Route matched with "{action = \"Contact\", controller = \"Mail\"}". Executing controller action with signature "Microsoft.AspNetCore.Mvc.IActionResult Contact(KU.Services.ViewModels.ContactViewModel)" on controller "KU.WebAPI.Controllers.MailController" ("KU.WebAPI"). (122b2fdf)
2021-03-10T12:17:28.9596716+04:00 80000027-0001-f900-b63f-84710c7967bb [WRN] The CORS protocol does not allow specifying a wildcard (any) origin and credentials at the same time. Configure the policy by listing individual origins if credentials needs to be supported. (6e5ffae2)
2021-03-10T12:17:28.9643538+04:00 80000027-0001-f900-b63f-84710c7967bb [INF] CORS policy execution successful. (5409d6ef)
2021-03-10T12:17:29.0196060+04:00 80000027-0001-f900-b63f-84710c7967bb [INF] Executing action method "KU.WebAPI.Controllers.MailController.Contact (KU.WebAPI)" - Validation state: Valid (dad538d7)
2021-03-10T12:17:41.5546709+04:00 80000027-0001-f900-b63f-84710c7967bb [INF] Executed action method "KU.WebAPI.Controllers.MailController.Contact (KU.WebAPI)", returned result "Microsoft.AspNetCore.Mvc.OkObjectResult" in 12527.356ms. (50a9e262)
2021-03-10T12:17:41.5656200+04:00 80000027-0001-f900-b63f-84710c7967bb [INF] Executing ObjectResult, writing value of type '"System.String"'. (8a1b66c8)
2021-03-10T12:17:41.5769056+04:00 80000027-0001-f900-b63f-84710c7967bb [INF] Executed action "KU.WebAPI.Controllers.MailController.Contact (KU.WebAPI)" in 12618.6308ms (afa2e885)
2021-03-10T12:17:41.5806642+04:00 80000027-0001-f900-b63f-84710c7967bb [INF] Executed endpoint '"KU.WebAPI.Controllers.MailController.Contact (KU.WebAPI)"' (99874f2b)
2021-03-10T12:17:41.5848019+04:00 80000027-0001-f900-b63f-84710c7967bb [INF] Request finished in 12732.7705ms 200 application/json; charset=utf-8 (791a596a)
2021-03-10T12:20:39.2494668+04:00 8000027f-0004-ff00-b63f-84710c7967bb [INF] Request starting HTTP/2.0 GET https://localhost:44317/index.html   (ca22a1cb)
2021-03-10T12:20:40.0751696+04:00 8000027f-0004-ff00-b63f-84710c7967bb [INF] Request finished in 838.0053ms 200 text/html (791a596a)
2021-03-10T12:20:40.4427943+04:00 80000281-0004-ff00-b63f-84710c7967bb [INF] Request starting HTTP/2.0 GET https://localhost:44317/swagger/v1/swagger.json   (ca22a1cb)
2021-03-10T12:20:40.7544390+04:00 80000281-0004-ff00-b63f-84710c7967bb [INF] Request finished in 312.1103ms 200 application/json;charset=utf-8 (791a596a)
2021-03-10T12:22:25.3992557+04:00 800001d7-0002-f800-b63f-84710c7967bb [INF] Request starting HTTP/2.0 POST https://localhost:44317/api/Mail/Sendmail application/json-patch+json 71 (ca22a1cb)
2021-03-10T12:22:25.4082266+04:00 800001d7-0002-f800-b63f-84710c7967bb [INF] CORS policy execution successful. (5409d6ef)
2021-03-10T12:22:25.4900650+04:00 800001d7-0002-f800-b63f-84710c7967bb [INF] Executing endpoint '"KU.WebAPI.Controllers.MailController.Contact (KU.WebAPI)"' (500cc934)
2021-03-10T12:22:25.5375427+04:00 800001d7-0002-f800-b63f-84710c7967bb [INF] Route matched with "{action = \"Contact\", controller = \"Mail\"}". Executing controller action with signature "Microsoft.AspNetCore.Mvc.IActionResult Contact(KU.Services.ViewModels.ContactViewModel)" on controller "KU.WebAPI.Controllers.MailController" ("KU.WebAPI"). (122b2fdf)
2021-03-10T12:22:25.5470502+04:00 800001d7-0002-f800-b63f-84710c7967bb [WRN] The CORS protocol does not allow specifying a wildcard (any) origin and credentials at the same time. Configure the policy by listing individual origins if credentials needs to be supported. (6e5ffae2)
2021-03-10T12:22:25.5522902+04:00 800001d7-0002-f800-b63f-84710c7967bb [INF] CORS policy execution successful. (5409d6ef)
2021-03-10T12:22:25.6316506+04:00 800001d7-0002-f800-b63f-84710c7967bb [INF] Executing action method "KU.WebAPI.Controllers.MailController.Contact (KU.WebAPI)" - Validation state: Valid (dad538d7)
2021-03-10T12:23:43.9273150+04:00 800001d7-0002-f800-b63f-84710c7967bb [INF] Executed action method "KU.WebAPI.Controllers.MailController.Contact (KU.WebAPI)", returned result "Microsoft.AspNetCore.Mvc.OkObjectResult" in 78286.6917ms. (50a9e262)
2021-03-10T12:23:43.9421671+04:00 800001d7-0002-f800-b63f-84710c7967bb [INF] Executing ObjectResult, writing value of type '"System.String"'. (8a1b66c8)
2021-03-10T12:23:43.9639599+04:00 800001d7-0002-f800-b63f-84710c7967bb [INF] Executed action "KU.WebAPI.Controllers.MailController.Contact (KU.WebAPI)" in 78415.4852ms (afa2e885)
2021-03-10T12:23:43.9692438+04:00 800001d7-0002-f800-b63f-84710c7967bb [INF] Executed endpoint '"KU.WebAPI.Controllers.MailController.Contact (KU.WebAPI)"' (99874f2b)
2021-03-10T12:23:43.9746715+04:00 800001d7-0002-f800-b63f-84710c7967bb [INF] Request finished in 78575.7931ms 200 application/json; charset=utf-8 (791a596a)
2021-03-10T12:23:55.1165112+04:00 80000029-0001-f900-b63f-84710c7967bb [INF] Request starting HTTP/2.0 POST https://localhost:44317/api/Mail/Sendmail application/json-patch+json 71 (ca22a1cb)
2021-03-10T12:23:55.1223035+04:00 80000029-0001-f900-b63f-84710c7967bb [INF] CORS policy execution successful. (5409d6ef)
2021-03-10T12:23:55.1327588+04:00 80000029-0001-f900-b63f-84710c7967bb [INF] Executing endpoint '"KU.WebAPI.Controllers.MailController.Contact (KU.WebAPI)"' (500cc934)
2021-03-10T12:23:55.1392401+04:00 80000029-0001-f900-b63f-84710c7967bb [INF] Route matched with "{action = \"Contact\", controller = \"Mail\"}". Executing controller action with signature "Microsoft.AspNetCore.Mvc.IActionResult Contact(KU.Services.ViewModels.ContactViewModel)" on controller "KU.WebAPI.Controllers.MailController" ("KU.WebAPI"). (122b2fdf)
2021-03-10T12:23:55.1454724+04:00 80000029-0001-f900-b63f-84710c7967bb [WRN] The CORS protocol does not allow specifying a wildcard (any) origin and credentials at the same time. Configure the policy by listing individual origins if credentials needs to be supported. (6e5ffae2)
2021-03-10T12:23:55.1507894+04:00 80000029-0001-f900-b63f-84710c7967bb [INF] CORS policy execution successful. (5409d6ef)
2021-03-10T12:23:55.1575115+04:00 80000029-0001-f900-b63f-84710c7967bb [INF] Executing action method "KU.WebAPI.Controllers.MailController.Contact (KU.WebAPI)" - Validation state: Valid (dad538d7)
2021-03-10T12:29:05.7714657+04:00 8000002a-0005-f600-b63f-84710c7967bb [INF] Request starting HTTP/2.0 GET https://localhost:44317/index.html   (ca22a1cb)
2021-03-10T12:29:06.5782971+04:00 8000002a-0005-f600-b63f-84710c7967bb [INF] Request finished in 813.3412ms 200 text/html (791a596a)
2021-03-10T12:29:06.9085280+04:00 800001d9-0002-f800-b63f-84710c7967bb [INF] Request starting HTTP/2.0 GET https://localhost:44317/swagger/v1/swagger.json   (ca22a1cb)
2021-03-10T12:29:07.1480469+04:00 800001d9-0002-f800-b63f-84710c7967bb [INF] Request finished in 237.0907ms 200 application/json;charset=utf-8 (791a596a)
2021-03-10T12:32:12.1111810+04:00 8000031c-0006-ff00-b63f-84710c7967bb [INF] Request starting HTTP/2.0 POST https://localhost:44317/api/Mail/Sendmail application/json-patch+json 60 (ca22a1cb)
2021-03-10T12:32:12.1241894+04:00 8000031c-0006-ff00-b63f-84710c7967bb [INF] CORS policy execution successful. (5409d6ef)
2021-03-10T12:32:12.2511848+04:00 8000031c-0006-ff00-b63f-84710c7967bb [INF] Executing endpoint '"KU.WebAPI.Controllers.MailController.Contact (KU.WebAPI)"' (500cc934)
2021-03-10T12:32:12.2982709+04:00 8000031c-0006-ff00-b63f-84710c7967bb [INF] Route matched with "{action = \"Contact\", controller = \"Mail\"}". Executing controller action with signature "Microsoft.AspNetCore.Mvc.IActionResult Contact(KU.Services.ViewModels.ContactViewModel)" on controller "KU.WebAPI.Controllers.MailController" ("KU.WebAPI"). (122b2fdf)
2021-03-10T12:32:12.3092503+04:00 8000031c-0006-ff00-b63f-84710c7967bb [WRN] The CORS protocol does not allow specifying a wildcard (any) origin and credentials at the same time. Configure the policy by listing individual origins if credentials needs to be supported. (6e5ffae2)
2021-03-10T12:32:12.3140760+04:00 8000031c-0006-ff00-b63f-84710c7967bb [INF] CORS policy execution successful. (5409d6ef)
2021-03-10T12:32:12.4773909+04:00 8000031c-0006-ff00-b63f-84710c7967bb [INF] Executing ObjectResult, writing value of type '"Microsoft.AspNetCore.Mvc.ValidationProblemDetails"'. (8a1b66c8)
2021-03-10T12:32:12.5390034+04:00 8000031c-0006-ff00-b63f-84710c7967bb [INF] Executed action "KU.WebAPI.Controllers.MailController.Contact (KU.WebAPI)" in 224.4401ms (afa2e885)
2021-03-10T12:32:12.5454280+04:00 8000031c-0006-ff00-b63f-84710c7967bb [INF] Executed endpoint '"KU.WebAPI.Controllers.MailController.Contact (KU.WebAPI)"' (99874f2b)
2021-03-10T12:32:12.5554865+04:00 8000031c-0006-ff00-b63f-84710c7967bb [INF] Request finished in 442.9354ms 400 application/problem+json; charset=utf-8 (791a596a)
2021-03-10T12:32:21.4957507+04:00 800001db-0002-f800-b63f-84710c7967bb [INF] Request starting HTTP/2.0 POST https://localhost:44317/api/Mail/Sendmail application/json-patch+json 61 (ca22a1cb)
2021-03-10T12:32:21.5023444+04:00 800001db-0002-f800-b63f-84710c7967bb [INF] CORS policy execution successful. (5409d6ef)
2021-03-10T12:32:21.5106339+04:00 800001db-0002-f800-b63f-84710c7967bb [INF] Executing endpoint '"KU.WebAPI.Controllers.MailController.Contact (KU.WebAPI)"' (500cc934)
2021-03-10T12:32:21.5182655+04:00 800001db-0002-f800-b63f-84710c7967bb [INF] Route matched with "{action = \"Contact\", controller = \"Mail\"}". Executing controller action with signature "Microsoft.AspNetCore.Mvc.IActionResult Contact(KU.Services.ViewModels.ContactViewModel)" on controller "KU.WebAPI.Controllers.MailController" ("KU.WebAPI"). (122b2fdf)
2021-03-10T12:32:21.5242170+04:00 800001db-0002-f800-b63f-84710c7967bb [WRN] The CORS protocol does not allow specifying a wildcard (any) origin and credentials at the same time. Configure the policy by listing individual origins if credentials needs to be supported. (6e5ffae2)
2021-03-10T12:32:21.5294846+04:00 800001db-0002-f800-b63f-84710c7967bb [INF] CORS policy execution successful. (5409d6ef)
2021-03-10T12:32:21.5502954+04:00 800001db-0002-f800-b63f-84710c7967bb [INF] Executing action method "KU.WebAPI.Controllers.MailController.Contact (KU.WebAPI)" - Validation state: Valid (dad538d7)
2021-03-10T12:32:49.1373015+04:00 800001db-0002-f800-b63f-84710c7967bb [INF] Executed action method "KU.WebAPI.Controllers.MailController.Contact (KU.WebAPI)", returned result "Microsoft.AspNetCore.Mvc.OkObjectResult" in 27575.2722ms. (50a9e262)
2021-03-10T12:32:49.1424453+04:00 800001db-0002-f800-b63f-84710c7967bb [INF] Executing ObjectResult, writing value of type '"System.String"'. (8a1b66c8)
2021-03-10T12:32:49.1463911+04:00 800001db-0002-f800-b63f-84710c7967bb [INF] Executed action "KU.WebAPI.Controllers.MailController.Contact (KU.WebAPI)" in 27624.5639ms (afa2e885)
2021-03-10T12:32:49.1495258+04:00 800001db-0002-f800-b63f-84710c7967bb [INF] Executed endpoint '"KU.WebAPI.Controllers.MailController.Contact (KU.WebAPI)"' (99874f2b)
2021-03-10T12:32:49.1526541+04:00 800001db-0002-f800-b63f-84710c7967bb [INF] Request finished in 27659.8764ms 200 application/json; charset=utf-8 (791a596a)
2021-03-10T12:33:47.7095569+04:00 8000031e-0006-ff00-b63f-84710c7967bb [INF] Request starting HTTP/2.0 GET https://localhost:44317/api/Users/GetAllUser?Filter=kustar   (ca22a1cb)
2021-03-10T12:33:47.7233011+04:00 8000031e-0006-ff00-b63f-84710c7967bb [INF] Executing endpoint '"KU.WebAPI.Controllers.UsersController.GetUser (KU.WebAPI)"' (500cc934)
2021-03-10T12:33:47.8124276+04:00 8000031e-0006-ff00-b63f-84710c7967bb [INF] Route matched with "{action = \"GetUser\", controller = \"Users\"}". Executing controller action with signature "Microsoft.AspNetCore.Mvc.IActionResult GetUser(Int32, Int32, Int32, Int32, System.String)" on controller "KU.WebAPI.Controllers.UsersController" ("KU.WebAPI"). (122b2fdf)
2021-03-10T12:33:47.8200816+04:00 8000031e-0006-ff00-b63f-84710c7967bb [INF] Executing action method "KU.WebAPI.Controllers.UsersController.GetUser (KU.WebAPI)" - Validation state: Valid (dad538d7)
2021-03-10T12:33:53.4275082+04:00 8000031e-0006-ff00-b63f-84710c7967bb [INF] Entity Framework Core "2.2.6-servicing-10079" initialized '"ApplicationDbContext"' using provider '"Microsoft.EntityFrameworkCore.SqlServer"' with options: "MigrationsAssembly=KU.WebAPI " (9958f5bb)
2021-03-10T12:33:54.9171866+04:00 8000031e-0006-ff00-b63f-84710c7967bb [INF] Executed DbCommand ("116"ms) [Parameters=["@p0='?' (DbType = Int32), @p1='?' (DbType = Int32), @p2='?' (DbType = Int32), @p3='?' (DbType = Int32), @p4='?' (Size = 4000)"], CommandType='Text', CommandTimeout='30']"
""sp_get_userID @p0,@p1,@p2,@p3,@p4" (0723d8ff)
2021-03-10T12:33:55.0179339+04:00 8000031e-0006-ff00-b63f-84710c7967bb [INF] Executed action method "KU.WebAPI.Controllers.UsersController.GetUser (KU.WebAPI)", returned result "Microsoft.AspNetCore.Mvc.OkObjectResult" in 7193.3529ms. (50a9e262)
2021-03-10T12:33:55.0211089+04:00 8000031e-0006-ff00-b63f-84710c7967bb [INF] Executing ObjectResult, writing value of type '"System.Collections.Generic.List`1[[KU.Repositories.Models.ApplicationUsers, KU.Repositories, Version=1.0.0.0, Culture=neutral, PublicKeyToken=null]]"'. (8a1b66c8)
2021-03-10T12:33:55.0271402+04:00 8000031e-0006-ff00-b63f-84710c7967bb [INF] Executed action "KU.WebAPI.Controllers.UsersController.GetUser (KU.WebAPI)" in 7211.0227ms (afa2e885)
2021-03-10T12:33:55.0308367+04:00 8000031e-0006-ff00-b63f-84710c7967bb [INF] Executed endpoint '"KU.WebAPI.Controllers.UsersController.GetUser (KU.WebAPI)"' (99874f2b)
2021-03-10T12:33:55.0341784+04:00 8000031e-0006-ff00-b63f-84710c7967bb [INF] Request finished in 7333.3053ms 200 application/json; charset=utf-8 (791a596a)
2021-03-10T12:34:24.8009777+04:00 80000320-0006-ff00-b63f-84710c7967bb [INF] Request starting HTTP/2.0 GET https://localhost:44317/api/Users/GetAllUser?Filter=kushort   (ca22a1cb)
2021-03-10T12:34:24.8101148+04:00 80000320-0006-ff00-b63f-84710c7967bb [INF] Executing endpoint '"KU.WebAPI.Controllers.UsersController.GetUser (KU.WebAPI)"' (500cc934)
2021-03-10T12:34:24.8145672+04:00 80000320-0006-ff00-b63f-84710c7967bb [INF] Route matched with "{action = \"GetUser\", controller = \"Users\"}". Executing controller action with signature "Microsoft.AspNetCore.Mvc.IActionResult GetUser(Int32, Int32, Int32, Int32, System.String)" on controller "KU.WebAPI.Controllers.UsersController" ("KU.WebAPI"). (122b2fdf)
2021-03-10T12:34:24.8190578+04:00 80000320-0006-ff00-b63f-84710c7967bb [INF] Executing action method "KU.WebAPI.Controllers.UsersController.GetUser (KU.WebAPI)" - Validation state: Valid (dad538d7)
2021-03-10T12:34:24.8387924+04:00 80000320-0006-ff00-b63f-84710c7967bb [INF] Entity Framework Core "2.2.6-servicing-10079" initialized '"ApplicationDbContext"' using provider '"Microsoft.EntityFrameworkCore.SqlServer"' with options: "MigrationsAssembly=KU.WebAPI " (9958f5bb)
2021-03-10T12:34:24.9474611+04:00 80000320-0006-ff00-b63f-84710c7967bb [INF] Executed DbCommand ("96"ms) [Parameters=["@p0='?' (DbType = Int32), @p1='?' (DbType = Int32), @p2='?' (DbType = Int32), @p3='?' (DbType = Int32), @p4='?' (Size = 4000)"], CommandType='Text', CommandTimeout='30']"
""sp_get_userID @p0,@p1,@p2,@p3,@p4" (0723d8ff)
2021-03-10T12:34:24.9604601+04:00 80000320-0006-ff00-b63f-84710c7967bb [INF] Executed action method "KU.WebAPI.Controllers.UsersController.GetUser (KU.WebAPI)", returned result "Microsoft.AspNetCore.Mvc.OkObjectResult" in 130.7565ms. (50a9e262)
2021-03-10T12:34:24.9706619+04:00 80000320-0006-ff00-b63f-84710c7967bb [INF] Executing ObjectResult, writing value of type '"System.Collections.Generic.List`1[[KU.Repositories.Models.ApplicationUsers, KU.Repositories, Version=1.0.0.0, Culture=neutral, PublicKeyToken=null]]"'. (8a1b66c8)
2021-03-10T12:34:24.9872505+04:00 80000320-0006-ff00-b63f-84710c7967bb [INF] Executed action "KU.WebAPI.Controllers.UsersController.GetUser (KU.WebAPI)" in 157.1047ms (afa2e885)
2021-03-10T12:34:24.9930470+04:00 80000320-0006-ff00-b63f-84710c7967bb [INF] Executed endpoint '"KU.WebAPI.Controllers.UsersController.GetUser (KU.WebAPI)"' (99874f2b)
2021-03-10T12:34:24.9979291+04:00 80000320-0006-ff00-b63f-84710c7967bb [INF] Request finished in 198.4079ms 200 application/json; charset=utf-8 (791a596a)
2021-03-10T13:03:06.9638443+04:00 80000029-0007-fd00-b63f-84710c7967bb [INF] Request starting HTTP/2.0 GET https://localhost:44317/index.html   (ca22a1cb)
2021-03-10T13:03:07.7877414+04:00 80000029-0007-fd00-b63f-84710c7967bb [INF] Request finished in 833.6648ms 200 text/html (791a596a)
2021-03-10T13:03:08.1751004+04:00 800001dd-0002-f800-b63f-84710c7967bb [INF] Request starting HTTP/2.0 GET https://localhost:44317/swagger/v1/swagger.json   (ca22a1cb)
2021-03-10T13:03:08.4862758+04:00 800001dd-0002-f800-b63f-84710c7967bb [INF] Request finished in 309.2723ms 200 application/json;charset=utf-8 (791a596a)
2021-03-10T13:14:25.0753187+04:00 800000c3-0000-fe00-b63f-84710c7967bb [INF] Request starting HTTP/2.0 POST https://localhost:44317/api/Mail/Sendmail application/json-patch+json 62 (ca22a1cb)
2021-03-10T13:14:25.0824241+04:00 800000c3-0000-fe00-b63f-84710c7967bb [INF] CORS policy execution successful. (5409d6ef)
2021-03-10T13:14:25.1386104+04:00 800000c3-0000-fe00-b63f-84710c7967bb [INF] Executing endpoint '"KU.WebAPI.Controllers.MailController.Contact (KU.WebAPI)"' (500cc934)
2021-03-10T13:14:25.1666900+04:00 800000c3-0000-fe00-b63f-84710c7967bb [INF] Route matched with "{action = \"Contact\", controller = \"Mail\"}". Executing controller action with signature "Microsoft.AspNetCore.Mvc.IActionResult Contact(KU.Services.ViewModels.ContactViewModel)" on controller "KU.WebAPI.Controllers.MailController" ("KU.WebAPI"). (122b2fdf)
2021-03-10T13:14:25.1734491+04:00 800000c3-0000-fe00-b63f-84710c7967bb [WRN] The CORS protocol does not allow specifying a wildcard (any) origin and credentials at the same time. Configure the policy by listing individual origins if credentials needs to be supported. (6e5ffae2)
2021-03-10T13:14:25.1772556+04:00 800000c3-0000-fe00-b63f-84710c7967bb [INF] CORS policy execution successful. (5409d6ef)
2021-03-10T13:14:25.2265255+04:00 800000c3-0000-fe00-b63f-84710c7967bb [INF] Executing action method "KU.WebAPI.Controllers.MailController.Contact (KU.WebAPI)" - Validation state: Valid (dad538d7)
2021-03-10T13:18:00.1933438+04:00 80000322-0006-ff00-b63f-84710c7967bb [INF] Request starting HTTP/2.0 GET https://localhost:44317/index.html   (ca22a1cb)
2021-03-10T13:18:00.7954369+04:00 80000322-0006-ff00-b63f-84710c7967bb [INF] Request finished in 608.368ms 200 text/html (791a596a)
2021-03-10T13:18:01.0936338+04:00 8000002c-0005-f600-b63f-84710c7967bb [INF] Request starting HTTP/2.0 GET https://localhost:44317/swagger/v1/swagger.json   (ca22a1cb)
2021-03-10T13:18:01.3023886+04:00 8000002c-0005-f600-b63f-84710c7967bb [INF] Request finished in 208.9314ms 200 application/json;charset=utf-8 (791a596a)
2021-03-10T13:20:27.5244205+04:00 80000324-0006-ff00-b63f-84710c7967bb [INF] Request starting HTTP/2.0 POST https://localhost:44317/api/Mail/Sendmail application/json-patch+json 60 (ca22a1cb)
2021-03-10T13:20:27.5311409+04:00 80000324-0006-ff00-b63f-84710c7967bb [INF] CORS policy execution successful. (5409d6ef)
2021-03-10T13:20:27.5892546+04:00 80000324-0006-ff00-b63f-84710c7967bb [INF] Executing endpoint '"KU.WebAPI.Controllers.MailController.Contact (KU.WebAPI)"' (500cc934)
2021-03-10T13:20:27.6260557+04:00 80000324-0006-ff00-b63f-84710c7967bb [INF] Route matched with "{action = \"Contact\", controller = \"Mail\"}". Executing controller action with signature "Microsoft.AspNetCore.Mvc.IActionResult Contact(KU.Services.ViewModels.ContactViewModel)" on controller "KU.WebAPI.Controllers.MailController" ("KU.WebAPI"). (122b2fdf)
2021-03-10T13:20:27.6331602+04:00 80000324-0006-ff00-b63f-84710c7967bb [WRN] The CORS protocol does not allow specifying a wildcard (any) origin and credentials at the same time. Configure the policy by listing individual origins if credentials needs to be supported. (6e5ffae2)
2021-03-10T13:20:27.6364175+04:00 80000324-0006-ff00-b63f-84710c7967bb [INF] CORS policy execution successful. (5409d6ef)
2021-03-10T13:20:27.6889908+04:00 80000324-0006-ff00-b63f-84710c7967bb [INF] Executing action method "KU.WebAPI.Controllers.MailController.Contact (KU.WebAPI)" - Validation state: Valid (dad538d7)
2021-03-10T13:20:37.0663178+04:00 80000324-0006-ff00-b63f-84710c7967bb [INF] Entity Framework Core "2.2.6-servicing-10079" initialized '"ApplicationDbContext"' using provider '"Microsoft.EntityFrameworkCore.SqlServer"' with options: "MigrationsAssembly=KU.WebAPI " (9958f5bb)
2021-03-10T13:20:37.8854851+04:00 80000324-0006-ff00-b63f-84710c7967bb [INF] Executed DbCommand ("100"ms) [Parameters=["@p0='?' (DbType = Int32), @p1='?' (DbType = Int32), @p2='?' (DbType = Int32), @p3='?' (DbType = Int32), @p4='?' (Size = 4000)"], CommandType='Text', CommandTimeout='30']"
""sp_get_userID @p0,@p1,@p2,@p3,@p4" (0723d8ff)
2021-03-10T17:53:27.6249188+04:00 80000299-0004-ff00-b63f-84710c7967bb [INF] Request starting HTTP/2.0 GET https://localhost:44317/index.html   (ca22a1cb)
2021-03-10T17:53:28.2040783+04:00 80000299-0004-ff00-b63f-84710c7967bb [INF] Request finished in 583.5427ms 200 text/html (791a596a)
2021-03-10T17:53:28.5632199+04:00 800001e3-0002-f800-b63f-84710c7967bb [INF] Request starting HTTP/2.0 GET https://localhost:44317/swagger/v1/swagger.json   (ca22a1cb)
2021-03-10T17:53:28.8519274+04:00 800001e3-0002-f800-b63f-84710c7967bb [INF] Request finished in 286.5862ms 200 application/json;charset=utf-8 (791a596a)
2021-03-10T17:53:58.3263272+04:00 800002f5-0000-ff00-b63f-84710c7967bb [INF] Request starting HTTP/2.0 POST https://localhost:44317/api/Mail/Sendmail application/json-patch+json 72 (ca22a1cb)
2021-03-10T17:53:58.3329485+04:00 800002f5-0000-ff00-b63f-84710c7967bb [INF] CORS policy execution successful. (5409d6ef)
2021-03-10T17:53:58.3830362+04:00 800002f5-0000-ff00-b63f-84710c7967bb [INF] Executing endpoint '"KU.WebAPI.Controllers.MailController.Contact (KU.WebAPI)"' (500cc934)
2021-03-10T17:53:58.4086530+04:00 800002f5-0000-ff00-b63f-84710c7967bb [INF] Route matched with "{action = \"Contact\", controller = \"Mail\"}". Executing controller action with signature "Microsoft.AspNetCore.Mvc.IActionResult Contact(KU.Services.ViewModels.ContactViewModel)" on controller "KU.WebAPI.Controllers.MailController" ("KU.WebAPI"). (122b2fdf)
2021-03-10T17:53:58.4157578+04:00 800002f5-0000-ff00-b63f-84710c7967bb [WRN] The CORS protocol does not allow specifying a wildcard (any) origin and credentials at the same time. Configure the policy by listing individual origins if credentials needs to be supported. (6e5ffae2)
2021-03-10T17:53:58.4187635+04:00 800002f5-0000-ff00-b63f-84710c7967bb [INF] CORS policy execution successful. (5409d6ef)
2021-03-10T17:53:58.4660235+04:00 800002f5-0000-ff00-b63f-84710c7967bb [INF] Executing action method "KU.WebAPI.Controllers.MailController.Contact (KU.WebAPI)" - Validation state: Valid (dad538d7)
2021-03-10T17:54:07.5692394+04:00 800002f5-0000-ff00-b63f-84710c7967bb [INF] Entity Framework Core "2.2.6-servicing-10079" initialized '"ApplicationDbContext"' using provider '"Microsoft.EntityFrameworkCore.SqlServer"' with options: "MigrationsAssembly=KU.WebAPI " (9958f5bb)
2021-03-10T17:54:08.3951493+04:00 800002f5-0000-ff00-b63f-84710c7967bb [INF] Executed DbCommand ("104"ms) [Parameters=["@p0='?' (DbType = Int32), @p1='?' (DbType = Int32), @p2='?' (DbType = Int32), @p3='?' (DbType = Int32), @p4='?' (Size = 4000)"], CommandType='Text', CommandTimeout='30']"
""sp_get_userID @p0,@p1,@p2,@p3,@p4" (0723d8ff)
2021-03-10T17:54:49.3280011+04:00 800002f5-0000-ff00-b63f-84710c7967bb [INF] Executed DbCommand ("91"ms) [Parameters=["@p0='?' (DbType = Int32), @p1='?' (DbType = Int32), @p2='?' (DbType = Int32), @p3='?' (DbType = Int32), @p4='?' (Size = 4000)"], CommandType='Text', CommandTimeout='30']"
""sp_get_userID @p0,@p1,@p2,@p3,@p4" (0723d8ff)
2021-03-10T17:54:54.4813817+04:00 800002f5-0000-ff00-b63f-84710c7967bb [INF] Executed action method "KU.WebAPI.Controllers.MailController.Contact (KU.WebAPI)", returned result "Microsoft.AspNetCore.Mvc.OkObjectResult" in 56007.3094ms. (50a9e262)
2021-03-10T17:54:54.4927820+04:00 800002f5-0000-ff00-b63f-84710c7967bb [INF] Executing ObjectResult, writing value of type '"System.String"'. (8a1b66c8)
2021-03-10T17:54:54.5046495+04:00 800002f5-0000-ff00-b63f-84710c7967bb [INF] Executed action "KU.WebAPI.Controllers.MailController.Contact (KU.WebAPI)" in 56088.6823ms (afa2e885)
2021-03-10T17:54:54.5084496+04:00 800002f5-0000-ff00-b63f-84710c7967bb [INF] Executed endpoint '"KU.WebAPI.Controllers.MailController.Contact (KU.WebAPI)"' (99874f2b)
2021-03-10T17:54:54.5124899+04:00 800002f5-0000-ff00-b63f-84710c7967bb [INF] Request finished in 56187.8433ms 200 application/json; charset=utf-8 (791a596a)
2021-03-10T17:55:04.2098953+04:00 80000031-0001-f900-b63f-84710c7967bb [INF] Request starting HTTP/2.0 POST https://localhost:44317/api/Mail/Sendmail application/json-patch+json 61 (ca22a1cb)
2021-03-10T17:55:04.2155822+04:00 80000031-0001-f900-b63f-84710c7967bb [INF] CORS policy execution successful. (5409d6ef)
2021-03-10T17:55:04.2210680+04:00 80000031-0001-f900-b63f-84710c7967bb [INF] Executing endpoint '"KU.WebAPI.Controllers.MailController.Contact (KU.WebAPI)"' (500cc934)
2021-03-10T17:55:04.2246866+04:00 80000031-0001-f900-b63f-84710c7967bb [INF] Route matched with "{action = \"Contact\", controller = \"Mail\"}". Executing controller action with signature "Microsoft.AspNetCore.Mvc.IActionResult Contact(KU.Services.ViewModels.ContactViewModel)" on controller "KU.WebAPI.Controllers.MailController" ("KU.WebAPI"). (122b2fdf)
2021-03-10T17:55:04.2285357+04:00 80000031-0001-f900-b63f-84710c7967bb [WRN] The CORS protocol does not allow specifying a wildcard (any) origin and credentials at the same time. Configure the policy by listing individual origins if credentials needs to be supported. (6e5ffae2)
2021-03-10T17:55:04.2317173+04:00 80000031-0001-f900-b63f-84710c7967bb [INF] CORS policy execution successful. (5409d6ef)
2021-03-10T17:55:04.2358601+04:00 80000031-0001-f900-b63f-84710c7967bb [INF] Executing action method "KU.WebAPI.Controllers.MailController.Contact (KU.WebAPI)" - Validation state: Valid (dad538d7)
2021-03-10T17:55:06.1710095+04:00 80000031-0001-f900-b63f-84710c7967bb [INF] Entity Framework Core "2.2.6-servicing-10079" initialized '"ApplicationDbContext"' using provider '"Microsoft.EntityFrameworkCore.SqlServer"' with options: "MigrationsAssembly=KU.WebAPI " (9958f5bb)
2021-03-10T17:55:06.2646315+04:00 80000031-0001-f900-b63f-84710c7967bb [INF] Executed DbCommand ("88"ms) [Parameters=["@p0='?' (DbType = Int32), @p1='?' (DbType = Int32), @p2='?' (DbType = Int32), @p3='?' (DbType = Int32), @p4='?' (Size = 4000)"], CommandType='Text', CommandTimeout='30']"
""sp_get_userID @p0,@p1,@p2,@p3,@p4" (0723d8ff)
