2020-07-20T14:07:32.4751784+04:00 80000010-0007-ff00-b63f-84710c7967bb [INF] Request starting HTTP/2.0 GET https://localhost:44317/   (ca22a1cb)
2020-07-20T14:07:34.1199267+04:00 80000002-0000-fd00-b63f-84710c7967bb [INF] Request starting HTTP/2.0 GET https://localhost:44317/index.html   (ca22a1cb)
2020-07-20T14:07:34.2315875+04:00 80000010-0007-ff00-b63f-84710c7967bb [INF] Request finished in 1668.0757ms 301  (791a596a)
2020-07-20T14:07:34.4583818+04:00 80000002-0000-fd00-b63f-84710c7967bb [INF] Request finished in 337.209ms 200 text/html (791a596a)
2020-07-20T14:07:34.5314719+04:00 80000004-0000-fd00-b63f-84710c7967bb [INF] Request starting HTTP/2.0 GET https://localhost:44317/swagger-ui.css   (ca22a1cb)
2020-07-20T14:07:34.5349554+04:00 80000002-0006-f900-b63f-84710c7967bb [INF] Request starting HTTP/2.0 GET https://localhost:44317/swagger-ui-standalone-preset.js   (ca22a1cb)
2020-07-20T14:07:34.5390847+04:00 80000017-0006-fa00-b63f-84710c7967bb [INF] Request starting HTTP/2.0 GET https://localhost:44317/swagger-ui-bundle.js   (ca22a1cb)
2020-07-20T14:07:34.6078116+04:00 80000004-0000-fd00-b63f-84710c7967bb [INF] Sending file. Request path: '"/swagger-ui.css"'. Physical path: '"N/A"' (27b0a520)
2020-07-20T14:07:34.6230232+04:00 80000004-0000-fd00-b63f-84710c7967bb [INF] Request finished in 97.8951ms 200 text/css (791a596a)
2020-07-20T14:07:34.7057721+04:00 80000002-0006-f900-b63f-84710c7967bb [INF] Sending file. Request path: '"/swagger-ui-standalone-preset.js"'. Physical path: '"N/A"' (27b0a520)
2020-07-20T14:07:34.7107007+04:00 80000002-0006-f900-b63f-84710c7967bb [INF] Request finished in 186.7653ms 200 application/javascript (791a596a)
2020-07-20T14:07:34.8111759+04:00 80000017-0006-fa00-b63f-84710c7967bb [INF] Sending file. Request path: '"/swagger-ui-bundle.js"'. Physical path: '"N/A"' (27b0a520)
2020-07-20T14:07:34.8174933+04:00 80000017-0006-fa00-b63f-84710c7967bb [INF] Request finished in 281.3145ms 200 application/javascript (791a596a)
2020-07-20T14:07:35.1822474+04:00 80000006-0000-fd00-b63f-84710c7967bb [INF] Request starting HTTP/2.0 GET https://localhost:44317/swagger/v1/swagger.json   (ca22a1cb)
2020-07-20T14:07:35.3951002+04:00 80000006-0000-fd00-b63f-84710c7967bb [INF] Request finished in 212.5412ms 200 application/json;charset=utf-8 (791a596a)
2020-07-20T14:09:09.7051878+04:00 80000040-0002-fb00-b63f-84710c7967bb [INF] Request starting HTTP/2.0 GET https://localhost:44317/api/Form/Questionnaire?TemplateID=11   (ca22a1cb)
2020-07-20T14:09:09.7701579+04:00 80000040-0002-fb00-b63f-84710c7967bb [INF] Executing endpoint '"KU.WebAPI.Controllers.FormController.GetSampleIDAll (KU.WebAPI)"' (500cc934)
2020-07-20T14:09:09.8368192+04:00 80000040-0002-fb00-b63f-84710c7967bb [INF] Route matched with "{action = \"GetSampleIDAll\", controller = \"Form\"}". Executing controller action with signature "Microsoft.AspNetCore.Mvc.IActionResult GetSampleIDAll(Int32, Int32)" on controller "KU.WebAPI.Controllers.FormController" ("KU.WebAPI"). (122b2fdf)
2020-07-20T14:09:09.8724077+04:00 80000040-0002-fb00-b63f-84710c7967bb [INF] Executing action method "KU.WebAPI.Controllers.FormController.GetSampleIDAll (KU.WebAPI)" - Validation state: Valid (dad538d7)
2020-07-20T14:09:16.7414572+04:00 80000040-0002-fb00-b63f-84710c7967bb [INF] Entity Framework Core "2.2.6-servicing-10079" initialized '"ApplicationDbContext"' using provider '"Microsoft.EntityFrameworkCore.SqlServer"' with options: "MigrationsAssembly=KU.WebAPI " (9958f5bb)
2020-07-20T14:09:32.8971810+04:00 80000040-0002-fb00-b63f-84710c7967bb [INF] Executed DbCommand ("15,181"ms) [Parameters=["@p0='?' (DbType = Int32), @p1='?' (DbType = Int32)"], CommandType='Text', CommandTimeout='30']"
""sp_getrecords @p0,@p1" (0723d8ff)
2020-07-20T14:09:38.7470105+04:00 80000040-0002-fb00-b63f-84710c7967bb [INF] Executed action method "KU.WebAPI.Controllers.FormController.GetSampleIDAll (KU.WebAPI)", returned result "Microsoft.AspNetCore.Mvc.OkObjectResult" in 28847.0357ms. (50a9e262)
2020-07-20T14:09:38.7933282+04:00 80000040-0002-fb00-b63f-84710c7967bb [INF] Executing ObjectResult, writing value of type '"System.Collections.Generic.List`1[[KU.Repositories.Models.Questionnaire10, KU.Repositories, Version=1.0.0.0, Culture=neutral, PublicKeyToken=null]]"'. (8a1b66c8)
2020-07-20T14:09:39.1018023+04:00 80000040-0002-fb00-b63f-84710c7967bb [INF] Executed action "KU.WebAPI.Controllers.FormController.GetSampleIDAll (KU.WebAPI)" in 29257.3041ms (afa2e885)
2020-07-20T14:09:39.1049148+04:00 80000040-0002-fb00-b63f-84710c7967bb [INF] Executed endpoint '"KU.WebAPI.Controllers.FormController.GetSampleIDAll (KU.WebAPI)"' (99874f2b)
2020-07-20T14:09:39.1089201+04:00 80000040-0002-fb00-b63f-84710c7967bb [INF] Request finished in 29404.7498ms 200 application/json; charset=utf-8 (791a596a)
2020-07-20T14:13:04.1761624+04:00 80000012-0007-ff00-b63f-84710c7967bb [INF] Request starting HTTP/2.0 GET https://localhost:44317/index.html   (ca22a1cb)
2020-07-20T14:13:04.7133170+04:00 80000012-0007-ff00-b63f-84710c7967bb [INF] Request finished in 545.2556ms 200 text/html (791a596a)
2020-07-20T14:13:05.2236932+04:00 8000000a-0000-fd00-b63f-84710c7967bb [INF] Request starting HTTP/2.0 GET https://localhost:44317/swagger/v1/swagger.json   (ca22a1cb)
2020-07-20T14:13:05.4453330+04:00 8000000a-0000-fd00-b63f-84710c7967bb [INF] Request finished in 221.416ms 200 application/json;charset=utf-8 (791a596a)
2020-07-20T14:13:21.5092610+04:00 80000012-0001-fd00-b63f-84710c7967bb [INF] Request starting HTTP/2.0 GET https://localhost:44317/api/Report/Reports?TemplateID=11   (ca22a1cb)
2020-07-20T14:13:21.5716785+04:00 80000012-0001-fd00-b63f-84710c7967bb [INF] Executing endpoint '"KU.WebAPI.Controllers.ReportController.GetReport (KU.WebAPI)"' (500cc934)
2020-07-20T14:13:21.6094240+04:00 80000012-0001-fd00-b63f-84710c7967bb [INF] Route matched with "{action = \"GetReport\", controller = \"Report\"}". Executing controller action with signature "Microsoft.AspNetCore.Mvc.IActionResult GetReport(Int64, Int64, System.String, System.String, System.String, System.String, System.String, System.String, System.String, System.String, System.String, Int32, Int32, Int32, Int32, System.String)" on controller "KU.WebAPI.Controllers.ReportController" ("KU.WebAPI"). (122b2fdf)
2020-07-20T14:13:21.6413588+04:00 80000012-0001-fd00-b63f-84710c7967bb [INF] Executing action method "KU.WebAPI.Controllers.ReportController.GetReport (KU.WebAPI)" - Validation state: Valid (dad538d7)
2020-07-20T14:13:27.0336430+04:00 80000012-0001-fd00-b63f-84710c7967bb [INF] Entity Framework Core "2.2.6-servicing-10079" initialized '"ApplicationDbContext"' using provider '"Microsoft.EntityFrameworkCore.SqlServer"' with options: "MigrationsAssembly=KU.WebAPI " (9958f5bb)
2020-07-20T14:13:33.9070427+04:00 80000012-0001-fd00-b63f-84710c7967bb [INF] Executed DbCommand ("6,371"ms) [Parameters=["@p0='?' (DbType = Int32), @p1='?' (DbType = Int32), @p2='?' (DbType = Int32), @p3='?' (DbType = Int32), @p4='?' (DbType = Int64), @p5='?' (DbType = Int64), @p6='?', @p7='?' (Size = 4000), @p8='?' (Size = 4000), @p9='?' (Size = 4000), @p10='?' (Size = 4000), @p11='?', @p12='?' (Size = 4000), @p13='?' (Size = 4000), @p14='?' (Size = 4000), @p15='?' (Size = 4000)"], CommandType='Text', CommandTimeout='30']"
""SP_GETDATA @p0,@p1,@p2,@p3,@p4,@p5,@p6,@p7,@p8,@p9,@p10,@p11,@p12,@p13,@p14,@p15" (0723d8ff)
2020-07-20T14:13:34.2685474+04:00 80000012-0001-fd00-b63f-84710c7967bb [INF] Executed action method "KU.WebAPI.Controllers.ReportController.GetReport (KU.WebAPI)", returned result "Microsoft.AspNetCore.Mvc.OkObjectResult" in 12617.4401ms. (50a9e262)
2020-07-20T14:13:34.2815291+04:00 80000012-0001-fd00-b63f-84710c7967bb [INF] Executing ObjectResult, writing value of type '"KU.Repositories.Models.QuestionnaireWrap10"'. (8a1b66c8)
2020-07-20T14:13:34.5184971+04:00 80000012-0001-fd00-b63f-84710c7967bb [INF] Executed action "KU.WebAPI.Controllers.ReportController.GetReport (KU.WebAPI)" in 12898.774ms (afa2e885)
2020-07-20T14:13:34.5237594+04:00 80000012-0001-fd00-b63f-84710c7967bb [INF] Executed endpoint '"KU.WebAPI.Controllers.ReportController.GetReport (KU.WebAPI)"' (99874f2b)
2020-07-20T14:13:34.5299438+04:00 80000012-0001-fd00-b63f-84710c7967bb [INF] Request finished in 13021.3436ms 200 application/json; charset=utf-8 (791a596a)
2020-07-20T15:15:51.9812241+04:00 8000001b-0007-ff00-b63f-84710c7967bb [INF] Request starting HTTP/2.0 GET https://localhost:44317/index.html   (ca22a1cb)
2020-07-20T15:15:53.1849724+04:00 8000001b-0007-ff00-b63f-84710c7967bb [INF] Request finished in 1192.5838ms 200 text/html (791a596a)
2020-07-20T15:15:53.6799593+04:00 80000008-0006-f900-b63f-84710c7967bb [INF] Request starting HTTP/2.0 GET https://localhost:44317/swagger/v1/swagger.json   (ca22a1cb)
2020-07-20T15:15:53.9287678+04:00 80000008-0006-f900-b63f-84710c7967bb [INF] Request finished in 250.1726ms 200 application/json;charset=utf-8 (791a596a)
2020-07-20T15:16:01.0407389+04:00 8000001e-0003-ff00-b63f-84710c7967bb [INF] Request starting HTTP/2.0 GET https://localhost:44317/api/Form/listforms?templateID=11   (ca22a1cb)
2020-07-20T15:16:01.1536942+04:00 8000001e-0003-ff00-b63f-84710c7967bb [INF] Executing endpoint '"KU.WebAPI.Controllers.FormController.Get (KU.WebAPI)"' (500cc934)
2020-07-20T15:16:01.2622027+04:00 8000001e-0003-ff00-b63f-84710c7967bb [INF] Route matched with "{action = \"Get\", controller = \"Form\"}". Executing controller action with signature "Microsoft.AspNetCore.Mvc.IActionResult Get(Int32, Int32, Int32, Int32, Int32, Int32, System.String)" on controller "KU.WebAPI.Controllers.FormController" ("KU.WebAPI"). (122b2fdf)
2020-07-20T15:16:01.3388395+04:00 8000001e-0003-ff00-b63f-84710c7967bb [INF] Executing action method "KU.WebAPI.Controllers.FormController.Get (KU.WebAPI)" - Validation state: Valid (dad538d7)
2020-07-20T15:16:09.0821375+04:00 8000001e-0003-ff00-b63f-84710c7967bb [INF] Entity Framework Core "2.2.6-servicing-10079" initialized '"ApplicationDbContext"' using provider '"Microsoft.EntityFrameworkCore.SqlServer"' with options: "MigrationsAssembly=KU.WebAPI " (9958f5bb)
2020-07-20T15:16:10.5241218+04:00 8000001e-0003-ff00-b63f-84710c7967bb [INF] Executed DbCommand ("530"ms) [Parameters=["@p0='?' (DbType = Int32), @p1='?' (DbType = Int32), @p2='?' (DbType = Int32), @p3='?' (DbType = Int32), @p4='?' (DbType = Int32), @p5='?' (DbType = Int32), @p6='?' (Size = 4000)"], CommandType='Text', CommandTimeout='30']"
""exec sp_listform @p0,@p1,@p2,@p3,@p4,@p5,@p6" (0723d8ff)
2020-07-20T15:16:10.6771211+04:00 8000001e-0003-ff00-b63f-84710c7967bb [INF] Executed action method "KU.WebAPI.Controllers.FormController.Get (KU.WebAPI)", returned result "Microsoft.AspNetCore.Mvc.OkObjectResult" in 9325.6729ms. (50a9e262)
2020-07-20T15:16:10.7068145+04:00 8000001e-0003-ff00-b63f-84710c7967bb [INF] Executing ObjectResult, writing value of type '"System.Collections.Generic.List`1[[KU.Services.Interfaces.SavedFormViewModel, KU.Services, Version=1.0.0.0, Culture=neutral, PublicKeyToken=null]]"'. (8a1b66c8)
2020-07-20T15:16:10.7795250+04:00 8000001e-0003-ff00-b63f-84710c7967bb [INF] Executed action "KU.WebAPI.Controllers.FormController.Get (KU.WebAPI)" in 9505.3916ms (afa2e885)
2020-07-20T15:16:10.7851083+04:00 8000001e-0003-ff00-b63f-84710c7967bb [INF] Executed endpoint '"KU.WebAPI.Controllers.FormController.Get (KU.WebAPI)"' (99874f2b)
2020-07-20T15:16:10.7898631+04:00 8000001e-0003-ff00-b63f-84710c7967bb [INF] Request finished in 9751.6694ms 200 application/json; charset=utf-8 (791a596a)
2020-07-20T15:16:25.9587191+04:00 8000004c-0002-fb00-b63f-84710c7967bb [INF] Request starting HTTP/2.0 GET https://localhost:44317/api/Form/listforms?templateID=11&filter=22   (ca22a1cb)
2020-07-20T15:16:25.9828713+04:00 8000004c-0002-fb00-b63f-84710c7967bb [INF] Executing endpoint '"KU.WebAPI.Controllers.FormController.Get (KU.WebAPI)"' (500cc934)
2020-07-20T15:16:25.9889437+04:00 8000004c-0002-fb00-b63f-84710c7967bb [INF] Route matched with "{action = \"Get\", controller = \"Form\"}". Executing controller action with signature "Microsoft.AspNetCore.Mvc.IActionResult Get(Int32, Int32, Int32, Int32, Int32, Int32, System.String)" on controller "KU.WebAPI.Controllers.FormController" ("KU.WebAPI"). (122b2fdf)
2020-07-20T15:16:25.9964981+04:00 8000004c-0002-fb00-b63f-84710c7967bb [INF] Executing action method "KU.WebAPI.Controllers.FormController.Get (KU.WebAPI)" - Validation state: Valid (dad538d7)
2020-07-20T15:16:26.0103914+04:00 8000004c-0002-fb00-b63f-84710c7967bb [INF] Entity Framework Core "2.2.6-servicing-10079" initialized '"ApplicationDbContext"' using provider '"Microsoft.EntityFrameworkCore.SqlServer"' with options: "MigrationsAssembly=KU.WebAPI " (9958f5bb)
2020-07-20T15:16:26.9385478+04:00 8000004c-0002-fb00-b63f-84710c7967bb [INF] Executed DbCommand ("918"ms) [Parameters=["@p0='?' (DbType = Int32), @p1='?' (DbType = Int32), @p2='?' (DbType = Int32), @p3='?' (DbType = Int32), @p4='?' (DbType = Int32), @p5='?' (DbType = Int32), @p6='?' (Size = 4000)"], CommandType='Text', CommandTimeout='30']"
""exec sp_listform @p0,@p1,@p2,@p3,@p4,@p5,@p6" (0723d8ff)
2020-07-20T15:16:26.9474876+04:00 8000004c-0002-fb00-b63f-84710c7967bb [INF] Executed action method "KU.WebAPI.Controllers.FormController.Get (KU.WebAPI)", returned result "Microsoft.AspNetCore.Mvc.OkObjectResult" in 943.0128ms. (50a9e262)
2020-07-20T15:16:26.9540199+04:00 8000004c-0002-fb00-b63f-84710c7967bb [INF] Executing ObjectResult, writing value of type '"System.Collections.Generic.List`1[[KU.Services.Interfaces.SavedFormViewModel, KU.Services, Version=1.0.0.0, Culture=neutral, PublicKeyToken=null]]"'. (8a1b66c8)
2020-07-20T15:16:26.9646932+04:00 8000004c-0002-fb00-b63f-84710c7967bb [INF] Executed action "KU.WebAPI.Controllers.FormController.Get (KU.WebAPI)" in 966.0554ms (afa2e885)
2020-07-20T15:16:26.9709581+04:00 8000004c-0002-fb00-b63f-84710c7967bb [INF] Executed endpoint '"KU.WebAPI.Controllers.FormController.Get (KU.WebAPI)"' (99874f2b)
2020-07-20T15:16:26.9790879+04:00 8000004c-0002-fb00-b63f-84710c7967bb [INF] Request finished in 1019.6908ms 200 application/json; charset=utf-8 (791a596a)
