2020-07-26T13:15:30.8485820+04:00 8000004c-0005-fd00-b63f-84710c7967bb [INF] Request starting HTTP/2.0 GET https://localhost:44317/index.html   (ca22a1cb)
2020-07-26T13:15:33.7118557+04:00 8000004c-0005-fd00-b63f-84710c7967bb [INF] Request finished in 2833.4736ms 200 text/html (791a596a)
2020-07-26T13:15:35.7512560+04:00 80000090-0003-ff00-b63f-84710c7967bb [INF] Request starting HTTP/2.0 GET https://localhost:44317/swagger/v1/swagger.json   (ca22a1cb)
2020-07-26T13:15:36.3643227+04:00 80000090-0003-ff00-b63f-84710c7967bb [INF] Request finished in 613.5803ms 200 application/json;charset=utf-8 (791a596a)
2020-07-26T13:16:14.6629664+04:00 8000008f-0000-fc00-b63f-84710c7967bb [INF] Request starting HTTP/2.0 GET https://localhost:44317/api/Form/Questionnaire?TemplateID=11   (ca22a1cb)
2020-07-26T13:16:16.1960544+04:00 8000008f-0000-fc00-b63f-84710c7967bb [INF] Executing endpoint '"KU.WebAPI.Controllers.FormController.GetSampleIDAll (KU.WebAPI)"' (500cc934)
2020-07-26T13:16:16.5832291+04:00 8000008f-0000-fc00-b63f-84710c7967bb [INF] Route matched with "{action = \"GetSampleIDAll\", controller = \"Form\"}". Executing controller action with signature "Microsoft.AspNetCore.Mvc.IActionResult GetSampleIDAll(Int32, Int32)" on controller "KU.WebAPI.Controllers.FormController" ("KU.WebAPI"). (122b2fdf)
2020-07-26T13:16:16.7697574+04:00 8000008f-0000-fc00-b63f-84710c7967bb [INF] Executing action method "KU.WebAPI.Controllers.FormController.GetSampleIDAll (KU.WebAPI)" - Validation state: Valid (dad538d7)
2020-07-26T13:16:25.7146756+04:00 8000008f-0000-fc00-b63f-84710c7967bb [INF] Entity Framework Core "2.2.6-servicing-10079" initialized '"ApplicationDbContext"' using provider '"Microsoft.EntityFrameworkCore.SqlServer"' with options: "MigrationsAssembly=KU.WebAPI " (9958f5bb)
2020-07-26T13:16:59.6188236+04:00 8000008f-0000-fc00-b63f-84710c7967bb [ERR] Failed executing DbCommand ("31,721"ms) [Parameters=["@p0='?' (DbType = Int32), @p1='?' (DbType = Int32)"], CommandType='Text', CommandTimeout='30']"
""sp_getrecords @p0,@p1" (627a98df)
System.Data.SqlClient.SqlException (0x80131904): Timeout expired.  The timeout period elapsed prior to completion of the operation or the server is not responding. ---> System.ComponentModel.Win32Exception (258): The wait operation timed out
   at System.Data.SqlClient.SqlConnection.OnError(SqlException exception, Boolean breakConnection, Action`1 wrapCloseInAction)
   at System.Data.SqlClient.SqlInternalConnection.OnError(SqlException exception, Boolean breakConnection, Action`1 wrapCloseInAction)
   at System.Data.SqlClient.TdsParser.ThrowExceptionAndWarning(TdsParserStateObject stateObj, Boolean callerHasConnectionLock, Boolean asyncClose)
   at System.Data.SqlClient.TdsParser.TryRun(RunBehavior runBehavior, SqlCommand cmdHandler, SqlDataReader dataStream, BulkCopySimpleResultSet bulkCopyHandler, TdsParserStateObject stateObj, Boolean& dataReady)
   at System.Data.SqlClient.SqlDataReader.TryConsumeMetaData()
   at System.Data.SqlClient.SqlDataReader.get_MetaData()
   at System.Data.SqlClient.SqlCommand.FinishExecuteReader(SqlDataReader ds, RunBehavior runBehavior, String resetOptionsString)
   at System.Data.SqlClient.SqlCommand.RunExecuteReaderTds(CommandBehavior cmdBehavior, RunBehavior runBehavior, Boolean returnStream, Boolean async, Int32 timeout, Task& task, Boolean asyncWrite, SqlDataReader ds)
   at System.Data.SqlClient.SqlCommand.RunExecuteReader(CommandBehavior cmdBehavior, RunBehavior runBehavior, Boolean returnStream, TaskCompletionSource`1 completion, Int32 timeout, Task& task, Boolean asyncWrite, String method)
   at System.Data.SqlClient.SqlCommand.ExecuteReader(CommandBehavior behavior)
   at System.Data.SqlClient.SqlCommand.ExecuteDbDataReader(CommandBehavior behavior)
   at System.Data.Common.DbCommand.ExecuteReader()
   at Microsoft.EntityFrameworkCore.Storage.Internal.RelationalCommand.Execute(IRelationalConnection connection, DbCommandMethod executeMethod, IReadOnlyDictionary`2 parameterValues)
   at Microsoft.EntityFrameworkCore.Storage.Internal.RelationalCommand.ExecuteReader(IRelationalConnection connection, IReadOnlyDictionary`2 parameterValues)
   at Microsoft.EntityFrameworkCore.Query.Internal.QueryingEnumerable`1.Enumerator.BufferlessMoveNext(DbContext _, Boolean buffer)
ClientConnectionId:d396ab18-409e-4fe0-bc7c-900895c1a86b
Error Number:-2,State:0,Class:11
2020-07-26T13:16:59.8404710+04:00 8000008f-0000-fc00-b63f-84710c7967bb [ERR] An exception occurred while iterating over the results of a query for context type '"KU.Repositories.ApplicationDbContext"'."
""System.Data.SqlClient.SqlException (0x80131904): Timeout expired.  The timeout period elapsed prior to completion of the operation or the server is not responding. ---> System.ComponentModel.Win32Exception (258): The wait operation timed out
   at System.Data.SqlClient.SqlConnection.OnError(SqlException exception, Boolean breakConnection, Action`1 wrapCloseInAction)
   at System.Data.SqlClient.SqlInternalConnection.OnError(SqlException exception, Boolean breakConnection, Action`1 wrapCloseInAction)
   at System.Data.SqlClient.TdsParser.ThrowExceptionAndWarning(TdsParserStateObject stateObj, Boolean callerHasConnectionLock, Boolean asyncClose)
   at System.Data.SqlClient.TdsParser.TryRun(RunBehavior runBehavior, SqlCommand cmdHandler, SqlDataReader dataStream, BulkCopySimpleResultSet bulkCopyHandler, TdsParserStateObject stateObj, Boolean& dataReady)
   at System.Data.SqlClient.SqlDataReader.TryConsumeMetaData()
   at System.Data.SqlClient.SqlDataReader.get_MetaData()
   at System.Data.SqlClient.SqlCommand.FinishExecuteReader(SqlDataReader ds, RunBehavior runBehavior, String resetOptionsString)
   at System.Data.SqlClient.SqlCommand.RunExecuteReaderTds(CommandBehavior cmdBehavior, RunBehavior runBehavior, Boolean returnStream, Boolean async, Int32 timeout, Task& task, Boolean asyncWrite, SqlDataReader ds)
   at System.Data.SqlClient.SqlCommand.RunExecuteReader(CommandBehavior cmdBehavior, RunBehavior runBehavior, Boolean returnStream, TaskCompletionSource`1 completion, Int32 timeout, Task& task, Boolean asyncWrite, String method)
   at System.Data.SqlClient.SqlCommand.ExecuteReader(CommandBehavior behavior)
   at System.Data.SqlClient.SqlCommand.ExecuteDbDataReader(CommandBehavior behavior)
   at System.Data.Common.DbCommand.ExecuteReader()
   at Microsoft.EntityFrameworkCore.Storage.Internal.RelationalCommand.Execute(IRelationalConnection connection, DbCommandMethod executeMethod, IReadOnlyDictionary`2 parameterValues)
   at Microsoft.EntityFrameworkCore.Storage.Internal.RelationalCommand.ExecuteReader(IRelationalConnection connection, IReadOnlyDictionary`2 parameterValues)
   at Microsoft.EntityFrameworkCore.Query.Internal.QueryingEnumerable`1.Enumerator.BufferlessMoveNext(DbContext _, Boolean buffer)
   at Microsoft.EntityFrameworkCore.SqlServer.Storage.Internal.SqlServerExecutionStrategy.Execute[TState,TResult](TState state, Func`3 operation, Func`3 verifySucceeded)
   at Microsoft.EntityFrameworkCore.Query.Internal.QueryingEnumerable`1.Enumerator.MoveNext()
   at Microsoft.EntityFrameworkCore.Query.Internal.LinqOperatorProvider._TrackEntities[TOut,TIn](IEnumerable`1 results, QueryContext queryContext, IList`1 entityTrackingInfos, IList`1 entityAccessors)+MoveNext()
   at Microsoft.EntityFrameworkCore.Query.Internal.LinqOperatorProvider.ExceptionInterceptor`1.EnumeratorExceptionInterceptor.MoveNext()
ClientConnectionId:d396ab18-409e-4fe0-bc7c-900895c1a86b
Error Number:-2,State:0,Class:11" (f5c7ac34)
System.Data.SqlClient.SqlException (0x80131904): Timeout expired.  The timeout period elapsed prior to completion of the operation or the server is not responding. ---> System.ComponentModel.Win32Exception (258): The wait operation timed out
   at System.Data.SqlClient.SqlConnection.OnError(SqlException exception, Boolean breakConnection, Action`1 wrapCloseInAction)
   at System.Data.SqlClient.SqlInternalConnection.OnError(SqlException exception, Boolean breakConnection, Action`1 wrapCloseInAction)
   at System.Data.SqlClient.TdsParser.ThrowExceptionAndWarning(TdsParserStateObject stateObj, Boolean callerHasConnectionLock, Boolean asyncClose)
   at System.Data.SqlClient.TdsParser.TryRun(RunBehavior runBehavior, SqlCommand cmdHandler, SqlDataReader dataStream, BulkCopySimpleResultSet bulkCopyHandler, TdsParserStateObject stateObj, Boolean& dataReady)
   at System.Data.SqlClient.SqlDataReader.TryConsumeMetaData()
   at System.Data.SqlClient.SqlDataReader.get_MetaData()
   at System.Data.SqlClient.SqlCommand.FinishExecuteReader(SqlDataReader ds, RunBehavior runBehavior, String resetOptionsString)
   at System.Data.SqlClient.SqlCommand.RunExecuteReaderTds(CommandBehavior cmdBehavior, RunBehavior runBehavior, Boolean returnStream, Boolean async, Int32 timeout, Task& task, Boolean asyncWrite, SqlDataReader ds)
   at System.Data.SqlClient.SqlCommand.RunExecuteReader(CommandBehavior cmdBehavior, RunBehavior runBehavior, Boolean returnStream, TaskCompletionSource`1 completion, Int32 timeout, Task& task, Boolean asyncWrite, String method)
   at System.Data.SqlClient.SqlCommand.ExecuteReader(CommandBehavior behavior)
   at System.Data.SqlClient.SqlCommand.ExecuteDbDataReader(CommandBehavior behavior)
   at System.Data.Common.DbCommand.ExecuteReader()
   at Microsoft.EntityFrameworkCore.Storage.Internal.RelationalCommand.Execute(IRelationalConnection connection, DbCommandMethod executeMethod, IReadOnlyDictionary`2 parameterValues)
   at Microsoft.EntityFrameworkCore.Storage.Internal.RelationalCommand.ExecuteReader(IRelationalConnection connection, IReadOnlyDictionary`2 parameterValues)
   at Microsoft.EntityFrameworkCore.Query.Internal.QueryingEnumerable`1.Enumerator.BufferlessMoveNext(DbContext _, Boolean buffer)
   at Microsoft.EntityFrameworkCore.SqlServer.Storage.Internal.SqlServerExecutionStrategy.Execute[TState,TResult](TState state, Func`3 operation, Func`3 verifySucceeded)
   at Microsoft.EntityFrameworkCore.Query.Internal.QueryingEnumerable`1.Enumerator.MoveNext()
   at Microsoft.EntityFrameworkCore.Query.Internal.LinqOperatorProvider._TrackEntities[TOut,TIn](IEnumerable`1 results, QueryContext queryContext, IList`1 entityTrackingInfos, IList`1 entityAccessors)+MoveNext()
   at Microsoft.EntityFrameworkCore.Query.Internal.LinqOperatorProvider.ExceptionInterceptor`1.EnumeratorExceptionInterceptor.MoveNext()
   at System.Collections.Generic.List`1.AddEnumerable(IEnumerable`1 enumerable)
   at System.Linq.Enumerable.ToList[TSource](IEnumerable`1 source)
ClientConnectionId:d396ab18-409e-4fe0-bc7c-900895c1a86b
Error Number:-2,State:0,Class:11
2020-07-26T13:17:00.8012700+04:00 8000008f-0000-fc00-b63f-84710c7967bb [ERR] Something went wrong: System.Data.SqlClient.SqlException (0x80131904): Timeout expired.  The timeout period elapsed prior to completion of the operation or the server is not responding. ---> System.ComponentModel.Win32Exception (258): The wait operation timed out
   at System.Data.SqlClient.SqlConnection.OnError(SqlException exception, Boolean breakConnection, Action`1 wrapCloseInAction)
   at System.Data.SqlClient.SqlInternalConnection.OnError(SqlException exception, Boolean breakConnection, Action`1 wrapCloseInAction)
   at System.Data.SqlClient.TdsParser.ThrowExceptionAndWarning(TdsParserStateObject stateObj, Boolean callerHasConnectionLock, Boolean asyncClose)
   at System.Data.SqlClient.TdsParser.TryRun(RunBehavior runBehavior, SqlCommand cmdHandler, SqlDataReader dataStream, BulkCopySimpleResultSet bulkCopyHandler, TdsParserStateObject stateObj, Boolean& dataReady)
   at System.Data.SqlClient.SqlDataReader.TryConsumeMetaData()
   at System.Data.SqlClient.SqlDataReader.get_MetaData()
   at System.Data.SqlClient.SqlCommand.FinishExecuteReader(SqlDataReader ds, RunBehavior runBehavior, String resetOptionsString)
   at System.Data.SqlClient.SqlCommand.RunExecuteReaderTds(CommandBehavior cmdBehavior, RunBehavior runBehavior, Boolean returnStream, Boolean async, Int32 timeout, Task& task, Boolean asyncWrite, SqlDataReader ds)
   at System.Data.SqlClient.SqlCommand.RunExecuteReader(CommandBehavior cmdBehavior, RunBehavior runBehavior, Boolean returnStream, TaskCompletionSource`1 completion, Int32 timeout, Task& task, Boolean asyncWrite, String method)
   at System.Data.SqlClient.SqlCommand.ExecuteReader(CommandBehavior behavior)
   at System.Data.SqlClient.SqlCommand.ExecuteDbDataReader(CommandBehavior behavior)
   at System.Data.Common.DbCommand.ExecuteReader()
   at Microsoft.EntityFrameworkCore.Storage.Internal.RelationalCommand.Execute(IRelationalConnection connection, DbCommandMethod executeMethod, IReadOnlyDictionary`2 parameterValues)
   at Microsoft.EntityFrameworkCore.Storage.Internal.RelationalCommand.ExecuteReader(IRelationalConnection connection, IReadOnlyDictionary`2 parameterValues)
   at Microsoft.EntityFrameworkCore.Query.Internal.QueryingEnumerable`1.Enumerator.BufferlessMoveNext(DbContext _, Boolean buffer)
   at Microsoft.EntityFrameworkCore.SqlServer.Storage.Internal.SqlServerExecutionStrategy.Execute[TState,TResult](TState state, Func`3 operation, Func`3 verifySucceeded)
   at Microsoft.EntityFrameworkCore.Query.Internal.QueryingEnumerable`1.Enumerator.MoveNext()
   at Microsoft.EntityFrameworkCore.Query.Internal.LinqOperatorProvider._TrackEntities[TOut,TIn](IEnumerable`1 results, QueryContext queryContext, IList`1 entityTrackingInfos, IList`1 entityAccessors)+MoveNext()
   at Microsoft.EntityFrameworkCore.Query.Internal.LinqOperatorProvider.ExceptionInterceptor`1.EnumeratorExceptionInterceptor.MoveNext()
   at System.Collections.Generic.List`1.AddEnumerable(IEnumerable`1 enumerable)
   at System.Linq.Enumerable.ToList[TSource](IEnumerable`1 source)
   at KU.Services.Implementations.FormService.GetSampleID10(Int32 SampleID) in C:\TCIT\Khalifa University\Khalifa\KU.Services\Implementations\FormService.cs:line 285
   at KU.WebAPI.Controllers.FormController.GetSampleIDAll(Int32 SavedformID, Int32 TemplateID) in C:\TCIT\Khalifa University\Khalifa\KU.WebAPI\Controllers\FormController.cs:line 141
ClientConnectionId:d396ab18-409e-4fe0-bc7c-900895c1a86b
Error Number:-2,State:0,Class:11 (441e38d5)
2020-07-26T13:17:00.8240823+04:00 8000008f-0000-fc00-b63f-84710c7967bb [INF] Executed action method "KU.WebAPI.Controllers.FormController.GetSampleIDAll (KU.WebAPI)", returned result "Microsoft.AspNetCore.Mvc.ObjectResult" in 44032.3601ms. (50a9e262)
2020-07-26T13:17:00.8574837+04:00 8000008f-0000-fc00-b63f-84710c7967bb [INF] Executing ObjectResult, writing value of type '"System.ComponentModel.Win32Exception"'. (8a1b66c8)
2020-07-26T13:17:01.0330975+04:00 8000008f-0000-fc00-b63f-84710c7967bb [INF] Executed action "KU.WebAPI.Controllers.FormController.GetSampleIDAll (KU.WebAPI)" in 44439.9703ms (afa2e885)
2020-07-26T13:17:01.0385613+04:00 8000008f-0000-fc00-b63f-84710c7967bb [INF] Executed endpoint '"KU.WebAPI.Controllers.FormController.GetSampleIDAll (KU.WebAPI)"' (99874f2b)
2020-07-26T13:17:01.0692563+04:00 8000008f-0000-fc00-b63f-84710c7967bb [INF] Request finished in 46404.4315ms 500 application/json; charset=utf-8 (791a596a)
2020-07-26T13:17:17.5101472+04:00 80000063-0004-f800-b63f-84710c7967bb [INF] Request starting HTTP/2.0 GET https://localhost:44317/api/Form/listforms?templateID=11   (ca22a1cb)
2020-07-26T13:17:17.5286691+04:00 80000063-0004-f800-b63f-84710c7967bb [INF] Executing endpoint '"KU.WebAPI.Controllers.FormController.Get (KU.WebAPI)"' (500cc934)
2020-07-26T13:17:17.6010747+04:00 80000063-0004-f800-b63f-84710c7967bb [INF] Route matched with "{action = \"Get\", controller = \"Form\"}". Executing controller action with signature "Microsoft.AspNetCore.Mvc.IActionResult Get(Int32, Int32, Int32, Int32, Int32, Int32, System.String)" on controller "KU.WebAPI.Controllers.FormController" ("KU.WebAPI"). (122b2fdf)
2020-07-26T13:17:17.6077766+04:00 80000063-0004-f800-b63f-84710c7967bb [INF] Executing action method "KU.WebAPI.Controllers.FormController.Get (KU.WebAPI)" - Validation state: Valid (dad538d7)
2020-07-26T13:17:17.6233938+04:00 80000063-0004-f800-b63f-84710c7967bb [INF] Entity Framework Core "2.2.6-servicing-10079" initialized '"ApplicationDbContext"' using provider '"Microsoft.EntityFrameworkCore.SqlServer"' with options: "MigrationsAssembly=KU.WebAPI " (9958f5bb)
2020-07-26T13:17:19.4604410+04:00 80000063-0004-f800-b63f-84710c7967bb [INF] Executed DbCommand ("1,668"ms) [Parameters=["@p0='?' (DbType = Int32), @p1='?' (DbType = Int32), @p2='?' (DbType = Int32), @p3='?' (DbType = Int32), @p4='?' (DbType = Int32), @p5='?' (DbType = Int32), @p6='?' (Size = 4000)"], CommandType='Text', CommandTimeout='30']"
""exec sp_listform @p0,@p1,@p2,@p3,@p4,@p5,@p6" (0723d8ff)
2020-07-26T13:17:20.1794489+04:00 80000063-0004-f800-b63f-84710c7967bb [INF] Executed action method "KU.WebAPI.Controllers.FormController.Get (KU.WebAPI)", returned result "Microsoft.AspNetCore.Mvc.OkObjectResult" in 2566.3559ms. (50a9e262)
2020-07-26T13:17:20.1877625+04:00 80000063-0004-f800-b63f-84710c7967bb [INF] Executing ObjectResult, writing value of type '"System.Collections.Generic.List`1[[KU.Services.Interfaces.SavedFormViewModel, KU.Services, Version=1.0.0.0, Culture=neutral, PublicKeyToken=null]]"'. (8a1b66c8)
2020-07-26T13:17:20.2380986+04:00 80000063-0004-f800-b63f-84710c7967bb [INF] Executed action "KU.WebAPI.Controllers.FormController.Get (KU.WebAPI)" in 2629.5824ms (afa2e885)
2020-07-26T13:17:20.2445401+04:00 80000063-0004-f800-b63f-84710c7967bb [INF] Executed endpoint '"KU.WebAPI.Controllers.FormController.Get (KU.WebAPI)"' (99874f2b)
2020-07-26T13:17:20.2519426+04:00 80000063-0004-f800-b63f-84710c7967bb [INF] Request finished in 2740.1397ms 200 application/json; charset=utf-8 (791a596a)
2020-07-26T13:17:28.6498055+04:00 80000054-0001-fc00-b63f-84710c7967bb [INF] Request starting HTTP/2.0 GET https://localhost:44317/api/Form/Questionnaire?SavedformID=4676&TemplateID=11   (ca22a1cb)
2020-07-26T13:17:28.6567995+04:00 80000054-0001-fc00-b63f-84710c7967bb [INF] Executing endpoint '"KU.WebAPI.Controllers.FormController.GetSampleIDAll (KU.WebAPI)"' (500cc934)
2020-07-26T13:17:28.6618298+04:00 80000054-0001-fc00-b63f-84710c7967bb [INF] Route matched with "{action = \"GetSampleIDAll\", controller = \"Form\"}". Executing controller action with signature "Microsoft.AspNetCore.Mvc.IActionResult GetSampleIDAll(Int32, Int32)" on controller "KU.WebAPI.Controllers.FormController" ("KU.WebAPI"). (122b2fdf)
2020-07-26T13:17:28.6673602+04:00 80000054-0001-fc00-b63f-84710c7967bb [INF] Executing action method "KU.WebAPI.Controllers.FormController.GetSampleIDAll (KU.WebAPI)" - Validation state: Valid (dad538d7)
2020-07-26T13:17:28.6730504+04:00 80000054-0001-fc00-b63f-84710c7967bb [INF] Entity Framework Core "2.2.6-servicing-10079" initialized '"ApplicationDbContext"' using provider '"Microsoft.EntityFrameworkCore.SqlServer"' with options: "MigrationsAssembly=KU.WebAPI " (9958f5bb)
2020-07-26T13:17:58.8947393+04:00 80000054-0001-fc00-b63f-84710c7967bb [ERR] Failed executing DbCommand ("30,002"ms) [Parameters=["@p0='?' (DbType = Int32), @p1='?' (DbType = Int32), @p2='?' (DbType = Int32)"], CommandType='Text', CommandTimeout='30']"
""sp_getrecords @p0,@p1,@p2" (627a98df)
System.Data.SqlClient.SqlException (0x80131904): Timeout expired.  The timeout period elapsed prior to completion of the operation or the server is not responding. ---> System.ComponentModel.Win32Exception (258): The wait operation timed out
   at System.Data.SqlClient.SqlConnection.OnError(SqlException exception, Boolean breakConnection, Action`1 wrapCloseInAction)
   at System.Data.SqlClient.SqlInternalConnection.OnError(SqlException exception, Boolean breakConnection, Action`1 wrapCloseInAction)
   at System.Data.SqlClient.TdsParser.ThrowExceptionAndWarning(TdsParserStateObject stateObj, Boolean callerHasConnectionLock, Boolean asyncClose)
   at System.Data.SqlClient.TdsParser.TryRun(RunBehavior runBehavior, SqlCommand cmdHandler, SqlDataReader dataStream, BulkCopySimpleResultSet bulkCopyHandler, TdsParserStateObject stateObj, Boolean& dataReady)
   at System.Data.SqlClient.SqlDataReader.TryConsumeMetaData()
   at System.Data.SqlClient.SqlDataReader.get_MetaData()
   at System.Data.SqlClient.SqlCommand.FinishExecuteReader(SqlDataReader ds, RunBehavior runBehavior, String resetOptionsString)
   at System.Data.SqlClient.SqlCommand.RunExecuteReaderTds(CommandBehavior cmdBehavior, RunBehavior runBehavior, Boolean returnStream, Boolean async, Int32 timeout, Task& task, Boolean asyncWrite, SqlDataReader ds)
   at System.Data.SqlClient.SqlCommand.RunExecuteReader(CommandBehavior cmdBehavior, RunBehavior runBehavior, Boolean returnStream, TaskCompletionSource`1 completion, Int32 timeout, Task& task, Boolean asyncWrite, String method)
   at System.Data.SqlClient.SqlCommand.ExecuteReader(CommandBehavior behavior)
   at System.Data.SqlClient.SqlCommand.ExecuteDbDataReader(CommandBehavior behavior)
   at System.Data.Common.DbCommand.ExecuteReader()
   at Microsoft.EntityFrameworkCore.Storage.Internal.RelationalCommand.Execute(IRelationalConnection connection, DbCommandMethod executeMethod, IReadOnlyDictionary`2 parameterValues)
   at Microsoft.EntityFrameworkCore.Storage.Internal.RelationalCommand.ExecuteReader(IRelationalConnection connection, IReadOnlyDictionary`2 parameterValues)
   at Microsoft.EntityFrameworkCore.Query.Internal.QueryingEnumerable`1.Enumerator.BufferlessMoveNext(DbContext _, Boolean buffer)
   at Microsoft.EntityFrameworkCore.SqlServer.Storage.Internal.SqlServerExecutionStrategy.Execute[TState,TResult](TState state, Func`3 operation, Func`3 verifySucceeded)
   at Microsoft.EntityFrameworkCore.Query.Internal.QueryingEnumerable`1.Enumerator.MoveNext()
   at Microsoft.EntityFrameworkCore.Query.Internal.LinqOperatorProvider._TrackEntities[TOut,TIn](IEnumerable`1 results, QueryContext queryContext, IList`1 entityTrackingInfos, IList`1 entityAccessors)+MoveNext()
   at Microsoft.EntityFrameworkCore.Query.Internal.LinqOperatorProvider.ExceptionInterceptor`1.EnumeratorExceptionInterceptor.MoveNext()
ClientConnectionId:d396ab18-409e-4fe0-bc7c-900895c1a86b
Error Number:-2,State:0,Class:11
2020-07-26T13:17:58.9093784+04:00 80000054-0001-fc00-b63f-84710c7967bb [ERR] An exception occurred while iterating over the results of a query for context type '"KU.Repositories.ApplicationDbContext"'."
""System.Data.SqlClient.SqlException (0x80131904): Timeout expired.  The timeout period elapsed prior to completion of the operation or the server is not responding. ---> System.ComponentModel.Win32Exception (258): The wait operation timed out
   at System.Data.SqlClient.SqlConnection.OnError(SqlException exception, Boolean breakConnection, Action`1 wrapCloseInAction)
   at System.Data.SqlClient.SqlInternalConnection.OnError(SqlException exception, Boolean breakConnection, Action`1 wrapCloseInAction)
   at System.Data.SqlClient.TdsParser.ThrowExceptionAndWarning(TdsParserStateObject stateObj, Boolean callerHasConnectionLock, Boolean asyncClose)
   at System.Data.SqlClient.TdsParser.TryRun(RunBehavior runBehavior, SqlCommand cmdHandler, SqlDataReader dataStream, BulkCopySimpleResultSet bulkCopyHandler, TdsParserStateObject stateObj, Boolean& dataReady)
   at System.Data.SqlClient.SqlDataReader.TryConsumeMetaData()
   at System.Data.SqlClient.SqlDataReader.get_MetaData()
   at System.Data.SqlClient.SqlCommand.FinishExecuteReader(SqlDataReader ds, RunBehavior runBehavior, String resetOptionsString)
   at System.Data.SqlClient.SqlCommand.RunExecuteReaderTds(CommandBehavior cmdBehavior, RunBehavior runBehavior, Boolean returnStream, Boolean async, Int32 timeout, Task& task, Boolean asyncWrite, SqlDataReader ds)
   at System.Data.SqlClient.SqlCommand.RunExecuteReader(CommandBehavior cmdBehavior, RunBehavior runBehavior, Boolean returnStream, TaskCompletionSource`1 completion, Int32 timeout, Task& task, Boolean asyncWrite, String method)
   at System.Data.SqlClient.SqlCommand.ExecuteReader(CommandBehavior behavior)
   at System.Data.SqlClient.SqlCommand.ExecuteDbDataReader(CommandBehavior behavior)
   at System.Data.Common.DbCommand.ExecuteReader()
   at Microsoft.EntityFrameworkCore.Storage.Internal.RelationalCommand.Execute(IRelationalConnection connection, DbCommandMethod executeMethod, IReadOnlyDictionary`2 parameterValues)
   at Microsoft.EntityFrameworkCore.Storage.Internal.RelationalCommand.ExecuteReader(IRelationalConnection connection, IReadOnlyDictionary`2 parameterValues)
   at Microsoft.EntityFrameworkCore.Query.Internal.QueryingEnumerable`1.Enumerator.BufferlessMoveNext(DbContext _, Boolean buffer)
   at Microsoft.EntityFrameworkCore.SqlServer.Storage.Internal.SqlServerExecutionStrategy.Execute[TState,TResult](TState state, Func`3 operation, Func`3 verifySucceeded)
   at Microsoft.EntityFrameworkCore.Query.Internal.QueryingEnumerable`1.Enumerator.MoveNext()
   at Microsoft.EntityFrameworkCore.Query.Internal.LinqOperatorProvider._TrackEntities[TOut,TIn](IEnumerable`1 results, QueryContext queryContext, IList`1 entityTrackingInfos, IList`1 entityAccessors)+MoveNext()
   at Microsoft.EntityFrameworkCore.Query.Internal.LinqOperatorProvider.ExceptionInterceptor`1.EnumeratorExceptionInterceptor.MoveNext()
ClientConnectionId:d396ab18-409e-4fe0-bc7c-900895c1a86b
Error Number:-2,State:0,Class:11" (f5c7ac34)
System.Data.SqlClient.SqlException (0x80131904): Timeout expired.  The timeout period elapsed prior to completion of the operation or the server is not responding. ---> System.ComponentModel.Win32Exception (258): The wait operation timed out
   at System.Data.SqlClient.SqlConnection.OnError(SqlException exception, Boolean breakConnection, Action`1 wrapCloseInAction)
   at System.Data.SqlClient.SqlInternalConnection.OnError(SqlException exception, Boolean breakConnection, Action`1 wrapCloseInAction)
   at System.Data.SqlClient.TdsParser.ThrowExceptionAndWarning(TdsParserStateObject stateObj, Boolean callerHasConnectionLock, Boolean asyncClose)
   at System.Data.SqlClient.TdsParser.TryRun(RunBehavior runBehavior, SqlCommand cmdHandler, SqlDataReader dataStream, BulkCopySimpleResultSet bulkCopyHandler, TdsParserStateObject stateObj, Boolean& dataReady)
   at System.Data.SqlClient.SqlDataReader.TryConsumeMetaData()
   at System.Data.SqlClient.SqlDataReader.get_MetaData()
   at System.Data.SqlClient.SqlCommand.FinishExecuteReader(SqlDataReader ds, RunBehavior runBehavior, String resetOptionsString)
   at System.Data.SqlClient.SqlCommand.RunExecuteReaderTds(CommandBehavior cmdBehavior, RunBehavior runBehavior, Boolean returnStream, Boolean async, Int32 timeout, Task& task, Boolean asyncWrite, SqlDataReader ds)
   at System.Data.SqlClient.SqlCommand.RunExecuteReader(CommandBehavior cmdBehavior, RunBehavior runBehavior, Boolean returnStream, TaskCompletionSource`1 completion, Int32 timeout, Task& task, Boolean asyncWrite, String method)
   at System.Data.SqlClient.SqlCommand.ExecuteReader(CommandBehavior behavior)
   at System.Data.SqlClient.SqlCommand.ExecuteDbDataReader(CommandBehavior behavior)
   at System.Data.Common.DbCommand.ExecuteReader()
   at Microsoft.EntityFrameworkCore.Storage.Internal.RelationalCommand.Execute(IRelationalConnection connection, DbCommandMethod executeMethod, IReadOnlyDictionary`2 parameterValues)
   at Microsoft.EntityFrameworkCore.Storage.Internal.RelationalCommand.ExecuteReader(IRelationalConnection connection, IReadOnlyDictionary`2 parameterValues)
   at Microsoft.EntityFrameworkCore.Query.Internal.QueryingEnumerable`1.Enumerator.BufferlessMoveNext(DbContext _, Boolean buffer)
   at Microsoft.EntityFrameworkCore.SqlServer.Storage.Internal.SqlServerExecutionStrategy.Execute[TState,TResult](TState state, Func`3 operation, Func`3 verifySucceeded)
   at Microsoft.EntityFrameworkCore.Query.Internal.QueryingEnumerable`1.Enumerator.MoveNext()
   at Microsoft.EntityFrameworkCore.Query.Internal.LinqOperatorProvider._TrackEntities[TOut,TIn](IEnumerable`1 results, QueryContext queryContext, IList`1 entityTrackingInfos, IList`1 entityAccessors)+MoveNext()
   at Microsoft.EntityFrameworkCore.Query.Internal.LinqOperatorProvider.ExceptionInterceptor`1.EnumeratorExceptionInterceptor.MoveNext()
   at System.Collections.Generic.List`1.AddEnumerable(IEnumerable`1 enumerable)
   at System.Linq.Enumerable.ToList[TSource](IEnumerable`1 source)
   at KU.Services.Implementations.FormService.GetSampleID10(Int32 SampleID) in C:\TCIT\Khalifa University\Khalifa\KU.Services\Implementations\FormService.cs:line 285
   at KU.WebAPI.Controllers.FormController.GetSampleIDAll(Int32 SavedformID, Int32 TemplateID) in C:\TCIT\Khalifa University\Khalifa\KU.WebAPI\Controllers\FormController.cs:line 141
ClientConnectionId:d396ab18-409e-4fe0-bc7c-900895c1a86b
Error Number:-2,State:0,Class:11
2020-07-26T13:17:58.9164248+04:00 80000054-0001-fc00-b63f-84710c7967bb [ERR] Something went wrong: System.Data.SqlClient.SqlException (0x80131904): Timeout expired.  The timeout period elapsed prior to completion of the operation or the server is not responding. ---> System.ComponentModel.Win32Exception (258): The wait operation timed out
   at System.Data.SqlClient.SqlConnection.OnError(SqlException exception, Boolean breakConnection, Action`1 wrapCloseInAction)
   at System.Data.SqlClient.SqlInternalConnection.OnError(SqlException exception, Boolean breakConnection, Action`1 wrapCloseInAction)
   at System.Data.SqlClient.TdsParser.ThrowExceptionAndWarning(TdsParserStateObject stateObj, Boolean callerHasConnectionLock, Boolean asyncClose)
   at System.Data.SqlClient.TdsParser.TryRun(RunBehavior runBehavior, SqlCommand cmdHandler, SqlDataReader dataStream, BulkCopySimpleResultSet bulkCopyHandler, TdsParserStateObject stateObj, Boolean& dataReady)
   at System.Data.SqlClient.SqlDataReader.TryConsumeMetaData()
   at System.Data.SqlClient.SqlDataReader.get_MetaData()
   at System.Data.SqlClient.SqlCommand.FinishExecuteReader(SqlDataReader ds, RunBehavior runBehavior, String resetOptionsString)
   at System.Data.SqlClient.SqlCommand.RunExecuteReaderTds(CommandBehavior cmdBehavior, RunBehavior runBehavior, Boolean returnStream, Boolean async, Int32 timeout, Task& task, Boolean asyncWrite, SqlDataReader ds)
   at System.Data.SqlClient.SqlCommand.RunExecuteReader(CommandBehavior cmdBehavior, RunBehavior runBehavior, Boolean returnStream, TaskCompletionSource`1 completion, Int32 timeout, Task& task, Boolean asyncWrite, String method)
   at System.Data.SqlClient.SqlCommand.ExecuteReader(CommandBehavior behavior)
   at System.Data.SqlClient.SqlCommand.ExecuteDbDataReader(CommandBehavior behavior)
   at System.Data.Common.DbCommand.ExecuteReader()
   at Microsoft.EntityFrameworkCore.Storage.Internal.RelationalCommand.Execute(IRelationalConnection connection, DbCommandMethod executeMethod, IReadOnlyDictionary`2 parameterValues)
   at Microsoft.EntityFrameworkCore.Storage.Internal.RelationalCommand.ExecuteReader(IRelationalConnection connection, IReadOnlyDictionary`2 parameterValues)
   at Microsoft.EntityFrameworkCore.Query.Internal.QueryingEnumerable`1.Enumerator.BufferlessMoveNext(DbContext _, Boolean buffer)
   at Microsoft.EntityFrameworkCore.SqlServer.Storage.Internal.SqlServerExecutionStrategy.Execute[TState,TResult](TState state, Func`3 operation, Func`3 verifySucceeded)
   at Microsoft.EntityFrameworkCore.Query.Internal.QueryingEnumerable`1.Enumerator.MoveNext()
   at Microsoft.EntityFrameworkCore.Query.Internal.LinqOperatorProvider._TrackEntities[TOut,TIn](IEnumerable`1 results, QueryContext queryContext, IList`1 entityTrackingInfos, IList`1 entityAccessors)+MoveNext()
   at Microsoft.EntityFrameworkCore.Query.Internal.LinqOperatorProvider.ExceptionInterceptor`1.EnumeratorExceptionInterceptor.MoveNext()
   at System.Collections.Generic.List`1.AddEnumerable(IEnumerable`1 enumerable)
   at System.Linq.Enumerable.ToList[TSource](IEnumerable`1 source)
   at KU.Services.Implementations.FormService.GetSampleID10(Int32 SampleID) in C:\TCIT\Khalifa University\Khalifa\KU.Services\Implementations\FormService.cs:line 285
   at KU.WebAPI.Controllers.FormController.GetSampleIDAll(Int32 SavedformID, Int32 TemplateID) in C:\TCIT\Khalifa University\Khalifa\KU.WebAPI\Controllers\FormController.cs:line 141
ClientConnectionId:d396ab18-409e-4fe0-bc7c-900895c1a86b
Error Number:-2,State:0,Class:11 (441e38d5)
2020-07-26T13:17:58.9221133+04:00 80000054-0001-fc00-b63f-84710c7967bb [INF] Executed action method "KU.WebAPI.Controllers.FormController.GetSampleIDAll (KU.WebAPI)", returned result "Microsoft.AspNetCore.Mvc.ObjectResult" in 30249.1832ms. (50a9e262)
2020-07-26T13:17:58.9270613+04:00 80000054-0001-fc00-b63f-84710c7967bb [INF] Executing ObjectResult, writing value of type '"System.ComponentModel.Win32Exception"'. (8a1b66c8)
2020-07-26T13:17:58.9329962+04:00 80000054-0001-fc00-b63f-84710c7967bb [INF] Executed action "KU.WebAPI.Controllers.FormController.GetSampleIDAll (KU.WebAPI)" in 30265.6077ms (afa2e885)
2020-07-26T13:17:58.9375956+04:00 80000054-0001-fc00-b63f-84710c7967bb [INF] Executed endpoint '"KU.WebAPI.Controllers.FormController.GetSampleIDAll (KU.WebAPI)"' (99874f2b)
2020-07-26T13:17:58.9423247+04:00 80000054-0001-fc00-b63f-84710c7967bb [INF] Request finished in 30313.8128ms 500 application/json; charset=utf-8 (791a596a)
2020-07-26T13:18:16.0375800+04:00 80000056-0001-fc00-b63f-84710c7967bb [INF] Request starting HTTP/2.0 GET https://localhost:44317/api/Report/Reports?TemplateID=11   (ca22a1cb)
2020-07-26T13:18:16.0813805+04:00 80000056-0001-fc00-b63f-84710c7967bb [INF] Executing endpoint '"KU.WebAPI.Controllers.ReportController.GetReport (KU.WebAPI)"' (500cc934)
2020-07-26T13:18:16.0997033+04:00 80000056-0001-fc00-b63f-84710c7967bb [INF] Route matched with "{action = \"GetReport\", controller = \"Report\"}". Executing controller action with signature "Microsoft.AspNetCore.Mvc.IActionResult GetReport(Int64, Int64, System.String, System.String, System.String, System.String, System.String, System.String, System.String, System.String, System.String, Int32, Int32, Int32, Int32, System.String)" on controller "KU.WebAPI.Controllers.ReportController" ("KU.WebAPI"). (122b2fdf)
2020-07-26T13:18:16.1073088+04:00 80000056-0001-fc00-b63f-84710c7967bb [INF] Executing action method "KU.WebAPI.Controllers.ReportController.GetReport (KU.WebAPI)" - Validation state: Valid (dad538d7)
2020-07-26T13:18:16.1189280+04:00 80000056-0001-fc00-b63f-84710c7967bb [INF] Entity Framework Core "2.2.6-servicing-10079" initialized '"ApplicationDbContext"' using provider '"Microsoft.EntityFrameworkCore.SqlServer"' with options: "MigrationsAssembly=KU.WebAPI " (9958f5bb)
2020-07-26T13:18:46.6266896+04:00 80000056-0001-fc00-b63f-84710c7967bb [ERR] Failed executing DbCommand ("30,329"ms) [Parameters=["@p0='?' (DbType = Int32), @p1='?' (DbType = Int32), @p2='?' (DbType = Int32), @p3='?' (DbType = Int32), @p4='?' (DbType = Int64), @p5='?' (DbType = Int64), @p6='?', @p7='?' (Size = 4000), @p8='?' (Size = 4000), @p9='?' (Size = 4000), @p10='?' (Size = 4000), @p11='?', @p12='?' (Size = 4000), @p13='?' (Size = 4000), @p14='?' (Size = 4000), @p15='?' (Size = 4000)"], CommandType='Text', CommandTimeout='30']"
""SP_GETDATA @p0,@p1,@p2,@p3,@p4,@p5,@p6,@p7,@p8,@p9,@p10,@p11,@p12,@p13,@p14,@p15" (627a98df)
System.Data.SqlClient.SqlException (0x80131904): Timeout expired.  The timeout period elapsed prior to completion of the operation or the server is not responding. ---> System.ComponentModel.Win32Exception (258): The wait operation timed out
   at System.Data.SqlClient.SqlConnection.OnError(SqlException exception, Boolean breakConnection, Action`1 wrapCloseInAction)
   at System.Data.SqlClient.SqlInternalConnection.OnError(SqlException exception, Boolean breakConnection, Action`1 wrapCloseInAction)
   at System.Data.SqlClient.TdsParser.ThrowExceptionAndWarning(TdsParserStateObject stateObj, Boolean callerHasConnectionLock, Boolean asyncClose)
   at System.Data.SqlClient.TdsParser.TryRun(RunBehavior runBehavior, SqlCommand cmdHandler, SqlDataReader dataStream, BulkCopySimpleResultSet bulkCopyHandler, TdsParserStateObject stateObj, Boolean& dataReady)
   at System.Data.SqlClient.SqlDataReader.TryConsumeMetaData()
   at System.Data.SqlClient.SqlDataReader.get_MetaData()
   at System.Data.SqlClient.SqlCommand.FinishExecuteReader(SqlDataReader ds, RunBehavior runBehavior, String resetOptionsString)
   at System.Data.SqlClient.SqlCommand.RunExecuteReaderTds(CommandBehavior cmdBehavior, RunBehavior runBehavior, Boolean returnStream, Boolean async, Int32 timeout, Task& task, Boolean asyncWrite, SqlDataReader ds)
   at System.Data.SqlClient.SqlCommand.RunExecuteReader(CommandBehavior cmdBehavior, RunBehavior runBehavior, Boolean returnStream, TaskCompletionSource`1 completion, Int32 timeout, Task& task, Boolean asyncWrite, String method)
   at System.Data.SqlClient.SqlCommand.ExecuteReader(CommandBehavior behavior)
   at System.Data.SqlClient.SqlCommand.ExecuteDbDataReader(CommandBehavior behavior)
   at System.Data.Common.DbCommand.ExecuteReader()
   at Microsoft.EntityFrameworkCore.Storage.Internal.RelationalCommand.Execute(IRelationalConnection connection, DbCommandMethod executeMethod, IReadOnlyDictionary`2 parameterValues)
   at Microsoft.EntityFrameworkCore.Storage.Internal.RelationalCommand.ExecuteReader(IRelationalConnection connection, IReadOnlyDictionary`2 parameterValues)
   at Microsoft.EntityFrameworkCore.Query.Internal.QueryingEnumerable`1.Enumerator.BufferlessMoveNext(DbContext _, Boolean buffer)
   at Microsoft.EntityFrameworkCore.SqlServer.Storage.Internal.SqlServerExecutionStrategy.Execute[TState,TResult](TState state, Func`3 operation, Func`3 verifySucceeded)
   at Microsoft.EntityFrameworkCore.Query.Internal.QueryingEnumerable`1.Enumerator.MoveNext()
   at Microsoft.EntityFrameworkCore.Query.Internal.LinqOperatorProvider._TrackEntities[TOut,TIn](IEnumerable`1 results, QueryContext queryContext, IList`1 entityTrackingInfos, IList`1 entityAccessors)+MoveNext()
   at Microsoft.EntityFrameworkCore.Query.Internal.LinqOperatorProvider.ExceptionInterceptor`1.EnumeratorExceptionInterceptor.MoveNext()
ClientConnectionId:d396ab18-409e-4fe0-bc7c-900895c1a86b
Error Number:-2,State:0,Class:11
2020-07-26T13:18:46.6538191+04:00 80000056-0001-fc00-b63f-84710c7967bb [ERR] An exception occurred while iterating over the results of a query for context type '"KU.Repositories.ApplicationDbContext"'."
""System.Data.SqlClient.SqlException (0x80131904): Timeout expired.  The timeout period elapsed prior to completion of the operation or the server is not responding. ---> System.ComponentModel.Win32Exception (258): The wait operation timed out
   at System.Data.SqlClient.SqlConnection.OnError(SqlException exception, Boolean breakConnection, Action`1 wrapCloseInAction)
   at System.Data.SqlClient.SqlInternalConnection.OnError(SqlException exception, Boolean breakConnection, Action`1 wrapCloseInAction)
   at System.Data.SqlClient.TdsParser.ThrowExceptionAndWarning(TdsParserStateObject stateObj, Boolean callerHasConnectionLock, Boolean asyncClose)
   at System.Data.SqlClient.TdsParser.TryRun(RunBehavior runBehavior, SqlCommand cmdHandler, SqlDataReader dataStream, BulkCopySimpleResultSet bulkCopyHandler, TdsParserStateObject stateObj, Boolean& dataReady)
   at System.Data.SqlClient.SqlDataReader.TryConsumeMetaData()
   at System.Data.SqlClient.SqlDataReader.get_MetaData()
   at System.Data.SqlClient.SqlCommand.FinishExecuteReader(SqlDataReader ds, RunBehavior runBehavior, String resetOptionsString)
   at System.Data.SqlClient.SqlCommand.RunExecuteReaderTds(CommandBehavior cmdBehavior, RunBehavior runBehavior, Boolean returnStream, Boolean async, Int32 timeout, Task& task, Boolean asyncWrite, SqlDataReader ds)
   at System.Data.SqlClient.SqlCommand.RunExecuteReader(CommandBehavior cmdBehavior, RunBehavior runBehavior, Boolean returnStream, TaskCompletionSource`1 completion, Int32 timeout, Task& task, Boolean asyncWrite, String method)
   at System.Data.SqlClient.SqlCommand.ExecuteReader(CommandBehavior behavior)
   at System.Data.SqlClient.SqlCommand.ExecuteDbDataReader(CommandBehavior behavior)
   at System.Data.Common.DbCommand.ExecuteReader()
   at Microsoft.EntityFrameworkCore.Storage.Internal.RelationalCommand.Execute(IRelationalConnection connection, DbCommandMethod executeMethod, IReadOnlyDictionary`2 parameterValues)
   at Microsoft.EntityFrameworkCore.Storage.Internal.RelationalCommand.ExecuteReader(IRelationalConnection connection, IReadOnlyDictionary`2 parameterValues)
   at Microsoft.EntityFrameworkCore.Query.Internal.QueryingEnumerable`1.Enumerator.BufferlessMoveNext(DbContext _, Boolean buffer)
   at Microsoft.EntityFrameworkCore.SqlServer.Storage.Internal.SqlServerExecutionStrategy.Execute[TState,TResult](TState state, Func`3 operation, Func`3 verifySucceeded)
   at Microsoft.EntityFrameworkCore.Query.Internal.QueryingEnumerable`1.Enumerator.MoveNext()
   at Microsoft.EntityFrameworkCore.Query.Internal.LinqOperatorProvider._TrackEntities[TOut,TIn](IEnumerable`1 results, QueryContext queryContext, IList`1 entityTrackingInfos, IList`1 entityAccessors)+MoveNext()
   at Microsoft.EntityFrameworkCore.Query.Internal.LinqOperatorProvider.ExceptionInterceptor`1.EnumeratorExceptionInterceptor.MoveNext()
ClientConnectionId:d396ab18-409e-4fe0-bc7c-900895c1a86b
Error Number:-2,State:0,Class:11" (f5c7ac34)
System.Data.SqlClient.SqlException (0x80131904): Timeout expired.  The timeout period elapsed prior to completion of the operation or the server is not responding. ---> System.ComponentModel.Win32Exception (258): The wait operation timed out
   at System.Data.SqlClient.SqlConnection.OnError(SqlException exception, Boolean breakConnection, Action`1 wrapCloseInAction)
   at System.Data.SqlClient.SqlInternalConnection.OnError(SqlException exception, Boolean breakConnection, Action`1 wrapCloseInAction)
   at System.Data.SqlClient.TdsParser.ThrowExceptionAndWarning(TdsParserStateObject stateObj, Boolean callerHasConnectionLock, Boolean asyncClose)
   at System.Data.SqlClient.TdsParser.TryRun(RunBehavior runBehavior, SqlCommand cmdHandler, SqlDataReader dataStream, BulkCopySimpleResultSet bulkCopyHandler, TdsParserStateObject stateObj, Boolean& dataReady)
   at System.Data.SqlClient.SqlDataReader.TryConsumeMetaData()
   at System.Data.SqlClient.SqlDataReader.get_MetaData()
   at System.Data.SqlClient.SqlCommand.FinishExecuteReader(SqlDataReader ds, RunBehavior runBehavior, String resetOptionsString)
   at System.Data.SqlClient.SqlCommand.RunExecuteReaderTds(CommandBehavior cmdBehavior, RunBehavior runBehavior, Boolean returnStream, Boolean async, Int32 timeout, Task& task, Boolean asyncWrite, SqlDataReader ds)
   at System.Data.SqlClient.SqlCommand.RunExecuteReader(CommandBehavior cmdBehavior, RunBehavior runBehavior, Boolean returnStream, TaskCompletionSource`1 completion, Int32 timeout, Task& task, Boolean asyncWrite, String method)
   at System.Data.SqlClient.SqlCommand.ExecuteReader(CommandBehavior behavior)
   at System.Data.SqlClient.SqlCommand.ExecuteDbDataReader(CommandBehavior behavior)
   at System.Data.Common.DbCommand.ExecuteReader()
   at Microsoft.EntityFrameworkCore.Storage.Internal.RelationalCommand.Execute(IRelationalConnection connection, DbCommandMethod executeMethod, IReadOnlyDictionary`2 parameterValues)
   at Microsoft.EntityFrameworkCore.Storage.Internal.RelationalCommand.ExecuteReader(IRelationalConnection connection, IReadOnlyDictionary`2 parameterValues)
   at Microsoft.EntityFrameworkCore.Query.Internal.QueryingEnumerable`1.Enumerator.BufferlessMoveNext(DbContext _, Boolean buffer)
   at Microsoft.EntityFrameworkCore.SqlServer.Storage.Internal.SqlServerExecutionStrategy.Execute[TState,TResult](TState state, Func`3 operation, Func`3 verifySucceeded)
   at Microsoft.EntityFrameworkCore.Query.Internal.QueryingEnumerable`1.Enumerator.MoveNext()
   at Microsoft.EntityFrameworkCore.Query.Internal.LinqOperatorProvider._TrackEntities[TOut,TIn](IEnumerable`1 results, QueryContext queryContext, IList`1 entityTrackingInfos, IList`1 entityAccessors)+MoveNext()
   at Microsoft.EntityFrameworkCore.Query.Internal.LinqOperatorProvider.ExceptionInterceptor`1.EnumeratorExceptionInterceptor.MoveNext()
   at System.Collections.Generic.List`1.AddEnumerable(IEnumerable`1 enumerable)
   at System.Linq.Enumerable.ToList[TSource](IEnumerable`1 source)
   at KU.Repositories.Implementations.QuestionnaireRepository.GetReport10(Int64 TemplateID, Int64 SectionID, String AttributeName, String BeginPeriod, String EndPeriod, String CollectedBy, String CollectedPoint, String Nationality, String Gender, String Diabetes, String SampleID, Int32 orderby, Int32 sortorder, Int32 pagesize, Int32 pagenumber, String filter) in C:\TCIT\Khalifa University\Khalifa\KU.Repositories\Implementations\QuestionnaireRepository.cs:line 506
   at KU.Services.Implementations.FormService.GetReport10(Int64 TemplateID, Int64 SectionID, String AttributeName, String BeginPeriod, String EndPeriod, String CollectedBy, String CollectedPoint, String Nationality, String Gender, String Diabetes, String SampleID, Int32 orderby, Int32 sortorder, Int32 pagesize, Int32 pagenumber, String filter) in C:\TCIT\Khalifa University\Khalifa\KU.Services\Implementations\FormService.cs:line 238
   at KU.WebAPI.Controllers.ReportController.GetReport(Int64 TemplateID, Int64 SectionID, String AttributeName, String BeginPeriod, String EndPeriod, String CollectedBy, String CollectedPoint, String Nationality, String Gender, String Diabetes, String SampleID, Int32 orderby, Int32 sortorder, Int32 pagesize, Int32 pagenumber, String filter) in C:\TCIT\Khalifa University\Khalifa\KU.WebAPI\Controllers\ReportController.cs:line 106
ClientConnectionId:d396ab18-409e-4fe0-bc7c-900895c1a86b
Error Number:-2,State:0,Class:11
2020-07-26T13:18:46.6613927+04:00 80000056-0001-fc00-b63f-84710c7967bb [ERR] Something went wrong ex: Timeout expired.  The timeout period elapsed prior to completion of the operation or the server is not responding. (34f2ea03)
2020-07-26T13:18:46.6676157+04:00 80000056-0001-fc00-b63f-84710c7967bb [INF] Executed action method "KU.WebAPI.Controllers.ReportController.GetReport (KU.WebAPI)", returned result "Microsoft.AspNetCore.Mvc.ObjectResult" in 30554.2274ms. (50a9e262)
2020-07-26T13:18:46.6742606+04:00 80000056-0001-fc00-b63f-84710c7967bb [INF] Executing ObjectResult, writing value of type '"System.String"'. (8a1b66c8)
2020-07-26T13:18:46.6801463+04:00 80000056-0001-fc00-b63f-84710c7967bb [INF] Executed action "KU.WebAPI.Controllers.ReportController.GetReport (KU.WebAPI)" in 30574.9143ms (afa2e885)
2020-07-26T13:18:46.6851782+04:00 80000056-0001-fc00-b63f-84710c7967bb [INF] Executed endpoint '"KU.WebAPI.Controllers.ReportController.GetReport (KU.WebAPI)"' (99874f2b)
2020-07-26T13:18:46.6905438+04:00 80000056-0001-fc00-b63f-84710c7967bb [INF] Request finished in 30656.0121ms 500 application/json; charset=utf-8 (791a596a)
2020-07-26T13:20:22.4135930+04:00 80000058-0001-fc00-b63f-84710c7967bb [INF] Request starting HTTP/2.0 GET https://localhost:44317/api/Report/Reports?TemplateID=11   (ca22a1cb)
2020-07-26T13:20:23.4174395+04:00 80000058-0001-fc00-b63f-84710c7967bb [INF] Executing endpoint '"KU.WebAPI.Controllers.ReportController.GetReport (KU.WebAPI)"' (500cc934)
2020-07-26T13:20:23.4237641+04:00 80000058-0001-fc00-b63f-84710c7967bb [INF] Route matched with "{action = \"GetReport\", controller = \"Report\"}". Executing controller action with signature "Microsoft.AspNetCore.Mvc.IActionResult GetReport(Int64, Int64, System.String, System.String, System.String, System.String, System.String, System.String, System.String, System.String, System.String, Int32, Int32, Int32, Int32, System.String)" on controller "KU.WebAPI.Controllers.ReportController" ("KU.WebAPI"). (122b2fdf)
2020-07-26T13:20:23.4463875+04:00 80000058-0001-fc00-b63f-84710c7967bb [INF] Executing action method "KU.WebAPI.Controllers.ReportController.GetReport (KU.WebAPI)" - Validation state: Valid (dad538d7)
2020-07-26T13:20:23.4817634+04:00 80000058-0001-fc00-b63f-84710c7967bb [INF] Entity Framework Core "2.2.6-servicing-10079" initialized '"ApplicationDbContext"' using provider '"Microsoft.EntityFrameworkCore.SqlServer"' with options: "MigrationsAssembly=KU.WebAPI " (9958f5bb)
2020-07-26T13:20:54.0079670+04:00 80000058-0001-fc00-b63f-84710c7967bb [ERR] Failed executing DbCommand ("30,344"ms) [Parameters=["@p0='?' (DbType = Int32), @p1='?' (DbType = Int32), @p2='?' (DbType = Int32), @p3='?' (DbType = Int32), @p4='?' (DbType = Int64), @p5='?' (DbType = Int64), @p6='?', @p7='?' (Size = 4000), @p8='?' (Size = 4000), @p9='?' (Size = 4000), @p10='?' (Size = 4000), @p11='?', @p12='?' (Size = 4000), @p13='?' (Size = 4000), @p14='?' (Size = 4000), @p15='?' (Size = 4000)"], CommandType='Text', CommandTimeout='30']"
""SP_GETDATA @p0,@p1,@p2,@p3,@p4,@p5,@p6,@p7,@p8,@p9,@p10,@p11,@p12,@p13,@p14,@p15" (627a98df)
System.Data.SqlClient.SqlException (0x80131904): Timeout expired.  The timeout period elapsed prior to completion of the operation or the server is not responding. ---> System.ComponentModel.Win32Exception (258): The wait operation timed out
   at System.Data.SqlClient.SqlConnection.OnError(SqlException exception, Boolean breakConnection, Action`1 wrapCloseInAction)
   at System.Data.SqlClient.SqlInternalConnection.OnError(SqlException exception, Boolean breakConnection, Action`1 wrapCloseInAction)
   at System.Data.SqlClient.TdsParser.ThrowExceptionAndWarning(TdsParserStateObject stateObj, Boolean callerHasConnectionLock, Boolean asyncClose)
   at System.Data.SqlClient.TdsParser.TryRun(RunBehavior runBehavior, SqlCommand cmdHandler, SqlDataReader dataStream, BulkCopySimpleResultSet bulkCopyHandler, TdsParserStateObject stateObj, Boolean& dataReady)
   at System.Data.SqlClient.SqlDataReader.TryConsumeMetaData()
   at System.Data.SqlClient.SqlDataReader.get_MetaData()
   at System.Data.SqlClient.SqlCommand.FinishExecuteReader(SqlDataReader ds, RunBehavior runBehavior, String resetOptionsString)
   at System.Data.SqlClient.SqlCommand.RunExecuteReaderTds(CommandBehavior cmdBehavior, RunBehavior runBehavior, Boolean returnStream, Boolean async, Int32 timeout, Task& task, Boolean asyncWrite, SqlDataReader ds)
   at System.Data.SqlClient.SqlCommand.RunExecuteReader(CommandBehavior cmdBehavior, RunBehavior runBehavior, Boolean returnStream, TaskCompletionSource`1 completion, Int32 timeout, Task& task, Boolean asyncWrite, String method)
   at System.Data.SqlClient.SqlCommand.ExecuteReader(CommandBehavior behavior)
   at System.Data.SqlClient.SqlCommand.ExecuteDbDataReader(CommandBehavior behavior)
   at System.Data.Common.DbCommand.ExecuteReader()
   at Microsoft.EntityFrameworkCore.Storage.Internal.RelationalCommand.Execute(IRelationalConnection connection, DbCommandMethod executeMethod, IReadOnlyDictionary`2 parameterValues)
   at Microsoft.EntityFrameworkCore.Storage.Internal.RelationalCommand.ExecuteReader(IRelationalConnection connection, IReadOnlyDictionary`2 parameterValues)
   at Microsoft.EntityFrameworkCore.Query.Internal.QueryingEnumerable`1.Enumerator.BufferlessMoveNext(DbContext _, Boolean buffer)
   at Microsoft.EntityFrameworkCore.SqlServer.Storage.Internal.SqlServerExecutionStrategy.Execute[TState,TResult](TState state, Func`3 operation, Func`3 verifySucceeded)
   at Microsoft.EntityFrameworkCore.Query.Internal.QueryingEnumerable`1.Enumerator.MoveNext()
   at Microsoft.EntityFrameworkCore.Query.Internal.LinqOperatorProvider._TrackEntities[TOut,TIn](IEnumerable`1 results, QueryContext queryContext, IList`1 entityTrackingInfos, IList`1 entityAccessors)+MoveNext()
   at Microsoft.EntityFrameworkCore.Query.Internal.LinqOperatorProvider.ExceptionInterceptor`1.EnumeratorExceptionInterceptor.MoveNext()
ClientConnectionId:d396ab18-409e-4fe0-bc7c-900895c1a86b
Error Number:-2,State:0,Class:11
2020-07-26T13:20:54.0310951+04:00 80000058-0001-fc00-b63f-84710c7967bb [ERR] An exception occurred while iterating over the results of a query for context type '"KU.Repositories.ApplicationDbContext"'."
""System.Data.SqlClient.SqlException (0x80131904): Timeout expired.  The timeout period elapsed prior to completion of the operation or the server is not responding. ---> System.ComponentModel.Win32Exception (258): The wait operation timed out
   at System.Data.SqlClient.SqlConnection.OnError(SqlException exception, Boolean breakConnection, Action`1 wrapCloseInAction)
   at System.Data.SqlClient.SqlInternalConnection.OnError(SqlException exception, Boolean breakConnection, Action`1 wrapCloseInAction)
   at System.Data.SqlClient.TdsParser.ThrowExceptionAndWarning(TdsParserStateObject stateObj, Boolean callerHasConnectionLock, Boolean asyncClose)
   at System.Data.SqlClient.TdsParser.TryRun(RunBehavior runBehavior, SqlCommand cmdHandler, SqlDataReader dataStream, BulkCopySimpleResultSet bulkCopyHandler, TdsParserStateObject stateObj, Boolean& dataReady)
   at System.Data.SqlClient.SqlDataReader.TryConsumeMetaData()
   at System.Data.SqlClient.SqlDataReader.get_MetaData()
   at System.Data.SqlClient.SqlCommand.FinishExecuteReader(SqlDataReader ds, RunBehavior runBehavior, String resetOptionsString)
   at System.Data.SqlClient.SqlCommand.RunExecuteReaderTds(CommandBehavior cmdBehavior, RunBehavior runBehavior, Boolean returnStream, Boolean async, Int32 timeout, Task& task, Boolean asyncWrite, SqlDataReader ds)
   at System.Data.SqlClient.SqlCommand.RunExecuteReader(CommandBehavior cmdBehavior, RunBehavior runBehavior, Boolean returnStream, TaskCompletionSource`1 completion, Int32 timeout, Task& task, Boolean asyncWrite, String method)
   at System.Data.SqlClient.SqlCommand.ExecuteReader(CommandBehavior behavior)
   at System.Data.SqlClient.SqlCommand.ExecuteDbDataReader(CommandBehavior behavior)
   at System.Data.Common.DbCommand.ExecuteReader()
   at Microsoft.EntityFrameworkCore.Storage.Internal.RelationalCommand.Execute(IRelationalConnection connection, DbCommandMethod executeMethod, IReadOnlyDictionary`2 parameterValues)
   at Microsoft.EntityFrameworkCore.Storage.Internal.RelationalCommand.ExecuteReader(IRelationalConnection connection, IReadOnlyDictionary`2 parameterValues)
   at Microsoft.EntityFrameworkCore.Query.Internal.QueryingEnumerable`1.Enumerator.BufferlessMoveNext(DbContext _, Boolean buffer)
   at Microsoft.EntityFrameworkCore.SqlServer.Storage.Internal.SqlServerExecutionStrategy.Execute[TState,TResult](TState state, Func`3 operation, Func`3 verifySucceeded)
   at Microsoft.EntityFrameworkCore.Query.Internal.QueryingEnumerable`1.Enumerator.MoveNext()
   at Microsoft.EntityFrameworkCore.Query.Internal.LinqOperatorProvider._TrackEntities[TOut,TIn](IEnumerable`1 results, QueryContext queryContext, IList`1 entityTrackingInfos, IList`1 entityAccessors)+MoveNext()
   at Microsoft.EntityFrameworkCore.Query.Internal.LinqOperatorProvider.ExceptionInterceptor`1.EnumeratorExceptionInterceptor.MoveNext()
ClientConnectionId:d396ab18-409e-4fe0-bc7c-900895c1a86b
Error Number:-2,State:0,Class:11" (f5c7ac34)
System.Data.SqlClient.SqlException (0x80131904): Timeout expired.  The timeout period elapsed prior to completion of the operation or the server is not responding. ---> System.ComponentModel.Win32Exception (258): The wait operation timed out
   at System.Data.SqlClient.SqlConnection.OnError(SqlException exception, Boolean breakConnection, Action`1 wrapCloseInAction)
   at System.Data.SqlClient.SqlInternalConnection.OnError(SqlException exception, Boolean breakConnection, Action`1 wrapCloseInAction)
   at System.Data.SqlClient.TdsParser.ThrowExceptionAndWarning(TdsParserStateObject stateObj, Boolean callerHasConnectionLock, Boolean asyncClose)
   at System.Data.SqlClient.TdsParser.TryRun(RunBehavior runBehavior, SqlCommand cmdHandler, SqlDataReader dataStream, BulkCopySimpleResultSet bulkCopyHandler, TdsParserStateObject stateObj, Boolean& dataReady)
   at System.Data.SqlClient.SqlDataReader.TryConsumeMetaData()
   at System.Data.SqlClient.SqlDataReader.get_MetaData()
   at System.Data.SqlClient.SqlCommand.FinishExecuteReader(SqlDataReader ds, RunBehavior runBehavior, String resetOptionsString)
   at System.Data.SqlClient.SqlCommand.RunExecuteReaderTds(CommandBehavior cmdBehavior, RunBehavior runBehavior, Boolean returnStream, Boolean async, Int32 timeout, Task& task, Boolean asyncWrite, SqlDataReader ds)
   at System.Data.SqlClient.SqlCommand.RunExecuteReader(CommandBehavior cmdBehavior, RunBehavior runBehavior, Boolean returnStream, TaskCompletionSource`1 completion, Int32 timeout, Task& task, Boolean asyncWrite, String method)
   at System.Data.SqlClient.SqlCommand.ExecuteReader(CommandBehavior behavior)
   at System.Data.SqlClient.SqlCommand.ExecuteDbDataReader(CommandBehavior behavior)
   at System.Data.Common.DbCommand.ExecuteReader()
   at Microsoft.EntityFrameworkCore.Storage.Internal.RelationalCommand.Execute(IRelationalConnection connection, DbCommandMethod executeMethod, IReadOnlyDictionary`2 parameterValues)
   at Microsoft.EntityFrameworkCore.Storage.Internal.RelationalCommand.ExecuteReader(IRelationalConnection connection, IReadOnlyDictionary`2 parameterValues)
   at Microsoft.EntityFrameworkCore.Query.Internal.QueryingEnumerable`1.Enumerator.BufferlessMoveNext(DbContext _, Boolean buffer)
   at Microsoft.EntityFrameworkCore.SqlServer.Storage.Internal.SqlServerExecutionStrategy.Execute[TState,TResult](TState state, Func`3 operation, Func`3 verifySucceeded)
   at Microsoft.EntityFrameworkCore.Query.Internal.QueryingEnumerable`1.Enumerator.MoveNext()
   at Microsoft.EntityFrameworkCore.Query.Internal.LinqOperatorProvider._TrackEntities[TOut,TIn](IEnumerable`1 results, QueryContext queryContext, IList`1 entityTrackingInfos, IList`1 entityAccessors)+MoveNext()
   at Microsoft.EntityFrameworkCore.Query.Internal.LinqOperatorProvider.ExceptionInterceptor`1.EnumeratorExceptionInterceptor.MoveNext()
   at System.Collections.Generic.List`1.AddEnumerable(IEnumerable`1 enumerable)
   at System.Linq.Enumerable.ToList[TSource](IEnumerable`1 source)
   at KU.Repositories.Implementations.QuestionnaireRepository.GetReport10(Int64 TemplateID, Int64 SectionID, String AttributeName, String BeginPeriod, String EndPeriod, String CollectedBy, String CollectedPoint, String Nationality, String Gender, String Diabetes, String SampleID, Int32 orderby, Int32 sortorder, Int32 pagesize, Int32 pagenumber, String filter) in C:\TCIT\Khalifa University\Khalifa\KU.Repositories\Implementations\QuestionnaireRepository.cs:line 506
   at KU.Services.Implementations.FormService.GetReport10(Int64 TemplateID, Int64 SectionID, String AttributeName, String BeginPeriod, String EndPeriod, String CollectedBy, String CollectedPoint, String Nationality, String Gender, String Diabetes, String SampleID, Int32 orderby, Int32 sortorder, Int32 pagesize, Int32 pagenumber, String filter) in C:\TCIT\Khalifa University\Khalifa\KU.Services\Implementations\FormService.cs:line 238
   at KU.WebAPI.Controllers.ReportController.GetReport(Int64 TemplateID, Int64 SectionID, String AttributeName, String BeginPeriod, String EndPeriod, String CollectedBy, String CollectedPoint, String Nationality, String Gender, String Diabetes, String SampleID, Int32 orderby, Int32 sortorder, Int32 pagesize, Int32 pagenumber, String filter) in C:\TCIT\Khalifa University\Khalifa\KU.WebAPI\Controllers\ReportController.cs:line 106
ClientConnectionId:d396ab18-409e-4fe0-bc7c-900895c1a86b
Error Number:-2,State:0,Class:11
2020-07-26T13:20:54.1422317+04:00 80000058-0001-fc00-b63f-84710c7967bb [ERR] Something went wrong ex: Timeout expired.  The timeout period elapsed prior to completion of the operation or the server is not responding. (34f2ea03)
2020-07-26T13:20:54.1491078+04:00 80000058-0001-fc00-b63f-84710c7967bb [INF] Executed action method "KU.WebAPI.Controllers.ReportController.GetReport (KU.WebAPI)", returned result "Microsoft.AspNetCore.Mvc.ObjectResult" in 30695.9493ms. (50a9e262)
2020-07-26T13:20:54.2169415+04:00 80000058-0001-fc00-b63f-84710c7967bb [INF] Executing ObjectResult, writing value of type '"System.String"'. (8a1b66c8)
2020-07-26T13:20:54.2256034+04:00 80000058-0001-fc00-b63f-84710c7967bb [INF] Executed action "KU.WebAPI.Controllers.ReportController.GetReport (KU.WebAPI)" in 30794.3311ms (afa2e885)
2020-07-26T13:20:54.2301614+04:00 80000058-0001-fc00-b63f-84710c7967bb [INF] Executed endpoint '"KU.WebAPI.Controllers.ReportController.GetReport (KU.WebAPI)"' (99874f2b)
2020-07-26T13:20:54.2355425+04:00 80000058-0001-fc00-b63f-84710c7967bb [INF] Request finished in 31836.7977ms 500 application/json; charset=utf-8 (791a596a)
2020-07-26T13:30:20.7985607+04:00 8000000b-0005-fc00-b63f-84710c7967bb [INF] Request starting HTTP/2.0 GET https://localhost:44317/api/Report/Reports?TemplateID=11   (ca22a1cb)
2020-07-26T13:30:20.8986718+04:00 8000000b-0005-fc00-b63f-84710c7967bb [INF] Executing endpoint '"KU.WebAPI.Controllers.ReportController.GetReport (KU.WebAPI)"' (500cc934)
2020-07-26T13:30:20.9070612+04:00 8000000b-0005-fc00-b63f-84710c7967bb [INF] Route matched with "{action = \"GetReport\", controller = \"Report\"}". Executing controller action with signature "Microsoft.AspNetCore.Mvc.IActionResult GetReport(Int64, Int64, System.String, System.String, System.String, System.String, System.String, System.String, System.String, System.String, System.String, Int32, Int32, Int32, Int32, System.String)" on controller "KU.WebAPI.Controllers.ReportController" ("KU.WebAPI"). (122b2fdf)
2020-07-26T13:30:20.9157974+04:00 8000000b-0005-fc00-b63f-84710c7967bb [INF] Executing action method "KU.WebAPI.Controllers.ReportController.GetReport (KU.WebAPI)" - Validation state: Valid (dad538d7)
2020-07-26T13:30:20.9478349+04:00 8000000b-0005-fc00-b63f-84710c7967bb [INF] Entity Framework Core "2.2.6-servicing-10079" initialized '"ApplicationDbContext"' using provider '"Microsoft.EntityFrameworkCore.SqlServer"' with options: "MigrationsAssembly=KU.WebAPI " (9958f5bb)
2020-07-26T13:30:29.5972775+04:00 8000000b-0005-fc00-b63f-84710c7967bb [INF] Executed DbCommand ("8,145"ms) [Parameters=["@p0='?' (DbType = Int32), @p1='?' (DbType = Int32), @p2='?' (DbType = Int32), @p3='?' (DbType = Int32), @p4='?' (DbType = Int64), @p5='?' (DbType = Int64), @p6='?', @p7='?' (Size = 4000), @p8='?' (Size = 4000), @p9='?' (Size = 4000), @p10='?' (Size = 4000), @p11='?', @p12='?' (Size = 4000), @p13='?' (Size = 4000), @p14='?' (Size = 4000), @p15='?' (Size = 4000)"], CommandType='Text', CommandTimeout='30']"
""SP_GETDATA @p0,@p1,@p2,@p3,@p4,@p5,@p6,@p7,@p8,@p9,@p10,@p11,@p12,@p13,@p14,@p15" (0723d8ff)
2020-07-26T13:30:33.3802031+04:00 8000000b-0005-fc00-b63f-84710c7967bb [INF] Executed action method "KU.WebAPI.Controllers.ReportController.GetReport (KU.WebAPI)", returned result "Microsoft.AspNetCore.Mvc.OkObjectResult" in 12460.2816ms. (50a9e262)
2020-07-26T13:30:33.4468194+04:00 8000000b-0005-fc00-b63f-84710c7967bb [INF] Executing ObjectResult, writing value of type '"KU.Repositories.Models.QuestionnaireWrap10"'. (8a1b66c8)
2020-07-26T13:30:34.1149276+04:00 8000000b-0005-fc00-b63f-84710c7967bb [INF] Executed action "KU.WebAPI.Controllers.ReportController.GetReport (KU.WebAPI)" in 13203.5422ms (afa2e885)
2020-07-26T13:30:34.1201080+04:00 8000000b-0005-fc00-b63f-84710c7967bb [INF] Executed endpoint '"KU.WebAPI.Controllers.ReportController.GetReport (KU.WebAPI)"' (99874f2b)
2020-07-26T13:30:34.1243891+04:00 8000000b-0005-fc00-b63f-84710c7967bb [INF] Request finished in 13352.6609ms 200 application/json; charset=utf-8 (791a596a)
