2020-06-02T15:02:39.6241868+04:00 8000000f-0005-ff00-b63f-84710c7967bb [INF] Request starting HTTP/2.0 GET https://localhost:44317/   (ca22a1cb)
2020-06-02T15:02:46.9476004+04:00 80000013-0001-ff00-b63f-84710c7967bb [INF] Request starting HTTP/2.0 GET https://localhost:44317/index.html   (ca22a1cb)
2020-06-02T15:02:48.1046637+04:00 8000000f-0005-ff00-b63f-84710c7967bb [INF] Request finished in 8558.3853ms 301  (791a596a)
2020-06-02T15:02:49.2632684+04:00 80000013-0001-ff00-b63f-84710c7967bb [INF] Request finished in 2316.2904ms 200 text/html (791a596a)
2020-06-02T15:02:49.7002265+04:00 80000012-0003-fa00-b63f-84710c7967bb [INF] Request starting HTTP/2.0 GET https://localhost:44317/swagger-ui.css   (ca22a1cb)
2020-06-02T15:02:49.7240131+04:00 80000015-0001-ff00-b63f-84710c7967bb [INF] Request starting HTTP/2.0 GET https://localhost:44317/swagger-ui-bundle.js   (ca22a1cb)
2020-06-02T15:02:49.7268645+04:00 80000005-0001-fe00-b63f-84710c7967bb [INF] Request starting HTTP/2.0 GET https://localhost:44317/swagger-ui-standalone-preset.js   (ca22a1cb)
2020-06-02T15:02:50.0149205+04:00 80000005-0001-fe00-b63f-84710c7967bb [INF] Sending file. Request path: '"/swagger-ui-standalone-preset.js"'. Physical path: '"N/A"' (27b0a520)
2020-06-02T15:02:50.0149545+04:00 80000012-0003-fa00-b63f-84710c7967bb [INF] Sending file. Request path: '"/swagger-ui.css"'. Physical path: '"N/A"' (27b0a520)
2020-06-02T15:02:50.0376119+04:00 80000012-0003-fa00-b63f-84710c7967bb [INF] Request finished in 352.1255ms 200 text/css (791a596a)
2020-06-02T15:02:50.0396001+04:00 80000005-0001-fe00-b63f-84710c7967bb [INF] Request finished in 324.5349ms 200 application/javascript (791a596a)
2020-06-02T15:02:50.1147175+04:00 80000015-0001-ff00-b63f-84710c7967bb [INF] Sending file. Request path: '"/swagger-ui-bundle.js"'. Physical path: '"N/A"' (27b0a520)
2020-06-02T15:02:50.1238120+04:00 80000015-0001-ff00-b63f-84710c7967bb [INF] Request finished in 414.6552ms 200 application/javascript (791a596a)
2020-06-02T15:02:54.7343587+04:00 8000002a-0004-fe00-b63f-84710c7967bb [INF] Request starting HTTP/1.1 GET https://localhost:44317/swagger-ui-bundle.js.map   (ca22a1cb)
2020-06-02T15:02:57.4022414+04:00 8000002a-0004-fe00-b63f-84710c7967bb [INF] Sending file. Request path: '"/swagger-ui-bundle.js.map"'. Physical path: '"N/A"' (27b0a520)
2020-06-02T15:02:57.4118115+04:00 8000002a-0004-fe00-b63f-84710c7967bb [INF] Request finished in 2675.7673ms 200 text/plain (791a596a)
2020-06-02T15:03:00.7468069+04:00 80000014-0003-fa00-b63f-84710c7967bb [INF] Request starting HTTP/1.1 GET https://localhost:44317/swagger-ui-standalone-preset.js.map   (ca22a1cb)
2020-06-02T15:03:01.6186302+04:00 80000014-0003-fa00-b63f-84710c7967bb [INF] Sending file. Request path: '"/swagger-ui-standalone-preset.js.map"'. Physical path: '"N/A"' (27b0a520)
2020-06-02T15:03:01.6245382+04:00 80000014-0003-fa00-b63f-84710c7967bb [INF] Request finished in 880.5661ms 200 text/plain (791a596a)
2020-06-02T15:03:02.6232106+04:00 80000017-0000-ff00-b63f-84710c7967bb [INF] Request starting HTTP/2.0 GET https://localhost:44317/swagger/v1/swagger.json   (ca22a1cb)
2020-06-02T15:03:04.8072136+04:00 80000017-0000-ff00-b63f-84710c7967bb [INF] Request finished in 2189.8424ms 200 application/json;charset=utf-8 (791a596a)
2020-06-02T15:06:29.8304748+04:00 8000002c-0004-fe00-b63f-84710c7967bb [INF] Request starting HTTP/2.0 GET https://localhost:44317/api/Form/listforms?templateID=10   (ca22a1cb)
2020-06-02T15:06:30.6401870+04:00 8000002c-0004-fe00-b63f-84710c7967bb [INF] Executing endpoint '"KU.WebAPI.Controllers.FormController.Get (KU.WebAPI)"' (500cc934)
2020-06-02T15:06:31.0036447+04:00 8000002c-0004-fe00-b63f-84710c7967bb [INF] Route matched with "{action = \"Get\", controller = \"Form\"}". Executing controller action with signature "Microsoft.AspNetCore.Mvc.IActionResult Get(Int32, Int32, Int32, Int32, Int32, Int32, System.String)" on controller "KU.WebAPI.Controllers.FormController" ("KU.WebAPI"). (122b2fdf)
2020-06-02T15:06:31.2041383+04:00 8000002c-0004-fe00-b63f-84710c7967bb [INF] Executing action method "KU.WebAPI.Controllers.FormController.Get (KU.WebAPI)" - Validation state: Valid (dad538d7)
2020-06-02T15:07:24.4106192+04:00 8000002c-0004-fe00-b63f-84710c7967bb [INF] Entity Framework Core "2.2.6-servicing-10079" initialized '"ApplicationDbContext"' using provider '"Microsoft.EntityFrameworkCore.SqlServer"' with options: "MigrationsAssembly=KU.WebAPI " (9958f5bb)
2020-06-02T15:07:29.5866613+04:00 8000002c-0004-fe00-b63f-84710c7967bb [INF] Executed DbCommand ("1,637"ms) [Parameters=["@p0='?' (DbType = Int32), @p1='?' (DbType = Int32), @p2='?' (DbType = Int32), @p3='?' (DbType = Int32), @p4='?' (DbType = Int32), @p5='?' (DbType = Int32), @p6='?' (Size = 4000)"], CommandType='Text', CommandTimeout='30']"
""exec sp_listform @p0,@p1,@p2,@p3,@p4,@p5,@p6" (0723d8ff)
2020-06-02T15:07:30.1298915+04:00 8000002c-0004-fe00-b63f-84710c7967bb [INF] Executed action method "KU.WebAPI.Controllers.FormController.Get (KU.WebAPI)", returned result "Microsoft.AspNetCore.Mvc.OkObjectResult" in 58882.9397ms. (50a9e262)
2020-06-02T15:07:30.2186151+04:00 8000002c-0004-fe00-b63f-84710c7967bb [INF] Executing ObjectResult, writing value of type '"System.Collections.Generic.List`1[[KU.Services.Interfaces.SavedFormViewModel, KU.Services, Version=1.0.0.0, Culture=neutral, PublicKeyToken=null]]"'. (8a1b66c8)
2020-06-02T15:07:30.4113090+04:00 8000002c-0004-fe00-b63f-84710c7967bb [INF] Executed action "KU.WebAPI.Controllers.FormController.Get (KU.WebAPI)" in 59393.682ms (afa2e885)
2020-06-02T15:07:30.4182714+04:00 8000002c-0004-fe00-b63f-84710c7967bb [INF] Executed endpoint '"KU.WebAPI.Controllers.FormController.Get (KU.WebAPI)"' (99874f2b)
2020-06-02T15:07:30.4252435+04:00 8000002c-0004-fe00-b63f-84710c7967bb [INF] Request finished in 60642.3626ms 200 application/json; charset=utf-8 (791a596a)
2020-06-02T15:07:57.3599917+04:00 8000000a-0002-fc00-b63f-84710c7967bb [INF] Request starting HTTP/2.0 GET https://localhost:44317/api/Form/Questionnaire?SavedformID=71139&TemplateID=10   (ca22a1cb)
2020-06-02T15:07:57.3801003+04:00 8000000a-0002-fc00-b63f-84710c7967bb [INF] Executing endpoint '"KU.WebAPI.Controllers.FormController.GetSampleIDAll (KU.WebAPI)"' (500cc934)
2020-06-02T15:07:57.4357900+04:00 8000000a-0002-fc00-b63f-84710c7967bb [INF] Route matched with "{action = \"GetSampleIDAll\", controller = \"Form\"}". Executing controller action with signature "Microsoft.AspNetCore.Mvc.IActionResult GetSampleIDAll(Int32, Int32)" on controller "KU.WebAPI.Controllers.FormController" ("KU.WebAPI"). (122b2fdf)
2020-06-02T15:07:57.4495887+04:00 8000000a-0002-fc00-b63f-84710c7967bb [INF] Executing action method "KU.WebAPI.Controllers.FormController.GetSampleIDAll (KU.WebAPI)" - Validation state: Valid (dad538d7)
2020-06-02T15:08:00.8081493+04:00 8000000a-0002-fc00-b63f-84710c7967bb [INF] Entity Framework Core "2.2.6-servicing-10079" initialized '"ApplicationDbContext"' using provider '"Microsoft.EntityFrameworkCore.SqlServer"' with options: "MigrationsAssembly=KU.WebAPI " (9958f5bb)
2020-06-02T15:08:06.1527008+04:00 8000000a-0002-fc00-b63f-84710c7967bb [INF] Executed DbCommand ("3,274"ms) [Parameters=["@p0='?' (DbType = Int32), @p1='?' (DbType = Int32), @p2='?' (DbType = Int32)"], CommandType='Text', CommandTimeout='30']"
""sp_getrecords @p0,@p1,@p2" (0723d8ff)
2020-06-02T15:08:06.9853349+04:00 8000000a-0002-fc00-b63f-84710c7967bb [INF] Executed action method "KU.WebAPI.Controllers.FormController.GetSampleIDAll (KU.WebAPI)", returned result "Microsoft.AspNetCore.Mvc.OkObjectResult" in 9528.7253ms. (50a9e262)
2020-06-02T15:08:06.9925316+04:00 8000000a-0002-fc00-b63f-84710c7967bb [INF] Executing ObjectResult, writing value of type '"System.Collections.Generic.List`1[[KU.Repositories.Models.Questionnaire9, KU.Repositories, Version=1.0.0.0, Culture=neutral, PublicKeyToken=null]]"'. (8a1b66c8)
2020-06-02T15:08:08.3547423+04:00 8000000a-0002-fc00-b63f-84710c7967bb [INF] Executed action "KU.WebAPI.Controllers.FormController.GetSampleIDAll (KU.WebAPI)" in 10912.1426ms (afa2e885)
2020-06-02T15:08:08.3622402+04:00 8000000a-0002-fc00-b63f-84710c7967bb [INF] Executed endpoint '"KU.WebAPI.Controllers.FormController.GetSampleIDAll (KU.WebAPI)"' (99874f2b)
2020-06-02T15:08:08.3688212+04:00 8000000a-0002-fc00-b63f-84710c7967bb [INF] Request finished in 11008.072ms 200 application/json; charset=utf-8 (791a596a)
2020-06-02T15:08:33.8566759+04:00 80000016-0003-fa00-b63f-84710c7967bb [INF] Request starting HTTP/2.0 GET https://localhost:44317/api/Report/Reports?TemplateID=10&SectionID=9   (ca22a1cb)
2020-06-02T15:08:33.8662886+04:00 80000016-0003-fa00-b63f-84710c7967bb [INF] Executing endpoint '"KU.WebAPI.Controllers.ReportController.GetReport (KU.WebAPI)"' (500cc934)
2020-06-02T15:08:33.8817984+04:00 80000016-0003-fa00-b63f-84710c7967bb [INF] Route matched with "{action = \"GetReport\", controller = \"Report\"}". Executing controller action with signature "Microsoft.AspNetCore.Mvc.IActionResult GetReport(Int64, Int64, System.String, System.String, System.String, System.String, System.String, System.String, System.String, System.String, System.String, Int32, Int32, Int32, Int32, System.String)" on controller "KU.WebAPI.Controllers.ReportController" ("KU.WebAPI"). (122b2fdf)
2020-06-02T15:08:33.8906285+04:00 80000016-0003-fa00-b63f-84710c7967bb [INF] Executing action method "KU.WebAPI.Controllers.ReportController.GetReport (KU.WebAPI)" - Validation state: Valid (dad538d7)
2020-06-02T15:08:36.5147984+04:00 80000016-0003-fa00-b63f-84710c7967bb [INF] Entity Framework Core "2.2.6-servicing-10079" initialized '"ApplicationDbContext"' using provider '"Microsoft.EntityFrameworkCore.SqlServer"' with options: "MigrationsAssembly=KU.WebAPI " (9958f5bb)
2020-06-02T15:08:41.6030743+04:00 80000016-0003-fa00-b63f-84710c7967bb [INF] Executed DbCommand ("3,997"ms) [Parameters=["@p0='?' (DbType = Int32), @p1='?' (DbType = Int32), @p2='?' (DbType = Int32), @p3='?' (DbType = Int32), @p4='?' (DbType = Int64), @p5='?' (DbType = Int64), @p6='?', @p7='?' (Size = 4000), @p8='?' (Size = 4000), @p9='?' (Size = 4000), @p10='?' (Size = 4000), @p11='?', @p12='?' (Size = 4000), @p13='?' (Size = 4000), @p14='?' (Size = 4000), @p15='?' (Size = 4000)"], CommandType='Text', CommandTimeout='30']"
""SP_GETDATA @p0,@p1,@p2,@p3,@p4,@p5,@p6,@p7,@p8,@p9,@p10,@p11,@p12,@p13,@p14,@p15" (0723d8ff)
2020-06-02T15:08:42.3187771+04:00 80000016-0003-fa00-b63f-84710c7967bb [INF] Executed action method "KU.WebAPI.Controllers.ReportController.GetReport (KU.WebAPI)", returned result "Microsoft.AspNetCore.Mvc.OkObjectResult" in 8419.9762ms. (50a9e262)
2020-06-02T15:08:42.3269842+04:00 80000016-0003-fa00-b63f-84710c7967bb [INF] Executing ObjectResult, writing value of type '"KU.Repositories.Models.QuestionnaireWrap9_9"'. (8a1b66c8)
2020-06-02T15:08:42.7840205+04:00 80000016-0003-fa00-b63f-84710c7967bb [INF] Executed action "KU.WebAPI.Controllers.ReportController.GetReport (KU.WebAPI)" in 8893.1361ms (afa2e885)
2020-06-02T15:08:42.7907490+04:00 80000016-0003-fa00-b63f-84710c7967bb [INF] Executed endpoint '"KU.WebAPI.Controllers.ReportController.GetReport (KU.WebAPI)"' (99874f2b)
2020-06-02T15:08:42.7981623+04:00 80000016-0003-fa00-b63f-84710c7967bb [INF] Request finished in 8942.7898ms 200 application/json; charset=utf-8 (791a596a)
